0 Actor0 => Actor1 [label="Set(Master"];
1 Actor0 => Actor2 [label="Set(Master"];
2 Actor0 => Actor3 [label="Set(Master"];
3 Actor0 => Actor4 [label="Set(Master"];
4 Actor0 => Actor5 [label="Set(Master"];
5 Actor0 => Actor6 [label="Set(Master"];
6 Actor0 => Actor7 [label="Set(Master"];
7 Actor0 => Actor8 [label="Set(Master"];
8 Actor0 => Actor9 [label="Set(Master"];
9 Actor0 => Actor10 [label="Set(Master"];
10 Actor0 => Actor11 [label="Set(Master"];
11 Actor0 => Actor12 [label="Set(Master"];
12 Actor0 => Actor13 [label="Set(Master"];
13 Actor0 => Actor14 [label="Set(Master"];
14 Actor0 => Actor15 [label="Set(Master"];
15 Actor0 => Actor16 [label="Set(Master"];
16 Actor0 => Actor17 [label="Set(Master"];
17 Actor0 => Actor18 [label="Set(Master"];
18 Actor0 => Actor19 [label="Set(Master"];
19 Actor0 => Actor20 [label="Set(Master"];
20 Actor0 => Actor21 [label="Set(Master"];
21 Actor0 => Actor22 [label="Set(Master"];
22 Actor0 => Actor23 [label="Set(Master"];
23 Actor0 => Actor24 [label="Set(Master"];
24 Actor0 => Actor25 [label="Set(Master"];
25 Actor0 => Actor26 [label="Set(Master"];
26 Actor0 => Actor27 [label="Set(Master"];
27 Actor0 => Actor28 [label="Set(Master"];
28 Actor0 => Actor29 [label="Set(Master"];
29 Actor0 => Actor30 [label="Set(Master"];
30 Actor0 => Actor31 [label="Set(Master"];
31 Actor0 => Actor32 [label="Set(Master"];
32 Actor0 => Actor33 [label="Set(Master"];
33 Actor0 => Actor34 [label="Set(Master"];
34 Actor0 => Actor35 [label="Set(Master"];
35 Actor0 => Actor36 [label="Set(Master"];
36 Actor0 => Actor37 [label="Set(Master"];
37 Actor0 => Actor38 [label="Set(Master"];
38 Actor0 => Actor39 [label="Set(Master"];
39 Actor0 => Actor40 [label="Set(Master"];
40 Actor0 => Actor41 [label="Set(Master"];
41 Actor0 => Actor42 [label="Set(Master"];
42 Actor0 => Actor43 [label="Set(Master"];
43 Actor0 => Actor44 [label="Set(Master"];
44 Actor0 => Actor45 [label="Set(Master"];
45 Actor0 => Actor46 [label="Set(Master"];
46 Actor0 => Actor47 [label="Set(Master"];
47 Actor0 => Actor48 [label="Set(Master"];
48 Actor0 => Actor49 [label="Set(Master"];
49 Actor0 => Actor50 [label="Set(Master"];
50 Actor0 => Actor51 [label="Set(Master"];
51 Actor0 => Actor52 [label="Set(Master"];
52 Actor0 => Actor53 [label="Set(Master"];
53 Actor0 => Actor54 [label="Set(Master"];
54 Actor0 => Actor55 [label="Set(Master"];
55 Actor0 => Actor56 [label="Set(Master"];
56 Actor0 => Actor57 [label="Set(Master"];
57 Actor0 => Actor58 [label="Set(Master"];
58 Actor0 => Actor59 [label="Set(Master"];
59 Actor0 => Actor60 [label="Set(Master"];
60 Actor0 => Actor61 [label="Set(Master"];
61 Actor0 => Actor62 [label="Set(Master"];
62 Actor0 => Actor63 [label="Set(Master"];
63 Actor0 => Actor64 [label="Set(Master"];
64 Actor0 => Actor65 [label="Set(Master"];
65 Actor0 => Actor66 [label="Set(Master"];
66 Actor0 => Actor67 [label="Set(Master"];
67 Actor0 => Actor68 [label="Set(Master"];
68 Actor0 => Actor69 [label="Set(Master"];
69 Actor0 => Actor70 [label="Set(Master"];
70 Actor0 => Actor71 [label="Set(Master"];
71 Actor0 => Actor72 [label="Set(Master"];
72 Actor0 => Actor73 [label="Set(Master"];
73 Actor0 => Actor74 [label="Set(Master"];
74 Actor0 => Actor75 [label="Set(Master"];
75 Actor0 => Actor76 [label="Set(Master"];
76 Actor0 => Actor77 [label="Set(Master"];
77 Actor0 => Actor78 [label="Set(Master"];
78 Actor0 => Actor79 [label="Set(Master"];
79 Actor0 => Actor80 [label="Set(Master"];
80 Actor0 => Actor81 [label="Set(Master"];
81 Actor0 => Actor82 [label="Set(Master"];
82 Actor0 => Actor83 [label="Set(Master"];
83 Actor0 => Actor84 [label="Set(Master"];
84 Actor0 => Actor85 [label="Set(Master"];
85 Actor0 => Actor86 [label="Set(Master"];
86 Actor0 => Actor87 [label="Set(Master"];
87 Actor0 => Actor88 [label="Set(Master"];
88 Actor0 => Actor89 [label="Set(Master"];
89 Actor0 => Actor90 [label="Set(Master"];
90 Actor0 => Actor91 [label="Set(Master"];
91 Actor0 => Actor92 [label="Set(Master"];
92 Actor0 => Actor93 [label="Set(Master"];
93 Actor0 => Actor94 [label="Set(Master"];
94 Actor0 => Actor95 [label="Set(Master"];
95 Actor0 => Actor96 [label="Set(Master"];
96 Actor0 => Actor97 [label="Set(Master"];
97 Actor0 => Actor98 [label="Set(Master"];
98 Actor0 => Actor99 [label="Set(Master"];
99 Actor0 => Actor100 [label="Set(Master"];
100 Actor0 => Actor0 [label="Go"];
101 Actor0 <= Actor0 [label="Go"];
102 Actor0 => Actor58 [label="Rumor"];
220 Actor0 <= Actor42 [label="Finish"];
260 Actor0 <= Actor24 [label="Finish"];
261 Actor0 <= Actor63 [label="Finish"];
264 Actor0 <= Actor58 [label="Finish"];
265 Actor0 <= Actor90 [label="Finish"];
271 Actor0 <= Actor12 [label="Finish"];
272 Actor0 <= Actor70 [label="Finish"];
273 Actor0 <= Actor16 [label="Finish"];
274 Actor0 <= Actor5 [label="Finish"];
275 Actor0 <= Actor94 [label="Finish"];
277 Actor0 <= Actor88 [label="Finish"];
278 Actor0 <= Actor59 [label="Finish"];
279 Actor0 <= Actor93 [label="Finish"];
280 Actor0 <= Actor1 [label="Finish"];
333 Actor0 <= Actor10 [label="Finish"];
356 Actor0 <= Actor27 [label="Finish"];
357 Actor0 <= Actor11 [label="Finish"];
358 Actor0 <= Actor84 [label="Finish"];
359 Actor0 <= Actor97 [label="Finish"];
369 Actor0 <= Actor99 [label="Finish"];
445 Actor0 <= Actor37 [label="Finish"];
446 Actor0 <= Actor76 [label="Finish"];
447 Actor0 <= Actor32 [label="Finish"];
448 Actor0 <= Actor28 [label="Finish"];
459 Actor0 <= Actor72 [label="Finish"];
460 Actor0 <= Actor57 [label="Finish"];
461 Actor0 <= Actor98 [label="Finish"];
462 Actor0 <= Actor8 [label="Finish"];
463 Actor0 <= Actor7 [label="Finish"];
464 Actor0 <= Actor36 [label="Finish"];
479 Actor0 <= Actor13 [label="Finish"];
480 Actor0 <= Actor21 [label="Finish"];
481 Actor0 <= Actor81 [label="Finish"];
482 Actor0 <= Actor15 [label="Finish"];
483 Actor0 <= Actor38 [label="Finish"];
484 Actor0 <= Actor35 [label="Finish"];
485 Actor0 <= Actor79 [label="Finish"];
486 Actor0 <= Actor53 [label="Finish"];
487 Actor0 <= Actor55 [label="Finish"];
488 Actor0 <= Actor41 [label="Finish"];
489 Actor0 <= Actor34 [label="Finish"];
490 Actor0 <= Actor75 [label="Finish"];
491 Actor0 <= Actor2 [label="Finish"];
492 Actor0 <= Actor51 [label="Finish"];
493 Actor0 <= Actor69 [label="Finish"];
494 Actor0 <= Actor25 [label="Finish"];
495 Actor0 <= Actor18 [label="Finish"];
496 Actor0 <= Actor46 [label="Finish"];
497 Actor0 <= Actor39 [label="Finish"];
512 Actor0 <= Actor45 [label="Finish"];
513 Actor0 <= Actor47 [label="Finish"];
514 Actor0 <= Actor62 [label="Finish"];
515 Actor0 <= Actor67 [label="Finish"];
530 Actor0 <= Actor33 [label="Finish"];
531 Actor0 <= Actor71 [label="Finish"];
532 Actor0 <= Actor64 [label="Finish"];
533 Actor0 <= Actor73 [label="Finish"];
534 Actor0 <= Actor66 [label="Finish"];
535 Actor0 <= Actor65 [label="Finish"];
536 Actor0 <= Actor82 [label="Finish"];
566 Actor0 <= Actor4 [label="Finish"];
567 Actor0 <= Actor100 [label="Finish"];
568 Actor0 <= Actor14 [label="Finish"];
569 Actor0 <= Actor20 [label="Finish"];
570 Actor0 <= Actor78 [label="Finish"];
571 Actor0 <= Actor83 [label="Finish"];
572 Actor0 <= Actor85 [label="Finish"];
573 Actor0 <= Actor54 [label="Finish"];
574 Actor0 <= Actor86 [label="Finish"];
575 Actor0 <= Actor87 [label="Finish"];
576 Actor0 <= Actor89 [label="Finish"];
577 Actor0 <= Actor92 [label="Finish"];
578 Actor0 <= Actor96 [label="Finish"];
579 Actor0 <= Actor49 [label="Finish"];
580 Actor0 <= Actor91 [label="Finish"];
581 Actor0 <= Actor52 [label="Finish"];
666 Actor0 <= Actor9 [label="Finish"];
667 Actor0 <= Actor68 [label="Finish"];
668 Actor0 <= Actor50 [label="Finish"];
669 Actor0 <= Actor77 [label="Finish"];
670 Actor0 <= Actor74 [label="Finish"];
671 Actor0 <= Actor3 [label="Finish"];
672 Actor0 <= Actor31 [label="Finish"];
673 Actor0 <= Actor26 [label="Finish"];
674 Actor0 <= Actor23 [label="Finish"];
675 Actor0 <= Actor61 [label="Finish"];
676 Actor0 <= Actor60 [label="Finish"];
677 Actor0 <= Actor44 [label="Finish"];
678 Actor0 <= Actor19 [label="Finish"];
801 Actor0 <= Actor40 [label="Finish"];
802 Actor0 <= Actor48 [label="Finish"];
803 Actor0 <= Actor56 [label="Finish"];
804 Actor0 <= Actor43 [label="Finish"];
805 Actor0 <= Actor95 [label="Finish"];
806 Actor0 <= Actor80 [label="Finish"];
807 Actor0 <= Actor22 [label="Finish"];
808 Actor0 <= Actor17 [label="Finish"];
809 Actor0 <= Actor29 [label="Finish"];
810 Actor0 <= Actor30 [label="Finish"];
1053 Actor0 <= Actor6 [label="NoNeighbor"];
1054 Actor0 <= Actor6 [label="Finish"];
1055 Actor0 => Actor1 [label="ShutDown"];
1056 Actor0 => Actor2 [label="ShutDown"];
1057 Actor0 => Actor3 [label="ShutDown"];
1058 Actor0 => Actor4 [label="ShutDown"];
1059 Actor0 => Actor5 [label="ShutDown"];
1060 Actor0 => Actor6 [label="ShutDown"];
1061 Actor0 => Actor7 [label="ShutDown"];
1062 Actor0 => Actor8 [label="ShutDown"];
1063 Actor0 => Actor9 [label="ShutDown"];
1064 Actor0 => Actor10 [label="ShutDown"];
1065 Actor0 => Actor11 [label="ShutDown"];
1066 Actor0 => Actor12 [label="ShutDown"];
1067 Actor0 => Actor13 [label="ShutDown"];
1068 Actor0 => Actor14 [label="ShutDown"];
1069 Actor0 => Actor15 [label="ShutDown"];
1070 Actor0 => Actor16 [label="ShutDown"];
1071 Actor0 => Actor17 [label="ShutDown"];
1072 Actor0 => Actor18 [label="ShutDown"];
1073 Actor0 => Actor19 [label="ShutDown"];
1074 Actor0 => Actor20 [label="ShutDown"];
1075 Actor0 => Actor21 [label="ShutDown"];
1076 Actor0 => Actor22 [label="ShutDown"];
1077 Actor0 => Actor23 [label="ShutDown"];
1078 Actor0 => Actor24 [label="ShutDown"];
1079 Actor0 => Actor25 [label="ShutDown"];
1080 Actor0 => Actor26 [label="ShutDown"];
1081 Actor0 => Actor27 [label="ShutDown"];
1082 Actor0 => Actor28 [label="ShutDown"];
1083 Actor0 => Actor29 [label="ShutDown"];
1084 Actor0 => Actor30 [label="ShutDown"];
1085 Actor0 => Actor31 [label="ShutDown"];
1086 Actor0 => Actor32 [label="ShutDown"];
1087 Actor0 => Actor33 [label="ShutDown"];
1088 Actor0 => Actor34 [label="ShutDown"];
1089 Actor0 => Actor35 [label="ShutDown"];
1090 Actor0 => Actor36 [label="ShutDown"];
1091 Actor0 => Actor37 [label="ShutDown"];
1092 Actor0 => Actor38 [label="ShutDown"];
1093 Actor0 => Actor39 [label="ShutDown"];
1094 Actor0 => Actor40 [label="ShutDown"];
1095 Actor0 => Actor41 [label="ShutDown"];
1096 Actor0 => Actor42 [label="ShutDown"];
1097 Actor0 => Actor43 [label="ShutDown"];
1098 Actor0 => Actor44 [label="ShutDown"];
1099 Actor0 => Actor45 [label="ShutDown"];
1100 Actor0 => Actor46 [label="ShutDown"];
1101 Actor0 => Actor47 [label="ShutDown"];
1102 Actor0 => Actor48 [label="ShutDown"];
1103 Actor0 => Actor49 [label="ShutDown"];
1104 Actor0 => Actor50 [label="ShutDown"];
1105 Actor0 => Actor51 [label="ShutDown"];
1106 Actor0 => Actor52 [label="ShutDown"];
1107 Actor0 => Actor53 [label="ShutDown"];
1108 Actor0 => Actor54 [label="ShutDown"];
1109 Actor0 => Actor55 [label="ShutDown"];
1110 Actor0 => Actor56 [label="ShutDown"];
1111 Actor0 => Actor57 [label="ShutDown"];
1112 Actor0 => Actor58 [label="ShutDown"];
1113 Actor0 => Actor59 [label="ShutDown"];
1114 Actor0 => Actor60 [label="ShutDown"];
1115 Actor0 => Actor61 [label="ShutDown"];
1116 Actor0 => Actor62 [label="ShutDown"];
1117 Actor0 => Actor63 [label="ShutDown"];
1118 Actor0 => Actor64 [label="ShutDown"];
1119 Actor0 => Actor65 [label="ShutDown"];
1120 Actor0 => Actor66 [label="ShutDown"];
1121 Actor0 => Actor67 [label="ShutDown"];
1122 Actor0 => Actor68 [label="ShutDown"];
1123 Actor0 => Actor69 [label="ShutDown"];
1124 Actor0 => Actor70 [label="ShutDown"];
1125 Actor0 => Actor71 [label="ShutDown"];
1126 Actor0 => Actor72 [label="ShutDown"];
1127 Actor0 => Actor73 [label="ShutDown"];
1128 Actor0 => Actor74 [label="ShutDown"];
1129 Actor0 => Actor75 [label="ShutDown"];
1130 Actor0 => Actor76 [label="ShutDown"];
1131 Actor0 => Actor77 [label="ShutDown"];
1132 Actor0 => Actor78 [label="ShutDown"];
1133 Actor0 => Actor79 [label="ShutDown"];
1134 Actor0 => Actor80 [label="ShutDown"];
1135 Actor0 => Actor81 [label="ShutDown"];
1136 Actor0 => Actor82 [label="ShutDown"];
1137 Actor0 => Actor83 [label="ShutDown"];
1138 Actor0 => Actor84 [label="ShutDown"];
1139 Actor0 => Actor85 [label="ShutDown"];
1140 Actor0 => Actor86 [label="ShutDown"];
1141 Actor0 => Actor87 [label="ShutDown"];
1142 Actor0 => Actor88 [label="ShutDown"];
1143 Actor0 => Actor89 [label="ShutDown"];
1144 Actor0 => Actor90 [label="ShutDown"];
1145 Actor0 => Actor91 [label="ShutDown"];
1146 Actor0 => Actor92 [label="ShutDown"];
1147 Actor0 => Actor93 [label="ShutDown"];
1148 Actor0 => Actor94 [label="ShutDown"];
1149 Actor0 => Actor95 [label="ShutDown"];
1150 Actor0 => Actor96 [label="ShutDown"];
1151 Actor0 => Actor97 [label="ShutDown"];
1152 Actor0 => Actor98 [label="ShutDown"];
1153 Actor0 => Actor99 [label="ShutDown"];
1154 Actor0 => Actor100 [label="ShutDown"];
