1 Actor1 <= Actor0 [label="Set(Master"];
112 Actor1 <= Actor63 [label="Rumor"];
113 Actor1 => Actor52 [label="Rumor"];
114 Actor1 => Actor1 [label="Remind"];
115 Actor1 <= Actor63 [label="Rumor"];
116 Actor1 => Actor2 [label="RemoveMe(G"];
117 Actor1 => Actor3 [label="RemoveMe(G"];
118 Actor1 => Actor4 [label="RemoveMe(G"];
119 Actor1 => Actor5 [label="RemoveMe(G"];
120 Actor1 => Actor6 [label="RemoveMe(G"];
121 Actor1 => Actor7 [label="RemoveMe(G"];
122 Actor1 => Actor8 [label="RemoveMe(G"];
123 Actor1 => Actor9 [label="RemoveMe(G"];
124 Actor1 => Actor10 [label="RemoveMe(G"];
125 Actor1 => Actor11 [label="RemoveMe(G"];
126 Actor1 => Actor12 [label="RemoveMe(G"];
127 Actor1 => Actor13 [label="RemoveMe(G"];
128 Actor1 => Actor14 [label="RemoveMe(G"];
129 Actor1 => Actor15 [label="RemoveMe(G"];
130 Actor1 => Actor16 [label="RemoveMe(G"];
131 Actor1 => Actor17 [label="RemoveMe(G"];
132 Actor1 => Actor18 [label="RemoveMe(G"];
133 Actor1 => Actor19 [label="RemoveMe(G"];
134 Actor1 => Actor20 [label="RemoveMe(G"];
135 Actor1 => Actor21 [label="RemoveMe(G"];
136 Actor1 => Actor22 [label="RemoveMe(G"];
137 Actor1 => Actor23 [label="RemoveMe(G"];
138 Actor1 => Actor24 [label="RemoveMe(G"];
139 Actor1 => Actor25 [label="RemoveMe(G"];
140 Actor1 => Actor26 [label="RemoveMe(G"];
141 Actor1 => Actor27 [label="RemoveMe(G"];
142 Actor1 => Actor28 [label="RemoveMe(G"];
143 Actor1 => Actor29 [label="RemoveMe(G"];
144 Actor1 => Actor30 [label="RemoveMe(G"];
145 Actor1 => Actor31 [label="RemoveMe(G"];
146 Actor1 => Actor32 [label="RemoveMe(G"];
147 Actor1 => Actor33 [label="RemoveMe(G"];
148 Actor1 => Actor34 [label="RemoveMe(G"];
149 Actor1 => Actor35 [label="RemoveMe(G"];
150 Actor1 => Actor36 [label="RemoveMe(G"];
151 Actor1 => Actor37 [label="RemoveMe(G"];
152 Actor1 => Actor38 [label="RemoveMe(G"];
153 Actor1 => Actor39 [label="RemoveMe(G"];
154 Actor1 => Actor40 [label="RemoveMe(G"];
155 Actor1 => Actor41 [label="RemoveMe(G"];
156 Actor1 => Actor42 [label="RemoveMe(G"];
157 Actor1 => Actor43 [label="RemoveMe(G"];
158 Actor1 => Actor44 [label="RemoveMe(G"];
159 Actor1 => Actor45 [label="RemoveMe(G"];
160 Actor1 => Actor46 [label="RemoveMe(G"];
161 Actor1 => Actor47 [label="RemoveMe(G"];
162 Actor1 => Actor48 [label="RemoveMe(G"];
163 Actor1 => Actor49 [label="RemoveMe(G"];
164 Actor1 => Actor50 [label="RemoveMe(G"];
165 Actor1 => Actor51 [label="RemoveMe(G"];
166 Actor1 => Actor52 [label="RemoveMe(G"];
167 Actor1 => Actor53 [label="RemoveMe(G"];
168 Actor1 => Actor54 [label="RemoveMe(G"];
169 Actor1 => Actor55 [label="RemoveMe(G"];
170 Actor1 => Actor56 [label="RemoveMe(G"];
171 Actor1 => Actor57 [label="RemoveMe(G"];
172 Actor1 => Actor58 [label="RemoveMe(G"];
173 Actor1 => Actor59 [label="RemoveMe(G"];
174 Actor1 => Actor60 [label="RemoveMe(G"];
175 Actor1 => Actor61 [label="RemoveMe(G"];
176 Actor1 => Actor62 [label="RemoveMe(G"];
177 Actor1 => Actor63 [label="RemoveMe(G"];
178 Actor1 => Actor64 [label="RemoveMe(G"];
179 Actor1 => Actor65 [label="RemoveMe(G"];
180 Actor1 => Actor66 [label="RemoveMe(G"];
181 Actor1 => Actor67 [label="RemoveMe(G"];
182 Actor1 => Actor68 [label="RemoveMe(G"];
183 Actor1 => Actor69 [label="RemoveMe(G"];
184 Actor1 => Actor70 [label="RemoveMe(G"];
185 Actor1 => Actor71 [label="RemoveMe(G"];
186 Actor1 => Actor72 [label="RemoveMe(G"];
187 Actor1 => Actor73 [label="RemoveMe(G"];
188 Actor1 => Actor74 [label="RemoveMe(G"];
189 Actor1 => Actor75 [label="RemoveMe(G"];
190 Actor1 => Actor76 [label="RemoveMe(G"];
191 Actor1 => Actor77 [label="RemoveMe(G"];
192 Actor1 => Actor78 [label="RemoveMe(G"];
193 Actor1 => Actor79 [label="RemoveMe(G"];
194 Actor1 => Actor80 [label="RemoveMe(G"];
195 Actor1 => Actor81 [label="RemoveMe(G"];
196 Actor1 => Actor82 [label="RemoveMe(G"];
197 Actor1 => Actor83 [label="RemoveMe(G"];
198 Actor1 => Actor84 [label="RemoveMe(G"];
199 Actor1 => Actor85 [label="RemoveMe(G"];
200 Actor1 => Actor86 [label="RemoveMe(G"];
201 Actor1 => Actor87 [label="RemoveMe(G"];
202 Actor1 => Actor88 [label="RemoveMe(G"];
203 Actor1 => Actor89 [label="RemoveMe(G"];
204 Actor1 => Actor90 [label="RemoveMe(G"];
205 Actor1 => Actor91 [label="RemoveMe(G"];
206 Actor1 => Actor92 [label="RemoveMe(G"];
207 Actor1 => Actor93 [label="RemoveMe(G"];
208 Actor1 => Actor94 [label="RemoveMe(G"];
209 Actor1 => Actor95 [label="RemoveMe(G"];
210 Actor1 => Actor96 [label="RemoveMe(G"];
211 Actor1 => Actor97 [label="RemoveMe(G"];
212 Actor1 => Actor98 [label="RemoveMe(G"];
213 Actor1 => Actor99 [label="RemoveMe(G"];
214 Actor1 => Actor100 [label="RemoveMe(G"];
215 Actor1 => Actor0 [label="Finish"];
216 Actor1 <= Actor42 [label="RemoveMe(G"];
217 Actor1 <= Actor63 [label="RemoveMe(G"];
218 Actor1 <= Actor5 [label="RemoveMe(G"];
219 Actor1 <= Actor94 [label="RemoveMe(G"];
220 Actor1 <= Actor24 [label="RemoveMe(G"];
221 Actor1 <= Actor90 [label="RemoveMe(G"];
222 Actor1 <= Actor58 [label="RemoveMe(G"];
223 Actor1 <= Actor88 [label="RemoveMe(G"];
224 Actor1 <= Actor70 [label="RemoveMe(G"];
246 Actor1 <= Actor84 [label="RemoveMe(G"];
247 Actor1 <= Actor12 [label="RemoveMe(G"];
248 Actor1 <= Actor16 [label="RemoveMe(G"];
352 Actor1 <= Actor37 [label="RemoveMe(G"];
353 Actor1 <= Actor10 [label="RemoveMe(G"];
354 Actor1 <= Actor59 [label="RemoveMe(G"];
355 Actor1 <= Actor99 [label="RemoveMe(G"];
356 Actor1 <= Actor93 [label="RemoveMe(G"];
357 Actor1 <= Actor1 [label="Remind"];
358 Actor1 <= Actor97 [label="RemoveMe(G"];
359 Actor1 <= Actor27 [label="RemoveMe(G"];
360 Actor1 <= Actor32 [label="RemoveMe(G"];
361 Actor1 <= Actor11 [label="RemoveMe(G"];
362 Actor1 <= Actor76 [label="RemoveMe(G"];
363 Actor1 <= Actor28 [label="RemoveMe(G"];
364 Actor1 <= Actor8 [label="RemoveMe(G"];
365 Actor1 <= Actor15 [label="RemoveMe(G"];
366 Actor1 <= Actor81 [label="RemoveMe(G"];
367 Actor1 <= Actor57 [label="RemoveMe(G"];
371 Actor1 <= Actor72 [label="RemoveMe(G"];
372 Actor1 <= Actor7 [label="RemoveMe(G"];
373 Actor1 <= Actor98 [label="RemoveMe(G"];
374 Actor1 <= Actor41 [label="RemoveMe(G"];
375 Actor1 <= Actor38 [label="RemoveMe(G"];
376 Actor1 <= Actor36 [label="RemoveMe(G"];
396 Actor1 <= Actor13 [label="RemoveMe(G"];
397 Actor1 <= Actor21 [label="RemoveMe(G"];
398 Actor1 <= Actor35 [label="RemoveMe(G"];
399 Actor1 <= Actor79 [label="RemoveMe(G"];
400 Actor1 <= Actor55 [label="RemoveMe(G"];
401 Actor1 <= Actor53 [label="RemoveMe(G"];
402 Actor1 <= Actor46 [label="RemoveMe(G"];
403 Actor1 <= Actor34 [label="RemoveMe(G"];
404 Actor1 <= Actor69 [label="RemoveMe(G"];
405 Actor1 <= Actor75 [label="RemoveMe(G"];
406 Actor1 <= Actor2 [label="RemoveMe(G"];
407 Actor1 <= Actor51 [label="RemoveMe(G"];
408 Actor1 <= Actor25 [label="RemoveMe(G"];
409 Actor1 <= Actor18 [label="RemoveMe(G"];
410 Actor1 <= Actor62 [label="RemoveMe(G"];
429 Actor1 <= Actor45 [label="RemoveMe(G"];
430 Actor1 <= Actor47 [label="RemoveMe(G"];
431 Actor1 <= Actor67 [label="RemoveMe(G"];
432 Actor1 <= Actor65 [label="RemoveMe(G"];
433 Actor1 <= Actor71 [label="RemoveMe(G"];
434 Actor1 <= Actor66 [label="RemoveMe(G"];
435 Actor1 <= Actor82 [label="RemoveMe(G"];
436 Actor1 <= Actor14 [label="RemoveMe(G"];
437 Actor1 <= Actor52 [label="RemoveMe(G"];
438 Actor1 <= Actor78 [label="RemoveMe(G"];
439 Actor1 <= Actor54 [label="RemoveMe(G"];
440 Actor1 <= Actor86 [label="RemoveMe(G"];
441 Actor1 <= Actor87 [label="RemoveMe(G"];
442 Actor1 <= Actor89 [label="RemoveMe(G"];
443 Actor1 <= Actor49 [label="RemoveMe(G"];
444 Actor1 <= Actor91 [label="RemoveMe(G"];
445 Actor1 <= Actor68 [label="RemoveMe(G"];
446 Actor1 <= Actor3 [label="RemoveMe(G"];
447 Actor1 <= Actor31 [label="RemoveMe(G"];
448 Actor1 <= Actor23 [label="RemoveMe(G"];
449 Actor1 <= Actor60 [label="RemoveMe(G"];
1056 Actor1 <= Actor0 [label="ShutDown"];
