10 Actor10 <= Actor0 [label="Set(Master"];
130 Actor10 <= Actor42 [label="RemoveMe(G"];
188 Actor10 <= Actor53 [label="Rumor"];
189 Actor10 => Actor76 [label="Rumor"];
190 Actor10 => Actor10 [label="Remind"];
191 Actor10 <= Actor63 [label="RemoveMe(G"];
192 Actor10 <= Actor24 [label="RemoveMe(G"];
193 Actor10 <= Actor90 [label="RemoveMe(G"];
194 Actor10 <= Actor58 [label="RemoveMe(G"];
237 Actor10 <= Actor56 [label="Rumor"];
238 Actor10 => Actor1 [label="RemoveMe(G"];
239 Actor10 => Actor2 [label="RemoveMe(G"];
240 Actor10 => Actor3 [label="RemoveMe(G"];
241 Actor10 => Actor4 [label="RemoveMe(G"];
242 Actor10 => Actor5 [label="RemoveMe(G"];
243 Actor10 => Actor6 [label="RemoveMe(G"];
244 Actor10 => Actor7 [label="RemoveMe(G"];
245 Actor10 => Actor8 [label="RemoveMe(G"];
246 Actor10 => Actor9 [label="RemoveMe(G"];
247 Actor10 => Actor11 [label="RemoveMe(G"];
248 Actor10 => Actor12 [label="RemoveMe(G"];
249 Actor10 => Actor13 [label="RemoveMe(G"];
250 Actor10 => Actor14 [label="RemoveMe(G"];
251 Actor10 => Actor15 [label="RemoveMe(G"];
252 Actor10 => Actor16 [label="RemoveMe(G"];
253 Actor10 => Actor17 [label="RemoveMe(G"];
254 Actor10 => Actor18 [label="RemoveMe(G"];
255 Actor10 => Actor19 [label="RemoveMe(G"];
256 Actor10 => Actor20 [label="RemoveMe(G"];
257 Actor10 => Actor21 [label="RemoveMe(G"];
258 Actor10 => Actor22 [label="RemoveMe(G"];
259 Actor10 => Actor23 [label="RemoveMe(G"];
260 Actor10 => Actor25 [label="RemoveMe(G"];
261 Actor10 => Actor26 [label="RemoveMe(G"];
262 Actor10 => Actor27 [label="RemoveMe(G"];
263 Actor10 => Actor28 [label="RemoveMe(G"];
264 Actor10 => Actor29 [label="RemoveMe(G"];
265 Actor10 => Actor30 [label="RemoveMe(G"];
266 Actor10 => Actor31 [label="RemoveMe(G"];
267 Actor10 => Actor32 [label="RemoveMe(G"];
268 Actor10 => Actor33 [label="RemoveMe(G"];
269 Actor10 => Actor34 [label="RemoveMe(G"];
270 Actor10 => Actor35 [label="RemoveMe(G"];
271 Actor10 => Actor36 [label="RemoveMe(G"];
272 Actor10 => Actor37 [label="RemoveMe(G"];
273 Actor10 => Actor38 [label="RemoveMe(G"];
274 Actor10 => Actor39 [label="RemoveMe(G"];
275 Actor10 => Actor40 [label="RemoveMe(G"];
276 Actor10 => Actor41 [label="RemoveMe(G"];
277 Actor10 => Actor43 [label="RemoveMe(G"];
278 Actor10 => Actor44 [label="RemoveMe(G"];
279 Actor10 => Actor45 [label="RemoveMe(G"];
280 Actor10 => Actor46 [label="RemoveMe(G"];
281 Actor10 => Actor47 [label="RemoveMe(G"];
282 Actor10 => Actor48 [label="RemoveMe(G"];
283 Actor10 => Actor49 [label="RemoveMe(G"];
284 Actor10 => Actor50 [label="RemoveMe(G"];
285 Actor10 => Actor51 [label="RemoveMe(G"];
286 Actor10 => Actor52 [label="RemoveMe(G"];
287 Actor10 => Actor53 [label="RemoveMe(G"];
288 Actor10 => Actor54 [label="RemoveMe(G"];
289 Actor10 => Actor55 [label="RemoveMe(G"];
290 Actor10 => Actor56 [label="RemoveMe(G"];
291 Actor10 => Actor57 [label="RemoveMe(G"];
292 Actor10 => Actor59 [label="RemoveMe(G"];
293 Actor10 => Actor60 [label="RemoveMe(G"];
294 Actor10 => Actor61 [label="RemoveMe(G"];
295 Actor10 => Actor62 [label="RemoveMe(G"];
296 Actor10 => Actor64 [label="RemoveMe(G"];
297 Actor10 => Actor65 [label="RemoveMe(G"];
298 Actor10 => Actor66 [label="RemoveMe(G"];
299 Actor10 => Actor67 [label="RemoveMe(G"];
300 Actor10 => Actor68 [label="RemoveMe(G"];
301 Actor10 => Actor69 [label="RemoveMe(G"];
302 Actor10 => Actor70 [label="RemoveMe(G"];
303 Actor10 => Actor71 [label="RemoveMe(G"];
304 Actor10 => Actor72 [label="RemoveMe(G"];
305 Actor10 => Actor73 [label="RemoveMe(G"];
306 Actor10 => Actor74 [label="RemoveMe(G"];
307 Actor10 => Actor75 [label="RemoveMe(G"];
308 Actor10 => Actor76 [label="RemoveMe(G"];
309 Actor10 => Actor77 [label="RemoveMe(G"];
310 Actor10 => Actor78 [label="RemoveMe(G"];
311 Actor10 => Actor79 [label="RemoveMe(G"];
312 Actor10 => Actor80 [label="RemoveMe(G"];
313 Actor10 => Actor81 [label="RemoveMe(G"];
314 Actor10 => Actor82 [label="RemoveMe(G"];
315 Actor10 => Actor83 [label="RemoveMe(G"];
316 Actor10 => Actor84 [label="RemoveMe(G"];
317 Actor10 => Actor85 [label="RemoveMe(G"];
318 Actor10 => Actor86 [label="RemoveMe(G"];
319 Actor10 => Actor87 [label="RemoveMe(G"];
320 Actor10 => Actor88 [label="RemoveMe(G"];
321 Actor10 => Actor89 [label="RemoveMe(G"];
322 Actor10 => Actor91 [label="RemoveMe(G"];
323 Actor10 => Actor92 [label="RemoveMe(G"];
324 Actor10 => Actor93 [label="RemoveMe(G"];
325 Actor10 => Actor94 [label="RemoveMe(G"];
326 Actor10 => Actor95 [label="RemoveMe(G"];
327 Actor10 => Actor96 [label="RemoveMe(G"];
328 Actor10 => Actor97 [label="RemoveMe(G"];
329 Actor10 => Actor98 [label="RemoveMe(G"];
330 Actor10 => Actor99 [label="RemoveMe(G"];
331 Actor10 => Actor100 [label="RemoveMe(G"];
332 Actor10 => Actor0 [label="Finish"];
333 Actor10 <= Actor88 [label="RemoveMe(G"];
334 Actor10 <= Actor56 [label="Rumor"];
335 Actor10 <= Actor94 [label="RemoveMe(G"];
336 Actor10 <= Actor70 [label="RemoveMe(G"];
337 Actor10 <= Actor5 [label="RemoveMe(G"];
338 Actor10 <= Actor12 [label="RemoveMe(G"];
339 Actor10 <= Actor16 [label="RemoveMe(G"];
340 Actor10 <= Actor10 [label="Remind"];
361 Actor10 <= Actor37 [label="RemoveMe(G"];
362 Actor10 <= Actor59 [label="RemoveMe(G"];
363 Actor10 <= Actor84 [label="RemoveMe(G"];
364 Actor10 <= Actor99 [label="RemoveMe(G"];
365 Actor10 <= Actor93 [label="RemoveMe(G"];
366 Actor10 <= Actor1 [label="RemoveMe(G"];
367 Actor10 <= Actor97 [label="RemoveMe(G"];
368 Actor10 <= Actor27 [label="RemoveMe(G"];
369 Actor10 <= Actor32 [label="RemoveMe(G"];
370 Actor10 <= Actor11 [label="RemoveMe(G"];
371 Actor10 <= Actor76 [label="RemoveMe(G"];
372 Actor10 <= Actor28 [label="RemoveMe(G"];
373 Actor10 <= Actor15 [label="RemoveMe(G"];
374 Actor10 <= Actor81 [label="RemoveMe(G"];
379 Actor10 <= Actor72 [label="RemoveMe(G"];
380 Actor10 <= Actor57 [label="RemoveMe(G"];
381 Actor10 <= Actor7 [label="RemoveMe(G"];
382 Actor10 <= Actor98 [label="RemoveMe(G"];
383 Actor10 <= Actor41 [label="RemoveMe(G"];
384 Actor10 <= Actor38 [label="RemoveMe(G"];
385 Actor10 <= Actor36 [label="RemoveMe(G"];
386 Actor10 <= Actor21 [label="RemoveMe(G"];
387 Actor10 <= Actor35 [label="RemoveMe(G"];
388 Actor10 <= Actor79 [label="RemoveMe(G"];
389 Actor10 <= Actor55 [label="RemoveMe(G"];
390 Actor10 <= Actor53 [label="RemoveMe(G"];
391 Actor10 <= Actor46 [label="RemoveMe(G"];
392 Actor10 <= Actor34 [label="RemoveMe(G"];
393 Actor10 <= Actor69 [label="RemoveMe(G"];
394 Actor10 <= Actor75 [label="RemoveMe(G"];
395 Actor10 <= Actor2 [label="RemoveMe(G"];
396 Actor10 <= Actor51 [label="RemoveMe(G"];
397 Actor10 <= Actor25 [label="RemoveMe(G"];
398 Actor10 <= Actor18 [label="RemoveMe(G"];
399 Actor10 <= Actor62 [label="RemoveMe(G"];
400 Actor10 <= Actor67 [label="RemoveMe(G"];
401 Actor10 <= Actor65 [label="RemoveMe(G"];
402 Actor10 <= Actor71 [label="RemoveMe(G"];
403 Actor10 <= Actor66 [label="RemoveMe(G"];
404 Actor10 <= Actor82 [label="RemoveMe(G"];
405 Actor10 <= Actor14 [label="RemoveMe(G"];
406 Actor10 <= Actor52 [label="RemoveMe(G"];
407 Actor10 <= Actor78 [label="RemoveMe(G"];
408 Actor10 <= Actor86 [label="RemoveMe(G"];
409 Actor10 <= Actor87 [label="RemoveMe(G"];
410 Actor10 <= Actor89 [label="RemoveMe(G"];
411 Actor10 <= Actor96 [label="RemoveMe(G"];
412 Actor10 <= Actor49 [label="RemoveMe(G"];
413 Actor10 <= Actor91 [label="RemoveMe(G"];
414 Actor10 <= Actor68 [label="RemoveMe(G"];
415 Actor10 <= Actor3 [label="RemoveMe(G"];
416 Actor10 <= Actor60 [label="RemoveMe(G"];
1065 Actor10 <= Actor0 [label="ShutDown"];
