100 Actor100 <= Actor0 [label="Set(Master"];
129 Actor100 <= Actor3 [label="Rumor"];
130 Actor100 => Actor3 [label="Rumor"];
131 Actor100 => Actor100 [label="Remind"];
219 Actor100 <= Actor42 [label="RemoveMe(G"];
259 Actor100 <= Actor24 [label="RemoveMe(G"];
260 Actor100 <= Actor63 [label="RemoveMe(G"];
263 Actor100 <= Actor58 [label="RemoveMe(G"];
264 Actor100 <= Actor90 [label="RemoveMe(G"];
270 Actor100 <= Actor12 [label="RemoveMe(G"];
271 Actor100 <= Actor70 [label="RemoveMe(G"];
272 Actor100 <= Actor16 [label="RemoveMe(G"];
273 Actor100 <= Actor5 [label="RemoveMe(G"];
274 Actor100 <= Actor94 [label="RemoveMe(G"];
276 Actor100 <= Actor88 [label="RemoveMe(G"];
277 Actor100 <= Actor59 [label="RemoveMe(G"];
278 Actor100 <= Actor93 [label="RemoveMe(G"];
279 Actor100 <= Actor1 [label="RemoveMe(G"];
332 Actor100 <= Actor10 [label="RemoveMe(G"];
355 Actor100 <= Actor27 [label="RemoveMe(G"];
356 Actor100 <= Actor11 [label="RemoveMe(G"];
357 Actor100 <= Actor84 [label="RemoveMe(G"];
358 Actor100 <= Actor97 [label="RemoveMe(G"];
368 Actor100 <= Actor99 [label="RemoveMe(G"];
396 Actor100 <= Actor29 [label="Rumor"];
397 Actor100 => Actor2 [label="RemoveMe(G"];
398 Actor100 => Actor3 [label="RemoveMe(G"];
399 Actor100 => Actor4 [label="RemoveMe(G"];
400 Actor100 => Actor6 [label="RemoveMe(G"];
401 Actor100 => Actor7 [label="RemoveMe(G"];
402 Actor100 => Actor8 [label="RemoveMe(G"];
403 Actor100 => Actor9 [label="RemoveMe(G"];
404 Actor100 => Actor13 [label="RemoveMe(G"];
405 Actor100 => Actor14 [label="RemoveMe(G"];
406 Actor100 => Actor15 [label="RemoveMe(G"];
407 Actor100 => Actor17 [label="RemoveMe(G"];
408 Actor100 => Actor18 [label="RemoveMe(G"];
409 Actor100 => Actor19 [label="RemoveMe(G"];
410 Actor100 => Actor20 [label="RemoveMe(G"];
411 Actor100 => Actor21 [label="RemoveMe(G"];
412 Actor100 => Actor22 [label="RemoveMe(G"];
413 Actor100 => Actor23 [label="RemoveMe(G"];
414 Actor100 => Actor25 [label="RemoveMe(G"];
415 Actor100 => Actor26 [label="RemoveMe(G"];
416 Actor100 => Actor28 [label="RemoveMe(G"];
417 Actor100 => Actor29 [label="RemoveMe(G"];
418 Actor100 => Actor30 [label="RemoveMe(G"];
419 Actor100 => Actor31 [label="RemoveMe(G"];
420 Actor100 => Actor32 [label="RemoveMe(G"];
421 Actor100 => Actor33 [label="RemoveMe(G"];
422 Actor100 => Actor34 [label="RemoveMe(G"];
423 Actor100 => Actor35 [label="RemoveMe(G"];
424 Actor100 => Actor36 [label="RemoveMe(G"];
425 Actor100 => Actor37 [label="RemoveMe(G"];
426 Actor100 => Actor38 [label="RemoveMe(G"];
427 Actor100 => Actor39 [label="RemoveMe(G"];
428 Actor100 => Actor40 [label="RemoveMe(G"];
429 Actor100 => Actor41 [label="RemoveMe(G"];
430 Actor100 => Actor43 [label="RemoveMe(G"];
431 Actor100 => Actor44 [label="RemoveMe(G"];
432 Actor100 => Actor45 [label="RemoveMe(G"];
433 Actor100 => Actor46 [label="RemoveMe(G"];
434 Actor100 => Actor47 [label="RemoveMe(G"];
435 Actor100 => Actor48 [label="RemoveMe(G"];
436 Actor100 => Actor49 [label="RemoveMe(G"];
437 Actor100 => Actor50 [label="RemoveMe(G"];
438 Actor100 => Actor51 [label="RemoveMe(G"];
439 Actor100 => Actor52 [label="RemoveMe(G"];
440 Actor100 => Actor53 [label="RemoveMe(G"];
441 Actor100 => Actor54 [label="RemoveMe(G"];
442 Actor100 => Actor55 [label="RemoveMe(G"];
443 Actor100 => Actor56 [label="RemoveMe(G"];
444 Actor100 => Actor57 [label="RemoveMe(G"];
445 Actor100 => Actor60 [label="RemoveMe(G"];
446 Actor100 => Actor61 [label="RemoveMe(G"];
447 Actor100 => Actor62 [label="RemoveMe(G"];
448 Actor100 => Actor64 [label="RemoveMe(G"];
449 Actor100 => Actor65 [label="RemoveMe(G"];
450 Actor100 => Actor66 [label="RemoveMe(G"];
451 Actor100 => Actor67 [label="RemoveMe(G"];
452 Actor100 => Actor68 [label="RemoveMe(G"];
453 Actor100 => Actor69 [label="RemoveMe(G"];
454 Actor100 => Actor71 [label="RemoveMe(G"];
455 Actor100 => Actor72 [label="RemoveMe(G"];
456 Actor100 => Actor73 [label="RemoveMe(G"];
457 Actor100 => Actor74 [label="RemoveMe(G"];
458 Actor100 => Actor75 [label="RemoveMe(G"];
459 Actor100 => Actor76 [label="RemoveMe(G"];
460 Actor100 => Actor77 [label="RemoveMe(G"];
461 Actor100 => Actor78 [label="RemoveMe(G"];
462 Actor100 => Actor79 [label="RemoveMe(G"];
463 Actor100 => Actor80 [label="RemoveMe(G"];
464 Actor100 => Actor81 [label="RemoveMe(G"];
465 Actor100 => Actor82 [label="RemoveMe(G"];
466 Actor100 => Actor83 [label="RemoveMe(G"];
467 Actor100 => Actor85 [label="RemoveMe(G"];
468 Actor100 => Actor86 [label="RemoveMe(G"];
469 Actor100 => Actor87 [label="RemoveMe(G"];
470 Actor100 => Actor89 [label="RemoveMe(G"];
471 Actor100 => Actor91 [label="RemoveMe(G"];
472 Actor100 => Actor92 [label="RemoveMe(G"];
473 Actor100 => Actor95 [label="RemoveMe(G"];
474 Actor100 => Actor96 [label="RemoveMe(G"];
475 Actor100 => Actor98 [label="RemoveMe(G"];
476 Actor100 => Actor0 [label="Finish"];
477 Actor100 <= Actor37 [label="RemoveMe(G"];
478 Actor100 <= Actor76 [label="RemoveMe(G"];
479 Actor100 <= Actor32 [label="RemoveMe(G"];
480 Actor100 <= Actor28 [label="RemoveMe(G"];
481 Actor100 <= Actor72 [label="RemoveMe(G"];
482 Actor100 <= Actor57 [label="RemoveMe(G"];
483 Actor100 <= Actor98 [label="RemoveMe(G"];
484 Actor100 <= Actor8 [label="RemoveMe(G"];
485 Actor100 <= Actor7 [label="RemoveMe(G"];
486 Actor100 <= Actor36 [label="RemoveMe(G"];
487 Actor100 <= Actor13 [label="RemoveMe(G"];
488 Actor100 <= Actor21 [label="RemoveMe(G"];
489 Actor100 <= Actor81 [label="RemoveMe(G"];
490 Actor100 <= Actor15 [label="RemoveMe(G"];
491 Actor100 <= Actor38 [label="RemoveMe(G"];
492 Actor100 <= Actor29 [label="Rumor"];
493 Actor100 <= Actor29 [label="Rumor"];
494 Actor100 <= Actor35 [label="RemoveMe(G"];
495 Actor100 <= Actor100 [label="Remind"];
496 Actor100 <= Actor79 [label="RemoveMe(G"];
497 Actor100 <= Actor53 [label="RemoveMe(G"];
498 Actor100 <= Actor3 [label="Rumor"];
499 Actor100 <= Actor55 [label="RemoveMe(G"];
500 Actor100 <= Actor41 [label="RemoveMe(G"];
501 Actor100 <= Actor34 [label="RemoveMe(G"];
502 Actor100 <= Actor75 [label="RemoveMe(G"];
503 Actor100 <= Actor2 [label="RemoveMe(G"];
504 Actor100 <= Actor51 [label="RemoveMe(G"];
505 Actor100 <= Actor69 [label="RemoveMe(G"];
506 Actor100 <= Actor25 [label="RemoveMe(G"];
507 Actor100 <= Actor18 [label="RemoveMe(G"];
508 Actor100 <= Actor46 [label="RemoveMe(G"];
509 Actor100 <= Actor39 [label="RemoveMe(G"];
511 Actor100 <= Actor45 [label="RemoveMe(G"];
512 Actor100 <= Actor47 [label="RemoveMe(G"];
513 Actor100 <= Actor62 [label="RemoveMe(G"];
514 Actor100 <= Actor67 [label="RemoveMe(G"];
529 Actor100 <= Actor33 [label="RemoveMe(G"];
530 Actor100 <= Actor71 [label="RemoveMe(G"];
531 Actor100 <= Actor64 [label="RemoveMe(G"];
532 Actor100 <= Actor73 [label="RemoveMe(G"];
533 Actor100 <= Actor66 [label="RemoveMe(G"];
534 Actor100 <= Actor65 [label="RemoveMe(G"];
535 Actor100 <= Actor82 [label="RemoveMe(G"];
565 Actor100 <= Actor4 [label="RemoveMe(G"];
566 Actor100 <= Actor14 [label="RemoveMe(G"];
567 Actor100 <= Actor20 [label="RemoveMe(G"];
568 Actor100 <= Actor78 [label="RemoveMe(G"];
569 Actor100 <= Actor83 [label="RemoveMe(G"];
570 Actor100 <= Actor85 [label="RemoveMe(G"];
571 Actor100 <= Actor54 [label="RemoveMe(G"];
572 Actor100 <= Actor86 [label="RemoveMe(G"];
573 Actor100 <= Actor87 [label="RemoveMe(G"];
574 Actor100 <= Actor89 [label="RemoveMe(G"];
575 Actor100 <= Actor92 [label="RemoveMe(G"];
576 Actor100 <= Actor96 [label="RemoveMe(G"];
577 Actor100 <= Actor49 [label="RemoveMe(G"];
578 Actor100 <= Actor91 [label="RemoveMe(G"];
579 Actor100 <= Actor52 [label="RemoveMe(G"];
580 Actor100 <= Actor68 [label="RemoveMe(G"];
581 Actor100 <= Actor50 [label="RemoveMe(G"];
582 Actor100 <= Actor77 [label="RemoveMe(G"];
583 Actor100 <= Actor74 [label="RemoveMe(G"];
584 Actor100 <= Actor3 [label="RemoveMe(G"];
585 Actor100 <= Actor31 [label="RemoveMe(G"];
586 Actor100 <= Actor23 [label="RemoveMe(G"];
587 Actor100 <= Actor61 [label="RemoveMe(G"];
588 Actor100 <= Actor60 [label="RemoveMe(G"];
589 Actor100 <= Actor44 [label="RemoveMe(G"];
590 Actor100 <= Actor48 [label="RemoveMe(G"];
591 Actor100 <= Actor56 [label="RemoveMe(G"];
592 Actor100 <= Actor95 [label="RemoveMe(G"];
593 Actor100 <= Actor80 [label="RemoveMe(G"];
594 Actor100 <= Actor30 [label="RemoveMe(G"];
1155 Actor100 <= Actor0 [label="ShutDown"];
