11 Actor11 <= Actor0 [label="Set(Master"];
131 Actor11 <= Actor42 [label="RemoveMe(G"];
140 Actor11 <= Actor63 [label="RemoveMe(G"];
141 Actor11 <= Actor95 [label="Rumor"];
142 Actor11 => Actor25 [label="Rumor"];
143 Actor11 => Actor11 [label="Remind"];
171 Actor11 <= Actor24 [label="RemoveMe(G"];
172 Actor11 <= Actor90 [label="RemoveMe(G"];
175 Actor11 <= Actor58 [label="RemoveMe(G"];
188 Actor11 <= Actor88 [label="RemoveMe(G"];
189 Actor11 <= Actor94 [label="RemoveMe(G"];
207 Actor11 <= Actor37 [label="Rumor"];
208 Actor11 => Actor1 [label="RemoveMe(G"];
209 Actor11 => Actor2 [label="RemoveMe(G"];
210 Actor11 => Actor3 [label="RemoveMe(G"];
211 Actor11 => Actor4 [label="RemoveMe(G"];
212 Actor11 => Actor5 [label="RemoveMe(G"];
213 Actor11 => Actor6 [label="RemoveMe(G"];
214 Actor11 => Actor7 [label="RemoveMe(G"];
215 Actor11 => Actor8 [label="RemoveMe(G"];
216 Actor11 => Actor9 [label="RemoveMe(G"];
217 Actor11 => Actor10 [label="RemoveMe(G"];
218 Actor11 => Actor12 [label="RemoveMe(G"];
219 Actor11 => Actor13 [label="RemoveMe(G"];
220 Actor11 => Actor14 [label="RemoveMe(G"];
221 Actor11 => Actor15 [label="RemoveMe(G"];
222 Actor11 => Actor16 [label="RemoveMe(G"];
223 Actor11 => Actor17 [label="RemoveMe(G"];
224 Actor11 => Actor18 [label="RemoveMe(G"];
225 Actor11 => Actor19 [label="RemoveMe(G"];
226 Actor11 => Actor20 [label="RemoveMe(G"];
227 Actor11 => Actor21 [label="RemoveMe(G"];
228 Actor11 => Actor22 [label="RemoveMe(G"];
229 Actor11 => Actor23 [label="RemoveMe(G"];
230 Actor11 => Actor25 [label="RemoveMe(G"];
231 Actor11 => Actor26 [label="RemoveMe(G"];
232 Actor11 => Actor27 [label="RemoveMe(G"];
233 Actor11 => Actor28 [label="RemoveMe(G"];
234 Actor11 => Actor29 [label="RemoveMe(G"];
235 Actor11 => Actor30 [label="RemoveMe(G"];
236 Actor11 => Actor31 [label="RemoveMe(G"];
237 Actor11 => Actor32 [label="RemoveMe(G"];
238 Actor11 => Actor33 [label="RemoveMe(G"];
239 Actor11 => Actor34 [label="RemoveMe(G"];
240 Actor11 => Actor35 [label="RemoveMe(G"];
241 Actor11 => Actor36 [label="RemoveMe(G"];
242 Actor11 => Actor37 [label="RemoveMe(G"];
243 Actor11 => Actor38 [label="RemoveMe(G"];
244 Actor11 => Actor39 [label="RemoveMe(G"];
245 Actor11 => Actor40 [label="RemoveMe(G"];
246 Actor11 => Actor41 [label="RemoveMe(G"];
247 Actor11 => Actor43 [label="RemoveMe(G"];
248 Actor11 => Actor44 [label="RemoveMe(G"];
249 Actor11 => Actor45 [label="RemoveMe(G"];
250 Actor11 => Actor46 [label="RemoveMe(G"];
251 Actor11 => Actor47 [label="RemoveMe(G"];
252 Actor11 => Actor48 [label="RemoveMe(G"];
253 Actor11 => Actor49 [label="RemoveMe(G"];
254 Actor11 => Actor50 [label="RemoveMe(G"];
255 Actor11 => Actor51 [label="RemoveMe(G"];
256 Actor11 => Actor52 [label="RemoveMe(G"];
257 Actor11 => Actor53 [label="RemoveMe(G"];
258 Actor11 => Actor54 [label="RemoveMe(G"];
259 Actor11 => Actor55 [label="RemoveMe(G"];
260 Actor11 => Actor56 [label="RemoveMe(G"];
261 Actor11 => Actor57 [label="RemoveMe(G"];
262 Actor11 => Actor59 [label="RemoveMe(G"];
263 Actor11 => Actor60 [label="RemoveMe(G"];
264 Actor11 => Actor61 [label="RemoveMe(G"];
265 Actor11 => Actor62 [label="RemoveMe(G"];
266 Actor11 => Actor64 [label="RemoveMe(G"];
267 Actor11 => Actor65 [label="RemoveMe(G"];
268 Actor11 => Actor66 [label="RemoveMe(G"];
269 Actor11 => Actor67 [label="RemoveMe(G"];
270 Actor11 => Actor68 [label="RemoveMe(G"];
271 Actor11 => Actor69 [label="RemoveMe(G"];
272 Actor11 => Actor70 [label="RemoveMe(G"];
273 Actor11 => Actor71 [label="RemoveMe(G"];
274 Actor11 => Actor72 [label="RemoveMe(G"];
275 Actor11 => Actor73 [label="RemoveMe(G"];
276 Actor11 => Actor74 [label="RemoveMe(G"];
277 Actor11 => Actor75 [label="RemoveMe(G"];
278 Actor11 => Actor76 [label="RemoveMe(G"];
279 Actor11 => Actor77 [label="RemoveMe(G"];
280 Actor11 => Actor78 [label="RemoveMe(G"];
281 Actor11 => Actor79 [label="RemoveMe(G"];
282 Actor11 => Actor80 [label="RemoveMe(G"];
283 Actor11 => Actor81 [label="RemoveMe(G"];
284 Actor11 => Actor82 [label="RemoveMe(G"];
285 Actor11 => Actor83 [label="RemoveMe(G"];
286 Actor11 => Actor84 [label="RemoveMe(G"];
287 Actor11 => Actor85 [label="RemoveMe(G"];
288 Actor11 => Actor86 [label="RemoveMe(G"];
289 Actor11 => Actor87 [label="RemoveMe(G"];
290 Actor11 => Actor89 [label="RemoveMe(G"];
291 Actor11 => Actor91 [label="RemoveMe(G"];
292 Actor11 => Actor92 [label="RemoveMe(G"];
293 Actor11 => Actor93 [label="RemoveMe(G"];
294 Actor11 => Actor95 [label="RemoveMe(G"];
295 Actor11 => Actor96 [label="RemoveMe(G"];
296 Actor11 => Actor97 [label="RemoveMe(G"];
297 Actor11 => Actor98 [label="RemoveMe(G"];
298 Actor11 => Actor99 [label="RemoveMe(G"];
299 Actor11 => Actor100 [label="RemoveMe(G"];
300 Actor11 => Actor0 [label="Finish"];
301 Actor11 <= Actor70 [label="RemoveMe(G"];
302 Actor11 <= Actor5 [label="RemoveMe(G"];
303 Actor11 <= Actor12 [label="RemoveMe(G"];
304 Actor11 <= Actor16 [label="RemoveMe(G"];
362 Actor11 <= Actor37 [label="RemoveMe(G"];
363 Actor11 <= Actor10 [label="RemoveMe(G"];
364 Actor11 <= Actor59 [label="RemoveMe(G"];
365 Actor11 <= Actor84 [label="RemoveMe(G"];
366 Actor11 <= Actor99 [label="RemoveMe(G"];
367 Actor11 <= Actor93 [label="RemoveMe(G"];
368 Actor11 <= Actor1 [label="RemoveMe(G"];
369 Actor11 <= Actor95 [label="Rumor"];
370 Actor11 <= Actor97 [label="RemoveMe(G"];
371 Actor11 <= Actor27 [label="RemoveMe(G"];
372 Actor11 <= Actor32 [label="RemoveMe(G"];
373 Actor11 <= Actor11 [label="Remind"];
374 Actor11 <= Actor76 [label="RemoveMe(G"];
375 Actor11 <= Actor28 [label="RemoveMe(G"];
376 Actor11 <= Actor8 [label="RemoveMe(G"];
377 Actor11 <= Actor15 [label="RemoveMe(G"];
378 Actor11 <= Actor81 [label="RemoveMe(G"];
380 Actor11 <= Actor72 [label="RemoveMe(G"];
381 Actor11 <= Actor57 [label="RemoveMe(G"];
382 Actor11 <= Actor7 [label="RemoveMe(G"];
383 Actor11 <= Actor98 [label="RemoveMe(G"];
384 Actor11 <= Actor41 [label="RemoveMe(G"];
385 Actor11 <= Actor38 [label="RemoveMe(G"];
386 Actor11 <= Actor36 [label="RemoveMe(G"];
404 Actor11 <= Actor13 [label="RemoveMe(G"];
405 Actor11 <= Actor21 [label="RemoveMe(G"];
406 Actor11 <= Actor35 [label="RemoveMe(G"];
407 Actor11 <= Actor79 [label="RemoveMe(G"];
408 Actor11 <= Actor55 [label="RemoveMe(G"];
409 Actor11 <= Actor53 [label="RemoveMe(G"];
410 Actor11 <= Actor46 [label="RemoveMe(G"];
411 Actor11 <= Actor34 [label="RemoveMe(G"];
412 Actor11 <= Actor69 [label="RemoveMe(G"];
413 Actor11 <= Actor75 [label="RemoveMe(G"];
414 Actor11 <= Actor2 [label="RemoveMe(G"];
415 Actor11 <= Actor51 [label="RemoveMe(G"];
416 Actor11 <= Actor25 [label="RemoveMe(G"];
417 Actor11 <= Actor18 [label="RemoveMe(G"];
418 Actor11 <= Actor39 [label="RemoveMe(G"];
419 Actor11 <= Actor62 [label="RemoveMe(G"];
437 Actor11 <= Actor45 [label="RemoveMe(G"];
438 Actor11 <= Actor47 [label="RemoveMe(G"];
439 Actor11 <= Actor67 [label="RemoveMe(G"];
440 Actor11 <= Actor65 [label="RemoveMe(G"];
441 Actor11 <= Actor71 [label="RemoveMe(G"];
442 Actor11 <= Actor66 [label="RemoveMe(G"];
443 Actor11 <= Actor82 [label="RemoveMe(G"];
444 Actor11 <= Actor14 [label="RemoveMe(G"];
445 Actor11 <= Actor52 [label="RemoveMe(G"];
446 Actor11 <= Actor78 [label="RemoveMe(G"];
447 Actor11 <= Actor54 [label="RemoveMe(G"];
448 Actor11 <= Actor86 [label="RemoveMe(G"];
449 Actor11 <= Actor87 [label="RemoveMe(G"];
450 Actor11 <= Actor89 [label="RemoveMe(G"];
451 Actor11 <= Actor96 [label="RemoveMe(G"];
452 Actor11 <= Actor49 [label="RemoveMe(G"];
453 Actor11 <= Actor91 [label="RemoveMe(G"];
454 Actor11 <= Actor68 [label="RemoveMe(G"];
455 Actor11 <= Actor74 [label="RemoveMe(G"];
456 Actor11 <= Actor3 [label="RemoveMe(G"];
457 Actor11 <= Actor31 [label="RemoveMe(G"];
458 Actor11 <= Actor23 [label="RemoveMe(G"];
459 Actor11 <= Actor60 [label="RemoveMe(G"];
460 Actor11 <= Actor61 [label="RemoveMe(G"];
1066 Actor11 <= Actor0 [label="ShutDown"];
