12 Actor12 <= Actor0 [label="Set(Master"];
114 Actor12 <= Actor58 [label="Rumor"];
115 Actor12 => Actor38 [label="Rumor"];
116 Actor12 => Actor12 [label="Remind"];
132 Actor12 <= Actor42 [label="RemoveMe(G"];
141 Actor12 <= Actor63 [label="RemoveMe(G"];
172 Actor12 <= Actor24 [label="RemoveMe(G"];
173 Actor12 <= Actor95 [label="Rumor"];
174 Actor12 => Actor1 [label="RemoveMe(G"];
175 Actor12 => Actor2 [label="RemoveMe(G"];
176 Actor12 => Actor3 [label="RemoveMe(G"];
177 Actor12 => Actor4 [label="RemoveMe(G"];
178 Actor12 => Actor5 [label="RemoveMe(G"];
179 Actor12 => Actor6 [label="RemoveMe(G"];
180 Actor12 => Actor7 [label="RemoveMe(G"];
181 Actor12 => Actor8 [label="RemoveMe(G"];
182 Actor12 => Actor9 [label="RemoveMe(G"];
183 Actor12 => Actor10 [label="RemoveMe(G"];
184 Actor12 => Actor11 [label="RemoveMe(G"];
185 Actor12 => Actor13 [label="RemoveMe(G"];
186 Actor12 => Actor14 [label="RemoveMe(G"];
187 Actor12 => Actor15 [label="RemoveMe(G"];
188 Actor12 => Actor16 [label="RemoveMe(G"];
189 Actor12 => Actor17 [label="RemoveMe(G"];
190 Actor12 => Actor18 [label="RemoveMe(G"];
191 Actor12 => Actor19 [label="RemoveMe(G"];
192 Actor12 => Actor20 [label="RemoveMe(G"];
193 Actor12 => Actor21 [label="RemoveMe(G"];
194 Actor12 => Actor22 [label="RemoveMe(G"];
195 Actor12 => Actor23 [label="RemoveMe(G"];
196 Actor12 => Actor25 [label="RemoveMe(G"];
197 Actor12 => Actor26 [label="RemoveMe(G"];
198 Actor12 => Actor27 [label="RemoveMe(G"];
199 Actor12 => Actor28 [label="RemoveMe(G"];
200 Actor12 => Actor29 [label="RemoveMe(G"];
201 Actor12 => Actor30 [label="RemoveMe(G"];
202 Actor12 => Actor31 [label="RemoveMe(G"];
203 Actor12 => Actor32 [label="RemoveMe(G"];
204 Actor12 => Actor33 [label="RemoveMe(G"];
205 Actor12 => Actor34 [label="RemoveMe(G"];
206 Actor12 => Actor35 [label="RemoveMe(G"];
207 Actor12 => Actor36 [label="RemoveMe(G"];
208 Actor12 => Actor37 [label="RemoveMe(G"];
209 Actor12 => Actor38 [label="RemoveMe(G"];
210 Actor12 => Actor39 [label="RemoveMe(G"];
211 Actor12 => Actor40 [label="RemoveMe(G"];
212 Actor12 => Actor41 [label="RemoveMe(G"];
213 Actor12 => Actor43 [label="RemoveMe(G"];
214 Actor12 => Actor44 [label="RemoveMe(G"];
215 Actor12 => Actor45 [label="RemoveMe(G"];
216 Actor12 => Actor46 [label="RemoveMe(G"];
217 Actor12 => Actor47 [label="RemoveMe(G"];
218 Actor12 => Actor48 [label="RemoveMe(G"];
219 Actor12 => Actor49 [label="RemoveMe(G"];
220 Actor12 => Actor50 [label="RemoveMe(G"];
221 Actor12 => Actor51 [label="RemoveMe(G"];
222 Actor12 => Actor52 [label="RemoveMe(G"];
223 Actor12 => Actor53 [label="RemoveMe(G"];
224 Actor12 => Actor54 [label="RemoveMe(G"];
225 Actor12 => Actor55 [label="RemoveMe(G"];
226 Actor12 => Actor56 [label="RemoveMe(G"];
227 Actor12 => Actor57 [label="RemoveMe(G"];
228 Actor12 => Actor58 [label="RemoveMe(G"];
229 Actor12 => Actor59 [label="RemoveMe(G"];
230 Actor12 => Actor60 [label="RemoveMe(G"];
231 Actor12 => Actor61 [label="RemoveMe(G"];
232 Actor12 => Actor62 [label="RemoveMe(G"];
233 Actor12 => Actor64 [label="RemoveMe(G"];
234 Actor12 => Actor65 [label="RemoveMe(G"];
235 Actor12 => Actor66 [label="RemoveMe(G"];
236 Actor12 => Actor67 [label="RemoveMe(G"];
237 Actor12 => Actor68 [label="RemoveMe(G"];
238 Actor12 => Actor69 [label="RemoveMe(G"];
239 Actor12 => Actor70 [label="RemoveMe(G"];
240 Actor12 => Actor71 [label="RemoveMe(G"];
241 Actor12 => Actor72 [label="RemoveMe(G"];
242 Actor12 => Actor73 [label="RemoveMe(G"];
243 Actor12 => Actor74 [label="RemoveMe(G"];
244 Actor12 => Actor75 [label="RemoveMe(G"];
245 Actor12 => Actor76 [label="RemoveMe(G"];
246 Actor12 => Actor77 [label="RemoveMe(G"];
247 Actor12 => Actor78 [label="RemoveMe(G"];
248 Actor12 => Actor79 [label="RemoveMe(G"];
249 Actor12 => Actor80 [label="RemoveMe(G"];
250 Actor12 => Actor81 [label="RemoveMe(G"];
251 Actor12 => Actor82 [label="RemoveMe(G"];
252 Actor12 => Actor83 [label="RemoveMe(G"];
253 Actor12 => Actor84 [label="RemoveMe(G"];
254 Actor12 => Actor85 [label="RemoveMe(G"];
255 Actor12 => Actor86 [label="RemoveMe(G"];
256 Actor12 => Actor87 [label="RemoveMe(G"];
257 Actor12 => Actor88 [label="RemoveMe(G"];
258 Actor12 => Actor89 [label="RemoveMe(G"];
259 Actor12 => Actor90 [label="RemoveMe(G"];
260 Actor12 => Actor91 [label="RemoveMe(G"];
261 Actor12 => Actor92 [label="RemoveMe(G"];
262 Actor12 => Actor93 [label="RemoveMe(G"];
263 Actor12 => Actor94 [label="RemoveMe(G"];
264 Actor12 => Actor95 [label="RemoveMe(G"];
265 Actor12 => Actor96 [label="RemoveMe(G"];
266 Actor12 => Actor97 [label="RemoveMe(G"];
267 Actor12 => Actor98 [label="RemoveMe(G"];
268 Actor12 => Actor99 [label="RemoveMe(G"];
269 Actor12 => Actor100 [label="RemoveMe(G"];
270 Actor12 => Actor0 [label="Finish"];
271 Actor12 <= Actor90 [label="RemoveMe(G"];
272 Actor12 <= Actor58 [label="RemoveMe(G"];
273 Actor12 <= Actor88 [label="RemoveMe(G"];
274 Actor12 <= Actor94 [label="RemoveMe(G"];
275 Actor12 <= Actor70 [label="RemoveMe(G"];
276 Actor12 <= Actor12 [label="Remind"];
277 Actor12 <= Actor5 [label="RemoveMe(G"];
278 Actor12 <= Actor16 [label="RemoveMe(G"];
363 Actor12 <= Actor37 [label="RemoveMe(G"];
364 Actor12 <= Actor10 [label="RemoveMe(G"];
365 Actor12 <= Actor59 [label="RemoveMe(G"];
366 Actor12 <= Actor84 [label="RemoveMe(G"];
367 Actor12 <= Actor93 [label="RemoveMe(G"];
368 Actor12 <= Actor1 [label="RemoveMe(G"];
369 Actor12 <= Actor97 [label="RemoveMe(G"];
370 Actor12 <= Actor27 [label="RemoveMe(G"];
371 Actor12 <= Actor32 [label="RemoveMe(G"];
372 Actor12 <= Actor11 [label="RemoveMe(G"];
373 Actor12 <= Actor76 [label="RemoveMe(G"];
374 Actor12 <= Actor28 [label="RemoveMe(G"];
375 Actor12 <= Actor15 [label="RemoveMe(G"];
376 Actor12 <= Actor81 [label="RemoveMe(G"];
377 Actor12 <= Actor57 [label="RemoveMe(G"];
378 Actor12 <= Actor7 [label="RemoveMe(G"];
379 Actor12 <= Actor98 [label="RemoveMe(G"];
380 Actor12 <= Actor41 [label="RemoveMe(G"];
381 Actor12 <= Actor38 [label="RemoveMe(G"];
382 Actor12 <= Actor36 [label="RemoveMe(G"];
383 Actor12 <= Actor21 [label="RemoveMe(G"];
384 Actor12 <= Actor35 [label="RemoveMe(G"];
385 Actor12 <= Actor79 [label="RemoveMe(G"];
386 Actor12 <= Actor55 [label="RemoveMe(G"];
387 Actor12 <= Actor53 [label="RemoveMe(G"];
388 Actor12 <= Actor46 [label="RemoveMe(G"];
389 Actor12 <= Actor34 [label="RemoveMe(G"];
390 Actor12 <= Actor69 [label="RemoveMe(G"];
391 Actor12 <= Actor75 [label="RemoveMe(G"];
392 Actor12 <= Actor2 [label="RemoveMe(G"];
393 Actor12 <= Actor51 [label="RemoveMe(G"];
394 Actor12 <= Actor25 [label="RemoveMe(G"];
395 Actor12 <= Actor18 [label="RemoveMe(G"];
396 Actor12 <= Actor62 [label="RemoveMe(G"];
397 Actor12 <= Actor67 [label="RemoveMe(G"];
398 Actor12 <= Actor65 [label="RemoveMe(G"];
399 Actor12 <= Actor71 [label="RemoveMe(G"];
400 Actor12 <= Actor66 [label="RemoveMe(G"];
401 Actor12 <= Actor82 [label="RemoveMe(G"];
402 Actor12 <= Actor14 [label="RemoveMe(G"];
403 Actor12 <= Actor52 [label="RemoveMe(G"];
404 Actor12 <= Actor86 [label="RemoveMe(G"];
405 Actor12 <= Actor87 [label="RemoveMe(G"];
406 Actor12 <= Actor89 [label="RemoveMe(G"];
407 Actor12 <= Actor49 [label="RemoveMe(G"];
408 Actor12 <= Actor68 [label="RemoveMe(G"];
409 Actor12 <= Actor3 [label="RemoveMe(G"];
410 Actor12 <= Actor60 [label="RemoveMe(G"];
1067 Actor12 <= Actor0 [label="ShutDown"];
