13 Actor13 <= Actor0 [label="Set(Master"];
133 Actor13 <= Actor42 [label="RemoveMe(G"];
142 Actor13 <= Actor63 [label="RemoveMe(G"];
173 Actor13 <= Actor24 [label="RemoveMe(G"];
174 Actor13 <= Actor90 [label="RemoveMe(G"];
177 Actor13 <= Actor58 [label="RemoveMe(G"];
190 Actor13 <= Actor88 [label="RemoveMe(G"];
191 Actor13 <= Actor94 [label="RemoveMe(G"];
326 Actor13 <= Actor56 [label="Rumor"];
327 Actor13 => Actor7 [label="Rumor"];
328 Actor13 => Actor13 [label="Remind"];
329 Actor13 <= Actor70 [label="RemoveMe(G"];
330 Actor13 <= Actor5 [label="RemoveMe(G"];
331 Actor13 <= Actor12 [label="RemoveMe(G"];
332 Actor13 <= Actor16 [label="RemoveMe(G"];
364 Actor13 <= Actor37 [label="RemoveMe(G"];
365 Actor13 <= Actor10 [label="RemoveMe(G"];
366 Actor13 <= Actor59 [label="RemoveMe(G"];
367 Actor13 <= Actor84 [label="RemoveMe(G"];
368 Actor13 <= Actor99 [label="RemoveMe(G"];
394 Actor13 <= Actor6 [label="Rumor"];
395 Actor13 => Actor1 [label="RemoveMe(G"];
396 Actor13 => Actor2 [label="RemoveMe(G"];
397 Actor13 => Actor3 [label="RemoveMe(G"];
398 Actor13 => Actor4 [label="RemoveMe(G"];
399 Actor13 => Actor6 [label="RemoveMe(G"];
400 Actor13 => Actor7 [label="RemoveMe(G"];
401 Actor13 => Actor8 [label="RemoveMe(G"];
402 Actor13 => Actor9 [label="RemoveMe(G"];
403 Actor13 => Actor11 [label="RemoveMe(G"];
404 Actor13 => Actor14 [label="RemoveMe(G"];
405 Actor13 => Actor15 [label="RemoveMe(G"];
406 Actor13 => Actor17 [label="RemoveMe(G"];
407 Actor13 => Actor18 [label="RemoveMe(G"];
408 Actor13 => Actor19 [label="RemoveMe(G"];
409 Actor13 => Actor20 [label="RemoveMe(G"];
410 Actor13 => Actor21 [label="RemoveMe(G"];
411 Actor13 => Actor22 [label="RemoveMe(G"];
412 Actor13 => Actor23 [label="RemoveMe(G"];
413 Actor13 => Actor25 [label="RemoveMe(G"];
414 Actor13 => Actor26 [label="RemoveMe(G"];
415 Actor13 => Actor27 [label="RemoveMe(G"];
416 Actor13 => Actor28 [label="RemoveMe(G"];
417 Actor13 => Actor29 [label="RemoveMe(G"];
418 Actor13 => Actor30 [label="RemoveMe(G"];
419 Actor13 => Actor31 [label="RemoveMe(G"];
420 Actor13 => Actor32 [label="RemoveMe(G"];
421 Actor13 => Actor33 [label="RemoveMe(G"];
422 Actor13 => Actor34 [label="RemoveMe(G"];
423 Actor13 => Actor35 [label="RemoveMe(G"];
424 Actor13 => Actor36 [label="RemoveMe(G"];
425 Actor13 => Actor38 [label="RemoveMe(G"];
426 Actor13 => Actor39 [label="RemoveMe(G"];
427 Actor13 => Actor40 [label="RemoveMe(G"];
428 Actor13 => Actor41 [label="RemoveMe(G"];
429 Actor13 => Actor43 [label="RemoveMe(G"];
430 Actor13 => Actor44 [label="RemoveMe(G"];
431 Actor13 => Actor45 [label="RemoveMe(G"];
432 Actor13 => Actor46 [label="RemoveMe(G"];
433 Actor13 => Actor47 [label="RemoveMe(G"];
434 Actor13 => Actor48 [label="RemoveMe(G"];
435 Actor13 => Actor49 [label="RemoveMe(G"];
436 Actor13 => Actor50 [label="RemoveMe(G"];
437 Actor13 => Actor51 [label="RemoveMe(G"];
438 Actor13 => Actor52 [label="RemoveMe(G"];
439 Actor13 => Actor53 [label="RemoveMe(G"];
440 Actor13 => Actor54 [label="RemoveMe(G"];
441 Actor13 => Actor55 [label="RemoveMe(G"];
442 Actor13 => Actor56 [label="RemoveMe(G"];
443 Actor13 => Actor57 [label="RemoveMe(G"];
444 Actor13 => Actor60 [label="RemoveMe(G"];
445 Actor13 => Actor61 [label="RemoveMe(G"];
446 Actor13 => Actor62 [label="RemoveMe(G"];
447 Actor13 => Actor64 [label="RemoveMe(G"];
448 Actor13 => Actor65 [label="RemoveMe(G"];
449 Actor13 => Actor66 [label="RemoveMe(G"];
450 Actor13 => Actor67 [label="RemoveMe(G"];
451 Actor13 => Actor68 [label="RemoveMe(G"];
452 Actor13 => Actor69 [label="RemoveMe(G"];
453 Actor13 => Actor71 [label="RemoveMe(G"];
454 Actor13 => Actor72 [label="RemoveMe(G"];
455 Actor13 => Actor73 [label="RemoveMe(G"];
456 Actor13 => Actor74 [label="RemoveMe(G"];
457 Actor13 => Actor75 [label="RemoveMe(G"];
458 Actor13 => Actor76 [label="RemoveMe(G"];
459 Actor13 => Actor77 [label="RemoveMe(G"];
460 Actor13 => Actor78 [label="RemoveMe(G"];
461 Actor13 => Actor79 [label="RemoveMe(G"];
462 Actor13 => Actor80 [label="RemoveMe(G"];
463 Actor13 => Actor81 [label="RemoveMe(G"];
464 Actor13 => Actor82 [label="RemoveMe(G"];
465 Actor13 => Actor83 [label="RemoveMe(G"];
466 Actor13 => Actor85 [label="RemoveMe(G"];
467 Actor13 => Actor86 [label="RemoveMe(G"];
468 Actor13 => Actor87 [label="RemoveMe(G"];
469 Actor13 => Actor89 [label="RemoveMe(G"];
470 Actor13 => Actor91 [label="RemoveMe(G"];
471 Actor13 => Actor92 [label="RemoveMe(G"];
472 Actor13 => Actor93 [label="RemoveMe(G"];
473 Actor13 => Actor95 [label="RemoveMe(G"];
474 Actor13 => Actor96 [label="RemoveMe(G"];
475 Actor13 => Actor97 [label="RemoveMe(G"];
476 Actor13 => Actor98 [label="RemoveMe(G"];
477 Actor13 => Actor100 [label="RemoveMe(G"];
478 Actor13 => Actor0 [label="Finish"];
479 Actor13 <= Actor93 [label="RemoveMe(G"];
480 Actor13 <= Actor1 [label="RemoveMe(G"];
481 Actor13 <= Actor97 [label="RemoveMe(G"];
482 Actor13 <= Actor27 [label="RemoveMe(G"];
483 Actor13 <= Actor32 [label="RemoveMe(G"];
484 Actor13 <= Actor11 [label="RemoveMe(G"];
485 Actor13 <= Actor76 [label="RemoveMe(G"];
486 Actor13 <= Actor13 [label="Remind"];
487 Actor13 <= Actor28 [label="RemoveMe(G"];
488 Actor13 <= Actor8 [label="RemoveMe(G"];
489 Actor13 <= Actor15 [label="RemoveMe(G"];
490 Actor13 <= Actor81 [label="RemoveMe(G"];
491 Actor13 <= Actor72 [label="RemoveMe(G"];
492 Actor13 <= Actor57 [label="RemoveMe(G"];
493 Actor13 <= Actor7 [label="RemoveMe(G"];
494 Actor13 <= Actor98 [label="RemoveMe(G"];
495 Actor13 <= Actor41 [label="RemoveMe(G"];
496 Actor13 <= Actor38 [label="RemoveMe(G"];
497 Actor13 <= Actor36 [label="RemoveMe(G"];
498 Actor13 <= Actor29 [label="Rumor"];
499 Actor13 <= Actor21 [label="RemoveMe(G"];
500 Actor13 <= Actor35 [label="RemoveMe(G"];
501 Actor13 <= Actor79 [label="RemoveMe(G"];
502 Actor13 <= Actor55 [label="RemoveMe(G"];
503 Actor13 <= Actor53 [label="RemoveMe(G"];
504 Actor13 <= Actor46 [label="RemoveMe(G"];
505 Actor13 <= Actor34 [label="RemoveMe(G"];
506 Actor13 <= Actor69 [label="RemoveMe(G"];
507 Actor13 <= Actor75 [label="RemoveMe(G"];
508 Actor13 <= Actor2 [label="RemoveMe(G"];
509 Actor13 <= Actor51 [label="RemoveMe(G"];
510 Actor13 <= Actor25 [label="RemoveMe(G"];
511 Actor13 <= Actor18 [label="RemoveMe(G"];
512 Actor13 <= Actor39 [label="RemoveMe(G"];
513 Actor13 <= Actor62 [label="RemoveMe(G"];
514 Actor13 <= Actor45 [label="RemoveMe(G"];
515 Actor13 <= Actor47 [label="RemoveMe(G"];
516 Actor13 <= Actor67 [label="RemoveMe(G"];
517 Actor13 <= Actor65 [label="RemoveMe(G"];
518 Actor13 <= Actor71 [label="RemoveMe(G"];
519 Actor13 <= Actor73 [label="RemoveMe(G"];
520 Actor13 <= Actor64 [label="RemoveMe(G"];
521 Actor13 <= Actor66 [label="RemoveMe(G"];
522 Actor13 <= Actor82 [label="RemoveMe(G"];
523 Actor13 <= Actor100 [label="RemoveMe(G"];
524 Actor13 <= Actor14 [label="RemoveMe(G"];
525 Actor13 <= Actor52 [label="RemoveMe(G"];
526 Actor13 <= Actor78 [label="RemoveMe(G"];
527 Actor13 <= Actor54 [label="RemoveMe(G"];
528 Actor13 <= Actor86 [label="RemoveMe(G"];
529 Actor13 <= Actor87 [label="RemoveMe(G"];
530 Actor13 <= Actor89 [label="RemoveMe(G"];
531 Actor13 <= Actor96 [label="RemoveMe(G"];
532 Actor13 <= Actor49 [label="RemoveMe(G"];
533 Actor13 <= Actor91 [label="RemoveMe(G"];
534 Actor13 <= Actor68 [label="RemoveMe(G"];
535 Actor13 <= Actor50 [label="RemoveMe(G"];
536 Actor13 <= Actor74 [label="RemoveMe(G"];
537 Actor13 <= Actor3 [label="RemoveMe(G"];
538 Actor13 <= Actor31 [label="RemoveMe(G"];
539 Actor13 <= Actor23 [label="RemoveMe(G"];
540 Actor13 <= Actor60 [label="RemoveMe(G"];
541 Actor13 <= Actor61 [label="RemoveMe(G"];
542 Actor13 <= Actor44 [label="RemoveMe(G"];
543 Actor13 <= Actor48 [label="RemoveMe(G"];
544 Actor13 <= Actor56 [label="RemoveMe(G"];
1068 Actor13 <= Actor0 [label="ShutDown"];
