14 Actor14 <= Actor0 [label="Set(Master"];
120 Actor14 <= Actor58 [label="Rumor"];
121 Actor14 => Actor74 [label="Rumor"];
122 Actor14 => Actor14 [label="Remind"];
134 Actor14 <= Actor42 [label="RemoveMe(G"];
143 Actor14 <= Actor63 [label="RemoveMe(G"];
174 Actor14 <= Actor24 [label="RemoveMe(G"];
175 Actor14 <= Actor90 [label="RemoveMe(G"];
178 Actor14 <= Actor58 [label="RemoveMe(G"];
191 Actor14 <= Actor88 [label="RemoveMe(G"];
299 Actor14 <= Actor95 [label="Rumor"];
300 Actor14 => Actor1 [label="RemoveMe(G"];
301 Actor14 => Actor2 [label="RemoveMe(G"];
302 Actor14 => Actor3 [label="RemoveMe(G"];
303 Actor14 => Actor4 [label="RemoveMe(G"];
304 Actor14 => Actor5 [label="RemoveMe(G"];
305 Actor14 => Actor6 [label="RemoveMe(G"];
306 Actor14 => Actor7 [label="RemoveMe(G"];
307 Actor14 => Actor8 [label="RemoveMe(G"];
308 Actor14 => Actor9 [label="RemoveMe(G"];
309 Actor14 => Actor10 [label="RemoveMe(G"];
310 Actor14 => Actor11 [label="RemoveMe(G"];
311 Actor14 => Actor12 [label="RemoveMe(G"];
312 Actor14 => Actor13 [label="RemoveMe(G"];
313 Actor14 => Actor15 [label="RemoveMe(G"];
314 Actor14 => Actor16 [label="RemoveMe(G"];
315 Actor14 => Actor17 [label="RemoveMe(G"];
316 Actor14 => Actor18 [label="RemoveMe(G"];
317 Actor14 => Actor19 [label="RemoveMe(G"];
318 Actor14 => Actor20 [label="RemoveMe(G"];
319 Actor14 => Actor21 [label="RemoveMe(G"];
320 Actor14 => Actor22 [label="RemoveMe(G"];
321 Actor14 => Actor23 [label="RemoveMe(G"];
322 Actor14 => Actor25 [label="RemoveMe(G"];
323 Actor14 => Actor26 [label="RemoveMe(G"];
324 Actor14 => Actor27 [label="RemoveMe(G"];
325 Actor14 => Actor28 [label="RemoveMe(G"];
326 Actor14 => Actor29 [label="RemoveMe(G"];
327 Actor14 => Actor30 [label="RemoveMe(G"];
328 Actor14 => Actor31 [label="RemoveMe(G"];
329 Actor14 => Actor32 [label="RemoveMe(G"];
330 Actor14 => Actor33 [label="RemoveMe(G"];
331 Actor14 => Actor34 [label="RemoveMe(G"];
332 Actor14 => Actor35 [label="RemoveMe(G"];
333 Actor14 => Actor36 [label="RemoveMe(G"];
334 Actor14 => Actor37 [label="RemoveMe(G"];
335 Actor14 => Actor38 [label="RemoveMe(G"];
336 Actor14 => Actor39 [label="RemoveMe(G"];
337 Actor14 => Actor40 [label="RemoveMe(G"];
338 Actor14 => Actor41 [label="RemoveMe(G"];
339 Actor14 => Actor43 [label="RemoveMe(G"];
340 Actor14 => Actor44 [label="RemoveMe(G"];
341 Actor14 => Actor45 [label="RemoveMe(G"];
342 Actor14 => Actor46 [label="RemoveMe(G"];
343 Actor14 => Actor47 [label="RemoveMe(G"];
344 Actor14 => Actor48 [label="RemoveMe(G"];
345 Actor14 => Actor49 [label="RemoveMe(G"];
346 Actor14 => Actor50 [label="RemoveMe(G"];
347 Actor14 => Actor51 [label="RemoveMe(G"];
348 Actor14 => Actor52 [label="RemoveMe(G"];
349 Actor14 => Actor53 [label="RemoveMe(G"];
350 Actor14 => Actor54 [label="RemoveMe(G"];
351 Actor14 => Actor55 [label="RemoveMe(G"];
352 Actor14 => Actor56 [label="RemoveMe(G"];
353 Actor14 => Actor57 [label="RemoveMe(G"];
354 Actor14 => Actor59 [label="RemoveMe(G"];
355 Actor14 => Actor60 [label="RemoveMe(G"];
356 Actor14 => Actor61 [label="RemoveMe(G"];
357 Actor14 => Actor62 [label="RemoveMe(G"];
358 Actor14 => Actor64 [label="RemoveMe(G"];
359 Actor14 => Actor65 [label="RemoveMe(G"];
360 Actor14 => Actor66 [label="RemoveMe(G"];
361 Actor14 => Actor67 [label="RemoveMe(G"];
362 Actor14 => Actor68 [label="RemoveMe(G"];
363 Actor14 => Actor69 [label="RemoveMe(G"];
364 Actor14 => Actor70 [label="RemoveMe(G"];
365 Actor14 => Actor71 [label="RemoveMe(G"];
366 Actor14 => Actor72 [label="RemoveMe(G"];
367 Actor14 => Actor73 [label="RemoveMe(G"];
368 Actor14 => Actor74 [label="RemoveMe(G"];
369 Actor14 => Actor75 [label="RemoveMe(G"];
370 Actor14 => Actor76 [label="RemoveMe(G"];
371 Actor14 => Actor77 [label="RemoveMe(G"];
372 Actor14 => Actor78 [label="RemoveMe(G"];
373 Actor14 => Actor79 [label="RemoveMe(G"];
374 Actor14 => Actor80 [label="RemoveMe(G"];
375 Actor14 => Actor81 [label="RemoveMe(G"];
376 Actor14 => Actor82 [label="RemoveMe(G"];
377 Actor14 => Actor83 [label="RemoveMe(G"];
378 Actor14 => Actor84 [label="RemoveMe(G"];
379 Actor14 => Actor85 [label="RemoveMe(G"];
380 Actor14 => Actor86 [label="RemoveMe(G"];
381 Actor14 => Actor87 [label="RemoveMe(G"];
382 Actor14 => Actor89 [label="RemoveMe(G"];
383 Actor14 => Actor91 [label="RemoveMe(G"];
384 Actor14 => Actor92 [label="RemoveMe(G"];
385 Actor14 => Actor93 [label="RemoveMe(G"];
386 Actor14 => Actor94 [label="RemoveMe(G"];
387 Actor14 => Actor95 [label="RemoveMe(G"];
388 Actor14 => Actor96 [label="RemoveMe(G"];
389 Actor14 => Actor97 [label="RemoveMe(G"];
390 Actor14 => Actor98 [label="RemoveMe(G"];
391 Actor14 => Actor99 [label="RemoveMe(G"];
392 Actor14 => Actor100 [label="RemoveMe(G"];
393 Actor14 => Actor0 [label="Finish"];
394 Actor14 <= Actor94 [label="RemoveMe(G"];
395 Actor14 <= Actor70 [label="RemoveMe(G"];
396 Actor14 <= Actor5 [label="RemoveMe(G"];
397 Actor14 <= Actor12 [label="RemoveMe(G"];
398 Actor14 <= Actor16 [label="RemoveMe(G"];
399 Actor14 <= Actor37 [label="RemoveMe(G"];
400 Actor14 <= Actor10 [label="RemoveMe(G"];
401 Actor14 <= Actor59 [label="RemoveMe(G"];
402 Actor14 <= Actor84 [label="RemoveMe(G"];
403 Actor14 <= Actor99 [label="RemoveMe(G"];
430 Actor14 <= Actor6 [label="Rumor"];
431 Actor14 <= Actor93 [label="RemoveMe(G"];
432 Actor14 <= Actor1 [label="RemoveMe(G"];
433 Actor14 <= Actor97 [label="RemoveMe(G"];
434 Actor14 <= Actor27 [label="RemoveMe(G"];
435 Actor14 <= Actor32 [label="RemoveMe(G"];
436 Actor14 <= Actor14 [label="Remind"];
437 Actor14 <= Actor11 [label="RemoveMe(G"];
438 Actor14 <= Actor76 [label="RemoveMe(G"];
439 Actor14 <= Actor28 [label="RemoveMe(G"];
440 Actor14 <= Actor8 [label="RemoveMe(G"];
441 Actor14 <= Actor15 [label="RemoveMe(G"];
442 Actor14 <= Actor81 [label="Rumor"];
443 Actor14 <= Actor72 [label="RemoveMe(G"];
444 Actor14 <= Actor57 [label="RemoveMe(G"];
445 Actor14 <= Actor7 [label="RemoveMe(G"];
446 Actor14 <= Actor98 [label="RemoveMe(G"];
447 Actor14 <= Actor41 [label="RemoveMe(G"];
448 Actor14 <= Actor38 [label="RemoveMe(G"];
449 Actor14 <= Actor81 [label="RemoveMe(G"];
450 Actor14 <= Actor36 [label="RemoveMe(G"];
451 Actor14 <= Actor13 [label="RemoveMe(G"];
452 Actor14 <= Actor21 [label="RemoveMe(G"];
453 Actor14 <= Actor35 [label="RemoveMe(G"];
454 Actor14 <= Actor79 [label="RemoveMe(G"];
455 Actor14 <= Actor55 [label="RemoveMe(G"];
456 Actor14 <= Actor53 [label="RemoveMe(G"];
457 Actor14 <= Actor46 [label="RemoveMe(G"];
458 Actor14 <= Actor34 [label="RemoveMe(G"];
459 Actor14 <= Actor69 [label="RemoveMe(G"];
460 Actor14 <= Actor75 [label="RemoveMe(G"];
461 Actor14 <= Actor2 [label="RemoveMe(G"];
462 Actor14 <= Actor51 [label="RemoveMe(G"];
463 Actor14 <= Actor25 [label="RemoveMe(G"];
464 Actor14 <= Actor18 [label="RemoveMe(G"];
465 Actor14 <= Actor39 [label="RemoveMe(G"];
466 Actor14 <= Actor62 [label="RemoveMe(G"];
467 Actor14 <= Actor45 [label="RemoveMe(G"];
468 Actor14 <= Actor47 [label="RemoveMe(G"];
469 Actor14 <= Actor67 [label="RemoveMe(G"];
487 Actor14 <= Actor33 [label="RemoveMe(G"];
488 Actor14 <= Actor65 [label="RemoveMe(G"];
489 Actor14 <= Actor71 [label="RemoveMe(G"];
490 Actor14 <= Actor73 [label="RemoveMe(G"];
491 Actor14 <= Actor64 [label="RemoveMe(G"];
492 Actor14 <= Actor66 [label="RemoveMe(G"];
493 Actor14 <= Actor82 [label="RemoveMe(G"];
523 Actor14 <= Actor4 [label="RemoveMe(G"];
524 Actor14 <= Actor100 [label="RemoveMe(G"];
525 Actor14 <= Actor83 [label="RemoveMe(G"];
526 Actor14 <= Actor20 [label="RemoveMe(G"];
527 Actor14 <= Actor52 [label="RemoveMe(G"];
528 Actor14 <= Actor78 [label="RemoveMe(G"];
529 Actor14 <= Actor54 [label="RemoveMe(G"];
530 Actor14 <= Actor85 [label="RemoveMe(G"];
531 Actor14 <= Actor86 [label="RemoveMe(G"];
532 Actor14 <= Actor87 [label="RemoveMe(G"];
533 Actor14 <= Actor89 [label="RemoveMe(G"];
534 Actor14 <= Actor96 [label="RemoveMe(G"];
535 Actor14 <= Actor92 [label="RemoveMe(G"];
536 Actor14 <= Actor49 [label="RemoveMe(G"];
537 Actor14 <= Actor91 [label="RemoveMe(G"];
538 Actor14 <= Actor68 [label="RemoveMe(G"];
539 Actor14 <= Actor50 [label="RemoveMe(G"];
540 Actor14 <= Actor74 [label="RemoveMe(G"];
541 Actor14 <= Actor77 [label="RemoveMe(G"];
542 Actor14 <= Actor3 [label="RemoveMe(G"];
543 Actor14 <= Actor31 [label="RemoveMe(G"];
544 Actor14 <= Actor23 [label="RemoveMe(G"];
545 Actor14 <= Actor60 [label="RemoveMe(G"];
546 Actor14 <= Actor61 [label="RemoveMe(G"];
547 Actor14 <= Actor44 [label="RemoveMe(G"];
548 Actor14 <= Actor48 [label="RemoveMe(G"];
549 Actor14 <= Actor56 [label="RemoveMe(G"];
550 Actor14 <= Actor95 [label="RemoveMe(G"];
551 Actor14 <= Actor80 [label="RemoveMe(G"];
552 Actor14 <= Actor30 [label="RemoveMe(G"];
1069 Actor14 <= Actor0 [label="ShutDown"];
