15 Actor15 <= Actor0 [label="Set(Master"];
123 Actor15 <= Actor58 [label="Rumor"];
124 Actor15 => Actor31 [label="Rumor"];
125 Actor15 => Actor15 [label="Remind"];
135 Actor15 <= Actor42 [label="RemoveMe(G"];
136 Actor15 <= Actor95 [label="Rumor"];
137 Actor15 => Actor1 [label="RemoveMe(G"];
138 Actor15 => Actor2 [label="RemoveMe(G"];
139 Actor15 => Actor3 [label="RemoveMe(G"];
140 Actor15 => Actor4 [label="RemoveMe(G"];
141 Actor15 => Actor5 [label="RemoveMe(G"];
142 Actor15 => Actor6 [label="RemoveMe(G"];
143 Actor15 => Actor7 [label="RemoveMe(G"];
144 Actor15 => Actor8 [label="RemoveMe(G"];
145 Actor15 => Actor9 [label="RemoveMe(G"];
146 Actor15 => Actor10 [label="RemoveMe(G"];
147 Actor15 => Actor11 [label="RemoveMe(G"];
148 Actor15 => Actor12 [label="RemoveMe(G"];
149 Actor15 => Actor13 [label="RemoveMe(G"];
150 Actor15 => Actor14 [label="RemoveMe(G"];
151 Actor15 => Actor16 [label="RemoveMe(G"];
152 Actor15 => Actor17 [label="RemoveMe(G"];
153 Actor15 => Actor18 [label="RemoveMe(G"];
154 Actor15 => Actor19 [label="RemoveMe(G"];
155 Actor15 => Actor20 [label="RemoveMe(G"];
156 Actor15 => Actor21 [label="RemoveMe(G"];
157 Actor15 => Actor22 [label="RemoveMe(G"];
158 Actor15 => Actor23 [label="RemoveMe(G"];
159 Actor15 => Actor24 [label="RemoveMe(G"];
160 Actor15 => Actor25 [label="RemoveMe(G"];
161 Actor15 => Actor26 [label="RemoveMe(G"];
162 Actor15 => Actor27 [label="RemoveMe(G"];
163 Actor15 => Actor28 [label="RemoveMe(G"];
164 Actor15 => Actor29 [label="RemoveMe(G"];
165 Actor15 => Actor30 [label="RemoveMe(G"];
166 Actor15 => Actor31 [label="RemoveMe(G"];
167 Actor15 => Actor32 [label="RemoveMe(G"];
168 Actor15 => Actor33 [label="RemoveMe(G"];
169 Actor15 => Actor34 [label="RemoveMe(G"];
170 Actor15 => Actor35 [label="RemoveMe(G"];
171 Actor15 => Actor36 [label="RemoveMe(G"];
172 Actor15 => Actor37 [label="RemoveMe(G"];
173 Actor15 => Actor38 [label="RemoveMe(G"];
174 Actor15 => Actor39 [label="RemoveMe(G"];
175 Actor15 => Actor40 [label="RemoveMe(G"];
176 Actor15 => Actor41 [label="RemoveMe(G"];
177 Actor15 => Actor43 [label="RemoveMe(G"];
178 Actor15 => Actor44 [label="RemoveMe(G"];
179 Actor15 => Actor45 [label="RemoveMe(G"];
180 Actor15 => Actor46 [label="RemoveMe(G"];
181 Actor15 => Actor47 [label="RemoveMe(G"];
182 Actor15 => Actor48 [label="RemoveMe(G"];
183 Actor15 => Actor49 [label="RemoveMe(G"];
184 Actor15 => Actor50 [label="RemoveMe(G"];
185 Actor15 => Actor51 [label="RemoveMe(G"];
186 Actor15 => Actor52 [label="RemoveMe(G"];
187 Actor15 => Actor53 [label="RemoveMe(G"];
188 Actor15 => Actor54 [label="RemoveMe(G"];
189 Actor15 => Actor55 [label="RemoveMe(G"];
190 Actor15 => Actor56 [label="RemoveMe(G"];
191 Actor15 => Actor57 [label="RemoveMe(G"];
192 Actor15 => Actor58 [label="RemoveMe(G"];
193 Actor15 => Actor59 [label="RemoveMe(G"];
194 Actor15 => Actor60 [label="RemoveMe(G"];
195 Actor15 => Actor61 [label="RemoveMe(G"];
196 Actor15 => Actor62 [label="RemoveMe(G"];
197 Actor15 => Actor63 [label="RemoveMe(G"];
198 Actor15 => Actor64 [label="RemoveMe(G"];
199 Actor15 => Actor65 [label="RemoveMe(G"];
200 Actor15 => Actor66 [label="RemoveMe(G"];
201 Actor15 => Actor67 [label="RemoveMe(G"];
202 Actor15 => Actor68 [label="RemoveMe(G"];
203 Actor15 => Actor69 [label="RemoveMe(G"];
204 Actor15 => Actor70 [label="RemoveMe(G"];
205 Actor15 => Actor71 [label="RemoveMe(G"];
206 Actor15 => Actor72 [label="RemoveMe(G"];
207 Actor15 => Actor73 [label="RemoveMe(G"];
208 Actor15 => Actor74 [label="RemoveMe(G"];
209 Actor15 => Actor75 [label="RemoveMe(G"];
210 Actor15 => Actor76 [label="RemoveMe(G"];
211 Actor15 => Actor77 [label="RemoveMe(G"];
212 Actor15 => Actor78 [label="RemoveMe(G"];
213 Actor15 => Actor79 [label="RemoveMe(G"];
214 Actor15 => Actor80 [label="RemoveMe(G"];
215 Actor15 => Actor81 [label="RemoveMe(G"];
216 Actor15 => Actor82 [label="RemoveMe(G"];
217 Actor15 => Actor83 [label="RemoveMe(G"];
218 Actor15 => Actor84 [label="RemoveMe(G"];
219 Actor15 => Actor85 [label="RemoveMe(G"];
220 Actor15 => Actor86 [label="RemoveMe(G"];
221 Actor15 => Actor87 [label="RemoveMe(G"];
222 Actor15 => Actor88 [label="RemoveMe(G"];
223 Actor15 => Actor89 [label="RemoveMe(G"];
224 Actor15 => Actor90 [label="RemoveMe(G"];
225 Actor15 => Actor91 [label="RemoveMe(G"];
226 Actor15 => Actor92 [label="RemoveMe(G"];
227 Actor15 => Actor93 [label="RemoveMe(G"];
228 Actor15 => Actor94 [label="RemoveMe(G"];
229 Actor15 => Actor95 [label="RemoveMe(G"];
230 Actor15 => Actor96 [label="RemoveMe(G"];
231 Actor15 => Actor97 [label="RemoveMe(G"];
232 Actor15 => Actor98 [label="RemoveMe(G"];
233 Actor15 => Actor99 [label="RemoveMe(G"];
234 Actor15 => Actor100 [label="RemoveMe(G"];
235 Actor15 => Actor0 [label="Finish"];
236 Actor15 <= Actor63 [label="RemoveMe(G"];
237 Actor15 <= Actor24 [label="RemoveMe(G"];
238 Actor15 <= Actor90 [label="RemoveMe(G"];
239 Actor15 <= Actor58 [label="RemoveMe(G"];
240 Actor15 <= Actor56 [label="Rumor"];
257 Actor15 <= Actor95 [label="Rumor"];
258 Actor15 <= Actor88 [label="RemoveMe(G"];
259 Actor15 <= Actor94 [label="RemoveMe(G"];
260 Actor15 <= Actor37 [label="Rumor"];
261 Actor15 <= Actor70 [label="RemoveMe(G"];
262 Actor15 <= Actor5 [label="RemoveMe(G"];
263 Actor15 <= Actor12 [label="RemoveMe(G"];
264 Actor15 <= Actor16 [label="RemoveMe(G"];
366 Actor15 <= Actor37 [label="RemoveMe(G"];
367 Actor15 <= Actor10 [label="RemoveMe(G"];
368 Actor15 <= Actor59 [label="RemoveMe(G"];
369 Actor15 <= Actor84 [label="RemoveMe(G"];
370 Actor15 <= Actor99 [label="RemoveMe(G"];
442 Actor15 <= Actor6 [label="Rumor"];
443 Actor15 <= Actor93 [label="RemoveMe(G"];
444 Actor15 <= Actor1 [label="RemoveMe(G"];
445 Actor15 <= Actor97 [label="RemoveMe(G"];
446 Actor15 <= Actor27 [label="RemoveMe(G"];
447 Actor15 <= Actor32 [label="RemoveMe(G"];
448 Actor15 <= Actor11 [label="RemoveMe(G"];
449 Actor15 <= Actor76 [label="RemoveMe(G"];
450 Actor15 <= Actor28 [label="RemoveMe(G"];
451 Actor15 <= Actor8 [label="RemoveMe(G"];
452 Actor15 <= Actor15 [label="Remind"];
453 Actor15 <= Actor72 [label="RemoveMe(G"];
454 Actor15 <= Actor57 [label="RemoveMe(G"];
455 Actor15 <= Actor7 [label="RemoveMe(G"];
456 Actor15 <= Actor98 [label="RemoveMe(G"];
457 Actor15 <= Actor41 [label="RemoveMe(G"];
458 Actor15 <= Actor38 [label="RemoveMe(G"];
459 Actor15 <= Actor81 [label="RemoveMe(G"];
460 Actor15 <= Actor36 [label="RemoveMe(G"];
461 Actor15 <= Actor13 [label="RemoveMe(G"];
462 Actor15 <= Actor21 [label="RemoveMe(G"];
463 Actor15 <= Actor35 [label="RemoveMe(G"];
464 Actor15 <= Actor79 [label="RemoveMe(G"];
465 Actor15 <= Actor55 [label="RemoveMe(G"];
466 Actor15 <= Actor53 [label="RemoveMe(G"];
467 Actor15 <= Actor34 [label="RemoveMe(G"];
468 Actor15 <= Actor69 [label="RemoveMe(G"];
469 Actor15 <= Actor46 [label="RemoveMe(G"];
470 Actor15 <= Actor75 [label="RemoveMe(G"];
471 Actor15 <= Actor2 [label="RemoveMe(G"];
472 Actor15 <= Actor51 [label="RemoveMe(G"];
473 Actor15 <= Actor25 [label="RemoveMe(G"];
474 Actor15 <= Actor18 [label="RemoveMe(G"];
475 Actor15 <= Actor39 [label="RemoveMe(G"];
476 Actor15 <= Actor62 [label="RemoveMe(G"];
477 Actor15 <= Actor45 [label="RemoveMe(G"];
478 Actor15 <= Actor47 [label="RemoveMe(G"];
479 Actor15 <= Actor67 [label="RemoveMe(G"];
480 Actor15 <= Actor65 [label="RemoveMe(G"];
481 Actor15 <= Actor71 [label="RemoveMe(G"];
482 Actor15 <= Actor73 [label="RemoveMe(G"];
483 Actor15 <= Actor64 [label="RemoveMe(G"];
484 Actor15 <= Actor66 [label="RemoveMe(G"];
485 Actor15 <= Actor82 [label="RemoveMe(G"];
486 Actor15 <= Actor100 [label="RemoveMe(G"];
487 Actor15 <= Actor14 [label="RemoveMe(G"];
488 Actor15 <= Actor52 [label="RemoveMe(G"];
489 Actor15 <= Actor78 [label="RemoveMe(G"];
490 Actor15 <= Actor54 [label="RemoveMe(G"];
491 Actor15 <= Actor86 [label="RemoveMe(G"];
492 Actor15 <= Actor87 [label="RemoveMe(G"];
493 Actor15 <= Actor89 [label="RemoveMe(G"];
494 Actor15 <= Actor96 [label="RemoveMe(G"];
495 Actor15 <= Actor49 [label="RemoveMe(G"];
496 Actor15 <= Actor91 [label="RemoveMe(G"];
497 Actor15 <= Actor68 [label="RemoveMe(G"];
498 Actor15 <= Actor50 [label="RemoveMe(G"];
499 Actor15 <= Actor74 [label="RemoveMe(G"];
500 Actor15 <= Actor3 [label="RemoveMe(G"];
501 Actor15 <= Actor31 [label="RemoveMe(G"];
502 Actor15 <= Actor23 [label="RemoveMe(G"];
503 Actor15 <= Actor60 [label="RemoveMe(G"];
504 Actor15 <= Actor61 [label="RemoveMe(G"];
505 Actor15 <= Actor44 [label="RemoveMe(G"];
506 Actor15 <= Actor48 [label="RemoveMe(G"];
507 Actor15 <= Actor56 [label="RemoveMe(G"];
508 Actor15 <= Actor95 [label="RemoveMe(G"];
1070 Actor15 <= Actor0 [label="ShutDown"];
