16 Actor16 <= Actor0 [label="Set(Master"];
116 Actor16 <= Actor53 [label="Rumor"];
117 Actor16 => Actor96 [label="Rumor"];
118 Actor16 => Actor16 [label="Remind"];
158 Actor16 <= Actor53 [label="Rumor"];
159 Actor16 => Actor1 [label="RemoveMe(G"];
160 Actor16 => Actor2 [label="RemoveMe(G"];
161 Actor16 => Actor3 [label="RemoveMe(G"];
162 Actor16 => Actor4 [label="RemoveMe(G"];
163 Actor16 => Actor5 [label="RemoveMe(G"];
164 Actor16 => Actor6 [label="RemoveMe(G"];
165 Actor16 => Actor7 [label="RemoveMe(G"];
166 Actor16 => Actor8 [label="RemoveMe(G"];
167 Actor16 => Actor9 [label="RemoveMe(G"];
168 Actor16 => Actor10 [label="RemoveMe(G"];
169 Actor16 => Actor11 [label="RemoveMe(G"];
170 Actor16 => Actor12 [label="RemoveMe(G"];
171 Actor16 => Actor13 [label="RemoveMe(G"];
172 Actor16 => Actor14 [label="RemoveMe(G"];
173 Actor16 => Actor15 [label="RemoveMe(G"];
174 Actor16 => Actor17 [label="RemoveMe(G"];
175 Actor16 => Actor18 [label="RemoveMe(G"];
176 Actor16 => Actor19 [label="RemoveMe(G"];
177 Actor16 => Actor20 [label="RemoveMe(G"];
178 Actor16 => Actor21 [label="RemoveMe(G"];
179 Actor16 => Actor22 [label="RemoveMe(G"];
180 Actor16 => Actor23 [label="RemoveMe(G"];
181 Actor16 => Actor24 [label="RemoveMe(G"];
182 Actor16 => Actor25 [label="RemoveMe(G"];
183 Actor16 => Actor26 [label="RemoveMe(G"];
184 Actor16 => Actor27 [label="RemoveMe(G"];
185 Actor16 => Actor28 [label="RemoveMe(G"];
186 Actor16 => Actor29 [label="RemoveMe(G"];
187 Actor16 => Actor30 [label="RemoveMe(G"];
188 Actor16 => Actor31 [label="RemoveMe(G"];
189 Actor16 => Actor32 [label="RemoveMe(G"];
190 Actor16 => Actor33 [label="RemoveMe(G"];
191 Actor16 => Actor34 [label="RemoveMe(G"];
192 Actor16 => Actor35 [label="RemoveMe(G"];
193 Actor16 => Actor36 [label="RemoveMe(G"];
194 Actor16 => Actor37 [label="RemoveMe(G"];
195 Actor16 => Actor38 [label="RemoveMe(G"];
196 Actor16 => Actor39 [label="RemoveMe(G"];
197 Actor16 => Actor40 [label="RemoveMe(G"];
198 Actor16 => Actor41 [label="RemoveMe(G"];
199 Actor16 => Actor42 [label="RemoveMe(G"];
200 Actor16 => Actor43 [label="RemoveMe(G"];
201 Actor16 => Actor44 [label="RemoveMe(G"];
202 Actor16 => Actor45 [label="RemoveMe(G"];
203 Actor16 => Actor46 [label="RemoveMe(G"];
204 Actor16 => Actor47 [label="RemoveMe(G"];
205 Actor16 => Actor48 [label="RemoveMe(G"];
206 Actor16 => Actor49 [label="RemoveMe(G"];
207 Actor16 => Actor50 [label="RemoveMe(G"];
208 Actor16 => Actor51 [label="RemoveMe(G"];
209 Actor16 => Actor52 [label="RemoveMe(G"];
210 Actor16 => Actor53 [label="RemoveMe(G"];
211 Actor16 => Actor54 [label="RemoveMe(G"];
212 Actor16 => Actor55 [label="RemoveMe(G"];
213 Actor16 => Actor56 [label="RemoveMe(G"];
214 Actor16 => Actor57 [label="RemoveMe(G"];
215 Actor16 => Actor58 [label="RemoveMe(G"];
216 Actor16 => Actor59 [label="RemoveMe(G"];
217 Actor16 => Actor60 [label="RemoveMe(G"];
218 Actor16 => Actor61 [label="RemoveMe(G"];
219 Actor16 => Actor62 [label="RemoveMe(G"];
220 Actor16 => Actor63 [label="RemoveMe(G"];
221 Actor16 => Actor64 [label="RemoveMe(G"];
222 Actor16 => Actor65 [label="RemoveMe(G"];
223 Actor16 => Actor66 [label="RemoveMe(G"];
224 Actor16 => Actor67 [label="RemoveMe(G"];
225 Actor16 => Actor68 [label="RemoveMe(G"];
226 Actor16 => Actor69 [label="RemoveMe(G"];
227 Actor16 => Actor70 [label="RemoveMe(G"];
228 Actor16 => Actor71 [label="RemoveMe(G"];
229 Actor16 => Actor72 [label="RemoveMe(G"];
230 Actor16 => Actor73 [label="RemoveMe(G"];
231 Actor16 => Actor74 [label="RemoveMe(G"];
232 Actor16 => Actor75 [label="RemoveMe(G"];
233 Actor16 => Actor76 [label="RemoveMe(G"];
234 Actor16 => Actor77 [label="RemoveMe(G"];
235 Actor16 => Actor78 [label="RemoveMe(G"];
236 Actor16 => Actor79 [label="RemoveMe(G"];
237 Actor16 => Actor80 [label="RemoveMe(G"];
238 Actor16 => Actor81 [label="RemoveMe(G"];
239 Actor16 => Actor82 [label="RemoveMe(G"];
240 Actor16 => Actor83 [label="RemoveMe(G"];
241 Actor16 => Actor84 [label="RemoveMe(G"];
242 Actor16 => Actor85 [label="RemoveMe(G"];
243 Actor16 => Actor86 [label="RemoveMe(G"];
244 Actor16 => Actor87 [label="RemoveMe(G"];
245 Actor16 => Actor88 [label="RemoveMe(G"];
246 Actor16 => Actor89 [label="RemoveMe(G"];
247 Actor16 => Actor90 [label="RemoveMe(G"];
248 Actor16 => Actor91 [label="RemoveMe(G"];
249 Actor16 => Actor92 [label="RemoveMe(G"];
250 Actor16 => Actor93 [label="RemoveMe(G"];
251 Actor16 => Actor94 [label="RemoveMe(G"];
252 Actor16 => Actor95 [label="RemoveMe(G"];
253 Actor16 => Actor96 [label="RemoveMe(G"];
254 Actor16 => Actor97 [label="RemoveMe(G"];
255 Actor16 => Actor98 [label="RemoveMe(G"];
256 Actor16 => Actor99 [label="RemoveMe(G"];
257 Actor16 => Actor100 [label="RemoveMe(G"];
258 Actor16 => Actor0 [label="Finish"];
259 Actor16 <= Actor42 [label="RemoveMe(G"];
260 Actor16 <= Actor63 [label="RemoveMe(G"];
261 Actor16 <= Actor24 [label="RemoveMe(G"];
262 Actor16 <= Actor90 [label="RemoveMe(G"];
263 Actor16 <= Actor58 [label="RemoveMe(G"];
264 Actor16 <= Actor88 [label="RemoveMe(G"];
265 Actor16 <= Actor94 [label="RemoveMe(G"];
266 Actor16 <= Actor70 [label="RemoveMe(G"];
267 Actor16 <= Actor5 [label="RemoveMe(G"];
268 Actor16 <= Actor16 [label="Remind"];
269 Actor16 <= Actor12 [label="RemoveMe(G"];
367 Actor16 <= Actor37 [label="RemoveMe(G"];
368 Actor16 <= Actor10 [label="RemoveMe(G"];
369 Actor16 <= Actor59 [label="RemoveMe(G"];
370 Actor16 <= Actor84 [label="RemoveMe(G"];
371 Actor16 <= Actor93 [label="RemoveMe(G"];
372 Actor16 <= Actor1 [label="RemoveMe(G"];
373 Actor16 <= Actor97 [label="RemoveMe(G"];
374 Actor16 <= Actor27 [label="RemoveMe(G"];
375 Actor16 <= Actor32 [label="RemoveMe(G"];
376 Actor16 <= Actor11 [label="RemoveMe(G"];
377 Actor16 <= Actor76 [label="RemoveMe(G"];
378 Actor16 <= Actor28 [label="RemoveMe(G"];
379 Actor16 <= Actor15 [label="RemoveMe(G"];
380 Actor16 <= Actor57 [label="RemoveMe(G"];
381 Actor16 <= Actor7 [label="RemoveMe(G"];
382 Actor16 <= Actor98 [label="RemoveMe(G"];
383 Actor16 <= Actor41 [label="RemoveMe(G"];
384 Actor16 <= Actor38 [label="RemoveMe(G"];
385 Actor16 <= Actor81 [label="RemoveMe(G"];
386 Actor16 <= Actor36 [label="RemoveMe(G"];
387 Actor16 <= Actor21 [label="RemoveMe(G"];
388 Actor16 <= Actor35 [label="RemoveMe(G"];
389 Actor16 <= Actor79 [label="RemoveMe(G"];
390 Actor16 <= Actor55 [label="RemoveMe(G"];
391 Actor16 <= Actor53 [label="RemoveMe(G"];
392 Actor16 <= Actor34 [label="RemoveMe(G"];
393 Actor16 <= Actor69 [label="RemoveMe(G"];
394 Actor16 <= Actor46 [label="RemoveMe(G"];
395 Actor16 <= Actor75 [label="RemoveMe(G"];
396 Actor16 <= Actor2 [label="RemoveMe(G"];
397 Actor16 <= Actor51 [label="RemoveMe(G"];
398 Actor16 <= Actor25 [label="RemoveMe(G"];
399 Actor16 <= Actor18 [label="RemoveMe(G"];
400 Actor16 <= Actor62 [label="RemoveMe(G"];
401 Actor16 <= Actor67 [label="RemoveMe(G"];
402 Actor16 <= Actor65 [label="RemoveMe(G"];
403 Actor16 <= Actor71 [label="RemoveMe(G"];
404 Actor16 <= Actor66 [label="RemoveMe(G"];
405 Actor16 <= Actor82 [label="RemoveMe(G"];
406 Actor16 <= Actor14 [label="RemoveMe(G"];
407 Actor16 <= Actor52 [label="RemoveMe(G"];
408 Actor16 <= Actor86 [label="RemoveMe(G"];
409 Actor16 <= Actor87 [label="RemoveMe(G"];
410 Actor16 <= Actor89 [label="RemoveMe(G"];
411 Actor16 <= Actor49 [label="RemoveMe(G"];
412 Actor16 <= Actor68 [label="RemoveMe(G"];
413 Actor16 <= Actor3 [label="RemoveMe(G"];
414 Actor16 <= Actor60 [label="RemoveMe(G"];
1071 Actor16 <= Actor0 [label="ShutDown"];
