17 Actor17 <= Actor0 [label="Set(Master"];
137 Actor17 <= Actor42 [label="RemoveMe(G"];
146 Actor17 <= Actor63 [label="RemoveMe(G"];
177 Actor17 <= Actor24 [label="RemoveMe(G"];
178 Actor17 <= Actor90 [label="RemoveMe(G"];
181 Actor17 <= Actor58 [label="RemoveMe(G"];
194 Actor17 <= Actor88 [label="RemoveMe(G"];
195 Actor17 <= Actor94 [label="RemoveMe(G"];
196 Actor17 <= Actor70 [label="RemoveMe(G"];
197 Actor17 <= Actor5 [label="RemoveMe(G"];
198 Actor17 <= Actor12 [label="RemoveMe(G"];
199 Actor17 <= Actor16 [label="RemoveMe(G"];
368 Actor17 <= Actor37 [label="RemoveMe(G"];
369 Actor17 <= Actor10 [label="RemoveMe(G"];
370 Actor17 <= Actor59 [label="RemoveMe(G"];
371 Actor17 <= Actor84 [label="RemoveMe(G"];
372 Actor17 <= Actor99 [label="RemoveMe(G"];
373 Actor17 <= Actor93 [label="RemoveMe(G"];
374 Actor17 <= Actor1 [label="RemoveMe(G"];
375 Actor17 <= Actor97 [label="RemoveMe(G"];
376 Actor17 <= Actor27 [label="RemoveMe(G"];
377 Actor17 <= Actor32 [label="RemoveMe(G"];
378 Actor17 <= Actor11 [label="RemoveMe(G"];
379 Actor17 <= Actor76 [label="RemoveMe(G"];
380 Actor17 <= Actor8 [label="RemoveMe(G"];
381 Actor17 <= Actor28 [label="RemoveMe(G"];
382 Actor17 <= Actor15 [label="RemoveMe(G"];
384 Actor17 <= Actor72 [label="RemoveMe(G"];
385 Actor17 <= Actor57 [label="RemoveMe(G"];
386 Actor17 <= Actor7 [label="RemoveMe(G"];
387 Actor17 <= Actor98 [label="RemoveMe(G"];
388 Actor17 <= Actor41 [label="RemoveMe(G"];
389 Actor17 <= Actor38 [label="RemoveMe(G"];
390 Actor17 <= Actor81 [label="RemoveMe(G"];
391 Actor17 <= Actor36 [label="RemoveMe(G"];
407 Actor17 <= Actor13 [label="RemoveMe(G"];
408 Actor17 <= Actor21 [label="RemoveMe(G"];
409 Actor17 <= Actor35 [label="RemoveMe(G"];
410 Actor17 <= Actor79 [label="RemoveMe(G"];
411 Actor17 <= Actor55 [label="RemoveMe(G"];
412 Actor17 <= Actor53 [label="RemoveMe(G"];
413 Actor17 <= Actor34 [label="RemoveMe(G"];
414 Actor17 <= Actor69 [label="RemoveMe(G"];
415 Actor17 <= Actor46 [label="RemoveMe(G"];
416 Actor17 <= Actor75 [label="RemoveMe(G"];
417 Actor17 <= Actor2 [label="RemoveMe(G"];
418 Actor17 <= Actor51 [label="RemoveMe(G"];
419 Actor17 <= Actor25 [label="RemoveMe(G"];
420 Actor17 <= Actor18 [label="RemoveMe(G"];
421 Actor17 <= Actor39 [label="RemoveMe(G"];
422 Actor17 <= Actor62 [label="RemoveMe(G"];
441 Actor17 <= Actor45 [label="RemoveMe(G"];
442 Actor17 <= Actor47 [label="RemoveMe(G"];
443 Actor17 <= Actor67 [label="RemoveMe(G"];
488 Actor17 <= Actor33 [label="RemoveMe(G"];
489 Actor17 <= Actor65 [label="RemoveMe(G"];
490 Actor17 <= Actor71 [label="RemoveMe(G"];
491 Actor17 <= Actor73 [label="RemoveMe(G"];
492 Actor17 <= Actor64 [label="RemoveMe(G"];
493 Actor17 <= Actor66 [label="RemoveMe(G"];
494 Actor17 <= Actor82 [label="RemoveMe(G"];
524 Actor17 <= Actor4 [label="RemoveMe(G"];
525 Actor17 <= Actor100 [label="RemoveMe(G"];
526 Actor17 <= Actor83 [label="RemoveMe(G"];
527 Actor17 <= Actor14 [label="RemoveMe(G"];
528 Actor17 <= Actor20 [label="RemoveMe(G"];
529 Actor17 <= Actor52 [label="RemoveMe(G"];
530 Actor17 <= Actor78 [label="RemoveMe(G"];
531 Actor17 <= Actor54 [label="RemoveMe(G"];
532 Actor17 <= Actor85 [label="RemoveMe(G"];
533 Actor17 <= Actor86 [label="RemoveMe(G"];
534 Actor17 <= Actor87 [label="RemoveMe(G"];
535 Actor17 <= Actor89 [label="RemoveMe(G"];
536 Actor17 <= Actor92 [label="RemoveMe(G"];
537 Actor17 <= Actor96 [label="RemoveMe(G"];
538 Actor17 <= Actor49 [label="RemoveMe(G"];
539 Actor17 <= Actor91 [label="RemoveMe(G"];
569 Actor17 <= Actor6 [label="Rumor"];
570 Actor17 => Actor77 [label="Rumor"];
571 Actor17 => Actor17 [label="Remind"];
692 Actor17 <= Actor6 [label="Rumor"];
693 Actor17 => Actor3 [label="RemoveMe(G"];
694 Actor17 => Actor6 [label="RemoveMe(G"];
695 Actor17 => Actor9 [label="RemoveMe(G"];
696 Actor17 => Actor19 [label="RemoveMe(G"];
697 Actor17 => Actor22 [label="RemoveMe(G"];
698 Actor17 => Actor23 [label="RemoveMe(G"];
699 Actor17 => Actor26 [label="RemoveMe(G"];
700 Actor17 => Actor29 [label="RemoveMe(G"];
701 Actor17 => Actor30 [label="RemoveMe(G"];
702 Actor17 => Actor31 [label="RemoveMe(G"];
703 Actor17 => Actor40 [label="RemoveMe(G"];
704 Actor17 => Actor43 [label="RemoveMe(G"];
705 Actor17 => Actor44 [label="RemoveMe(G"];
706 Actor17 => Actor48 [label="RemoveMe(G"];
707 Actor17 => Actor50 [label="RemoveMe(G"];
708 Actor17 => Actor56 [label="RemoveMe(G"];
709 Actor17 => Actor60 [label="RemoveMe(G"];
710 Actor17 => Actor61 [label="RemoveMe(G"];
711 Actor17 => Actor68 [label="RemoveMe(G"];
712 Actor17 => Actor74 [label="RemoveMe(G"];
713 Actor17 => Actor77 [label="RemoveMe(G"];
714 Actor17 => Actor80 [label="RemoveMe(G"];
715 Actor17 => Actor95 [label="RemoveMe(G"];
716 Actor17 => Actor0 [label="Finish"];
717 Actor17 <= Actor6 [label="Rumor"];
845 Actor17 <= Actor6 [label="Rumor"];
846 Actor17 <= Actor9 [label="RemoveMe(G"];
847 Actor17 <= Actor68 [label="RemoveMe(G"];
848 Actor17 <= Actor50 [label="RemoveMe(G"];
849 Actor17 <= Actor74 [label="RemoveMe(G"];
850 Actor17 <= Actor77 [label="RemoveMe(G"];
851 Actor17 <= Actor22 [label="Rumor"];
852 Actor17 <= Actor3 [label="RemoveMe(G"];
853 Actor17 <= Actor31 [label="RemoveMe(G"];
854 Actor17 <= Actor23 [label="RemoveMe(G"];
855 Actor17 <= Actor26 [label="RemoveMe(G"];
856 Actor17 <= Actor60 [label="RemoveMe(G"];
857 Actor17 <= Actor61 [label="RemoveMe(G"];
858 Actor17 <= Actor44 [label="RemoveMe(G"];
859 Actor17 <= Actor17 [label="Remind"];
860 Actor17 <= Actor19 [label="RemoveMe(G"];
861 Actor17 <= Actor43 [label="RemoveMe(G"];
862 Actor17 <= Actor40 [label="RemoveMe(G"];
863 Actor17 <= Actor48 [label="RemoveMe(G"];
864 Actor17 <= Actor56 [label="RemoveMe(G"];
865 Actor17 <= Actor95 [label="RemoveMe(G"];
866 Actor17 <= Actor80 [label="RemoveMe(G"];
867 Actor17 <= Actor22 [label="RemoveMe(G"];
888 Actor17 <= Actor6 [label="Rumor"];
892 Actor17 <= Actor6 [label="Rumor"];
895 Actor17 <= Actor6 [label="Rumor"];
907 Actor17 <= Actor6 [label="Rumor"];
910 Actor17 <= Actor6 [label="Rumor"];
928 Actor17 <= Actor6 [label="Rumor"];
934 Actor17 <= Actor6 [label="Rumor"];
940 Actor17 <= Actor6 [label="Rumor"];
941 Actor17 <= Actor29 [label="RemoveMe(G"];
942 Actor17 <= Actor30 [label="RemoveMe(G"];
1072 Actor17 <= Actor0 [label="ShutDown"];
