18 Actor18 <= Actor0 [label="Set(Master"];
138 Actor18 <= Actor42 [label="RemoveMe(G"];
147 Actor18 <= Actor63 [label="RemoveMe(G"];
164 Actor18 <= Actor95 [label="Rumor"];
165 Actor18 => Actor7 [label="Rumor"];
166 Actor18 => Actor18 [label="Remind"];
178 Actor18 <= Actor24 [label="RemoveMe(G"];
179 Actor18 <= Actor90 [label="RemoveMe(G"];
182 Actor18 <= Actor58 [label="RemoveMe(G"];
195 Actor18 <= Actor88 [label="RemoveMe(G"];
196 Actor18 <= Actor94 [label="RemoveMe(G"];
341 Actor18 <= Actor56 [label="Rumor"];
342 Actor18 => Actor1 [label="RemoveMe(G"];
343 Actor18 => Actor2 [label="RemoveMe(G"];
344 Actor18 => Actor3 [label="RemoveMe(G"];
345 Actor18 => Actor4 [label="RemoveMe(G"];
346 Actor18 => Actor5 [label="RemoveMe(G"];
347 Actor18 => Actor6 [label="RemoveMe(G"];
348 Actor18 => Actor7 [label="RemoveMe(G"];
349 Actor18 => Actor8 [label="RemoveMe(G"];
350 Actor18 => Actor9 [label="RemoveMe(G"];
351 Actor18 => Actor10 [label="RemoveMe(G"];
352 Actor18 => Actor11 [label="RemoveMe(G"];
353 Actor18 => Actor12 [label="RemoveMe(G"];
354 Actor18 => Actor13 [label="RemoveMe(G"];
355 Actor18 => Actor14 [label="RemoveMe(G"];
356 Actor18 => Actor15 [label="RemoveMe(G"];
357 Actor18 => Actor16 [label="RemoveMe(G"];
358 Actor18 => Actor17 [label="RemoveMe(G"];
359 Actor18 => Actor19 [label="RemoveMe(G"];
360 Actor18 => Actor20 [label="RemoveMe(G"];
361 Actor18 => Actor21 [label="RemoveMe(G"];
362 Actor18 => Actor22 [label="RemoveMe(G"];
363 Actor18 => Actor23 [label="RemoveMe(G"];
364 Actor18 => Actor25 [label="RemoveMe(G"];
365 Actor18 => Actor26 [label="RemoveMe(G"];
366 Actor18 => Actor27 [label="RemoveMe(G"];
367 Actor18 => Actor28 [label="RemoveMe(G"];
368 Actor18 => Actor29 [label="RemoveMe(G"];
369 Actor18 => Actor30 [label="RemoveMe(G"];
370 Actor18 => Actor31 [label="RemoveMe(G"];
371 Actor18 => Actor32 [label="RemoveMe(G"];
372 Actor18 => Actor33 [label="RemoveMe(G"];
373 Actor18 => Actor34 [label="RemoveMe(G"];
374 Actor18 => Actor35 [label="RemoveMe(G"];
375 Actor18 => Actor36 [label="RemoveMe(G"];
376 Actor18 => Actor37 [label="RemoveMe(G"];
377 Actor18 => Actor38 [label="RemoveMe(G"];
378 Actor18 => Actor39 [label="RemoveMe(G"];
379 Actor18 => Actor40 [label="RemoveMe(G"];
380 Actor18 => Actor41 [label="RemoveMe(G"];
381 Actor18 => Actor43 [label="RemoveMe(G"];
382 Actor18 => Actor44 [label="RemoveMe(G"];
383 Actor18 => Actor45 [label="RemoveMe(G"];
384 Actor18 => Actor46 [label="RemoveMe(G"];
385 Actor18 => Actor47 [label="RemoveMe(G"];
386 Actor18 => Actor48 [label="RemoveMe(G"];
387 Actor18 => Actor49 [label="RemoveMe(G"];
388 Actor18 => Actor50 [label="RemoveMe(G"];
389 Actor18 => Actor51 [label="RemoveMe(G"];
390 Actor18 => Actor52 [label="RemoveMe(G"];
391 Actor18 => Actor53 [label="RemoveMe(G"];
392 Actor18 => Actor54 [label="RemoveMe(G"];
393 Actor18 => Actor55 [label="RemoveMe(G"];
394 Actor18 => Actor56 [label="RemoveMe(G"];
395 Actor18 => Actor57 [label="RemoveMe(G"];
396 Actor18 => Actor59 [label="RemoveMe(G"];
397 Actor18 => Actor60 [label="RemoveMe(G"];
398 Actor18 => Actor61 [label="RemoveMe(G"];
399 Actor18 => Actor62 [label="RemoveMe(G"];
400 Actor18 => Actor64 [label="RemoveMe(G"];
401 Actor18 => Actor65 [label="RemoveMe(G"];
402 Actor18 => Actor66 [label="RemoveMe(G"];
403 Actor18 => Actor67 [label="RemoveMe(G"];
404 Actor18 => Actor68 [label="RemoveMe(G"];
405 Actor18 => Actor69 [label="RemoveMe(G"];
406 Actor18 => Actor70 [label="RemoveMe(G"];
407 Actor18 => Actor71 [label="RemoveMe(G"];
408 Actor18 => Actor72 [label="RemoveMe(G"];
409 Actor18 => Actor73 [label="RemoveMe(G"];
410 Actor18 => Actor74 [label="RemoveMe(G"];
411 Actor18 => Actor75 [label="RemoveMe(G"];
412 Actor18 => Actor76 [label="RemoveMe(G"];
413 Actor18 => Actor77 [label="RemoveMe(G"];
414 Actor18 => Actor78 [label="RemoveMe(G"];
415 Actor18 => Actor79 [label="RemoveMe(G"];
416 Actor18 => Actor80 [label="RemoveMe(G"];
417 Actor18 => Actor81 [label="RemoveMe(G"];
418 Actor18 => Actor82 [label="RemoveMe(G"];
419 Actor18 => Actor83 [label="RemoveMe(G"];
420 Actor18 => Actor84 [label="RemoveMe(G"];
421 Actor18 => Actor85 [label="RemoveMe(G"];
422 Actor18 => Actor86 [label="RemoveMe(G"];
423 Actor18 => Actor87 [label="RemoveMe(G"];
424 Actor18 => Actor89 [label="RemoveMe(G"];
425 Actor18 => Actor91 [label="RemoveMe(G"];
426 Actor18 => Actor92 [label="RemoveMe(G"];
427 Actor18 => Actor93 [label="RemoveMe(G"];
428 Actor18 => Actor95 [label="RemoveMe(G"];
429 Actor18 => Actor96 [label="RemoveMe(G"];
430 Actor18 => Actor97 [label="RemoveMe(G"];
431 Actor18 => Actor98 [label="RemoveMe(G"];
432 Actor18 => Actor99 [label="RemoveMe(G"];
433 Actor18 => Actor100 [label="RemoveMe(G"];
434 Actor18 => Actor0 [label="Finish"];
435 Actor18 <= Actor70 [label="RemoveMe(G"];
436 Actor18 <= Actor12 [label="RemoveMe(G"];
437 Actor18 <= Actor16 [label="RemoveMe(G"];
438 Actor18 <= Actor37 [label="RemoveMe(G"];
439 Actor18 <= Actor10 [label="RemoveMe(G"];
440 Actor18 <= Actor5 [label="RemoveMe(G"];
441 Actor18 <= Actor59 [label="RemoveMe(G"];
442 Actor18 <= Actor84 [label="RemoveMe(G"];
443 Actor18 <= Actor99 [label="RemoveMe(G"];
444 Actor18 <= Actor93 [label="RemoveMe(G"];
445 Actor18 <= Actor1 [label="RemoveMe(G"];
446 Actor18 <= Actor97 [label="RemoveMe(G"];
447 Actor18 <= Actor27 [label="RemoveMe(G"];
448 Actor18 <= Actor32 [label="RemoveMe(G"];
449 Actor18 <= Actor11 [label="RemoveMe(G"];
450 Actor18 <= Actor76 [label="RemoveMe(G"];
451 Actor18 <= Actor8 [label="RemoveMe(G"];
452 Actor18 <= Actor28 [label="RemoveMe(G"];
453 Actor18 <= Actor15 [label="RemoveMe(G"];
454 Actor18 <= Actor72 [label="RemoveMe(G"];
455 Actor18 <= Actor57 [label="RemoveMe(G"];
456 Actor18 <= Actor7 [label="RemoveMe(G"];
457 Actor18 <= Actor98 [label="RemoveMe(G"];
458 Actor18 <= Actor41 [label="RemoveMe(G"];
459 Actor18 <= Actor38 [label="RemoveMe(G"];
460 Actor18 <= Actor18 [label="Remind"];
461 Actor18 <= Actor81 [label="RemoveMe(G"];
462 Actor18 <= Actor36 [label="RemoveMe(G"];
463 Actor18 <= Actor13 [label="RemoveMe(G"];
464 Actor18 <= Actor21 [label="RemoveMe(G"];
465 Actor18 <= Actor35 [label="RemoveMe(G"];
466 Actor18 <= Actor79 [label="RemoveMe(G"];
467 Actor18 <= Actor55 [label="RemoveMe(G"];
468 Actor18 <= Actor53 [label="RemoveMe(G"];
469 Actor18 <= Actor34 [label="RemoveMe(G"];
498 Actor18 <= Actor29 [label="Rumor"];
499 Actor18 <= Actor69 [label="RemoveMe(G"];
500 Actor18 <= Actor22 [label="Rumor"];
501 Actor18 <= Actor46 [label="RemoveMe(G"];
502 Actor18 <= Actor75 [label="RemoveMe(G"];
503 Actor18 <= Actor2 [label="RemoveMe(G"];
504 Actor18 <= Actor51 [label="RemoveMe(G"];
505 Actor18 <= Actor25 [label="RemoveMe(G"];
506 Actor18 <= Actor39 [label="RemoveMe(G"];
507 Actor18 <= Actor62 [label="RemoveMe(G"];
508 Actor18 <= Actor45 [label="RemoveMe(G"];
509 Actor18 <= Actor47 [label="RemoveMe(G"];
510 Actor18 <= Actor67 [label="RemoveMe(G"];
511 Actor18 <= Actor65 [label="RemoveMe(G"];
512 Actor18 <= Actor71 [label="RemoveMe(G"];
513 Actor18 <= Actor73 [label="RemoveMe(G"];
514 Actor18 <= Actor64 [label="RemoveMe(G"];
515 Actor18 <= Actor66 [label="RemoveMe(G"];
516 Actor18 <= Actor82 [label="RemoveMe(G"];
517 Actor18 <= Actor100 [label="RemoveMe(G"];
518 Actor18 <= Actor14 [label="RemoveMe(G"];
519 Actor18 <= Actor20 [label="RemoveMe(G"];
520 Actor18 <= Actor52 [label="RemoveMe(G"];
521 Actor18 <= Actor78 [label="RemoveMe(G"];
522 Actor18 <= Actor54 [label="RemoveMe(G"];
523 Actor18 <= Actor86 [label="RemoveMe(G"];
524 Actor18 <= Actor87 [label="RemoveMe(G"];
525 Actor18 <= Actor89 [label="RemoveMe(G"];
526 Actor18 <= Actor92 [label="RemoveMe(G"];
527 Actor18 <= Actor96 [label="RemoveMe(G"];
528 Actor18 <= Actor49 [label="RemoveMe(G"];
529 Actor18 <= Actor91 [label="RemoveMe(G"];
530 Actor18 <= Actor68 [label="RemoveMe(G"];
531 Actor18 <= Actor50 [label="RemoveMe(G"];
532 Actor18 <= Actor74 [label="RemoveMe(G"];
533 Actor18 <= Actor3 [label="RemoveMe(G"];
534 Actor18 <= Actor31 [label="RemoveMe(G"];
535 Actor18 <= Actor23 [label="RemoveMe(G"];
536 Actor18 <= Actor60 [label="RemoveMe(G"];
537 Actor18 <= Actor61 [label="RemoveMe(G"];
538 Actor18 <= Actor44 [label="RemoveMe(G"];
539 Actor18 <= Actor48 [label="RemoveMe(G"];
540 Actor18 <= Actor56 [label="RemoveMe(G"];
541 Actor18 <= Actor95 [label="RemoveMe(G"];
542 Actor18 <= Actor30 [label="RemoveMe(G"];
1073 Actor18 <= Actor0 [label="ShutDown"];
