19 Actor19 <= Actor0 [label="Set(Master"];
139 Actor19 <= Actor42 [label="RemoveMe(G"];
148 Actor19 <= Actor63 [label="RemoveMe(G"];
179 Actor19 <= Actor24 [label="RemoveMe(G"];
180 Actor19 <= Actor90 [label="RemoveMe(G"];
183 Actor19 <= Actor58 [label="RemoveMe(G"];
196 Actor19 <= Actor88 [label="RemoveMe(G"];
197 Actor19 <= Actor94 [label="RemoveMe(G"];
198 Actor19 <= Actor70 [label="RemoveMe(G"];
199 Actor19 <= Actor12 [label="RemoveMe(G"];
200 Actor19 <= Actor16 [label="RemoveMe(G"];
370 Actor19 <= Actor37 [label="RemoveMe(G"];
371 Actor19 <= Actor10 [label="RemoveMe(G"];
372 Actor19 <= Actor5 [label="RemoveMe(G"];
373 Actor19 <= Actor59 [label="RemoveMe(G"];
374 Actor19 <= Actor84 [label="RemoveMe(G"];
375 Actor19 <= Actor99 [label="RemoveMe(G"];
376 Actor19 <= Actor93 [label="RemoveMe(G"];
377 Actor19 <= Actor1 [label="RemoveMe(G"];
378 Actor19 <= Actor97 [label="RemoveMe(G"];
379 Actor19 <= Actor27 [label="RemoveMe(G"];
380 Actor19 <= Actor32 [label="RemoveMe(G"];
381 Actor19 <= Actor11 [label="RemoveMe(G"];
382 Actor19 <= Actor76 [label="RemoveMe(G"];
383 Actor19 <= Actor8 [label="RemoveMe(G"];
384 Actor19 <= Actor28 [label="RemoveMe(G"];
385 Actor19 <= Actor15 [label="RemoveMe(G"];
386 Actor19 <= Actor72 [label="RemoveMe(G"];
387 Actor19 <= Actor57 [label="RemoveMe(G"];
388 Actor19 <= Actor7 [label="RemoveMe(G"];
389 Actor19 <= Actor98 [label="RemoveMe(G"];
390 Actor19 <= Actor41 [label="RemoveMe(G"];
391 Actor19 <= Actor38 [label="RemoveMe(G"];
392 Actor19 <= Actor81 [label="RemoveMe(G"];
393 Actor19 <= Actor36 [label="RemoveMe(G"];
409 Actor19 <= Actor13 [label="RemoveMe(G"];
410 Actor19 <= Actor21 [label="RemoveMe(G"];
411 Actor19 <= Actor35 [label="RemoveMe(G"];
412 Actor19 <= Actor55 [label="RemoveMe(G"];
413 Actor19 <= Actor79 [label="RemoveMe(G"];
414 Actor19 <= Actor53 [label="RemoveMe(G"];
415 Actor19 <= Actor34 [label="RemoveMe(G"];
416 Actor19 <= Actor69 [label="RemoveMe(G"];
417 Actor19 <= Actor75 [label="RemoveMe(G"];
418 Actor19 <= Actor46 [label="RemoveMe(G"];
419 Actor19 <= Actor2 [label="RemoveMe(G"];
420 Actor19 <= Actor51 [label="RemoveMe(G"];
421 Actor19 <= Actor25 [label="Rumor"];
422 Actor19 => Actor71 [label="Rumor"];
423 Actor19 => Actor19 [label="Remind"];
424 Actor19 <= Actor25 [label="RemoveMe(G"];
425 Actor19 <= Actor18 [label="RemoveMe(G"];
426 Actor19 <= Actor39 [label="RemoveMe(G"];
427 Actor19 <= Actor62 [label="RemoveMe(G"];
428 Actor19 <= Actor19 [label="Remind"];
429 Actor19 => Actor80 [label="Rumor"];
430 Actor19 => Actor19 [label="Remind"];
431 Actor19 <= Actor19 [label="Remind"];
432 Actor19 => Actor30 [label="Rumor"];
433 Actor19 => Actor19 [label="Remind"];
434 Actor19 <= Actor19 [label="Remind"];
435 Actor19 => Actor92 [label="Rumor"];
436 Actor19 => Actor19 [label="Remind"];
437 Actor19 <= Actor19 [label="Remind"];
438 Actor19 => Actor20 [label="Rumor"];
439 Actor19 => Actor19 [label="Remind"];
440 Actor19 <= Actor19 [label="Remind"];
441 Actor19 => Actor52 [label="Rumor"];
442 Actor19 => Actor19 [label="Remind"];
443 Actor19 <= Actor19 [label="Remind"];
444 Actor19 => Actor61 [label="Rumor"];
445 Actor19 => Actor19 [label="Remind"];
446 Actor19 <= Actor19 [label="Remind"];
447 Actor19 => Actor45 [label="Rumor"];
448 Actor19 => Actor19 [label="Remind"];
449 Actor19 <= Actor19 [label="Remind"];
450 Actor19 => Actor61 [label="Rumor"];
451 Actor19 => Actor19 [label="Remind"];
452 Actor19 <= Actor19 [label="Remind"];
453 Actor19 => Actor30 [label="Rumor"];
454 Actor19 => Actor19 [label="Remind"];
455 Actor19 <= Actor19 [label="Remind"];
456 Actor19 => Actor49 [label="Rumor"];
457 Actor19 => Actor19 [label="Remind"];
458 Actor19 <= Actor19 [label="Remind"];
459 Actor19 => Actor20 [label="Rumor"];
460 Actor19 => Actor19 [label="Remind"];
461 Actor19 <= Actor19 [label="Remind"];
462 Actor19 => Actor83 [label="Rumor"];
463 Actor19 => Actor19 [label="Remind"];
464 Actor19 <= Actor45 [label="RemoveMe(G"];
465 Actor19 <= Actor47 [label="RemoveMe(G"];
466 Actor19 <= Actor67 [label="RemoveMe(G"];
467 Actor19 <= Actor19 [label="Remind"];
468 Actor19 => Actor4 [label="Rumor"];
469 Actor19 => Actor19 [label="Remind"];
470 Actor19 <= Actor19 [label="Remind"];
471 Actor19 => Actor60 [label="Rumor"];
472 Actor19 => Actor19 [label="Remind"];
473 Actor19 <= Actor19 [label="Remind"];
474 Actor19 => Actor54 [label="Rumor"];
475 Actor19 => Actor19 [label="Remind"];
476 Actor19 <= Actor19 [label="Remind"];
477 Actor19 => Actor66 [label="Rumor"];
478 Actor19 => Actor19 [label="Remind"];
479 Actor19 <= Actor19 [label="Remind"];
480 Actor19 => Actor80 [label="Rumor"];
481 Actor19 => Actor19 [label="Remind"];
482 Actor19 <= Actor19 [label="Remind"];
483 Actor19 => Actor48 [label="Rumor"];
484 Actor19 => Actor19 [label="Remind"];
485 Actor19 <= Actor19 [label="Remind"];
486 Actor19 => Actor56 [label="Rumor"];
487 Actor19 => Actor19 [label="Remind"];
488 Actor19 <= Actor19 [label="Remind"];
489 Actor19 => Actor74 [label="Rumor"];
490 Actor19 => Actor19 [label="Remind"];
491 Actor19 <= Actor19 [label="Remind"];
492 Actor19 => Actor44 [label="Rumor"];
493 Actor19 => Actor19 [label="Remind"];
494 Actor19 <= Actor19 [label="Remind"];
495 Actor19 => Actor52 [label="Rumor"];
496 Actor19 => Actor19 [label="Remind"];
497 Actor19 <= Actor33 [label="RemoveMe(G"];
498 Actor19 <= Actor65 [label="RemoveMe(G"];
499 Actor19 <= Actor71 [label="RemoveMe(G"];
500 Actor19 <= Actor73 [label="RemoveMe(G"];
501 Actor19 <= Actor64 [label="RemoveMe(G"];
502 Actor19 <= Actor66 [label="RemoveMe(G"];
503 Actor19 <= Actor82 [label="RemoveMe(G"];
525 Actor19 <= Actor4 [label="RemoveMe(G"];
526 Actor19 <= Actor100 [label="RemoveMe(G"];
527 Actor19 <= Actor83 [label="RemoveMe(G"];
528 Actor19 <= Actor14 [label="RemoveMe(G"];
529 Actor19 <= Actor20 [label="RemoveMe(G"];
530 Actor19 <= Actor52 [label="RemoveMe(G"];
531 Actor19 <= Actor78 [label="RemoveMe(G"];
532 Actor19 <= Actor54 [label="RemoveMe(G"];
533 Actor19 <= Actor85 [label="RemoveMe(G"];
534 Actor19 <= Actor86 [label="RemoveMe(G"];
535 Actor19 <= Actor87 [label="RemoveMe(G"];
536 Actor19 <= Actor89 [label="RemoveMe(G"];
537 Actor19 <= Actor92 [label="RemoveMe(G"];
538 Actor19 <= Actor96 [label="RemoveMe(G"];
539 Actor19 <= Actor49 [label="RemoveMe(G"];
540 Actor19 <= Actor91 [label="RemoveMe(G"];
566 Actor19 <= Actor6 [label="Rumor"];
567 Actor19 => Actor3 [label="RemoveMe(G"];
568 Actor19 => Actor6 [label="RemoveMe(G"];
569 Actor19 => Actor9 [label="RemoveMe(G"];
570 Actor19 => Actor17 [label="RemoveMe(G"];
571 Actor19 => Actor22 [label="RemoveMe(G"];
572 Actor19 => Actor23 [label="RemoveMe(G"];
573 Actor19 => Actor26 [label="RemoveMe(G"];
574 Actor19 => Actor29 [label="RemoveMe(G"];
575 Actor19 => Actor30 [label="RemoveMe(G"];
576 Actor19 => Actor31 [label="RemoveMe(G"];
577 Actor19 => Actor40 [label="RemoveMe(G"];
578 Actor19 => Actor43 [label="RemoveMe(G"];
579 Actor19 => Actor44 [label="RemoveMe(G"];
580 Actor19 => Actor48 [label="RemoveMe(G"];
581 Actor19 => Actor50 [label="RemoveMe(G"];
582 Actor19 => Actor56 [label="RemoveMe(G"];
583 Actor19 => Actor60 [label="RemoveMe(G"];
584 Actor19 => Actor61 [label="RemoveMe(G"];
585 Actor19 => Actor68 [label="RemoveMe(G"];
586 Actor19 => Actor74 [label="RemoveMe(G"];
587 Actor19 => Actor77 [label="RemoveMe(G"];
588 Actor19 => Actor80 [label="RemoveMe(G"];
589 Actor19 => Actor95 [label="RemoveMe(G"];
590 Actor19 => Actor0 [label="Finish"];
599 Actor19 <= Actor6 [label="Rumor"];
695 Actor19 <= Actor6 [label="Rumor"];
707 Actor19 <= Actor6 [label="Rumor"];
758 Actor19 <= Actor6 [label="Rumor"];
759 Actor19 <= Actor9 [label="RemoveMe(G"];
760 Actor19 <= Actor68 [label="RemoveMe(G"];
761 Actor19 <= Actor50 [label="RemoveMe(G"];
762 Actor19 <= Actor74 [label="RemoveMe(G"];
763 Actor19 <= Actor77 [label="RemoveMe(G"];
764 Actor19 <= Actor3 [label="RemoveMe(G"];
765 Actor19 <= Actor31 [label="RemoveMe(G"];
766 Actor19 <= Actor23 [label="RemoveMe(G"];
767 Actor19 <= Actor26 [label="RemoveMe(G"];
768 Actor19 <= Actor60 [label="RemoveMe(G"];
769 Actor19 <= Actor61 [label="RemoveMe(G"];
770 Actor19 <= Actor19 [label="Remind"];
771 Actor19 <= Actor44 [label="RemoveMe(G"];
772 Actor19 <= Actor43 [label="RemoveMe(G"];
782 Actor19 <= Actor40 [label="RemoveMe(G"];
783 Actor19 <= Actor48 [label="RemoveMe(G"];
784 Actor19 <= Actor56 [label="RemoveMe(G"];
785 Actor19 <= Actor95 [label="RemoveMe(G"];
786 Actor19 <= Actor80 [label="RemoveMe(G"];
787 Actor19 <= Actor22 [label="RemoveMe(G"];
788 Actor19 <= Actor17 [label="RemoveMe(G"];
789 Actor19 <= Actor29 [label="RemoveMe(G"];
790 Actor19 <= Actor30 [label="RemoveMe(G"];
1074 Actor19 <= Actor0 [label="ShutDown"];
