2 Actor2 <= Actor0 [label="Set(Master"];
144 Actor2 <= Actor58 [label="Rumor"];
145 Actor2 => Actor74 [label="Rumor"];
146 Actor2 => Actor2 [label="Remind"];
147 Actor2 <= Actor42 [label="RemoveMe(G"];
148 Actor2 <= Actor63 [label="RemoveMe(G"];
149 Actor2 <= Actor5 [label="RemoveMe(G"];
150 Actor2 <= Actor94 [label="RemoveMe(G"];
162 Actor2 <= Actor24 [label="RemoveMe(G"];
163 Actor2 <= Actor90 [label="RemoveMe(G"];
166 Actor2 <= Actor58 [label="RemoveMe(G"];
179 Actor2 <= Actor88 [label="RemoveMe(G"];
260 Actor2 <= Actor95 [label="Rumor"];
261 Actor2 => Actor1 [label="RemoveMe(G"];
262 Actor2 => Actor3 [label="RemoveMe(G"];
263 Actor2 => Actor4 [label="RemoveMe(G"];
264 Actor2 => Actor6 [label="RemoveMe(G"];
265 Actor2 => Actor7 [label="RemoveMe(G"];
266 Actor2 => Actor8 [label="RemoveMe(G"];
267 Actor2 => Actor9 [label="RemoveMe(G"];
268 Actor2 => Actor10 [label="RemoveMe(G"];
269 Actor2 => Actor11 [label="RemoveMe(G"];
270 Actor2 => Actor12 [label="RemoveMe(G"];
271 Actor2 => Actor13 [label="RemoveMe(G"];
272 Actor2 => Actor14 [label="RemoveMe(G"];
273 Actor2 => Actor15 [label="RemoveMe(G"];
274 Actor2 => Actor16 [label="RemoveMe(G"];
275 Actor2 => Actor17 [label="RemoveMe(G"];
276 Actor2 => Actor18 [label="RemoveMe(G"];
277 Actor2 => Actor19 [label="RemoveMe(G"];
278 Actor2 => Actor20 [label="RemoveMe(G"];
279 Actor2 => Actor21 [label="RemoveMe(G"];
280 Actor2 => Actor22 [label="RemoveMe(G"];
281 Actor2 => Actor23 [label="RemoveMe(G"];
282 Actor2 => Actor25 [label="RemoveMe(G"];
283 Actor2 => Actor26 [label="RemoveMe(G"];
284 Actor2 => Actor27 [label="RemoveMe(G"];
285 Actor2 => Actor28 [label="RemoveMe(G"];
286 Actor2 => Actor29 [label="RemoveMe(G"];
287 Actor2 => Actor30 [label="RemoveMe(G"];
288 Actor2 => Actor31 [label="RemoveMe(G"];
289 Actor2 => Actor32 [label="RemoveMe(G"];
290 Actor2 => Actor33 [label="RemoveMe(G"];
291 Actor2 => Actor34 [label="RemoveMe(G"];
292 Actor2 => Actor35 [label="RemoveMe(G"];
293 Actor2 => Actor36 [label="RemoveMe(G"];
294 Actor2 => Actor37 [label="RemoveMe(G"];
295 Actor2 => Actor38 [label="RemoveMe(G"];
296 Actor2 => Actor39 [label="RemoveMe(G"];
297 Actor2 => Actor40 [label="RemoveMe(G"];
298 Actor2 => Actor41 [label="RemoveMe(G"];
299 Actor2 => Actor43 [label="RemoveMe(G"];
300 Actor2 => Actor44 [label="RemoveMe(G"];
301 Actor2 => Actor45 [label="RemoveMe(G"];
302 Actor2 => Actor46 [label="RemoveMe(G"];
303 Actor2 => Actor47 [label="RemoveMe(G"];
304 Actor2 => Actor48 [label="RemoveMe(G"];
305 Actor2 => Actor49 [label="RemoveMe(G"];
306 Actor2 => Actor50 [label="RemoveMe(G"];
307 Actor2 => Actor51 [label="RemoveMe(G"];
308 Actor2 => Actor52 [label="RemoveMe(G"];
309 Actor2 => Actor53 [label="RemoveMe(G"];
310 Actor2 => Actor54 [label="RemoveMe(G"];
311 Actor2 => Actor55 [label="RemoveMe(G"];
312 Actor2 => Actor56 [label="RemoveMe(G"];
313 Actor2 => Actor57 [label="RemoveMe(G"];
314 Actor2 => Actor59 [label="RemoveMe(G"];
315 Actor2 => Actor60 [label="RemoveMe(G"];
316 Actor2 => Actor61 [label="RemoveMe(G"];
317 Actor2 => Actor62 [label="RemoveMe(G"];
318 Actor2 => Actor64 [label="RemoveMe(G"];
319 Actor2 => Actor65 [label="RemoveMe(G"];
320 Actor2 => Actor66 [label="RemoveMe(G"];
321 Actor2 => Actor67 [label="RemoveMe(G"];
322 Actor2 => Actor68 [label="RemoveMe(G"];
323 Actor2 => Actor69 [label="RemoveMe(G"];
324 Actor2 => Actor70 [label="RemoveMe(G"];
325 Actor2 => Actor71 [label="RemoveMe(G"];
326 Actor2 => Actor72 [label="RemoveMe(G"];
327 Actor2 => Actor73 [label="RemoveMe(G"];
328 Actor2 => Actor74 [label="RemoveMe(G"];
329 Actor2 => Actor75 [label="RemoveMe(G"];
330 Actor2 => Actor76 [label="RemoveMe(G"];
331 Actor2 => Actor77 [label="RemoveMe(G"];
332 Actor2 => Actor78 [label="RemoveMe(G"];
333 Actor2 => Actor79 [label="RemoveMe(G"];
334 Actor2 => Actor80 [label="RemoveMe(G"];
335 Actor2 => Actor81 [label="RemoveMe(G"];
336 Actor2 => Actor82 [label="RemoveMe(G"];
337 Actor2 => Actor83 [label="RemoveMe(G"];
338 Actor2 => Actor84 [label="RemoveMe(G"];
339 Actor2 => Actor85 [label="RemoveMe(G"];
340 Actor2 => Actor86 [label="RemoveMe(G"];
341 Actor2 => Actor87 [label="RemoveMe(G"];
342 Actor2 => Actor89 [label="RemoveMe(G"];
343 Actor2 => Actor91 [label="RemoveMe(G"];
344 Actor2 => Actor92 [label="RemoveMe(G"];
345 Actor2 => Actor93 [label="RemoveMe(G"];
346 Actor2 => Actor95 [label="RemoveMe(G"];
347 Actor2 => Actor96 [label="RemoveMe(G"];
348 Actor2 => Actor97 [label="RemoveMe(G"];
349 Actor2 => Actor98 [label="RemoveMe(G"];
350 Actor2 => Actor99 [label="RemoveMe(G"];
351 Actor2 => Actor100 [label="RemoveMe(G"];
352 Actor2 => Actor0 [label="Finish"];
353 Actor2 <= Actor56 [label="Rumor"];
354 Actor2 <= Actor70 [label="RemoveMe(G"];
355 Actor2 <= Actor84 [label="RemoveMe(G"];
356 Actor2 <= Actor12 [label="RemoveMe(G"];
357 Actor2 <= Actor16 [label="RemoveMe(G"];
358 Actor2 <= Actor37 [label="RemoveMe(G"];
359 Actor2 <= Actor10 [label="RemoveMe(G"];
360 Actor2 <= Actor59 [label="RemoveMe(G"];
361 Actor2 <= Actor99 [label="RemoveMe(G"];
362 Actor2 <= Actor93 [label="RemoveMe(G"];
363 Actor2 <= Actor1 [label="RemoveMe(G"];
364 Actor2 <= Actor97 [label="RemoveMe(G"];
365 Actor2 <= Actor27 [label="RemoveMe(G"];
366 Actor2 <= Actor32 [label="RemoveMe(G"];
367 Actor2 <= Actor11 [label="RemoveMe(G"];
368 Actor2 <= Actor76 [label="RemoveMe(G"];
369 Actor2 <= Actor28 [label="RemoveMe(G"];
370 Actor2 <= Actor8 [label="RemoveMe(G"];
371 Actor2 <= Actor15 [label="RemoveMe(G"];
372 Actor2 <= Actor81 [label="RemoveMe(G"];
373 Actor2 <= Actor57 [label="RemoveMe(G"];
374 Actor2 <= Actor72 [label="RemoveMe(G"];
375 Actor2 <= Actor7 [label="RemoveMe(G"];
376 Actor2 <= Actor98 [label="RemoveMe(G"];
377 Actor2 <= Actor41 [label="RemoveMe(G"];
378 Actor2 <= Actor38 [label="RemoveMe(G"];
379 Actor2 <= Actor36 [label="RemoveMe(G"];
397 Actor2 <= Actor13 [label="RemoveMe(G"];
398 Actor2 <= Actor21 [label="RemoveMe(G"];
399 Actor2 <= Actor35 [label="RemoveMe(G"];
400 Actor2 <= Actor79 [label="RemoveMe(G"];
401 Actor2 <= Actor55 [label="RemoveMe(G"];
402 Actor2 <= Actor53 [label="RemoveMe(G"];
403 Actor2 <= Actor46 [label="RemoveMe(G"];
404 Actor2 <= Actor34 [label="RemoveMe(G"];
405 Actor2 <= Actor69 [label="RemoveMe(G"];
513 Actor2 <= Actor29 [label="Rumor"];
514 Actor2 <= Actor75 [label="RemoveMe(G"];
515 Actor2 <= Actor2 [label="Remind"];
516 Actor2 <= Actor51 [label="RemoveMe(G"];
517 Actor2 <= Actor25 [label="RemoveMe(G"];
518 Actor2 <= Actor18 [label="RemoveMe(G"];
519 Actor2 <= Actor39 [label="RemoveMe(G"];
520 Actor2 <= Actor62 [label="RemoveMe(G"];
521 Actor2 <= Actor45 [label="RemoveMe(G"];
522 Actor2 <= Actor47 [label="RemoveMe(G"];
523 Actor2 <= Actor67 [label="RemoveMe(G"];
524 Actor2 <= Actor65 [label="RemoveMe(G"];
525 Actor2 <= Actor71 [label="RemoveMe(G"];
526 Actor2 <= Actor73 [label="RemoveMe(G"];
527 Actor2 <= Actor64 [label="RemoveMe(G"];
528 Actor2 <= Actor66 [label="RemoveMe(G"];
529 Actor2 <= Actor82 [label="RemoveMe(G"];
530 Actor2 <= Actor100 [label="RemoveMe(G"];
531 Actor2 <= Actor14 [label="RemoveMe(G"];
532 Actor2 <= Actor20 [label="RemoveMe(G"];
533 Actor2 <= Actor52 [label="RemoveMe(G"];
534 Actor2 <= Actor78 [label="RemoveMe(G"];
535 Actor2 <= Actor54 [label="RemoveMe(G"];
536 Actor2 <= Actor86 [label="RemoveMe(G"];
537 Actor2 <= Actor87 [label="RemoveMe(G"];
538 Actor2 <= Actor89 [label="RemoveMe(G"];
539 Actor2 <= Actor96 [label="RemoveMe(G"];
540 Actor2 <= Actor92 [label="RemoveMe(G"];
541 Actor2 <= Actor49 [label="RemoveMe(G"];
542 Actor2 <= Actor91 [label="RemoveMe(G"];
543 Actor2 <= Actor80 [label="Rumor"];
544 Actor2 <= Actor68 [label="RemoveMe(G"];
545 Actor2 <= Actor50 [label="RemoveMe(G"];
546 Actor2 <= Actor74 [label="RemoveMe(G"];
547 Actor2 <= Actor3 [label="RemoveMe(G"];
548 Actor2 <= Actor31 [label="RemoveMe(G"];
549 Actor2 <= Actor23 [label="RemoveMe(G"];
550 Actor2 <= Actor60 [label="RemoveMe(G"];
551 Actor2 <= Actor61 [label="RemoveMe(G"];
552 Actor2 <= Actor44 [label="RemoveMe(G"];
553 Actor2 <= Actor48 [label="RemoveMe(G"];
554 Actor2 <= Actor56 [label="RemoveMe(G"];
555 Actor2 <= Actor95 [label="RemoveMe(G"];
556 Actor2 <= Actor30 [label="RemoveMe(G"];
1057 Actor2 <= Actor0 [label="ShutDown"];
