20 Actor20 <= Actor0 [label="Set(Master"];
140 Actor20 <= Actor42 [label="RemoveMe(G"];
149 Actor20 <= Actor63 [label="RemoveMe(G"];
180 Actor20 <= Actor24 [label="RemoveMe(G"];
181 Actor20 <= Actor90 [label="RemoveMe(G"];
184 Actor20 <= Actor58 [label="RemoveMe(G"];
197 Actor20 <= Actor88 [label="RemoveMe(G"];
198 Actor20 <= Actor94 [label="RemoveMe(G"];
199 Actor20 <= Actor70 [label="RemoveMe(G"];
200 Actor20 <= Actor12 [label="RemoveMe(G"];
201 Actor20 <= Actor16 [label="RemoveMe(G"];
371 Actor20 <= Actor37 [label="RemoveMe(G"];
372 Actor20 <= Actor5 [label="RemoveMe(G"];
373 Actor20 <= Actor10 [label="RemoveMe(G"];
374 Actor20 <= Actor59 [label="RemoveMe(G"];
375 Actor20 <= Actor84 [label="RemoveMe(G"];
376 Actor20 <= Actor99 [label="RemoveMe(G"];
418 Actor20 <= Actor6 [label="Rumor"];
419 Actor20 => Actor93 [label="Rumor"];
420 Actor20 => Actor20 [label="Remind"];
421 Actor20 <= Actor93 [label="RemoveMe(G"];
422 Actor20 <= Actor1 [label="RemoveMe(G"];
423 Actor20 <= Actor97 [label="RemoveMe(G"];
424 Actor20 <= Actor27 [label="RemoveMe(G"];
425 Actor20 <= Actor32 [label="RemoveMe(G"];
426 Actor20 <= Actor11 [label="RemoveMe(G"];
427 Actor20 <= Actor76 [label="RemoveMe(G"];
428 Actor20 <= Actor8 [label="RemoveMe(G"];
429 Actor20 <= Actor28 [label="RemoveMe(G"];
430 Actor20 <= Actor15 [label="RemoveMe(G"];
431 Actor20 <= Actor72 [label="RemoveMe(G"];
432 Actor20 <= Actor57 [label="RemoveMe(G"];
433 Actor20 <= Actor7 [label="RemoveMe(G"];
434 Actor20 <= Actor98 [label="RemoveMe(G"];
435 Actor20 <= Actor41 [label="RemoveMe(G"];
436 Actor20 <= Actor38 [label="RemoveMe(G"];
437 Actor20 <= Actor81 [label="RemoveMe(G"];
438 Actor20 <= Actor36 [label="RemoveMe(G"];
439 Actor20 <= Actor13 [label="RemoveMe(G"];
440 Actor20 <= Actor21 [label="RemoveMe(G"];
441 Actor20 <= Actor35 [label="RemoveMe(G"];
442 Actor20 <= Actor55 [label="RemoveMe(G"];
443 Actor20 <= Actor79 [label="RemoveMe(G"];
444 Actor20 <= Actor34 [label="Rumor"];
445 Actor20 => Actor2 [label="RemoveMe(G"];
446 Actor20 => Actor3 [label="RemoveMe(G"];
447 Actor20 => Actor4 [label="RemoveMe(G"];
448 Actor20 => Actor6 [label="RemoveMe(G"];
449 Actor20 => Actor9 [label="RemoveMe(G"];
450 Actor20 => Actor14 [label="RemoveMe(G"];
451 Actor20 => Actor17 [label="RemoveMe(G"];
452 Actor20 => Actor18 [label="RemoveMe(G"];
453 Actor20 => Actor19 [label="RemoveMe(G"];
454 Actor20 => Actor22 [label="RemoveMe(G"];
455 Actor20 => Actor23 [label="RemoveMe(G"];
456 Actor20 => Actor25 [label="RemoveMe(G"];
457 Actor20 => Actor26 [label="RemoveMe(G"];
458 Actor20 => Actor29 [label="RemoveMe(G"];
459 Actor20 => Actor30 [label="RemoveMe(G"];
460 Actor20 => Actor31 [label="RemoveMe(G"];
461 Actor20 => Actor33 [label="RemoveMe(G"];
462 Actor20 => Actor34 [label="RemoveMe(G"];
463 Actor20 => Actor39 [label="RemoveMe(G"];
464 Actor20 => Actor40 [label="RemoveMe(G"];
465 Actor20 => Actor43 [label="RemoveMe(G"];
466 Actor20 => Actor44 [label="RemoveMe(G"];
467 Actor20 => Actor45 [label="RemoveMe(G"];
468 Actor20 => Actor46 [label="RemoveMe(G"];
469 Actor20 => Actor47 [label="RemoveMe(G"];
470 Actor20 => Actor48 [label="RemoveMe(G"];
471 Actor20 => Actor49 [label="RemoveMe(G"];
472 Actor20 => Actor50 [label="RemoveMe(G"];
473 Actor20 => Actor51 [label="RemoveMe(G"];
474 Actor20 => Actor52 [label="RemoveMe(G"];
475 Actor20 => Actor53 [label="RemoveMe(G"];
476 Actor20 => Actor54 [label="RemoveMe(G"];
477 Actor20 => Actor56 [label="RemoveMe(G"];
478 Actor20 => Actor60 [label="RemoveMe(G"];
479 Actor20 => Actor61 [label="RemoveMe(G"];
480 Actor20 => Actor62 [label="RemoveMe(G"];
481 Actor20 => Actor64 [label="RemoveMe(G"];
482 Actor20 => Actor65 [label="RemoveMe(G"];
483 Actor20 => Actor66 [label="RemoveMe(G"];
484 Actor20 => Actor67 [label="RemoveMe(G"];
485 Actor20 => Actor68 [label="RemoveMe(G"];
486 Actor20 => Actor69 [label="RemoveMe(G"];
487 Actor20 => Actor71 [label="RemoveMe(G"];
488 Actor20 => Actor73 [label="RemoveMe(G"];
489 Actor20 => Actor74 [label="RemoveMe(G"];
490 Actor20 => Actor75 [label="RemoveMe(G"];
491 Actor20 => Actor77 [label="RemoveMe(G"];
492 Actor20 => Actor78 [label="RemoveMe(G"];
493 Actor20 => Actor80 [label="RemoveMe(G"];
494 Actor20 => Actor82 [label="RemoveMe(G"];
495 Actor20 => Actor83 [label="RemoveMe(G"];
496 Actor20 => Actor85 [label="RemoveMe(G"];
497 Actor20 => Actor86 [label="RemoveMe(G"];
498 Actor20 => Actor87 [label="RemoveMe(G"];
499 Actor20 => Actor89 [label="RemoveMe(G"];
500 Actor20 => Actor91 [label="RemoveMe(G"];
501 Actor20 => Actor92 [label="RemoveMe(G"];
502 Actor20 => Actor95 [label="RemoveMe(G"];
503 Actor20 => Actor96 [label="RemoveMe(G"];
504 Actor20 => Actor100 [label="RemoveMe(G"];
505 Actor20 => Actor0 [label="Finish"];
506 Actor20 <= Actor34 [label="RemoveMe(G"];
507 Actor20 <= Actor69 [label="RemoveMe(G"];
508 Actor20 <= Actor53 [label="RemoveMe(G"];
509 Actor20 <= Actor75 [label="RemoveMe(G"];
510 Actor20 <= Actor46 [label="RemoveMe(G"];
511 Actor20 <= Actor2 [label="RemoveMe(G"];
512 Actor20 <= Actor51 [label="RemoveMe(G"];
513 Actor20 <= Actor25 [label="RemoveMe(G"];
514 Actor20 <= Actor18 [label="RemoveMe(G"];
515 Actor20 <= Actor39 [label="RemoveMe(G"];
516 Actor20 <= Actor62 [label="RemoveMe(G"];
517 Actor20 <= Actor19 [label="Rumor"];
518 Actor20 <= Actor19 [label="Rumor"];
519 Actor20 <= Actor45 [label="RemoveMe(G"];
520 Actor20 <= Actor47 [label="RemoveMe(G"];
521 Actor20 <= Actor67 [label="RemoveMe(G"];
522 Actor20 <= Actor33 [label="RemoveMe(G"];
523 Actor20 <= Actor65 [label="RemoveMe(G"];
524 Actor20 <= Actor71 [label="RemoveMe(G"];
525 Actor20 <= Actor73 [label="RemoveMe(G"];
526 Actor20 <= Actor64 [label="RemoveMe(G"];
527 Actor20 <= Actor66 [label="RemoveMe(G"];
528 Actor20 <= Actor20 [label="Remind"];
529 Actor20 <= Actor82 [label="RemoveMe(G"];
530 Actor20 <= Actor4 [label="RemoveMe(G"];
531 Actor20 <= Actor100 [label="RemoveMe(G"];
532 Actor20 <= Actor83 [label="RemoveMe(G"];
533 Actor20 <= Actor14 [label="RemoveMe(G"];
534 Actor20 <= Actor52 [label="RemoveMe(G"];
535 Actor20 <= Actor78 [label="RemoveMe(G"];
536 Actor20 <= Actor54 [label="RemoveMe(G"];
537 Actor20 <= Actor85 [label="RemoveMe(G"];
538 Actor20 <= Actor86 [label="RemoveMe(G"];
539 Actor20 <= Actor87 [label="RemoveMe(G"];
540 Actor20 <= Actor89 [label="RemoveMe(G"];
541 Actor20 <= Actor92 [label="RemoveMe(G"];
542 Actor20 <= Actor96 [label="RemoveMe(G"];
543 Actor20 <= Actor49 [label="RemoveMe(G"];
544 Actor20 <= Actor91 [label="RemoveMe(G"];
545 Actor20 <= Actor68 [label="RemoveMe(G"];
546 Actor20 <= Actor50 [label="RemoveMe(G"];
547 Actor20 <= Actor74 [label="RemoveMe(G"];
548 Actor20 <= Actor77 [label="RemoveMe(G"];
549 Actor20 <= Actor3 [label="RemoveMe(G"];
550 Actor20 <= Actor31 [label="RemoveMe(G"];
551 Actor20 <= Actor23 [label="RemoveMe(G"];
552 Actor20 <= Actor60 [label="RemoveMe(G"];
553 Actor20 <= Actor61 [label="RemoveMe(G"];
554 Actor20 <= Actor44 [label="RemoveMe(G"];
555 Actor20 <= Actor48 [label="RemoveMe(G"];
556 Actor20 <= Actor56 [label="RemoveMe(G"];
557 Actor20 <= Actor95 [label="RemoveMe(G"];
558 Actor20 <= Actor80 [label="RemoveMe(G"];
559 Actor20 <= Actor30 [label="RemoveMe(G"];
1075 Actor20 <= Actor0 [label="ShutDown"];
