21 Actor21 <= Actor0 [label="Set(Master"];
141 Actor21 <= Actor42 [label="RemoveMe(G"];
150 Actor21 <= Actor63 [label="RemoveMe(G"];
181 Actor21 <= Actor24 [label="RemoveMe(G"];
182 Actor21 <= Actor90 [label="RemoveMe(G"];
185 Actor21 <= Actor58 [label="RemoveMe(G"];
198 Actor21 <= Actor88 [label="RemoveMe(G"];
290 Actor21 <= Actor95 [label="Rumor"];
291 Actor21 => Actor64 [label="Rumor"];
292 Actor21 => Actor21 [label="Remind"];
293 Actor21 <= Actor94 [label="RemoveMe(G"];
294 Actor21 <= Actor37 [label="Rumor"];
295 Actor21 => Actor1 [label="RemoveMe(G"];
296 Actor21 => Actor2 [label="RemoveMe(G"];
297 Actor21 => Actor3 [label="RemoveMe(G"];
298 Actor21 => Actor4 [label="RemoveMe(G"];
299 Actor21 => Actor5 [label="RemoveMe(G"];
300 Actor21 => Actor6 [label="RemoveMe(G"];
301 Actor21 => Actor7 [label="RemoveMe(G"];
302 Actor21 => Actor8 [label="RemoveMe(G"];
303 Actor21 => Actor9 [label="RemoveMe(G"];
304 Actor21 => Actor10 [label="RemoveMe(G"];
305 Actor21 => Actor11 [label="RemoveMe(G"];
306 Actor21 => Actor12 [label="RemoveMe(G"];
307 Actor21 => Actor13 [label="RemoveMe(G"];
308 Actor21 => Actor14 [label="RemoveMe(G"];
309 Actor21 => Actor15 [label="RemoveMe(G"];
310 Actor21 => Actor16 [label="RemoveMe(G"];
311 Actor21 => Actor17 [label="RemoveMe(G"];
312 Actor21 => Actor18 [label="RemoveMe(G"];
313 Actor21 => Actor19 [label="RemoveMe(G"];
314 Actor21 => Actor20 [label="RemoveMe(G"];
315 Actor21 => Actor22 [label="RemoveMe(G"];
316 Actor21 => Actor23 [label="RemoveMe(G"];
317 Actor21 => Actor25 [label="RemoveMe(G"];
318 Actor21 => Actor26 [label="RemoveMe(G"];
319 Actor21 => Actor27 [label="RemoveMe(G"];
320 Actor21 => Actor28 [label="RemoveMe(G"];
321 Actor21 => Actor29 [label="RemoveMe(G"];
322 Actor21 => Actor30 [label="RemoveMe(G"];
323 Actor21 => Actor31 [label="RemoveMe(G"];
324 Actor21 => Actor32 [label="RemoveMe(G"];
325 Actor21 => Actor33 [label="RemoveMe(G"];
326 Actor21 => Actor34 [label="RemoveMe(G"];
327 Actor21 => Actor35 [label="RemoveMe(G"];
328 Actor21 => Actor36 [label="RemoveMe(G"];
329 Actor21 => Actor37 [label="RemoveMe(G"];
330 Actor21 => Actor38 [label="RemoveMe(G"];
331 Actor21 => Actor39 [label="RemoveMe(G"];
332 Actor21 => Actor40 [label="RemoveMe(G"];
333 Actor21 => Actor41 [label="RemoveMe(G"];
334 Actor21 => Actor43 [label="RemoveMe(G"];
335 Actor21 => Actor44 [label="RemoveMe(G"];
336 Actor21 => Actor45 [label="RemoveMe(G"];
337 Actor21 => Actor46 [label="RemoveMe(G"];
338 Actor21 => Actor47 [label="RemoveMe(G"];
339 Actor21 => Actor48 [label="RemoveMe(G"];
340 Actor21 => Actor49 [label="RemoveMe(G"];
341 Actor21 => Actor50 [label="RemoveMe(G"];
342 Actor21 => Actor51 [label="RemoveMe(G"];
343 Actor21 => Actor52 [label="RemoveMe(G"];
344 Actor21 => Actor53 [label="RemoveMe(G"];
345 Actor21 => Actor54 [label="RemoveMe(G"];
346 Actor21 => Actor55 [label="RemoveMe(G"];
347 Actor21 => Actor56 [label="RemoveMe(G"];
348 Actor21 => Actor57 [label="RemoveMe(G"];
349 Actor21 => Actor59 [label="RemoveMe(G"];
350 Actor21 => Actor60 [label="RemoveMe(G"];
351 Actor21 => Actor61 [label="RemoveMe(G"];
352 Actor21 => Actor62 [label="RemoveMe(G"];
353 Actor21 => Actor64 [label="RemoveMe(G"];
354 Actor21 => Actor65 [label="RemoveMe(G"];
355 Actor21 => Actor66 [label="RemoveMe(G"];
356 Actor21 => Actor67 [label="RemoveMe(G"];
357 Actor21 => Actor68 [label="RemoveMe(G"];
358 Actor21 => Actor69 [label="RemoveMe(G"];
359 Actor21 => Actor70 [label="RemoveMe(G"];
360 Actor21 => Actor71 [label="RemoveMe(G"];
361 Actor21 => Actor72 [label="RemoveMe(G"];
362 Actor21 => Actor73 [label="RemoveMe(G"];
363 Actor21 => Actor74 [label="RemoveMe(G"];
364 Actor21 => Actor75 [label="RemoveMe(G"];
365 Actor21 => Actor76 [label="RemoveMe(G"];
366 Actor21 => Actor77 [label="RemoveMe(G"];
367 Actor21 => Actor78 [label="RemoveMe(G"];
368 Actor21 => Actor79 [label="RemoveMe(G"];
369 Actor21 => Actor80 [label="RemoveMe(G"];
370 Actor21 => Actor81 [label="RemoveMe(G"];
371 Actor21 => Actor82 [label="RemoveMe(G"];
372 Actor21 => Actor83 [label="RemoveMe(G"];
373 Actor21 => Actor84 [label="RemoveMe(G"];
374 Actor21 => Actor85 [label="RemoveMe(G"];
375 Actor21 => Actor86 [label="RemoveMe(G"];
376 Actor21 => Actor87 [label="RemoveMe(G"];
377 Actor21 => Actor89 [label="RemoveMe(G"];
378 Actor21 => Actor91 [label="RemoveMe(G"];
379 Actor21 => Actor92 [label="RemoveMe(G"];
380 Actor21 => Actor93 [label="RemoveMe(G"];
381 Actor21 => Actor95 [label="RemoveMe(G"];
382 Actor21 => Actor96 [label="RemoveMe(G"];
383 Actor21 => Actor97 [label="RemoveMe(G"];
384 Actor21 => Actor98 [label="RemoveMe(G"];
385 Actor21 => Actor99 [label="RemoveMe(G"];
386 Actor21 => Actor100 [label="RemoveMe(G"];
387 Actor21 => Actor0 [label="Finish"];
388 Actor21 <= Actor70 [label="Rumor"];
389 Actor21 <= Actor70 [label="RemoveMe(G"];
390 Actor21 <= Actor12 [label="RemoveMe(G"];
391 Actor21 <= Actor16 [label="RemoveMe(G"];
392 Actor21 <= Actor37 [label="RemoveMe(G"];
393 Actor21 <= Actor5 [label="RemoveMe(G"];
394 Actor21 <= Actor10 [label="RemoveMe(G"];
395 Actor21 <= Actor59 [label="RemoveMe(G"];
396 Actor21 <= Actor84 [label="RemoveMe(G"];
397 Actor21 <= Actor99 [label="RemoveMe(G"];
398 Actor21 <= Actor93 [label="RemoveMe(G"];
399 Actor21 <= Actor1 [label="RemoveMe(G"];
400 Actor21 <= Actor97 [label="RemoveMe(G"];
401 Actor21 <= Actor27 [label="RemoveMe(G"];
402 Actor21 <= Actor11 [label="RemoveMe(G"];
403 Actor21 <= Actor76 [label="RemoveMe(G"];
404 Actor21 <= Actor32 [label="RemoveMe(G"];
405 Actor21 <= Actor8 [label="RemoveMe(G"];
406 Actor21 <= Actor28 [label="RemoveMe(G"];
407 Actor21 <= Actor15 [label="RemoveMe(G"];
408 Actor21 <= Actor72 [label="RemoveMe(G"];
409 Actor21 <= Actor57 [label="RemoveMe(G"];
410 Actor21 <= Actor7 [label="RemoveMe(G"];
411 Actor21 <= Actor98 [label="RemoveMe(G"];
412 Actor21 <= Actor41 [label="RemoveMe(G"];
413 Actor21 <= Actor38 [label="RemoveMe(G"];
414 Actor21 <= Actor81 [label="RemoveMe(G"];
415 Actor21 <= Actor36 [label="RemoveMe(G"];
416 Actor21 <= Actor13 [label="RemoveMe(G"];
417 Actor21 <= Actor21 [label="Remind"];
418 Actor21 <= Actor35 [label="Rumor"];
419 Actor21 <= Actor35 [label="RemoveMe(G"];
420 Actor21 <= Actor55 [label="RemoveMe(G"];
421 Actor21 <= Actor79 [label="RemoveMe(G"];
422 Actor21 <= Actor34 [label="RemoveMe(G"];
423 Actor21 <= Actor69 [label="RemoveMe(G"];
424 Actor21 <= Actor53 [label="RemoveMe(G"];
425 Actor21 <= Actor75 [label="RemoveMe(G"];
426 Actor21 <= Actor46 [label="RemoveMe(G"];
427 Actor21 <= Actor2 [label="RemoveMe(G"];
428 Actor21 <= Actor51 [label="RemoveMe(G"];
429 Actor21 <= Actor25 [label="RemoveMe(G"];
430 Actor21 <= Actor18 [label="RemoveMe(G"];
431 Actor21 <= Actor39 [label="RemoveMe(G"];
432 Actor21 <= Actor62 [label="RemoveMe(G"];
445 Actor21 <= Actor45 [label="RemoveMe(G"];
446 Actor21 <= Actor47 [label="RemoveMe(G"];
447 Actor21 <= Actor67 [label="RemoveMe(G"];
448 Actor21 <= Actor65 [label="RemoveMe(G"];
449 Actor21 <= Actor71 [label="RemoveMe(G"];
450 Actor21 <= Actor73 [label="RemoveMe(G"];
451 Actor21 <= Actor64 [label="RemoveMe(G"];
452 Actor21 <= Actor66 [label="RemoveMe(G"];
453 Actor21 <= Actor82 [label="RemoveMe(G"];
454 Actor21 <= Actor100 [label="RemoveMe(G"];
455 Actor21 <= Actor14 [label="RemoveMe(G"];
456 Actor21 <= Actor52 [label="RemoveMe(G"];
457 Actor21 <= Actor78 [label="RemoveMe(G"];
458 Actor21 <= Actor54 [label="RemoveMe(G"];
459 Actor21 <= Actor86 [label="RemoveMe(G"];
460 Actor21 <= Actor87 [label="RemoveMe(G"];
461 Actor21 <= Actor89 [label="RemoveMe(G"];
462 Actor21 <= Actor96 [label="RemoveMe(G"];
463 Actor21 <= Actor49 [label="RemoveMe(G"];
464 Actor21 <= Actor91 [label="RemoveMe(G"];
465 Actor21 <= Actor68 [label="RemoveMe(G"];
466 Actor21 <= Actor50 [label="RemoveMe(G"];
467 Actor21 <= Actor74 [label="RemoveMe(G"];
468 Actor21 <= Actor3 [label="RemoveMe(G"];
469 Actor21 <= Actor31 [label="RemoveMe(G"];
470 Actor21 <= Actor23 [label="RemoveMe(G"];
471 Actor21 <= Actor60 [label="RemoveMe(G"];
472 Actor21 <= Actor61 [label="RemoveMe(G"];
473 Actor21 <= Actor44 [label="RemoveMe(G"];
474 Actor21 <= Actor48 [label="RemoveMe(G"];
475 Actor21 <= Actor56 [label="RemoveMe(G"];
1076 Actor21 <= Actor0 [label="ShutDown"];
