22 Actor22 <= Actor0 [label="Set(Master"];
142 Actor22 <= Actor42 [label="RemoveMe(G"];
151 Actor22 <= Actor63 [label="RemoveMe(G"];
182 Actor22 <= Actor24 [label="RemoveMe(G"];
183 Actor22 <= Actor90 [label="RemoveMe(G"];
186 Actor22 <= Actor58 [label="RemoveMe(G"];
234 Actor22 <= Actor56 [label="Rumor"];
235 Actor22 => Actor18 [label="Rumor"];
236 Actor22 => Actor22 [label="Remind"];
237 Actor22 <= Actor88 [label="RemoveMe(G"];
238 Actor22 <= Actor94 [label="RemoveMe(G"];
239 Actor22 <= Actor70 [label="RemoveMe(G"];
240 Actor22 <= Actor12 [label="RemoveMe(G"];
241 Actor22 <= Actor16 [label="RemoveMe(G"];
373 Actor22 <= Actor37 [label="RemoveMe(G"];
374 Actor22 <= Actor5 [label="RemoveMe(G"];
375 Actor22 <= Actor10 [label="RemoveMe(G"];
376 Actor22 <= Actor59 [label="RemoveMe(G"];
377 Actor22 <= Actor99 [label="RemoveMe(G"];
378 Actor22 <= Actor84 [label="RemoveMe(G"];
379 Actor22 <= Actor93 [label="RemoveMe(G"];
380 Actor22 <= Actor1 [label="RemoveMe(G"];
381 Actor22 <= Actor97 [label="RemoveMe(G"];
382 Actor22 <= Actor27 [label="RemoveMe(G"];
383 Actor22 <= Actor11 [label="RemoveMe(G"];
384 Actor22 <= Actor76 [label="RemoveMe(G"];
385 Actor22 <= Actor32 [label="RemoveMe(G"];
386 Actor22 <= Actor8 [label="RemoveMe(G"];
387 Actor22 <= Actor28 [label="RemoveMe(G"];
388 Actor22 <= Actor15 [label="RemoveMe(G"];
389 Actor22 <= Actor72 [label="RemoveMe(G"];
390 Actor22 <= Actor57 [label="RemoveMe(G"];
391 Actor22 <= Actor7 [label="RemoveMe(G"];
392 Actor22 <= Actor98 [label="RemoveMe(G"];
393 Actor22 <= Actor41 [label="RemoveMe(G"];
394 Actor22 <= Actor38 [label="RemoveMe(G"];
395 Actor22 <= Actor81 [label="RemoveMe(G"];
396 Actor22 <= Actor36 [label="RemoveMe(G"];
412 Actor22 <= Actor13 [label="RemoveMe(G"];
413 Actor22 <= Actor21 [label="RemoveMe(G"];
414 Actor22 <= Actor35 [label="RemoveMe(G"];
415 Actor22 <= Actor55 [label="RemoveMe(G"];
416 Actor22 <= Actor79 [label="RemoveMe(G"];
417 Actor22 <= Actor34 [label="RemoveMe(G"];
418 Actor22 <= Actor69 [label="RemoveMe(G"];
419 Actor22 <= Actor22 [label="Remind"];
420 Actor22 => Actor17 [label="Rumor"];
421 Actor22 => Actor22 [label="Remind"];
422 Actor22 <= Actor53 [label="RemoveMe(G"];
423 Actor22 <= Actor75 [label="RemoveMe(G"];
424 Actor22 <= Actor46 [label="RemoveMe(G"];
425 Actor22 <= Actor2 [label="RemoveMe(G"];
426 Actor22 <= Actor51 [label="RemoveMe(G"];
427 Actor22 <= Actor25 [label="RemoveMe(G"];
428 Actor22 <= Actor18 [label="RemoveMe(G"];
429 Actor22 <= Actor39 [label="RemoveMe(G"];
430 Actor22 <= Actor62 [label="RemoveMe(G"];
446 Actor22 <= Actor45 [label="RemoveMe(G"];
447 Actor22 <= Actor47 [label="RemoveMe(G"];
448 Actor22 <= Actor67 [label="RemoveMe(G"];
491 Actor22 <= Actor33 [label="RemoveMe(G"];
492 Actor22 <= Actor65 [label="RemoveMe(G"];
493 Actor22 <= Actor71 [label="RemoveMe(G"];
494 Actor22 <= Actor73 [label="RemoveMe(G"];
495 Actor22 <= Actor64 [label="RemoveMe(G"];
496 Actor22 <= Actor66 [label="RemoveMe(G"];
497 Actor22 <= Actor82 [label="RemoveMe(G"];
527 Actor22 <= Actor4 [label="RemoveMe(G"];
528 Actor22 <= Actor100 [label="RemoveMe(G"];
529 Actor22 <= Actor83 [label="RemoveMe(G"];
530 Actor22 <= Actor14 [label="RemoveMe(G"];
531 Actor22 <= Actor20 [label="RemoveMe(G"];
532 Actor22 <= Actor52 [label="RemoveMe(G"];
533 Actor22 <= Actor78 [label="RemoveMe(G"];
534 Actor22 <= Actor54 [label="RemoveMe(G"];
535 Actor22 <= Actor85 [label="RemoveMe(G"];
536 Actor22 <= Actor86 [label="RemoveMe(G"];
537 Actor22 <= Actor87 [label="RemoveMe(G"];
538 Actor22 <= Actor89 [label="RemoveMe(G"];
539 Actor22 <= Actor92 [label="RemoveMe(G"];
540 Actor22 <= Actor96 [label="RemoveMe(G"];
541 Actor22 <= Actor49 [label="RemoveMe(G"];
542 Actor22 <= Actor91 [label="RemoveMe(G"];
590 Actor22 <= Actor6 [label="Rumor"];
591 Actor22 => Actor3 [label="RemoveMe(G"];
592 Actor22 => Actor6 [label="RemoveMe(G"];
593 Actor22 => Actor9 [label="RemoveMe(G"];
594 Actor22 => Actor17 [label="RemoveMe(G"];
595 Actor22 => Actor19 [label="RemoveMe(G"];
596 Actor22 => Actor23 [label="RemoveMe(G"];
597 Actor22 => Actor26 [label="RemoveMe(G"];
598 Actor22 => Actor29 [label="RemoveMe(G"];
599 Actor22 => Actor30 [label="RemoveMe(G"];
600 Actor22 => Actor31 [label="RemoveMe(G"];
601 Actor22 => Actor40 [label="RemoveMe(G"];
602 Actor22 => Actor43 [label="RemoveMe(G"];
603 Actor22 => Actor44 [label="RemoveMe(G"];
604 Actor22 => Actor48 [label="RemoveMe(G"];
605 Actor22 => Actor50 [label="RemoveMe(G"];
606 Actor22 => Actor56 [label="RemoveMe(G"];
607 Actor22 => Actor60 [label="RemoveMe(G"];
608 Actor22 => Actor61 [label="RemoveMe(G"];
609 Actor22 => Actor68 [label="RemoveMe(G"];
610 Actor22 => Actor74 [label="RemoveMe(G"];
611 Actor22 => Actor77 [label="RemoveMe(G"];
612 Actor22 => Actor80 [label="RemoveMe(G"];
613 Actor22 => Actor95 [label="RemoveMe(G"];
614 Actor22 => Actor0 [label="Finish"];
626 Actor22 <= Actor6 [label="Rumor"];
635 Actor22 <= Actor6 [label="Rumor"];
653 Actor22 <= Actor6 [label="Rumor"];
797 Actor22 <= Actor6 [label="Rumor"];
800 Actor22 <= Actor6 [label="Rumor"];
806 Actor22 <= Actor6 [label="Rumor"];
807 Actor22 <= Actor9 [label="RemoveMe(G"];
808 Actor22 <= Actor68 [label="RemoveMe(G"];
809 Actor22 <= Actor50 [label="RemoveMe(G"];
810 Actor22 <= Actor74 [label="RemoveMe(G"];
811 Actor22 <= Actor77 [label="RemoveMe(G"];
812 Actor22 <= Actor22 [label="Remind"];
813 Actor22 <= Actor3 [label="RemoveMe(G"];
814 Actor22 <= Actor31 [label="RemoveMe(G"];
815 Actor22 <= Actor23 [label="RemoveMe(G"];
816 Actor22 <= Actor26 [label="RemoveMe(G"];
872 Actor22 <= Actor6 [label="Rumor"];
873 Actor22 <= Actor60 [label="RemoveMe(G"];
874 Actor22 <= Actor61 [label="RemoveMe(G"];
875 Actor22 <= Actor44 [label="RemoveMe(G"];
876 Actor22 <= Actor19 [label="RemoveMe(G"];
877 Actor22 <= Actor43 [label="RemoveMe(G"];
878 Actor22 <= Actor40 [label="RemoveMe(G"];
879 Actor22 <= Actor48 [label="RemoveMe(G"];
880 Actor22 <= Actor56 [label="RemoveMe(G"];
881 Actor22 <= Actor95 [label="RemoveMe(G"];
882 Actor22 <= Actor80 [label="RemoveMe(G"];
883 Actor22 <= Actor17 [label="RemoveMe(G"];
884 Actor22 <= Actor29 [label="RemoveMe(G"];
885 Actor22 <= Actor30 [label="RemoveMe(G"];
1077 Actor22 <= Actor0 [label="ShutDown"];
