23 Actor23 <= Actor0 [label="Set(Master"];
143 Actor23 <= Actor42 [label="RemoveMe(G"];
152 Actor23 <= Actor63 [label="RemoveMe(G"];
183 Actor23 <= Actor24 [label="RemoveMe(G"];
184 Actor23 <= Actor90 [label="RemoveMe(G"];
187 Actor23 <= Actor58 [label="RemoveMe(G"];
257 Actor23 <= Actor56 [label="Rumor"];
258 Actor23 => Actor39 [label="Rumor"];
259 Actor23 => Actor23 [label="Remind"];
260 Actor23 <= Actor88 [label="RemoveMe(G"];
261 Actor23 <= Actor94 [label="RemoveMe(G"];
262 Actor23 <= Actor70 [label="RemoveMe(G"];
263 Actor23 <= Actor12 [label="RemoveMe(G"];
264 Actor23 <= Actor16 [label="RemoveMe(G"];
374 Actor23 <= Actor37 [label="RemoveMe(G"];
375 Actor23 <= Actor5 [label="RemoveMe(G"];
376 Actor23 <= Actor10 [label="RemoveMe(G"];
377 Actor23 <= Actor59 [label="RemoveMe(G"];
378 Actor23 <= Actor99 [label="RemoveMe(G"];
379 Actor23 <= Actor84 [label="RemoveMe(G"];
380 Actor23 <= Actor6 [label="Rumor"];
381 Actor23 => Actor1 [label="RemoveMe(G"];
382 Actor23 => Actor2 [label="RemoveMe(G"];
383 Actor23 => Actor3 [label="RemoveMe(G"];
384 Actor23 => Actor4 [label="RemoveMe(G"];
385 Actor23 => Actor6 [label="RemoveMe(G"];
386 Actor23 => Actor7 [label="RemoveMe(G"];
387 Actor23 => Actor8 [label="RemoveMe(G"];
388 Actor23 => Actor9 [label="RemoveMe(G"];
389 Actor23 => Actor11 [label="RemoveMe(G"];
390 Actor23 => Actor13 [label="RemoveMe(G"];
391 Actor23 => Actor14 [label="RemoveMe(G"];
392 Actor23 => Actor15 [label="RemoveMe(G"];
393 Actor23 => Actor17 [label="RemoveMe(G"];
394 Actor23 => Actor18 [label="RemoveMe(G"];
395 Actor23 => Actor19 [label="RemoveMe(G"];
396 Actor23 => Actor20 [label="RemoveMe(G"];
397 Actor23 => Actor21 [label="RemoveMe(G"];
398 Actor23 => Actor22 [label="RemoveMe(G"];
399 Actor23 => Actor25 [label="RemoveMe(G"];
400 Actor23 => Actor26 [label="RemoveMe(G"];
401 Actor23 => Actor27 [label="RemoveMe(G"];
402 Actor23 => Actor28 [label="RemoveMe(G"];
403 Actor23 => Actor29 [label="RemoveMe(G"];
404 Actor23 => Actor30 [label="RemoveMe(G"];
405 Actor23 => Actor31 [label="RemoveMe(G"];
406 Actor23 => Actor32 [label="RemoveMe(G"];
407 Actor23 => Actor33 [label="RemoveMe(G"];
408 Actor23 => Actor34 [label="RemoveMe(G"];
409 Actor23 => Actor35 [label="RemoveMe(G"];
410 Actor23 => Actor36 [label="RemoveMe(G"];
411 Actor23 => Actor38 [label="RemoveMe(G"];
412 Actor23 => Actor39 [label="RemoveMe(G"];
413 Actor23 => Actor40 [label="RemoveMe(G"];
414 Actor23 => Actor41 [label="RemoveMe(G"];
415 Actor23 => Actor43 [label="RemoveMe(G"];
416 Actor23 => Actor44 [label="RemoveMe(G"];
417 Actor23 => Actor45 [label="RemoveMe(G"];
418 Actor23 => Actor46 [label="RemoveMe(G"];
419 Actor23 => Actor47 [label="RemoveMe(G"];
420 Actor23 => Actor48 [label="RemoveMe(G"];
421 Actor23 => Actor49 [label="RemoveMe(G"];
422 Actor23 => Actor50 [label="RemoveMe(G"];
423 Actor23 => Actor51 [label="RemoveMe(G"];
424 Actor23 => Actor52 [label="RemoveMe(G"];
425 Actor23 => Actor53 [label="RemoveMe(G"];
426 Actor23 => Actor54 [label="RemoveMe(G"];
427 Actor23 => Actor55 [label="RemoveMe(G"];
428 Actor23 => Actor56 [label="RemoveMe(G"];
429 Actor23 => Actor57 [label="RemoveMe(G"];
430 Actor23 => Actor60 [label="RemoveMe(G"];
431 Actor23 => Actor61 [label="RemoveMe(G"];
432 Actor23 => Actor62 [label="RemoveMe(G"];
433 Actor23 => Actor64 [label="RemoveMe(G"];
434 Actor23 => Actor65 [label="RemoveMe(G"];
435 Actor23 => Actor66 [label="RemoveMe(G"];
436 Actor23 => Actor67 [label="RemoveMe(G"];
437 Actor23 => Actor68 [label="RemoveMe(G"];
438 Actor23 => Actor69 [label="RemoveMe(G"];
439 Actor23 => Actor71 [label="RemoveMe(G"];
440 Actor23 => Actor72 [label="RemoveMe(G"];
441 Actor23 => Actor73 [label="RemoveMe(G"];
442 Actor23 => Actor74 [label="RemoveMe(G"];
443 Actor23 => Actor75 [label="RemoveMe(G"];
444 Actor23 => Actor76 [label="RemoveMe(G"];
445 Actor23 => Actor77 [label="RemoveMe(G"];
446 Actor23 => Actor78 [label="RemoveMe(G"];
447 Actor23 => Actor79 [label="RemoveMe(G"];
448 Actor23 => Actor80 [label="RemoveMe(G"];
449 Actor23 => Actor81 [label="RemoveMe(G"];
450 Actor23 => Actor82 [label="RemoveMe(G"];
451 Actor23 => Actor83 [label="RemoveMe(G"];
452 Actor23 => Actor85 [label="RemoveMe(G"];
453 Actor23 => Actor86 [label="RemoveMe(G"];
454 Actor23 => Actor87 [label="RemoveMe(G"];
455 Actor23 => Actor89 [label="RemoveMe(G"];
456 Actor23 => Actor91 [label="RemoveMe(G"];
457 Actor23 => Actor92 [label="RemoveMe(G"];
458 Actor23 => Actor93 [label="RemoveMe(G"];
459 Actor23 => Actor95 [label="RemoveMe(G"];
460 Actor23 => Actor96 [label="RemoveMe(G"];
461 Actor23 => Actor97 [label="RemoveMe(G"];
462 Actor23 => Actor98 [label="RemoveMe(G"];
463 Actor23 => Actor100 [label="RemoveMe(G"];
464 Actor23 => Actor0 [label="Finish"];
465 Actor23 <= Actor6 [label="Rumor"];
466 Actor23 <= Actor93 [label="RemoveMe(G"];
467 Actor23 <= Actor1 [label="RemoveMe(G"];
468 Actor23 <= Actor97 [label="RemoveMe(G"];
469 Actor23 <= Actor27 [label="RemoveMe(G"];
470 Actor23 <= Actor11 [label="RemoveMe(G"];
471 Actor23 <= Actor76 [label="RemoveMe(G"];
472 Actor23 <= Actor32 [label="RemoveMe(G"];
473 Actor23 <= Actor8 [label="RemoveMe(G"];
474 Actor23 <= Actor28 [label="RemoveMe(G"];
475 Actor23 <= Actor15 [label="RemoveMe(G"];
476 Actor23 <= Actor72 [label="RemoveMe(G"];
477 Actor23 <= Actor57 [label="RemoveMe(G"];
478 Actor23 <= Actor7 [label="RemoveMe(G"];
479 Actor23 <= Actor98 [label="RemoveMe(G"];
480 Actor23 <= Actor41 [label="RemoveMe(G"];
481 Actor23 <= Actor38 [label="RemoveMe(G"];
482 Actor23 <= Actor81 [label="RemoveMe(G"];
483 Actor23 <= Actor36 [label="RemoveMe(G"];
484 Actor23 <= Actor13 [label="RemoveMe(G"];
485 Actor23 <= Actor21 [label="RemoveMe(G"];
486 Actor23 <= Actor35 [label="RemoveMe(G"];
487 Actor23 <= Actor55 [label="RemoveMe(G"];
488 Actor23 <= Actor79 [label="RemoveMe(G"];
489 Actor23 <= Actor34 [label="RemoveMe(G"];
490 Actor23 <= Actor69 [label="RemoveMe(G"];
491 Actor23 <= Actor53 [label="RemoveMe(G"];
492 Actor23 <= Actor30 [label="Rumor"];
493 Actor23 <= Actor75 [label="RemoveMe(G"];
494 Actor23 <= Actor46 [label="RemoveMe(G"];
495 Actor23 <= Actor2 [label="RemoveMe(G"];
496 Actor23 <= Actor51 [label="RemoveMe(G"];
497 Actor23 <= Actor25 [label="RemoveMe(G"];
498 Actor23 <= Actor18 [label="RemoveMe(G"];
499 Actor23 <= Actor39 [label="RemoveMe(G"];
500 Actor23 <= Actor62 [label="RemoveMe(G"];
501 Actor23 <= Actor45 [label="RemoveMe(G"];
502 Actor23 <= Actor47 [label="RemoveMe(G"];
503 Actor23 <= Actor67 [label="RemoveMe(G"];
504 Actor23 <= Actor33 [label="RemoveMe(G"];
505 Actor23 <= Actor65 [label="RemoveMe(G"];
506 Actor23 <= Actor71 [label="RemoveMe(G"];
507 Actor23 <= Actor73 [label="RemoveMe(G"];
508 Actor23 <= Actor64 [label="RemoveMe(G"];
509 Actor23 <= Actor66 [label="RemoveMe(G"];
510 Actor23 <= Actor82 [label="RemoveMe(G"];
528 Actor23 <= Actor4 [label="RemoveMe(G"];
529 Actor23 <= Actor100 [label="RemoveMe(G"];
530 Actor23 <= Actor83 [label="RemoveMe(G"];
531 Actor23 <= Actor14 [label="RemoveMe(G"];
532 Actor23 <= Actor20 [label="RemoveMe(G"];
533 Actor23 <= Actor52 [label="RemoveMe(G"];
534 Actor23 <= Actor78 [label="RemoveMe(G"];
535 Actor23 <= Actor54 [label="RemoveMe(G"];
536 Actor23 <= Actor85 [label="RemoveMe(G"];
537 Actor23 <= Actor86 [label="RemoveMe(G"];
538 Actor23 <= Actor87 [label="RemoveMe(G"];
539 Actor23 <= Actor89 [label="RemoveMe(G"];
540 Actor23 <= Actor92 [label="RemoveMe(G"];
541 Actor23 <= Actor96 [label="RemoveMe(G"];
542 Actor23 <= Actor49 [label="RemoveMe(G"];
543 Actor23 <= Actor91 [label="RemoveMe(G"];
668 Actor23 <= Actor6 [label="Rumor"];
716 Actor23 <= Actor6 [label="Rumor"];
788 Actor23 <= Actor6 [label="Rumor"];
789 Actor23 <= Actor9 [label="RemoveMe(G"];
790 Actor23 <= Actor68 [label="RemoveMe(G"];
791 Actor23 <= Actor50 [label="RemoveMe(G"];
792 Actor23 <= Actor74 [label="RemoveMe(G"];
793 Actor23 <= Actor77 [label="RemoveMe(G"];
794 Actor23 <= Actor3 [label="RemoveMe(G"];
795 Actor23 <= Actor23 [label="Remind"];
796 Actor23 <= Actor31 [label="RemoveMe(G"];
797 Actor23 <= Actor26 [label="RemoveMe(G"];
798 Actor23 <= Actor60 [label="RemoveMe(G"];
799 Actor23 <= Actor61 [label="RemoveMe(G"];
800 Actor23 <= Actor44 [label="RemoveMe(G"];
801 Actor23 <= Actor19 [label="RemoveMe(G"];
802 Actor23 <= Actor40 [label="RemoveMe(G"];
803 Actor23 <= Actor48 [label="RemoveMe(G"];
804 Actor23 <= Actor56 [label="RemoveMe(G"];
805 Actor23 <= Actor43 [label="RemoveMe(G"];
806 Actor23 <= Actor95 [label="RemoveMe(G"];
807 Actor23 <= Actor80 [label="RemoveMe(G"];
808 Actor23 <= Actor22 [label="RemoveMe(G"];
809 Actor23 <= Actor17 [label="RemoveMe(G"];
810 Actor23 <= Actor29 [label="RemoveMe(G"];
811 Actor23 <= Actor30 [label="RemoveMe(G"];
1078 Actor23 <= Actor0 [label="ShutDown"];
