24 Actor24 <= Actor0 [label="Set(Master"];
114 Actor24 <= Actor94 [label="Rumor"];
115 Actor24 => Actor32 [label="Rumor"];
116 Actor24 => Actor24 [label="Remind"];
159 Actor24 <= Actor58 [label="Rumor"];
160 Actor24 => Actor1 [label="RemoveMe(G"];
161 Actor24 => Actor2 [label="RemoveMe(G"];
162 Actor24 => Actor3 [label="RemoveMe(G"];
163 Actor24 => Actor4 [label="RemoveMe(G"];
164 Actor24 => Actor5 [label="RemoveMe(G"];
165 Actor24 => Actor6 [label="RemoveMe(G"];
166 Actor24 => Actor7 [label="RemoveMe(G"];
167 Actor24 => Actor8 [label="RemoveMe(G"];
168 Actor24 => Actor9 [label="RemoveMe(G"];
169 Actor24 => Actor10 [label="RemoveMe(G"];
170 Actor24 => Actor11 [label="RemoveMe(G"];
171 Actor24 => Actor12 [label="RemoveMe(G"];
172 Actor24 => Actor13 [label="RemoveMe(G"];
173 Actor24 => Actor14 [label="RemoveMe(G"];
174 Actor24 => Actor15 [label="RemoveMe(G"];
175 Actor24 => Actor16 [label="RemoveMe(G"];
176 Actor24 => Actor17 [label="RemoveMe(G"];
177 Actor24 => Actor18 [label="RemoveMe(G"];
178 Actor24 => Actor19 [label="RemoveMe(G"];
179 Actor24 => Actor20 [label="RemoveMe(G"];
180 Actor24 => Actor21 [label="RemoveMe(G"];
181 Actor24 => Actor22 [label="RemoveMe(G"];
182 Actor24 => Actor23 [label="RemoveMe(G"];
183 Actor24 => Actor25 [label="RemoveMe(G"];
184 Actor24 => Actor26 [label="RemoveMe(G"];
185 Actor24 => Actor27 [label="RemoveMe(G"];
186 Actor24 => Actor28 [label="RemoveMe(G"];
187 Actor24 => Actor29 [label="RemoveMe(G"];
188 Actor24 => Actor30 [label="RemoveMe(G"];
189 Actor24 => Actor31 [label="RemoveMe(G"];
190 Actor24 => Actor32 [label="RemoveMe(G"];
191 Actor24 => Actor33 [label="RemoveMe(G"];
192 Actor24 => Actor34 [label="RemoveMe(G"];
193 Actor24 => Actor35 [label="RemoveMe(G"];
194 Actor24 => Actor36 [label="RemoveMe(G"];
195 Actor24 => Actor37 [label="RemoveMe(G"];
196 Actor24 => Actor38 [label="RemoveMe(G"];
197 Actor24 => Actor39 [label="RemoveMe(G"];
198 Actor24 => Actor40 [label="RemoveMe(G"];
199 Actor24 => Actor41 [label="RemoveMe(G"];
200 Actor24 => Actor42 [label="RemoveMe(G"];
201 Actor24 => Actor43 [label="RemoveMe(G"];
202 Actor24 => Actor44 [label="RemoveMe(G"];
203 Actor24 => Actor45 [label="RemoveMe(G"];
204 Actor24 => Actor46 [label="RemoveMe(G"];
205 Actor24 => Actor47 [label="RemoveMe(G"];
206 Actor24 => Actor48 [label="RemoveMe(G"];
207 Actor24 => Actor49 [label="RemoveMe(G"];
208 Actor24 => Actor50 [label="RemoveMe(G"];
209 Actor24 => Actor51 [label="RemoveMe(G"];
210 Actor24 => Actor52 [label="RemoveMe(G"];
211 Actor24 => Actor53 [label="RemoveMe(G"];
212 Actor24 => Actor54 [label="RemoveMe(G"];
213 Actor24 => Actor55 [label="RemoveMe(G"];
214 Actor24 => Actor56 [label="RemoveMe(G"];
215 Actor24 => Actor57 [label="RemoveMe(G"];
216 Actor24 => Actor58 [label="RemoveMe(G"];
217 Actor24 => Actor59 [label="RemoveMe(G"];
218 Actor24 => Actor60 [label="RemoveMe(G"];
219 Actor24 => Actor61 [label="RemoveMe(G"];
220 Actor24 => Actor62 [label="RemoveMe(G"];
221 Actor24 => Actor63 [label="RemoveMe(G"];
222 Actor24 => Actor64 [label="RemoveMe(G"];
223 Actor24 => Actor65 [label="RemoveMe(G"];
224 Actor24 => Actor66 [label="RemoveMe(G"];
225 Actor24 => Actor67 [label="RemoveMe(G"];
226 Actor24 => Actor68 [label="RemoveMe(G"];
227 Actor24 => Actor69 [label="RemoveMe(G"];
228 Actor24 => Actor70 [label="RemoveMe(G"];
229 Actor24 => Actor71 [label="RemoveMe(G"];
230 Actor24 => Actor72 [label="RemoveMe(G"];
231 Actor24 => Actor73 [label="RemoveMe(G"];
232 Actor24 => Actor74 [label="RemoveMe(G"];
233 Actor24 => Actor75 [label="RemoveMe(G"];
234 Actor24 => Actor76 [label="RemoveMe(G"];
235 Actor24 => Actor77 [label="RemoveMe(G"];
236 Actor24 => Actor78 [label="RemoveMe(G"];
237 Actor24 => Actor79 [label="RemoveMe(G"];
238 Actor24 => Actor80 [label="RemoveMe(G"];
239 Actor24 => Actor81 [label="RemoveMe(G"];
240 Actor24 => Actor82 [label="RemoveMe(G"];
241 Actor24 => Actor83 [label="RemoveMe(G"];
242 Actor24 => Actor84 [label="RemoveMe(G"];
243 Actor24 => Actor85 [label="RemoveMe(G"];
244 Actor24 => Actor86 [label="RemoveMe(G"];
245 Actor24 => Actor87 [label="RemoveMe(G"];
246 Actor24 => Actor88 [label="RemoveMe(G"];
247 Actor24 => Actor89 [label="RemoveMe(G"];
248 Actor24 => Actor90 [label="RemoveMe(G"];
249 Actor24 => Actor91 [label="RemoveMe(G"];
250 Actor24 => Actor92 [label="RemoveMe(G"];
251 Actor24 => Actor93 [label="RemoveMe(G"];
252 Actor24 => Actor94 [label="RemoveMe(G"];
253 Actor24 => Actor95 [label="RemoveMe(G"];
254 Actor24 => Actor96 [label="RemoveMe(G"];
255 Actor24 => Actor97 [label="RemoveMe(G"];
256 Actor24 => Actor98 [label="RemoveMe(G"];
257 Actor24 => Actor99 [label="RemoveMe(G"];
258 Actor24 => Actor100 [label="RemoveMe(G"];
259 Actor24 => Actor0 [label="Finish"];
260 Actor24 <= Actor42 [label="RemoveMe(G"];
261 Actor24 <= Actor63 [label="RemoveMe(G"];
262 Actor24 <= Actor24 [label="Remind"];
263 Actor24 <= Actor90 [label="RemoveMe(G"];
264 Actor24 <= Actor58 [label="RemoveMe(G"];
265 Actor24 <= Actor88 [label="RemoveMe(G"];
266 Actor24 <= Actor94 [label="RemoveMe(G"];
267 Actor24 <= Actor70 [label="RemoveMe(G"];
268 Actor24 <= Actor16 [label="RemoveMe(G"];
269 Actor24 <= Actor5 [label="RemoveMe(G"];
270 Actor24 <= Actor59 [label="RemoveMe(G"];
271 Actor24 <= Actor93 [label="RemoveMe(G"];
272 Actor24 <= Actor1 [label="RemoveMe(G"];
273 Actor24 <= Actor97 [label="RemoveMe(G"];
274 Actor24 <= Actor76 [label="RemoveMe(G"];
275 Actor24 <= Actor32 [label="RemoveMe(G"];
276 Actor24 <= Actor28 [label="RemoveMe(G"];
277 Actor24 <= Actor15 [label="RemoveMe(G"];
278 Actor24 <= Actor57 [label="RemoveMe(G"];
279 Actor24 <= Actor7 [label="RemoveMe(G"];
280 Actor24 <= Actor41 [label="RemoveMe(G"];
281 Actor24 <= Actor38 [label="RemoveMe(G"];
282 Actor24 <= Actor55 [label="RemoveMe(G"];
283 Actor24 <= Actor34 [label="RemoveMe(G"];
284 Actor24 <= Actor75 [label="RemoveMe(G"];
285 Actor24 <= Actor51 [label="RemoveMe(G"];
286 Actor24 <= Actor25 [label="RemoveMe(G"];
287 Actor24 <= Actor62 [label="RemoveMe(G"];
288 Actor24 <= Actor66 [label="RemoveMe(G"];
289 Actor24 <= Actor49 [label="RemoveMe(G"];
1079 Actor24 <= Actor0 [label="ShutDown"];
