25 Actor25 <= Actor0 [label="Set(Master"];
150 Actor25 <= Actor58 [label="Rumor"];
151 Actor25 => Actor19 [label="Rumor"];
152 Actor25 => Actor25 [label="Remind"];
153 Actor25 <= Actor42 [label="RemoveMe(G"];
154 Actor25 <= Actor72 [label="Rumor"];
155 Actor25 => Actor1 [label="RemoveMe(G"];
156 Actor25 => Actor2 [label="RemoveMe(G"];
157 Actor25 => Actor3 [label="RemoveMe(G"];
158 Actor25 => Actor4 [label="RemoveMe(G"];
159 Actor25 => Actor5 [label="RemoveMe(G"];
160 Actor25 => Actor6 [label="RemoveMe(G"];
161 Actor25 => Actor7 [label="RemoveMe(G"];
162 Actor25 => Actor8 [label="RemoveMe(G"];
163 Actor25 => Actor9 [label="RemoveMe(G"];
164 Actor25 => Actor10 [label="RemoveMe(G"];
165 Actor25 => Actor11 [label="RemoveMe(G"];
166 Actor25 => Actor12 [label="RemoveMe(G"];
167 Actor25 => Actor13 [label="RemoveMe(G"];
168 Actor25 => Actor14 [label="RemoveMe(G"];
169 Actor25 => Actor15 [label="RemoveMe(G"];
170 Actor25 => Actor16 [label="RemoveMe(G"];
171 Actor25 => Actor17 [label="RemoveMe(G"];
172 Actor25 => Actor18 [label="RemoveMe(G"];
173 Actor25 => Actor19 [label="RemoveMe(G"];
174 Actor25 => Actor20 [label="RemoveMe(G"];
175 Actor25 => Actor21 [label="RemoveMe(G"];
176 Actor25 => Actor22 [label="RemoveMe(G"];
177 Actor25 => Actor23 [label="RemoveMe(G"];
178 Actor25 => Actor24 [label="RemoveMe(G"];
179 Actor25 => Actor26 [label="RemoveMe(G"];
180 Actor25 => Actor27 [label="RemoveMe(G"];
181 Actor25 => Actor28 [label="RemoveMe(G"];
182 Actor25 => Actor29 [label="RemoveMe(G"];
183 Actor25 => Actor30 [label="RemoveMe(G"];
184 Actor25 => Actor31 [label="RemoveMe(G"];
185 Actor25 => Actor32 [label="RemoveMe(G"];
186 Actor25 => Actor33 [label="RemoveMe(G"];
187 Actor25 => Actor34 [label="RemoveMe(G"];
188 Actor25 => Actor35 [label="RemoveMe(G"];
189 Actor25 => Actor36 [label="RemoveMe(G"];
190 Actor25 => Actor37 [label="RemoveMe(G"];
191 Actor25 => Actor38 [label="RemoveMe(G"];
192 Actor25 => Actor39 [label="RemoveMe(G"];
193 Actor25 => Actor40 [label="RemoveMe(G"];
194 Actor25 => Actor41 [label="RemoveMe(G"];
195 Actor25 => Actor43 [label="RemoveMe(G"];
196 Actor25 => Actor44 [label="RemoveMe(G"];
197 Actor25 => Actor45 [label="RemoveMe(G"];
198 Actor25 => Actor46 [label="RemoveMe(G"];
199 Actor25 => Actor47 [label="RemoveMe(G"];
200 Actor25 => Actor48 [label="RemoveMe(G"];
201 Actor25 => Actor49 [label="RemoveMe(G"];
202 Actor25 => Actor50 [label="RemoveMe(G"];
203 Actor25 => Actor51 [label="RemoveMe(G"];
204 Actor25 => Actor52 [label="RemoveMe(G"];
205 Actor25 => Actor53 [label="RemoveMe(G"];
206 Actor25 => Actor54 [label="RemoveMe(G"];
207 Actor25 => Actor55 [label="RemoveMe(G"];
208 Actor25 => Actor56 [label="RemoveMe(G"];
209 Actor25 => Actor57 [label="RemoveMe(G"];
210 Actor25 => Actor58 [label="RemoveMe(G"];
211 Actor25 => Actor59 [label="RemoveMe(G"];
212 Actor25 => Actor60 [label="RemoveMe(G"];
213 Actor25 => Actor61 [label="RemoveMe(G"];
214 Actor25 => Actor62 [label="RemoveMe(G"];
215 Actor25 => Actor63 [label="RemoveMe(G"];
216 Actor25 => Actor64 [label="RemoveMe(G"];
217 Actor25 => Actor65 [label="RemoveMe(G"];
218 Actor25 => Actor66 [label="RemoveMe(G"];
219 Actor25 => Actor67 [label="RemoveMe(G"];
220 Actor25 => Actor68 [label="RemoveMe(G"];
221 Actor25 => Actor69 [label="RemoveMe(G"];
222 Actor25 => Actor70 [label="RemoveMe(G"];
223 Actor25 => Actor71 [label="RemoveMe(G"];
224 Actor25 => Actor72 [label="RemoveMe(G"];
225 Actor25 => Actor73 [label="RemoveMe(G"];
226 Actor25 => Actor74 [label="RemoveMe(G"];
227 Actor25 => Actor75 [label="RemoveMe(G"];
228 Actor25 => Actor76 [label="RemoveMe(G"];
229 Actor25 => Actor77 [label="RemoveMe(G"];
230 Actor25 => Actor78 [label="RemoveMe(G"];
231 Actor25 => Actor79 [label="RemoveMe(G"];
232 Actor25 => Actor80 [label="RemoveMe(G"];
233 Actor25 => Actor81 [label="RemoveMe(G"];
234 Actor25 => Actor82 [label="RemoveMe(G"];
235 Actor25 => Actor83 [label="RemoveMe(G"];
236 Actor25 => Actor84 [label="RemoveMe(G"];
237 Actor25 => Actor85 [label="RemoveMe(G"];
238 Actor25 => Actor86 [label="RemoveMe(G"];
239 Actor25 => Actor87 [label="RemoveMe(G"];
240 Actor25 => Actor88 [label="RemoveMe(G"];
241 Actor25 => Actor89 [label="RemoveMe(G"];
242 Actor25 => Actor90 [label="RemoveMe(G"];
243 Actor25 => Actor91 [label="RemoveMe(G"];
244 Actor25 => Actor92 [label="RemoveMe(G"];
245 Actor25 => Actor93 [label="RemoveMe(G"];
246 Actor25 => Actor94 [label="RemoveMe(G"];
247 Actor25 => Actor95 [label="RemoveMe(G"];
248 Actor25 => Actor96 [label="RemoveMe(G"];
249 Actor25 => Actor97 [label="RemoveMe(G"];
250 Actor25 => Actor98 [label="RemoveMe(G"];
251 Actor25 => Actor99 [label="RemoveMe(G"];
252 Actor25 => Actor100 [label="RemoveMe(G"];
253 Actor25 => Actor0 [label="Finish"];
254 Actor25 <= Actor63 [label="RemoveMe(G"];
255 Actor25 <= Actor24 [label="RemoveMe(G"];
256 Actor25 <= Actor90 [label="RemoveMe(G"];
257 Actor25 <= Actor58 [label="RemoveMe(G"];
258 Actor25 <= Actor88 [label="RemoveMe(G"];
287 Actor25 <= Actor95 [label="Rumor"];
288 Actor25 <= Actor94 [label="RemoveMe(G"];
289 Actor25 <= Actor70 [label="RemoveMe(G"];
290 Actor25 <= Actor12 [label="RemoveMe(G"];
291 Actor25 <= Actor16 [label="RemoveMe(G"];
375 Actor25 <= Actor37 [label="RemoveMe(G"];
376 Actor25 <= Actor5 [label="RemoveMe(G"];
377 Actor25 <= Actor10 [label="RemoveMe(G"];
378 Actor25 <= Actor59 [label="RemoveMe(G"];
379 Actor25 <= Actor99 [label="RemoveMe(G"];
380 Actor25 <= Actor84 [label="RemoveMe(G"];
382 Actor25 <= Actor6 [label="Rumor"];
383 Actor25 <= Actor93 [label="RemoveMe(G"];
384 Actor25 <= Actor1 [label="RemoveMe(G"];
385 Actor25 <= Actor97 [label="RemoveMe(G"];
386 Actor25 <= Actor27 [label="RemoveMe(G"];
387 Actor25 <= Actor11 [label="Rumor"];
388 Actor25 <= Actor11 [label="RemoveMe(G"];
389 Actor25 <= Actor76 [label="RemoveMe(G"];
390 Actor25 <= Actor32 [label="RemoveMe(G"];
391 Actor25 <= Actor8 [label="RemoveMe(G"];
392 Actor25 <= Actor28 [label="RemoveMe(G"];
393 Actor25 <= Actor15 [label="RemoveMe(G"];
394 Actor25 <= Actor72 [label="RemoveMe(G"];
395 Actor25 <= Actor57 [label="RemoveMe(G"];
396 Actor25 <= Actor7 [label="RemoveMe(G"];
397 Actor25 <= Actor98 [label="RemoveMe(G"];
398 Actor25 <= Actor41 [label="RemoveMe(G"];
399 Actor25 <= Actor38 [label="RemoveMe(G"];
400 Actor25 <= Actor81 [label="RemoveMe(G"];
401 Actor25 <= Actor36 [label="RemoveMe(G"];
414 Actor25 <= Actor13 [label="RemoveMe(G"];
415 Actor25 <= Actor21 [label="RemoveMe(G"];
416 Actor25 <= Actor35 [label="RemoveMe(G"];
417 Actor25 <= Actor55 [label="RemoveMe(G"];
418 Actor25 <= Actor79 [label="RemoveMe(G"];
419 Actor25 <= Actor34 [label="RemoveMe(G"];
420 Actor25 <= Actor69 [label="RemoveMe(G"];
421 Actor25 <= Actor53 [label="RemoveMe(G"];
422 Actor25 <= Actor75 [label="RemoveMe(G"];
423 Actor25 <= Actor46 [label="RemoveMe(G"];
424 Actor25 <= Actor2 [label="RemoveMe(G"];
425 Actor25 <= Actor51 [label="RemoveMe(G"];
426 Actor25 <= Actor25 [label="Remind"];
427 Actor25 <= Actor18 [label="RemoveMe(G"];
428 Actor25 <= Actor39 [label="RemoveMe(G"];
429 Actor25 <= Actor62 [label="RemoveMe(G"];
448 Actor25 <= Actor45 [label="RemoveMe(G"];
449 Actor25 <= Actor47 [label="RemoveMe(G"];
450 Actor25 <= Actor67 [label="RemoveMe(G"];
451 Actor25 <= Actor65 [label="RemoveMe(G"];
452 Actor25 <= Actor71 [label="RemoveMe(G"];
453 Actor25 <= Actor73 [label="RemoveMe(G"];
454 Actor25 <= Actor64 [label="RemoveMe(G"];
455 Actor25 <= Actor66 [label="RemoveMe(G"];
456 Actor25 <= Actor82 [label="RemoveMe(G"];
457 Actor25 <= Actor100 [label="RemoveMe(G"];
458 Actor25 <= Actor14 [label="RemoveMe(G"];
459 Actor25 <= Actor20 [label="RemoveMe(G"];
460 Actor25 <= Actor52 [label="RemoveMe(G"];
461 Actor25 <= Actor78 [label="RemoveMe(G"];
462 Actor25 <= Actor54 [label="RemoveMe(G"];
463 Actor25 <= Actor86 [label="RemoveMe(G"];
464 Actor25 <= Actor87 [label="RemoveMe(G"];
465 Actor25 <= Actor89 [label="RemoveMe(G"];
506 Actor25 <= Actor92 [label="RemoveMe(G"];
507 Actor25 <= Actor96 [label="RemoveMe(G"];
508 Actor25 <= Actor49 [label="RemoveMe(G"];
509 Actor25 <= Actor91 [label="RemoveMe(G"];
510 Actor25 <= Actor68 [label="RemoveMe(G"];
511 Actor25 <= Actor50 [label="RemoveMe(G"];
512 Actor25 <= Actor74 [label="RemoveMe(G"];
513 Actor25 <= Actor3 [label="RemoveMe(G"];
514 Actor25 <= Actor31 [label="RemoveMe(G"];
515 Actor25 <= Actor23 [label="RemoveMe(G"];
516 Actor25 <= Actor60 [label="RemoveMe(G"];
517 Actor25 <= Actor61 [label="RemoveMe(G"];
518 Actor25 <= Actor44 [label="RemoveMe(G"];
519 Actor25 <= Actor48 [label="RemoveMe(G"];
520 Actor25 <= Actor56 [label="RemoveMe(G"];
521 Actor25 <= Actor95 [label="RemoveMe(G"];
522 Actor25 <= Actor30 [label="RemoveMe(G"];
1080 Actor25 <= Actor0 [label="ShutDown"];
