26 Actor26 <= Actor0 [label="Set(Master"];
153 Actor26 <= Actor58 [label="Rumor"];
154 Actor26 => Actor85 [label="Rumor"];
155 Actor26 => Actor26 [label="Remind"];
156 Actor26 <= Actor42 [label="RemoveMe(G"];
157 Actor26 <= Actor63 [label="RemoveMe(G"];
185 Actor26 <= Actor24 [label="RemoveMe(G"];
186 Actor26 <= Actor90 [label="RemoveMe(G"];
190 Actor26 <= Actor58 [label="RemoveMe(G"];
203 Actor26 <= Actor88 [label="RemoveMe(G"];
204 Actor26 <= Actor94 [label="RemoveMe(G"];
205 Actor26 <= Actor70 [label="RemoveMe(G"];
206 Actor26 <= Actor12 [label="RemoveMe(G"];
207 Actor26 <= Actor16 [label="RemoveMe(G"];
376 Actor26 <= Actor37 [label="RemoveMe(G"];
377 Actor26 <= Actor5 [label="RemoveMe(G"];
378 Actor26 <= Actor10 [label="RemoveMe(G"];
379 Actor26 <= Actor59 [label="RemoveMe(G"];
380 Actor26 <= Actor99 [label="RemoveMe(G"];
381 Actor26 <= Actor84 [label="RemoveMe(G"];
382 Actor26 <= Actor93 [label="RemoveMe(G"];
383 Actor26 <= Actor1 [label="RemoveMe(G"];
384 Actor26 <= Actor97 [label="RemoveMe(G"];
385 Actor26 <= Actor27 [label="RemoveMe(G"];
386 Actor26 <= Actor11 [label="RemoveMe(G"];
387 Actor26 <= Actor76 [label="RemoveMe(G"];
388 Actor26 <= Actor32 [label="RemoveMe(G"];
389 Actor26 <= Actor8 [label="RemoveMe(G"];
390 Actor26 <= Actor15 [label="RemoveMe(G"];
391 Actor26 <= Actor28 [label="RemoveMe(G"];
392 Actor26 <= Actor72 [label="RemoveMe(G"];
393 Actor26 <= Actor57 [label="RemoveMe(G"];
394 Actor26 <= Actor7 [label="RemoveMe(G"];
395 Actor26 <= Actor98 [label="RemoveMe(G"];
396 Actor26 <= Actor41 [label="RemoveMe(G"];
397 Actor26 <= Actor38 [label="RemoveMe(G"];
398 Actor26 <= Actor81 [label="RemoveMe(G"];
399 Actor26 <= Actor36 [label="RemoveMe(G"];
415 Actor26 <= Actor13 [label="RemoveMe(G"];
416 Actor26 <= Actor21 [label="RemoveMe(G"];
417 Actor26 <= Actor35 [label="RemoveMe(G"];
418 Actor26 <= Actor55 [label="RemoveMe(G"];
419 Actor26 <= Actor79 [label="RemoveMe(G"];
420 Actor26 <= Actor34 [label="RemoveMe(G"];
421 Actor26 <= Actor69 [label="RemoveMe(G"];
422 Actor26 <= Actor53 [label="RemoveMe(G"];
423 Actor26 <= Actor75 [label="RemoveMe(G"];
424 Actor26 <= Actor46 [label="RemoveMe(G"];
425 Actor26 <= Actor2 [label="RemoveMe(G"];
426 Actor26 <= Actor51 [label="RemoveMe(G"];
427 Actor26 <= Actor26 [label="Remind"];
428 Actor26 => Actor54 [label="Rumor"];
429 Actor26 => Actor26 [label="Remind"];
430 Actor26 <= Actor25 [label="RemoveMe(G"];
431 Actor26 <= Actor18 [label="RemoveMe(G"];
432 Actor26 <= Actor39 [label="RemoveMe(G"];
433 Actor26 <= Actor62 [label="RemoveMe(G"];
449 Actor26 <= Actor45 [label="RemoveMe(G"];
450 Actor26 <= Actor47 [label="RemoveMe(G"];
451 Actor26 <= Actor67 [label="RemoveMe(G"];
493 Actor26 <= Actor33 [label="RemoveMe(G"];
494 Actor26 <= Actor65 [label="RemoveMe(G"];
495 Actor26 <= Actor71 [label="RemoveMe(G"];
496 Actor26 <= Actor73 [label="RemoveMe(G"];
497 Actor26 <= Actor64 [label="RemoveMe(G"];
498 Actor26 <= Actor66 [label="RemoveMe(G"];
499 Actor26 <= Actor82 [label="RemoveMe(G"];
529 Actor26 <= Actor4 [label="RemoveMe(G"];
530 Actor26 <= Actor100 [label="RemoveMe(G"];
531 Actor26 <= Actor83 [label="RemoveMe(G"];
532 Actor26 <= Actor14 [label="RemoveMe(G"];
533 Actor26 <= Actor20 [label="RemoveMe(G"];
534 Actor26 <= Actor52 [label="RemoveMe(G"];
535 Actor26 <= Actor78 [label="RemoveMe(G"];
536 Actor26 <= Actor54 [label="RemoveMe(G"];
537 Actor26 <= Actor85 [label="RemoveMe(G"];
538 Actor26 <= Actor86 [label="RemoveMe(G"];
539 Actor26 <= Actor87 [label="RemoveMe(G"];
540 Actor26 <= Actor89 [label="RemoveMe(G"];
541 Actor26 <= Actor92 [label="RemoveMe(G"];
542 Actor26 <= Actor96 [label="RemoveMe(G"];
543 Actor26 <= Actor49 [label="RemoveMe(G"];
544 Actor26 <= Actor6 [label="Rumor"];
545 Actor26 => Actor3 [label="RemoveMe(G"];
546 Actor26 => Actor6 [label="RemoveMe(G"];
547 Actor26 => Actor9 [label="RemoveMe(G"];
548 Actor26 => Actor17 [label="RemoveMe(G"];
549 Actor26 => Actor19 [label="RemoveMe(G"];
550 Actor26 => Actor22 [label="RemoveMe(G"];
551 Actor26 => Actor23 [label="RemoveMe(G"];
552 Actor26 => Actor29 [label="RemoveMe(G"];
553 Actor26 => Actor30 [label="RemoveMe(G"];
554 Actor26 => Actor31 [label="RemoveMe(G"];
555 Actor26 => Actor40 [label="RemoveMe(G"];
556 Actor26 => Actor43 [label="RemoveMe(G"];
557 Actor26 => Actor44 [label="RemoveMe(G"];
558 Actor26 => Actor48 [label="RemoveMe(G"];
559 Actor26 => Actor50 [label="RemoveMe(G"];
560 Actor26 => Actor56 [label="RemoveMe(G"];
561 Actor26 => Actor60 [label="RemoveMe(G"];
562 Actor26 => Actor61 [label="RemoveMe(G"];
563 Actor26 => Actor68 [label="RemoveMe(G"];
564 Actor26 => Actor74 [label="RemoveMe(G"];
565 Actor26 => Actor77 [label="RemoveMe(G"];
566 Actor26 => Actor80 [label="RemoveMe(G"];
567 Actor26 => Actor91 [label="RemoveMe(G"];
568 Actor26 => Actor95 [label="RemoveMe(G"];
569 Actor26 => Actor0 [label="Finish"];
570 Actor26 <= Actor91 [label="RemoveMe(G"];
593 Actor26 <= Actor6 [label="Rumor"];
605 Actor26 <= Actor6 [label="Rumor"];
649 Actor26 <= Actor9 [label="RemoveMe(G"];
650 Actor26 <= Actor68 [label="RemoveMe(G"];
651 Actor26 <= Actor50 [label="RemoveMe(G"];
652 Actor26 <= Actor74 [label="RemoveMe(G"];
653 Actor26 <= Actor77 [label="RemoveMe(G"];
654 Actor26 <= Actor3 [label="RemoveMe(G"];
655 Actor26 <= Actor26 [label="Remind"];
656 Actor26 <= Actor31 [label="RemoveMe(G"];
657 Actor26 <= Actor23 [label="RemoveMe(G"];
658 Actor26 <= Actor60 [label="RemoveMe(G"];
659 Actor26 <= Actor61 [label="RemoveMe(G"];
660 Actor26 <= Actor44 [label="RemoveMe(G"];
661 Actor26 <= Actor19 [label="RemoveMe(G"];
785 Actor26 <= Actor40 [label="RemoveMe(G"];
786 Actor26 <= Actor48 [label="RemoveMe(G"];
787 Actor26 <= Actor56 [label="RemoveMe(G"];
788 Actor26 <= Actor43 [label="RemoveMe(G"];
789 Actor26 <= Actor95 [label="RemoveMe(G"];
790 Actor26 <= Actor80 [label="RemoveMe(G"];
791 Actor26 <= Actor22 [label="RemoveMe(G"];
792 Actor26 <= Actor17 [label="RemoveMe(G"];
793 Actor26 <= Actor29 [label="RemoveMe(G"];
794 Actor26 <= Actor30 [label="RemoveMe(G"];
1081 Actor26 <= Actor0 [label="ShutDown"];
