27 Actor27 <= Actor0 [label="Set(Master"];
117 Actor27 <= Actor58 [label="Rumor"];
118 Actor27 => Actor91 [label="Rumor"];
119 Actor27 => Actor27 [label="Remind"];
147 Actor27 <= Actor42 [label="RemoveMe(G"];
156 Actor27 <= Actor63 [label="RemoveMe(G"];
186 Actor27 <= Actor24 [label="RemoveMe(G"];
187 Actor27 <= Actor90 [label="RemoveMe(G"];
191 Actor27 <= Actor58 [label="RemoveMe(G"];
260 Actor27 <= Actor56 [label="Rumor"];
261 Actor27 => Actor1 [label="RemoveMe(G"];
262 Actor27 => Actor2 [label="RemoveMe(G"];
263 Actor27 => Actor3 [label="RemoveMe(G"];
264 Actor27 => Actor4 [label="RemoveMe(G"];
265 Actor27 => Actor5 [label="RemoveMe(G"];
266 Actor27 => Actor6 [label="RemoveMe(G"];
267 Actor27 => Actor7 [label="RemoveMe(G"];
268 Actor27 => Actor8 [label="RemoveMe(G"];
269 Actor27 => Actor9 [label="RemoveMe(G"];
270 Actor27 => Actor10 [label="RemoveMe(G"];
271 Actor27 => Actor11 [label="RemoveMe(G"];
272 Actor27 => Actor12 [label="RemoveMe(G"];
273 Actor27 => Actor13 [label="RemoveMe(G"];
274 Actor27 => Actor14 [label="RemoveMe(G"];
275 Actor27 => Actor15 [label="RemoveMe(G"];
276 Actor27 => Actor16 [label="RemoveMe(G"];
277 Actor27 => Actor17 [label="RemoveMe(G"];
278 Actor27 => Actor18 [label="RemoveMe(G"];
279 Actor27 => Actor19 [label="RemoveMe(G"];
280 Actor27 => Actor20 [label="RemoveMe(G"];
281 Actor27 => Actor21 [label="RemoveMe(G"];
282 Actor27 => Actor22 [label="RemoveMe(G"];
283 Actor27 => Actor23 [label="RemoveMe(G"];
284 Actor27 => Actor25 [label="RemoveMe(G"];
285 Actor27 => Actor26 [label="RemoveMe(G"];
286 Actor27 => Actor28 [label="RemoveMe(G"];
287 Actor27 => Actor29 [label="RemoveMe(G"];
288 Actor27 => Actor30 [label="RemoveMe(G"];
289 Actor27 => Actor31 [label="RemoveMe(G"];
290 Actor27 => Actor32 [label="RemoveMe(G"];
291 Actor27 => Actor33 [label="RemoveMe(G"];
292 Actor27 => Actor34 [label="RemoveMe(G"];
293 Actor27 => Actor35 [label="RemoveMe(G"];
294 Actor27 => Actor36 [label="RemoveMe(G"];
295 Actor27 => Actor37 [label="RemoveMe(G"];
296 Actor27 => Actor38 [label="RemoveMe(G"];
297 Actor27 => Actor39 [label="RemoveMe(G"];
298 Actor27 => Actor40 [label="RemoveMe(G"];
299 Actor27 => Actor41 [label="RemoveMe(G"];
300 Actor27 => Actor43 [label="RemoveMe(G"];
301 Actor27 => Actor44 [label="RemoveMe(G"];
302 Actor27 => Actor45 [label="RemoveMe(G"];
303 Actor27 => Actor46 [label="RemoveMe(G"];
304 Actor27 => Actor47 [label="RemoveMe(G"];
305 Actor27 => Actor48 [label="RemoveMe(G"];
306 Actor27 => Actor49 [label="RemoveMe(G"];
307 Actor27 => Actor50 [label="RemoveMe(G"];
308 Actor27 => Actor51 [label="RemoveMe(G"];
309 Actor27 => Actor52 [label="RemoveMe(G"];
310 Actor27 => Actor53 [label="RemoveMe(G"];
311 Actor27 => Actor54 [label="RemoveMe(G"];
312 Actor27 => Actor55 [label="RemoveMe(G"];
313 Actor27 => Actor56 [label="RemoveMe(G"];
314 Actor27 => Actor57 [label="RemoveMe(G"];
315 Actor27 => Actor59 [label="RemoveMe(G"];
316 Actor27 => Actor60 [label="RemoveMe(G"];
317 Actor27 => Actor61 [label="RemoveMe(G"];
318 Actor27 => Actor62 [label="RemoveMe(G"];
319 Actor27 => Actor64 [label="RemoveMe(G"];
320 Actor27 => Actor65 [label="RemoveMe(G"];
321 Actor27 => Actor66 [label="RemoveMe(G"];
322 Actor27 => Actor67 [label="RemoveMe(G"];
323 Actor27 => Actor68 [label="RemoveMe(G"];
324 Actor27 => Actor69 [label="RemoveMe(G"];
325 Actor27 => Actor70 [label="RemoveMe(G"];
326 Actor27 => Actor71 [label="RemoveMe(G"];
327 Actor27 => Actor72 [label="RemoveMe(G"];
328 Actor27 => Actor73 [label="RemoveMe(G"];
329 Actor27 => Actor74 [label="RemoveMe(G"];
330 Actor27 => Actor75 [label="RemoveMe(G"];
331 Actor27 => Actor76 [label="RemoveMe(G"];
332 Actor27 => Actor77 [label="RemoveMe(G"];
333 Actor27 => Actor78 [label="RemoveMe(G"];
334 Actor27 => Actor79 [label="RemoveMe(G"];
335 Actor27 => Actor80 [label="RemoveMe(G"];
336 Actor27 => Actor81 [label="RemoveMe(G"];
337 Actor27 => Actor82 [label="RemoveMe(G"];
338 Actor27 => Actor83 [label="RemoveMe(G"];
339 Actor27 => Actor84 [label="RemoveMe(G"];
340 Actor27 => Actor85 [label="RemoveMe(G"];
341 Actor27 => Actor86 [label="RemoveMe(G"];
342 Actor27 => Actor87 [label="RemoveMe(G"];
343 Actor27 => Actor88 [label="RemoveMe(G"];
344 Actor27 => Actor89 [label="RemoveMe(G"];
345 Actor27 => Actor91 [label="RemoveMe(G"];
346 Actor27 => Actor92 [label="RemoveMe(G"];
347 Actor27 => Actor93 [label="RemoveMe(G"];
348 Actor27 => Actor94 [label="RemoveMe(G"];
349 Actor27 => Actor95 [label="RemoveMe(G"];
350 Actor27 => Actor96 [label="RemoveMe(G"];
351 Actor27 => Actor97 [label="RemoveMe(G"];
352 Actor27 => Actor98 [label="RemoveMe(G"];
353 Actor27 => Actor99 [label="RemoveMe(G"];
354 Actor27 => Actor100 [label="RemoveMe(G"];
355 Actor27 => Actor0 [label="Finish"];
356 Actor27 <= Actor88 [label="RemoveMe(G"];
357 Actor27 <= Actor94 [label="RemoveMe(G"];
358 Actor27 <= Actor70 [label="RemoveMe(G"];
359 Actor27 <= Actor12 [label="RemoveMe(G"];
360 Actor27 <= Actor16 [label="RemoveMe(G"];
377 Actor27 <= Actor37 [label="RemoveMe(G"];
378 Actor27 <= Actor5 [label="RemoveMe(G"];
379 Actor27 <= Actor10 [label="RemoveMe(G"];
380 Actor27 <= Actor59 [label="RemoveMe(G"];
381 Actor27 <= Actor99 [label="RemoveMe(G"];
382 Actor27 <= Actor84 [label="RemoveMe(G"];
421 Actor27 <= Actor6 [label="Rumor"];
422 Actor27 <= Actor93 [label="RemoveMe(G"];
423 Actor27 <= Actor1 [label="RemoveMe(G"];
424 Actor27 <= Actor27 [label="Remind"];
425 Actor27 <= Actor97 [label="RemoveMe(G"];
426 Actor27 <= Actor11 [label="RemoveMe(G"];
427 Actor27 <= Actor76 [label="RemoveMe(G"];
428 Actor27 <= Actor32 [label="RemoveMe(G"];
429 Actor27 <= Actor8 [label="RemoveMe(G"];
430 Actor27 <= Actor15 [label="RemoveMe(G"];
431 Actor27 <= Actor28 [label="RemoveMe(G"];
432 Actor27 <= Actor72 [label="RemoveMe(G"];
433 Actor27 <= Actor57 [label="RemoveMe(G"];
434 Actor27 <= Actor7 [label="RemoveMe(G"];
435 Actor27 <= Actor98 [label="RemoveMe(G"];
436 Actor27 <= Actor41 [label="RemoveMe(G"];
437 Actor27 <= Actor38 [label="RemoveMe(G"];
438 Actor27 <= Actor81 [label="RemoveMe(G"];
439 Actor27 <= Actor36 [label="RemoveMe(G"];
440 Actor27 <= Actor13 [label="RemoveMe(G"];
441 Actor27 <= Actor21 [label="RemoveMe(G"];
442 Actor27 <= Actor35 [label="RemoveMe(G"];
443 Actor27 <= Actor55 [label="RemoveMe(G"];
444 Actor27 <= Actor79 [label="RemoveMe(G"];
445 Actor27 <= Actor34 [label="RemoveMe(G"];
446 Actor27 <= Actor69 [label="RemoveMe(G"];
447 Actor27 <= Actor53 [label="RemoveMe(G"];
448 Actor27 <= Actor75 [label="RemoveMe(G"];
449 Actor27 <= Actor46 [label="RemoveMe(G"];
450 Actor27 <= Actor2 [label="RemoveMe(G"];
451 Actor27 <= Actor51 [label="RemoveMe(G"];
452 Actor27 <= Actor25 [label="RemoveMe(G"];
453 Actor27 <= Actor18 [label="RemoveMe(G"];
454 Actor27 <= Actor39 [label="RemoveMe(G"];
455 Actor27 <= Actor62 [label="RemoveMe(G"];
456 Actor27 <= Actor45 [label="RemoveMe(G"];
457 Actor27 <= Actor47 [label="RemoveMe(G"];
458 Actor27 <= Actor67 [label="RemoveMe(G"];
459 Actor27 <= Actor65 [label="RemoveMe(G"];
460 Actor27 <= Actor71 [label="RemoveMe(G"];
461 Actor27 <= Actor66 [label="RemoveMe(G"];
462 Actor27 <= Actor82 [label="RemoveMe(G"];
463 Actor27 <= Actor14 [label="RemoveMe(G"];
464 Actor27 <= Actor52 [label="RemoveMe(G"];
465 Actor27 <= Actor78 [label="RemoveMe(G"];
466 Actor27 <= Actor54 [label="RemoveMe(G"];
467 Actor27 <= Actor86 [label="RemoveMe(G"];
468 Actor27 <= Actor87 [label="RemoveMe(G"];
469 Actor27 <= Actor89 [label="RemoveMe(G"];
470 Actor27 <= Actor96 [label="RemoveMe(G"];
471 Actor27 <= Actor49 [label="RemoveMe(G"];
472 Actor27 <= Actor91 [label="RemoveMe(G"];
473 Actor27 <= Actor68 [label="RemoveMe(G"];
474 Actor27 <= Actor3 [label="RemoveMe(G"];
475 Actor27 <= Actor31 [label="RemoveMe(G"];
476 Actor27 <= Actor23 [label="RemoveMe(G"];
477 Actor27 <= Actor60 [label="RemoveMe(G"];
478 Actor27 <= Actor61 [label="RemoveMe(G"];
1082 Actor27 <= Actor0 [label="ShutDown"];
