28 Actor28 <= Actor0 [label="Set(Master"];
121 Actor28 <= Actor63 [label="Rumor"];
122 Actor28 => Actor73 [label="Rumor"];
123 Actor28 => Actor28 [label="Remind"];
124 Actor28 <= Actor94 [label="Rumor"];
125 Actor28 => Actor1 [label="RemoveMe(G"];
126 Actor28 => Actor2 [label="RemoveMe(G"];
127 Actor28 => Actor3 [label="RemoveMe(G"];
128 Actor28 => Actor4 [label="RemoveMe(G"];
129 Actor28 => Actor5 [label="RemoveMe(G"];
130 Actor28 => Actor6 [label="RemoveMe(G"];
131 Actor28 => Actor7 [label="RemoveMe(G"];
132 Actor28 => Actor8 [label="RemoveMe(G"];
133 Actor28 => Actor9 [label="RemoveMe(G"];
134 Actor28 => Actor10 [label="RemoveMe(G"];
135 Actor28 => Actor11 [label="RemoveMe(G"];
136 Actor28 => Actor12 [label="RemoveMe(G"];
137 Actor28 => Actor13 [label="RemoveMe(G"];
138 Actor28 => Actor14 [label="RemoveMe(G"];
139 Actor28 => Actor15 [label="RemoveMe(G"];
140 Actor28 => Actor16 [label="RemoveMe(G"];
141 Actor28 => Actor17 [label="RemoveMe(G"];
142 Actor28 => Actor18 [label="RemoveMe(G"];
143 Actor28 => Actor19 [label="RemoveMe(G"];
144 Actor28 => Actor20 [label="RemoveMe(G"];
145 Actor28 => Actor21 [label="RemoveMe(G"];
146 Actor28 => Actor22 [label="RemoveMe(G"];
147 Actor28 => Actor23 [label="RemoveMe(G"];
148 Actor28 => Actor24 [label="RemoveMe(G"];
149 Actor28 => Actor25 [label="RemoveMe(G"];
150 Actor28 => Actor26 [label="RemoveMe(G"];
151 Actor28 => Actor27 [label="RemoveMe(G"];
152 Actor28 => Actor29 [label="RemoveMe(G"];
153 Actor28 => Actor30 [label="RemoveMe(G"];
154 Actor28 => Actor31 [label="RemoveMe(G"];
155 Actor28 => Actor32 [label="RemoveMe(G"];
156 Actor28 => Actor33 [label="RemoveMe(G"];
157 Actor28 => Actor34 [label="RemoveMe(G"];
158 Actor28 => Actor35 [label="RemoveMe(G"];
159 Actor28 => Actor36 [label="RemoveMe(G"];
160 Actor28 => Actor37 [label="RemoveMe(G"];
161 Actor28 => Actor38 [label="RemoveMe(G"];
162 Actor28 => Actor39 [label="RemoveMe(G"];
163 Actor28 => Actor40 [label="RemoveMe(G"];
164 Actor28 => Actor41 [label="RemoveMe(G"];
165 Actor28 => Actor42 [label="RemoveMe(G"];
166 Actor28 => Actor43 [label="RemoveMe(G"];
167 Actor28 => Actor44 [label="RemoveMe(G"];
168 Actor28 => Actor45 [label="RemoveMe(G"];
169 Actor28 => Actor46 [label="RemoveMe(G"];
170 Actor28 => Actor47 [label="RemoveMe(G"];
171 Actor28 => Actor48 [label="RemoveMe(G"];
172 Actor28 => Actor49 [label="RemoveMe(G"];
173 Actor28 => Actor50 [label="RemoveMe(G"];
174 Actor28 => Actor51 [label="RemoveMe(G"];
175 Actor28 => Actor52 [label="RemoveMe(G"];
176 Actor28 => Actor53 [label="RemoveMe(G"];
177 Actor28 => Actor54 [label="RemoveMe(G"];
178 Actor28 => Actor55 [label="RemoveMe(G"];
179 Actor28 => Actor56 [label="RemoveMe(G"];
180 Actor28 => Actor57 [label="RemoveMe(G"];
181 Actor28 => Actor58 [label="RemoveMe(G"];
182 Actor28 => Actor59 [label="RemoveMe(G"];
183 Actor28 => Actor60 [label="RemoveMe(G"];
184 Actor28 => Actor61 [label="RemoveMe(G"];
185 Actor28 => Actor62 [label="RemoveMe(G"];
186 Actor28 => Actor63 [label="RemoveMe(G"];
187 Actor28 => Actor64 [label="RemoveMe(G"];
188 Actor28 => Actor65 [label="RemoveMe(G"];
189 Actor28 => Actor66 [label="RemoveMe(G"];
190 Actor28 => Actor67 [label="RemoveMe(G"];
191 Actor28 => Actor68 [label="RemoveMe(G"];
192 Actor28 => Actor69 [label="RemoveMe(G"];
193 Actor28 => Actor70 [label="RemoveMe(G"];
194 Actor28 => Actor71 [label="RemoveMe(G"];
195 Actor28 => Actor72 [label="RemoveMe(G"];
196 Actor28 => Actor73 [label="RemoveMe(G"];
197 Actor28 => Actor74 [label="RemoveMe(G"];
198 Actor28 => Actor75 [label="RemoveMe(G"];
199 Actor28 => Actor76 [label="RemoveMe(G"];
200 Actor28 => Actor77 [label="RemoveMe(G"];
201 Actor28 => Actor78 [label="RemoveMe(G"];
202 Actor28 => Actor79 [label="RemoveMe(G"];
203 Actor28 => Actor80 [label="RemoveMe(G"];
204 Actor28 => Actor81 [label="RemoveMe(G"];
205 Actor28 => Actor82 [label="RemoveMe(G"];
206 Actor28 => Actor83 [label="RemoveMe(G"];
207 Actor28 => Actor84 [label="RemoveMe(G"];
208 Actor28 => Actor85 [label="RemoveMe(G"];
209 Actor28 => Actor86 [label="RemoveMe(G"];
210 Actor28 => Actor87 [label="RemoveMe(G"];
211 Actor28 => Actor88 [label="RemoveMe(G"];
212 Actor28 => Actor89 [label="RemoveMe(G"];
213 Actor28 => Actor90 [label="RemoveMe(G"];
214 Actor28 => Actor91 [label="RemoveMe(G"];
215 Actor28 => Actor92 [label="RemoveMe(G"];
216 Actor28 => Actor93 [label="RemoveMe(G"];
217 Actor28 => Actor94 [label="RemoveMe(G"];
218 Actor28 => Actor95 [label="RemoveMe(G"];
219 Actor28 => Actor96 [label="RemoveMe(G"];
220 Actor28 => Actor97 [label="RemoveMe(G"];
221 Actor28 => Actor98 [label="RemoveMe(G"];
222 Actor28 => Actor99 [label="RemoveMe(G"];
223 Actor28 => Actor100 [label="RemoveMe(G"];
224 Actor28 => Actor0 [label="Finish"];
225 Actor28 <= Actor42 [label="RemoveMe(G"];
226 Actor28 <= Actor63 [label="RemoveMe(G"];
227 Actor28 <= Actor24 [label="RemoveMe(G"];
228 Actor28 <= Actor90 [label="RemoveMe(G"];
229 Actor28 <= Actor58 [label="RemoveMe(G"];
230 Actor28 <= Actor88 [label="RemoveMe(G"];
231 Actor28 <= Actor94 [label="RemoveMe(G"];
232 Actor28 <= Actor70 [label="RemoveMe(G"];
233 Actor28 <= Actor12 [label="RemoveMe(G"];
234 Actor28 <= Actor16 [label="RemoveMe(G"];
378 Actor28 <= Actor37 [label="RemoveMe(G"];
379 Actor28 <= Actor5 [label="RemoveMe(G"];
380 Actor28 <= Actor10 [label="RemoveMe(G"];
381 Actor28 <= Actor59 [label="RemoveMe(G"];
382 Actor28 <= Actor99 [label="Rumor"];
383 Actor28 <= Actor99 [label="RemoveMe(G"];
384 Actor28 <= Actor84 [label="RemoveMe(G"];
385 Actor28 <= Actor93 [label="RemoveMe(G"];
386 Actor28 <= Actor1 [label="RemoveMe(G"];
387 Actor28 <= Actor97 [label="RemoveMe(G"];
388 Actor28 <= Actor27 [label="RemoveMe(G"];
389 Actor28 <= Actor11 [label="RemoveMe(G"];
390 Actor28 <= Actor76 [label="RemoveMe(G"];
391 Actor28 <= Actor32 [label="RemoveMe(G"];
392 Actor28 <= Actor28 [label="Remind"];
393 Actor28 <= Actor8 [label="RemoveMe(G"];
394 Actor28 <= Actor15 [label="RemoveMe(G"];
395 Actor28 <= Actor72 [label="RemoveMe(G"];
396 Actor28 <= Actor57 [label="RemoveMe(G"];
397 Actor28 <= Actor7 [label="RemoveMe(G"];
398 Actor28 <= Actor98 [label="RemoveMe(G"];
399 Actor28 <= Actor41 [label="RemoveMe(G"];
400 Actor28 <= Actor38 [label="RemoveMe(G"];
401 Actor28 <= Actor81 [label="RemoveMe(G"];
402 Actor28 <= Actor36 [label="RemoveMe(G"];
417 Actor28 <= Actor13 [label="RemoveMe(G"];
418 Actor28 <= Actor21 [label="RemoveMe(G"];
419 Actor28 <= Actor35 [label="RemoveMe(G"];
420 Actor28 <= Actor55 [label="RemoveMe(G"];
421 Actor28 <= Actor79 [label="RemoveMe(G"];
422 Actor28 <= Actor34 [label="RemoveMe(G"];
423 Actor28 <= Actor69 [label="RemoveMe(G"];
424 Actor28 <= Actor53 [label="RemoveMe(G"];
425 Actor28 <= Actor75 [label="RemoveMe(G"];
426 Actor28 <= Actor46 [label="RemoveMe(G"];
427 Actor28 <= Actor2 [label="RemoveMe(G"];
428 Actor28 <= Actor51 [label="RemoveMe(G"];
429 Actor28 <= Actor25 [label="RemoveMe(G"];
430 Actor28 <= Actor18 [label="RemoveMe(G"];
431 Actor28 <= Actor39 [label="RemoveMe(G"];
432 Actor28 <= Actor62 [label="RemoveMe(G"];
451 Actor28 <= Actor45 [label="RemoveMe(G"];
452 Actor28 <= Actor47 [label="RemoveMe(G"];
453 Actor28 <= Actor48 [label="Rumor"];
454 Actor28 <= Actor67 [label="RemoveMe(G"];
455 Actor28 <= Actor65 [label="RemoveMe(G"];
456 Actor28 <= Actor71 [label="RemoveMe(G"];
457 Actor28 <= Actor66 [label="RemoveMe(G"];
458 Actor28 <= Actor82 [label="RemoveMe(G"];
459 Actor28 <= Actor100 [label="RemoveMe(G"];
460 Actor28 <= Actor14 [label="RemoveMe(G"];
461 Actor28 <= Actor52 [label="RemoveMe(G"];
462 Actor28 <= Actor78 [label="RemoveMe(G"];
463 Actor28 <= Actor54 [label="RemoveMe(G"];
464 Actor28 <= Actor86 [label="RemoveMe(G"];
465 Actor28 <= Actor87 [label="RemoveMe(G"];
466 Actor28 <= Actor89 [label="RemoveMe(G"];
467 Actor28 <= Actor96 [label="RemoveMe(G"];
468 Actor28 <= Actor49 [label="RemoveMe(G"];
469 Actor28 <= Actor91 [label="RemoveMe(G"];
470 Actor28 <= Actor68 [label="RemoveMe(G"];
471 Actor28 <= Actor74 [label="RemoveMe(G"];
472 Actor28 <= Actor3 [label="RemoveMe(G"];
473 Actor28 <= Actor31 [label="RemoveMe(G"];
474 Actor28 <= Actor23 [label="RemoveMe(G"];
475 Actor28 <= Actor60 [label="RemoveMe(G"];
476 Actor28 <= Actor61 [label="RemoveMe(G"];
477 Actor28 <= Actor56 [label="RemoveMe(G"];
1083 Actor28 <= Actor0 [label="ShutDown"];
