29 Actor29 <= Actor0 [label="Set(Master"];
137 Actor29 <= Actor53 [label="Rumor"];
138 Actor29 => Actor49 [label="Rumor"];
139 Actor29 => Actor29 [label="Remind"];
149 Actor29 <= Actor42 [label="RemoveMe(G"];
188 Actor29 <= Actor24 [label="RemoveMe(G"];
189 Actor29 <= Actor90 [label="RemoveMe(G"];
193 Actor29 <= Actor58 [label="RemoveMe(G"];
194 Actor29 <= Actor63 [label="RemoveMe(G"];
206 Actor29 <= Actor88 [label="RemoveMe(G"];
207 Actor29 <= Actor94 [label="RemoveMe(G"];
208 Actor29 <= Actor70 [label="RemoveMe(G"];
209 Actor29 <= Actor12 [label="RemoveMe(G"];
210 Actor29 <= Actor16 [label="RemoveMe(G"];
379 Actor29 <= Actor37 [label="RemoveMe(G"];
380 Actor29 <= Actor5 [label="RemoveMe(G"];
381 Actor29 <= Actor10 [label="RemoveMe(G"];
382 Actor29 <= Actor59 [label="RemoveMe(G"];
383 Actor29 <= Actor99 [label="RemoveMe(G"];
384 Actor29 <= Actor84 [label="RemoveMe(G"];
385 Actor29 <= Actor93 [label="RemoveMe(G"];
386 Actor29 <= Actor1 [label="RemoveMe(G"];
387 Actor29 <= Actor97 [label="RemoveMe(G"];
388 Actor29 <= Actor27 [label="RemoveMe(G"];
389 Actor29 <= Actor11 [label="RemoveMe(G"];
390 Actor29 <= Actor29 [label="Remind"];
391 Actor29 => Actor56 [label="Rumor"];
392 Actor29 => Actor29 [label="Remind"];
393 Actor29 <= Actor76 [label="RemoveMe(G"];
394 Actor29 <= Actor29 [label="Remind"];
395 Actor29 => Actor100 [label="Rumor"];
396 Actor29 => Actor29 [label="Remind"];
397 Actor29 <= Actor32 [label="RemoveMe(G"];
398 Actor29 <= Actor8 [label="RemoveMe(G"];
399 Actor29 <= Actor29 [label="Remind"];
400 Actor29 => Actor56 [label="Rumor"];
401 Actor29 => Actor29 [label="Remind"];
402 Actor29 <= Actor29 [label="Remind"];
403 Actor29 => Actor74 [label="Rumor"];
404 Actor29 => Actor29 [label="Remind"];
405 Actor29 <= Actor15 [label="RemoveMe(G"];
406 Actor29 <= Actor28 [label="RemoveMe(G"];
407 Actor29 <= Actor72 [label="RemoveMe(G"];
408 Actor29 <= Actor57 [label="RemoveMe(G"];
409 Actor29 <= Actor7 [label="RemoveMe(G"];
410 Actor29 <= Actor29 [label="Remind"];
411 Actor29 => Actor44 [label="Rumor"];
412 Actor29 => Actor29 [label="Remind"];
413 Actor29 <= Actor98 [label="RemoveMe(G"];
414 Actor29 <= Actor41 [label="RemoveMe(G"];
415 Actor29 <= Actor38 [label="RemoveMe(G"];
416 Actor29 <= Actor81 [label="RemoveMe(G"];
417 Actor29 <= Actor36 [label="RemoveMe(G"];
418 Actor29 <= Actor29 [label="Remind"];
419 Actor29 => Actor31 [label="Rumor"];
420 Actor29 => Actor29 [label="Remind"];
421 Actor29 <= Actor29 [label="Remind"];
422 Actor29 => Actor92 [label="Rumor"];
423 Actor29 => Actor29 [label="Remind"];
424 Actor29 <= Actor29 [label="Remind"];
425 Actor29 => Actor13 [label="Rumor"];
426 Actor29 => Actor29 [label="Remind"];
427 Actor29 <= Actor29 [label="Remind"];
428 Actor29 => Actor48 [label="Rumor"];
429 Actor29 => Actor29 [label="Remind"];
430 Actor29 <= Actor29 [label="Remind"];
431 Actor29 => Actor50 [label="Rumor"];
432 Actor29 => Actor29 [label="Remind"];
433 Actor29 <= Actor29 [label="Remind"];
434 Actor29 => Actor48 [label="Rumor"];
435 Actor29 => Actor29 [label="Remind"];
436 Actor29 <= Actor29 [label="Remind"];
437 Actor29 => Actor53 [label="Rumor"];
438 Actor29 => Actor29 [label="Remind"];
439 Actor29 <= Actor13 [label="RemoveMe(G"];
440 Actor29 <= Actor29 [label="Remind"];
441 Actor29 => Actor49 [label="Rumor"];
442 Actor29 => Actor29 [label="Remind"];
443 Actor29 <= Actor29 [label="Remind"];
444 Actor29 => Actor91 [label="Rumor"];
445 Actor29 => Actor29 [label="Remind"];
446 Actor29 <= Actor29 [label="Remind"];
447 Actor29 => Actor73 [label="Rumor"];
448 Actor29 => Actor29 [label="Remind"];
449 Actor29 <= Actor21 [label="RemoveMe(G"];
450 Actor29 <= Actor35 [label="RemoveMe(G"];
451 Actor29 <= Actor55 [label="RemoveMe(G"];
452 Actor29 <= Actor29 [label="Remind"];
453 Actor29 => Actor100 [label="Rumor"];
454 Actor29 => Actor29 [label="Remind"];
455 Actor29 <= Actor29 [label="Remind"];
456 Actor29 => Actor96 [label="Rumor"];
457 Actor29 => Actor29 [label="Remind"];
458 Actor29 <= Actor29 [label="Remind"];
459 Actor29 => Actor67 [label="Rumor"];
460 Actor29 => Actor29 [label="Remind"];
461 Actor29 <= Actor29 [label="Remind"];
462 Actor29 => Actor100 [label="Rumor"];
463 Actor29 => Actor29 [label="Remind"];
464 Actor29 <= Actor29 [label="Remind"];
465 Actor29 => Actor39 [label="Rumor"];
466 Actor29 => Actor29 [label="Remind"];
467 Actor29 <= Actor29 [label="Remind"];
468 Actor29 => Actor44 [label="Rumor"];
469 Actor29 => Actor29 [label="Remind"];
470 Actor29 <= Actor29 [label="Remind"];
471 Actor29 => Actor87 [label="Rumor"];
472 Actor29 => Actor29 [label="Remind"];
473 Actor29 <= Actor29 [label="Remind"];
474 Actor29 => Actor78 [label="Rumor"];
475 Actor29 => Actor29 [label="Remind"];
476 Actor29 <= Actor29 [label="Remind"];
477 Actor29 => Actor50 [label="Rumor"];
478 Actor29 => Actor29 [label="Remind"];
479 Actor29 <= Actor29 [label="Remind"];
480 Actor29 => Actor80 [label="Rumor"];
481 Actor29 => Actor29 [label="Remind"];
482 Actor29 <= Actor29 [label="Remind"];
483 Actor29 => Actor73 [label="Rumor"];
484 Actor29 => Actor29 [label="Remind"];
485 Actor29 <= Actor79 [label="RemoveMe(G"];
486 Actor29 <= Actor29 [label="Remind"];
487 Actor29 => Actor45 [label="Rumor"];
488 Actor29 => Actor29 [label="Remind"];
489 Actor29 <= Actor34 [label="RemoveMe(G"];
490 Actor29 <= Actor29 [label="Remind"];
491 Actor29 => Actor92 [label="Rumor"];
492 Actor29 => Actor29 [label="Remind"];
493 Actor29 <= Actor29 [label="Remind"];
494 Actor29 => Actor30 [label="Rumor"];
495 Actor29 => Actor29 [label="Remind"];
496 Actor29 <= Actor29 [label="Remind"];
497 Actor29 => Actor18 [label="Rumor"];
498 Actor29 => Actor29 [label="Remind"];
499 Actor29 <= Actor29 [label="Remind"];
500 Actor29 => Actor48 [label="Rumor"];
501 Actor29 => Actor29 [label="Remind"];
502 Actor29 <= Actor29 [label="Remind"];
503 Actor29 => Actor4 [label="Rumor"];
504 Actor29 => Actor29 [label="Remind"];
505 Actor29 <= Actor29 [label="Remind"];
506 Actor29 => Actor71 [label="Rumor"];
507 Actor29 => Actor29 [label="Remind"];
508 Actor29 <= Actor29 [label="Remind"];
509 Actor29 => Actor77 [label="Rumor"];
510 Actor29 => Actor29 [label="Remind"];
511 Actor29 <= Actor29 [label="Remind"];
512 Actor29 => Actor2 [label="Rumor"];
513 Actor29 => Actor29 [label="Remind"];
514 Actor29 <= Actor29 [label="Remind"];
515 Actor29 => Actor82 [label="Rumor"];
516 Actor29 => Actor29 [label="Remind"];
517 Actor29 <= Actor69 [label="RemoveMe(G"];
518 Actor29 <= Actor53 [label="RemoveMe(G"];
519 Actor29 <= Actor75 [label="RemoveMe(G"];
520 Actor29 <= Actor46 [label="RemoveMe(G"];
521 Actor29 <= Actor2 [label="RemoveMe(G"];
522 Actor29 <= Actor51 [label="RemoveMe(G"];
523 Actor29 <= Actor25 [label="RemoveMe(G"];
524 Actor29 <= Actor18 [label="RemoveMe(G"];
525 Actor29 <= Actor39 [label="RemoveMe(G"];
526 Actor29 <= Actor45 [label="RemoveMe(G"];
527 Actor29 <= Actor47 [label="RemoveMe(G"];
528 Actor29 <= Actor62 [label="RemoveMe(G"];
529 Actor29 <= Actor67 [label="RemoveMe(G"];
530 Actor29 <= Actor33 [label="RemoveMe(G"];
531 Actor29 <= Actor65 [label="RemoveMe(G"];
532 Actor29 <= Actor71 [label="RemoveMe(G"];
533 Actor29 <= Actor73 [label="RemoveMe(G"];
534 Actor29 <= Actor64 [label="RemoveMe(G"];
535 Actor29 <= Actor66 [label="RemoveMe(G"];
536 Actor29 <= Actor82 [label="RemoveMe(G"];
537 Actor29 <= Actor4 [label="RemoveMe(G"];
538 Actor29 <= Actor100 [label="RemoveMe(G"];
539 Actor29 <= Actor83 [label="RemoveMe(G"];
540 Actor29 <= Actor14 [label="RemoveMe(G"];
541 Actor29 <= Actor20 [label="RemoveMe(G"];
542 Actor29 <= Actor52 [label="RemoveMe(G"];
543 Actor29 <= Actor78 [label="RemoveMe(G"];
544 Actor29 <= Actor54 [label="RemoveMe(G"];
545 Actor29 <= Actor85 [label="RemoveMe(G"];
546 Actor29 <= Actor86 [label="RemoveMe(G"];
547 Actor29 <= Actor87 [label="RemoveMe(G"];
548 Actor29 <= Actor89 [label="RemoveMe(G"];
549 Actor29 <= Actor6 [label="Rumor"];
550 Actor29 => Actor3 [label="RemoveMe(G"];
551 Actor29 => Actor6 [label="RemoveMe(G"];
552 Actor29 => Actor9 [label="RemoveMe(G"];
553 Actor29 => Actor17 [label="RemoveMe(G"];
554 Actor29 => Actor19 [label="RemoveMe(G"];
555 Actor29 => Actor22 [label="RemoveMe(G"];
556 Actor29 => Actor23 [label="RemoveMe(G"];
557 Actor29 => Actor26 [label="RemoveMe(G"];
558 Actor29 => Actor30 [label="RemoveMe(G"];
559 Actor29 => Actor31 [label="RemoveMe(G"];
560 Actor29 => Actor40 [label="RemoveMe(G"];
561 Actor29 => Actor43 [label="RemoveMe(G"];
562 Actor29 => Actor44 [label="RemoveMe(G"];
563 Actor29 => Actor48 [label="RemoveMe(G"];
564 Actor29 => Actor49 [label="RemoveMe(G"];
565 Actor29 => Actor50 [label="RemoveMe(G"];
566 Actor29 => Actor56 [label="RemoveMe(G"];
567 Actor29 => Actor60 [label="RemoveMe(G"];
568 Actor29 => Actor61 [label="RemoveMe(G"];
569 Actor29 => Actor68 [label="RemoveMe(G"];
570 Actor29 => Actor74 [label="RemoveMe(G"];
571 Actor29 => Actor77 [label="RemoveMe(G"];
572 Actor29 => Actor80 [label="RemoveMe(G"];
573 Actor29 => Actor91 [label="RemoveMe(G"];
574 Actor29 => Actor92 [label="RemoveMe(G"];
575 Actor29 => Actor95 [label="RemoveMe(G"];
576 Actor29 => Actor96 [label="RemoveMe(G"];
577 Actor29 => Actor0 [label="Finish"];
578 Actor29 <= Actor92 [label="RemoveMe(G"];
579 Actor29 <= Actor96 [label="RemoveMe(G"];
580 Actor29 <= Actor49 [label="RemoveMe(G"];
581 Actor29 <= Actor6 [label="Rumor"];
582 Actor29 <= Actor6 [label="Rumor"];
583 Actor29 <= Actor91 [label="RemoveMe(G"];
665 Actor29 <= Actor6 [label="Rumor"];
773 Actor29 <= Actor6 [label="Rumor"];
815 Actor29 <= Actor6 [label="Rumor"];
816 Actor29 <= Actor9 [label="RemoveMe(G"];
817 Actor29 <= Actor68 [label="RemoveMe(G"];
818 Actor29 <= Actor50 [label="RemoveMe(G"];
819 Actor29 <= Actor74 [label="RemoveMe(G"];
820 Actor29 <= Actor77 [label="RemoveMe(G"];
821 Actor29 <= Actor29 [label="Remind"];
822 Actor29 <= Actor3 [label="RemoveMe(G"];
823 Actor29 <= Actor31 [label="RemoveMe(G"];
824 Actor29 <= Actor23 [label="RemoveMe(G"];
825 Actor29 <= Actor26 [label="RemoveMe(G"];
860 Actor29 <= Actor6 [label="Rumor"];
861 Actor29 <= Actor60 [label="RemoveMe(G"];
862 Actor29 <= Actor61 [label="RemoveMe(G"];
863 Actor29 <= Actor44 [label="RemoveMe(G"];
864 Actor29 <= Actor19 [label="RemoveMe(G"];
865 Actor29 <= Actor40 [label="RemoveMe(G"];
866 Actor29 <= Actor48 [label="RemoveMe(G"];
867 Actor29 <= Actor56 [label="RemoveMe(G"];
868 Actor29 <= Actor43 [label="RemoveMe(G"];
869 Actor29 <= Actor95 [label="RemoveMe(G"];
870 Actor29 <= Actor80 [label="RemoveMe(G"];
871 Actor29 <= Actor22 [label="RemoveMe(G"];
898 Actor29 <= Actor6 [label="Rumor"];
913 Actor29 <= Actor6 [label="Rumor"];
916 Actor29 <= Actor6 [label="Rumor"];
922 Actor29 <= Actor6 [label="Rumor"];
925 Actor29 <= Actor6 [label="Rumor"];
931 Actor29 <= Actor6 [label="Rumor"];
937 Actor29 <= Actor6 [label="Rumor"];
938 Actor29 <= Actor17 [label="RemoveMe(G"];
947 Actor29 <= Actor6 [label="Rumor"];
953 Actor29 <= Actor6 [label="Rumor"];
962 Actor29 <= Actor6 [label="Rumor"];
971 Actor29 <= Actor6 [label="Rumor"];
977 Actor29 <= Actor6 [label="Rumor"];
983 Actor29 <= Actor6 [label="Rumor"];
986 Actor29 <= Actor6 [label="Rumor"];
1001 Actor29 <= Actor6 [label="Rumor"];
1010 Actor29 <= Actor6 [label="Rumor"];
1013 Actor29 <= Actor6 [label="Rumor"];
1031 Actor29 <= Actor6 [label="Rumor"];
1040 Actor29 <= Actor6 [label="Rumor"];
1046 Actor29 <= Actor6 [label="Rumor"];
1047 Actor29 <= Actor30 [label="RemoveMe(G"];
1084 Actor29 <= Actor0 [label="ShutDown"];
