3 Actor3 <= Actor0 [label="Set(Master"];
111 Actor3 <= Actor94 [label="Rumor"];
112 Actor3 => Actor5 [label="Rumor"];
113 Actor3 => Actor3 [label="Remind"];
123 Actor3 <= Actor42 [label="RemoveMe(G"];
124 Actor3 <= Actor3 [label="Remind"];
125 Actor3 => Actor34 [label="Rumor"];
126 Actor3 => Actor3 [label="Remind"];
127 Actor3 <= Actor3 [label="Remind"];
128 Actor3 => Actor100 [label="Rumor"];
129 Actor3 => Actor3 [label="Remind"];
130 Actor3 <= Actor3 [label="Remind"];
131 Actor3 => Actor93 [label="Rumor"];
132 Actor3 => Actor3 [label="Remind"];
133 Actor3 <= Actor3 [label="Remind"];
134 Actor3 => Actor38 [label="Rumor"];
135 Actor3 => Actor3 [label="Remind"];
136 Actor3 <= Actor3 [label="Remind"];
137 Actor3 => Actor49 [label="Rumor"];
138 Actor3 => Actor3 [label="Remind"];
139 Actor3 <= Actor3 [label="Remind"];
140 Actor3 => Actor69 [label="Rumor"];
141 Actor3 => Actor3 [label="Remind"];
142 Actor3 <= Actor63 [label="RemoveMe(G"];
143 Actor3 <= Actor5 [label="RemoveMe(G"];
144 Actor3 <= Actor94 [label="RemoveMe(G"];
163 Actor3 <= Actor24 [label="RemoveMe(G"];
164 Actor3 <= Actor3 [label="Remind"];
165 Actor3 => Actor100 [label="Rumor"];
166 Actor3 => Actor3 [label="Remind"];
167 Actor3 <= Actor90 [label="RemoveMe(G"];
168 Actor3 <= Actor58 [label="RemoveMe(G"];
180 Actor3 <= Actor88 [label="RemoveMe(G"];
329 Actor3 <= Actor56 [label="Rumor"];
330 Actor3 => Actor1 [label="RemoveMe(G"];
331 Actor3 => Actor2 [label="RemoveMe(G"];
332 Actor3 => Actor4 [label="RemoveMe(G"];
333 Actor3 => Actor6 [label="RemoveMe(G"];
334 Actor3 => Actor7 [label="RemoveMe(G"];
335 Actor3 => Actor8 [label="RemoveMe(G"];
336 Actor3 => Actor9 [label="RemoveMe(G"];
337 Actor3 => Actor10 [label="RemoveMe(G"];
338 Actor3 => Actor11 [label="RemoveMe(G"];
339 Actor3 => Actor12 [label="RemoveMe(G"];
340 Actor3 => Actor13 [label="RemoveMe(G"];
341 Actor3 => Actor14 [label="RemoveMe(G"];
342 Actor3 => Actor15 [label="RemoveMe(G"];
343 Actor3 => Actor16 [label="RemoveMe(G"];
344 Actor3 => Actor17 [label="RemoveMe(G"];
345 Actor3 => Actor18 [label="RemoveMe(G"];
346 Actor3 => Actor19 [label="RemoveMe(G"];
347 Actor3 => Actor20 [label="RemoveMe(G"];
348 Actor3 => Actor21 [label="RemoveMe(G"];
349 Actor3 => Actor22 [label="RemoveMe(G"];
350 Actor3 => Actor23 [label="RemoveMe(G"];
351 Actor3 => Actor25 [label="RemoveMe(G"];
352 Actor3 => Actor26 [label="RemoveMe(G"];
353 Actor3 => Actor27 [label="RemoveMe(G"];
354 Actor3 => Actor28 [label="RemoveMe(G"];
355 Actor3 => Actor29 [label="RemoveMe(G"];
356 Actor3 => Actor30 [label="RemoveMe(G"];
357 Actor3 => Actor31 [label="RemoveMe(G"];
358 Actor3 => Actor32 [label="RemoveMe(G"];
359 Actor3 => Actor33 [label="RemoveMe(G"];
360 Actor3 => Actor34 [label="RemoveMe(G"];
361 Actor3 => Actor35 [label="RemoveMe(G"];
362 Actor3 => Actor36 [label="RemoveMe(G"];
363 Actor3 => Actor37 [label="RemoveMe(G"];
364 Actor3 => Actor38 [label="RemoveMe(G"];
365 Actor3 => Actor39 [label="RemoveMe(G"];
366 Actor3 => Actor40 [label="RemoveMe(G"];
367 Actor3 => Actor41 [label="RemoveMe(G"];
368 Actor3 => Actor43 [label="RemoveMe(G"];
369 Actor3 => Actor44 [label="RemoveMe(G"];
370 Actor3 => Actor45 [label="RemoveMe(G"];
371 Actor3 => Actor46 [label="RemoveMe(G"];
372 Actor3 => Actor47 [label="RemoveMe(G"];
373 Actor3 => Actor48 [label="RemoveMe(G"];
374 Actor3 => Actor49 [label="RemoveMe(G"];
375 Actor3 => Actor50 [label="RemoveMe(G"];
376 Actor3 => Actor51 [label="RemoveMe(G"];
377 Actor3 => Actor52 [label="RemoveMe(G"];
378 Actor3 => Actor53 [label="RemoveMe(G"];
379 Actor3 => Actor54 [label="RemoveMe(G"];
380 Actor3 => Actor55 [label="RemoveMe(G"];
381 Actor3 => Actor56 [label="RemoveMe(G"];
382 Actor3 => Actor57 [label="RemoveMe(G"];
383 Actor3 => Actor59 [label="RemoveMe(G"];
384 Actor3 => Actor60 [label="RemoveMe(G"];
385 Actor3 => Actor61 [label="RemoveMe(G"];
386 Actor3 => Actor62 [label="RemoveMe(G"];
387 Actor3 => Actor64 [label="RemoveMe(G"];
388 Actor3 => Actor65 [label="RemoveMe(G"];
389 Actor3 => Actor66 [label="RemoveMe(G"];
390 Actor3 => Actor67 [label="RemoveMe(G"];
391 Actor3 => Actor68 [label="RemoveMe(G"];
392 Actor3 => Actor69 [label="RemoveMe(G"];
393 Actor3 => Actor70 [label="RemoveMe(G"];
394 Actor3 => Actor71 [label="RemoveMe(G"];
395 Actor3 => Actor72 [label="RemoveMe(G"];
396 Actor3 => Actor73 [label="RemoveMe(G"];
397 Actor3 => Actor74 [label="RemoveMe(G"];
398 Actor3 => Actor75 [label="RemoveMe(G"];
399 Actor3 => Actor76 [label="RemoveMe(G"];
400 Actor3 => Actor77 [label="RemoveMe(G"];
401 Actor3 => Actor78 [label="RemoveMe(G"];
402 Actor3 => Actor79 [label="RemoveMe(G"];
403 Actor3 => Actor80 [label="RemoveMe(G"];
404 Actor3 => Actor81 [label="RemoveMe(G"];
405 Actor3 => Actor82 [label="RemoveMe(G"];
406 Actor3 => Actor83 [label="RemoveMe(G"];
407 Actor3 => Actor84 [label="RemoveMe(G"];
408 Actor3 => Actor85 [label="RemoveMe(G"];
409 Actor3 => Actor86 [label="RemoveMe(G"];
410 Actor3 => Actor87 [label="RemoveMe(G"];
411 Actor3 => Actor89 [label="RemoveMe(G"];
412 Actor3 => Actor91 [label="RemoveMe(G"];
413 Actor3 => Actor92 [label="RemoveMe(G"];
414 Actor3 => Actor93 [label="RemoveMe(G"];
415 Actor3 => Actor95 [label="RemoveMe(G"];
416 Actor3 => Actor96 [label="RemoveMe(G"];
417 Actor3 => Actor97 [label="RemoveMe(G"];
418 Actor3 => Actor98 [label="RemoveMe(G"];
419 Actor3 => Actor99 [label="RemoveMe(G"];
420 Actor3 => Actor100 [label="RemoveMe(G"];
421 Actor3 => Actor0 [label="Finish"];
422 Actor3 <= Actor70 [label="RemoveMe(G"];
423 Actor3 <= Actor84 [label="RemoveMe(G"];
424 Actor3 <= Actor12 [label="RemoveMe(G"];
425 Actor3 <= Actor16 [label="RemoveMe(G"];
426 Actor3 <= Actor37 [label="RemoveMe(G"];
427 Actor3 <= Actor10 [label="RemoveMe(G"];
428 Actor3 <= Actor59 [label="RemoveMe(G"];
429 Actor3 <= Actor99 [label="RemoveMe(G"];
430 Actor3 <= Actor93 [label="RemoveMe(G"];
431 Actor3 <= Actor1 [label="RemoveMe(G"];
432 Actor3 <= Actor97 [label="RemoveMe(G"];
433 Actor3 <= Actor27 [label="RemoveMe(G"];
434 Actor3 <= Actor32 [label="RemoveMe(G"];
435 Actor3 <= Actor11 [label="RemoveMe(G"];
436 Actor3 <= Actor76 [label="RemoveMe(G"];
437 Actor3 <= Actor28 [label="RemoveMe(G"];
438 Actor3 <= Actor8 [label="RemoveMe(G"];
439 Actor3 <= Actor15 [label="RemoveMe(G"];
440 Actor3 <= Actor81 [label="RemoveMe(G"];
441 Actor3 <= Actor57 [label="RemoveMe(G"];
442 Actor3 <= Actor72 [label="RemoveMe(G"];
443 Actor3 <= Actor7 [label="RemoveMe(G"];
444 Actor3 <= Actor98 [label="RemoveMe(G"];
445 Actor3 <= Actor41 [label="RemoveMe(G"];
446 Actor3 <= Actor38 [label="RemoveMe(G"];
447 Actor3 <= Actor36 [label="RemoveMe(G"];
448 Actor3 <= Actor13 [label="RemoveMe(G"];
449 Actor3 <= Actor21 [label="RemoveMe(G"];
450 Actor3 <= Actor35 [label="RemoveMe(G"];
451 Actor3 <= Actor79 [label="RemoveMe(G"];
452 Actor3 <= Actor55 [label="RemoveMe(G"];
453 Actor3 <= Actor53 [label="RemoveMe(G"];
454 Actor3 <= Actor46 [label="RemoveMe(G"];
455 Actor3 <= Actor34 [label="RemoveMe(G"];
456 Actor3 <= Actor100 [label="Rumor"];
457 Actor3 <= Actor69 [label="RemoveMe(G"];
458 Actor3 <= Actor3 [label="Remind"];
459 Actor3 <= Actor75 [label="RemoveMe(G"];
460 Actor3 <= Actor2 [label="RemoveMe(G"];
461 Actor3 <= Actor51 [label="RemoveMe(G"];
462 Actor3 <= Actor25 [label="RemoveMe(G"];
463 Actor3 <= Actor18 [label="RemoveMe(G"];
464 Actor3 <= Actor43 [label="Rumor"];
465 Actor3 <= Actor39 [label="RemoveMe(G"];
466 Actor3 <= Actor62 [label="RemoveMe(G"];
467 Actor3 <= Actor45 [label="RemoveMe(G"];
468 Actor3 <= Actor47 [label="RemoveMe(G"];
469 Actor3 <= Actor67 [label="RemoveMe(G"];
483 Actor3 <= Actor33 [label="RemoveMe(G"];
484 Actor3 <= Actor71 [label="Rumor"];
485 Actor3 <= Actor65 [label="RemoveMe(G"];
486 Actor3 <= Actor71 [label="RemoveMe(G"];
487 Actor3 <= Actor73 [label="RemoveMe(G"];
488 Actor3 <= Actor64 [label="RemoveMe(G"];
489 Actor3 <= Actor66 [label="RemoveMe(G"];
490 Actor3 <= Actor82 [label="RemoveMe(G"];
520 Actor3 <= Actor4 [label="RemoveMe(G"];
521 Actor3 <= Actor100 [label="RemoveMe(G"];
522 Actor3 <= Actor83 [label="RemoveMe(G"];
523 Actor3 <= Actor14 [label="RemoveMe(G"];
524 Actor3 <= Actor20 [label="RemoveMe(G"];
525 Actor3 <= Actor52 [label="RemoveMe(G"];
526 Actor3 <= Actor78 [label="RemoveMe(G"];
527 Actor3 <= Actor54 [label="RemoveMe(G"];
528 Actor3 <= Actor85 [label="RemoveMe(G"];
529 Actor3 <= Actor86 [label="RemoveMe(G"];
530 Actor3 <= Actor87 [label="RemoveMe(G"];
531 Actor3 <= Actor89 [label="RemoveMe(G"];
532 Actor3 <= Actor96 [label="RemoveMe(G"];
533 Actor3 <= Actor92 [label="RemoveMe(G"];
534 Actor3 <= Actor49 [label="RemoveMe(G"];
535 Actor3 <= Actor91 [label="RemoveMe(G"];
562 Actor3 <= Actor6 [label="Rumor"];
791 Actor3 <= Actor6 [label="Rumor"];
827 Actor3 <= Actor6 [label="Rumor"];
830 Actor3 <= Actor6 [label="Rumor"];
831 Actor3 <= Actor9 [label="RemoveMe(G"];
832 Actor3 <= Actor68 [label="RemoveMe(G"];
833 Actor3 <= Actor77 [label="Rumor"];
834 Actor3 <= Actor50 [label="RemoveMe(G"];
835 Actor3 <= Actor74 [label="RemoveMe(G"];
836 Actor3 <= Actor77 [label="RemoveMe(G"];
837 Actor3 <= Actor31 [label="RemoveMe(G"];
838 Actor3 <= Actor23 [label="RemoveMe(G"];
839 Actor3 <= Actor26 [label="RemoveMe(G"];
840 Actor3 <= Actor60 [label="RemoveMe(G"];
841 Actor3 <= Actor61 [label="RemoveMe(G"];
842 Actor3 <= Actor44 [label="RemoveMe(G"];
843 Actor3 <= Actor19 [label="RemoveMe(G"];
844 Actor3 <= Actor43 [label="RemoveMe(G"];
845 Actor3 <= Actor40 [label="RemoveMe(G"];
846 Actor3 <= Actor48 [label="RemoveMe(G"];
847 Actor3 <= Actor56 [label="RemoveMe(G"];
848 Actor3 <= Actor95 [label="RemoveMe(G"];
849 Actor3 <= Actor80 [label="RemoveMe(G"];
850 Actor3 <= Actor22 [label="RemoveMe(G"];
851 Actor3 <= Actor17 [label="RemoveMe(G"];
852 Actor3 <= Actor29 [label="RemoveMe(G"];
853 Actor3 <= Actor30 [label="RemoveMe(G"];
1058 Actor3 <= Actor0 [label="ShutDown"];
