30 Actor30 <= Actor0 [label="Set(Master"];
150 Actor30 <= Actor42 [label="RemoveMe(G"];
189 Actor30 <= Actor24 [label="RemoveMe(G"];
190 Actor30 <= Actor90 [label="RemoveMe(G"];
191 Actor30 <= Actor58 [label="Rumor"];
192 Actor30 => Actor23 [label="Rumor"];
193 Actor30 => Actor30 [label="Remind"];
194 Actor30 <= Actor58 [label="RemoveMe(G"];
195 Actor30 <= Actor63 [label="RemoveMe(G"];
207 Actor30 <= Actor88 [label="RemoveMe(G"];
208 Actor30 <= Actor94 [label="RemoveMe(G"];
209 Actor30 <= Actor70 [label="RemoveMe(G"];
210 Actor30 <= Actor12 [label="RemoveMe(G"];
211 Actor30 <= Actor16 [label="RemoveMe(G"];
380 Actor30 <= Actor37 [label="RemoveMe(G"];
381 Actor30 <= Actor5 [label="RemoveMe(G"];
382 Actor30 <= Actor10 [label="RemoveMe(G"];
383 Actor30 <= Actor59 [label="RemoveMe(G"];
384 Actor30 <= Actor99 [label="RemoveMe(G"];
385 Actor30 <= Actor84 [label="RemoveMe(G"];
386 Actor30 <= Actor93 [label="RemoveMe(G"];
387 Actor30 <= Actor1 [label="RemoveMe(G"];
388 Actor30 <= Actor97 [label="RemoveMe(G"];
389 Actor30 <= Actor27 [label="RemoveMe(G"];
390 Actor30 <= Actor11 [label="RemoveMe(G"];
391 Actor30 <= Actor76 [label="RemoveMe(G"];
392 Actor30 <= Actor32 [label="RemoveMe(G"];
393 Actor30 <= Actor8 [label="RemoveMe(G"];
394 Actor30 <= Actor15 [label="RemoveMe(G"];
395 Actor30 <= Actor28 [label="RemoveMe(G"];
396 Actor30 <= Actor72 [label="RemoveMe(G"];
397 Actor30 <= Actor57 [label="RemoveMe(G"];
398 Actor30 <= Actor7 [label="RemoveMe(G"];
399 Actor30 <= Actor98 [label="RemoveMe(G"];
400 Actor30 <= Actor41 [label="RemoveMe(G"];
401 Actor30 <= Actor38 [label="RemoveMe(G"];
402 Actor30 <= Actor81 [label="RemoveMe(G"];
403 Actor30 <= Actor36 [label="RemoveMe(G"];
419 Actor30 <= Actor13 [label="RemoveMe(G"];
420 Actor30 <= Actor21 [label="RemoveMe(G"];
421 Actor30 <= Actor35 [label="RemoveMe(G"];
422 Actor30 <= Actor55 [label="RemoveMe(G"];
423 Actor30 <= Actor46 [label="Rumor"];
424 Actor30 => Actor2 [label="RemoveMe(G"];
425 Actor30 => Actor3 [label="RemoveMe(G"];
426 Actor30 => Actor4 [label="RemoveMe(G"];
427 Actor30 => Actor6 [label="RemoveMe(G"];
428 Actor30 => Actor9 [label="RemoveMe(G"];
429 Actor30 => Actor14 [label="RemoveMe(G"];
430 Actor30 => Actor17 [label="RemoveMe(G"];
431 Actor30 => Actor18 [label="RemoveMe(G"];
432 Actor30 => Actor19 [label="RemoveMe(G"];
433 Actor30 => Actor20 [label="RemoveMe(G"];
434 Actor30 => Actor22 [label="RemoveMe(G"];
435 Actor30 => Actor23 [label="RemoveMe(G"];
436 Actor30 => Actor25 [label="RemoveMe(G"];
437 Actor30 => Actor26 [label="RemoveMe(G"];
438 Actor30 => Actor29 [label="RemoveMe(G"];
439 Actor30 => Actor31 [label="RemoveMe(G"];
440 Actor30 => Actor33 [label="RemoveMe(G"];
441 Actor30 => Actor34 [label="RemoveMe(G"];
442 Actor30 => Actor39 [label="RemoveMe(G"];
443 Actor30 => Actor40 [label="RemoveMe(G"];
444 Actor30 => Actor43 [label="RemoveMe(G"];
445 Actor30 => Actor44 [label="RemoveMe(G"];
446 Actor30 => Actor45 [label="RemoveMe(G"];
447 Actor30 => Actor46 [label="RemoveMe(G"];
448 Actor30 => Actor47 [label="RemoveMe(G"];
449 Actor30 => Actor48 [label="RemoveMe(G"];
450 Actor30 => Actor49 [label="RemoveMe(G"];
451 Actor30 => Actor50 [label="RemoveMe(G"];
452 Actor30 => Actor51 [label="RemoveMe(G"];
453 Actor30 => Actor52 [label="RemoveMe(G"];
454 Actor30 => Actor53 [label="RemoveMe(G"];
455 Actor30 => Actor54 [label="RemoveMe(G"];
456 Actor30 => Actor56 [label="RemoveMe(G"];
457 Actor30 => Actor60 [label="RemoveMe(G"];
458 Actor30 => Actor61 [label="RemoveMe(G"];
459 Actor30 => Actor62 [label="RemoveMe(G"];
460 Actor30 => Actor64 [label="RemoveMe(G"];
461 Actor30 => Actor65 [label="RemoveMe(G"];
462 Actor30 => Actor66 [label="RemoveMe(G"];
463 Actor30 => Actor67 [label="RemoveMe(G"];
464 Actor30 => Actor68 [label="RemoveMe(G"];
465 Actor30 => Actor69 [label="RemoveMe(G"];
466 Actor30 => Actor71 [label="RemoveMe(G"];
467 Actor30 => Actor73 [label="RemoveMe(G"];
468 Actor30 => Actor74 [label="RemoveMe(G"];
469 Actor30 => Actor75 [label="RemoveMe(G"];
470 Actor30 => Actor77 [label="RemoveMe(G"];
471 Actor30 => Actor78 [label="RemoveMe(G"];
472 Actor30 => Actor79 [label="RemoveMe(G"];
473 Actor30 => Actor80 [label="RemoveMe(G"];
474 Actor30 => Actor82 [label="RemoveMe(G"];
475 Actor30 => Actor83 [label="RemoveMe(G"];
476 Actor30 => Actor85 [label="RemoveMe(G"];
477 Actor30 => Actor86 [label="RemoveMe(G"];
478 Actor30 => Actor87 [label="RemoveMe(G"];
479 Actor30 => Actor89 [label="RemoveMe(G"];
480 Actor30 => Actor91 [label="RemoveMe(G"];
481 Actor30 => Actor92 [label="RemoveMe(G"];
482 Actor30 => Actor95 [label="RemoveMe(G"];
483 Actor30 => Actor96 [label="RemoveMe(G"];
484 Actor30 => Actor100 [label="RemoveMe(G"];
485 Actor30 => Actor0 [label="Finish"];
486 Actor30 <= Actor79 [label="RemoveMe(G"];
487 Actor30 <= Actor34 [label="RemoveMe(G"];
495 Actor30 <= Actor29 [label="Rumor"];
496 Actor30 <= Actor69 [label="RemoveMe(G"];
497 Actor30 <= Actor53 [label="RemoveMe(G"];
498 Actor30 <= Actor30 [label="Remind"];
499 Actor30 <= Actor46 [label="RemoveMe(G"];
500 Actor30 <= Actor75 [label="RemoveMe(G"];
501 Actor30 <= Actor2 [label="RemoveMe(G"];
502 Actor30 <= Actor51 [label="RemoveMe(G"];
503 Actor30 <= Actor25 [label="RemoveMe(G"];
504 Actor30 <= Actor18 [label="RemoveMe(G"];
505 Actor30 <= Actor39 [label="RemoveMe(G"];
506 Actor30 <= Actor19 [label="Rumor"];
507 Actor30 <= Actor19 [label="Rumor"];
508 Actor30 <= Actor45 [label="RemoveMe(G"];
509 Actor30 <= Actor47 [label="RemoveMe(G"];
510 Actor30 <= Actor62 [label="RemoveMe(G"];
511 Actor30 <= Actor67 [label="RemoveMe(G"];
512 Actor30 <= Actor33 [label="RemoveMe(G"];
513 Actor30 <= Actor65 [label="RemoveMe(G"];
514 Actor30 <= Actor71 [label="RemoveMe(G"];
515 Actor30 <= Actor73 [label="RemoveMe(G"];
516 Actor30 <= Actor64 [label="RemoveMe(G"];
517 Actor30 <= Actor66 [label="RemoveMe(G"];
518 Actor30 <= Actor82 [label="RemoveMe(G"];
531 Actor30 <= Actor4 [label="RemoveMe(G"];
532 Actor30 <= Actor100 [label="RemoveMe(G"];
533 Actor30 <= Actor83 [label="RemoveMe(G"];
534 Actor30 <= Actor14 [label="RemoveMe(G"];
535 Actor30 <= Actor20 [label="RemoveMe(G"];
536 Actor30 <= Actor52 [label="RemoveMe(G"];
537 Actor30 <= Actor78 [label="RemoveMe(G"];
538 Actor30 <= Actor54 [label="RemoveMe(G"];
539 Actor30 <= Actor85 [label="RemoveMe(G"];
540 Actor30 <= Actor86 [label="RemoveMe(G"];
541 Actor30 <= Actor87 [label="RemoveMe(G"];
542 Actor30 <= Actor89 [label="RemoveMe(G"];
543 Actor30 <= Actor92 [label="RemoveMe(G"];
544 Actor30 <= Actor96 [label="RemoveMe(G"];
545 Actor30 <= Actor49 [label="RemoveMe(G"];
546 Actor30 <= Actor91 [label="RemoveMe(G"];
722 Actor30 <= Actor6 [label="Rumor"];
734 Actor30 <= Actor6 [label="Rumor"];
749 Actor30 <= Actor6 [label="Rumor"];
779 Actor30 <= Actor6 [label="Rumor"];
780 Actor30 <= Actor9 [label="Rumor"];
818 Actor30 <= Actor6 [label="Rumor"];
819 Actor30 <= Actor9 [label="RemoveMe(G"];
820 Actor30 <= Actor68 [label="RemoveMe(G"];
821 Actor30 <= Actor50 [label="RemoveMe(G"];
822 Actor30 <= Actor74 [label="RemoveMe(G"];
823 Actor30 <= Actor77 [label="RemoveMe(G"];
824 Actor30 <= Actor3 [label="RemoveMe(G"];
825 Actor30 <= Actor31 [label="RemoveMe(G"];
826 Actor30 <= Actor23 [label="RemoveMe(G"];
827 Actor30 <= Actor26 [label="RemoveMe(G"];
828 Actor30 <= Actor60 [label="RemoveMe(G"];
829 Actor30 <= Actor61 [label="RemoveMe(G"];
830 Actor30 <= Actor44 [label="RemoveMe(G"];
831 Actor30 <= Actor19 [label="RemoveMe(G"];
832 Actor30 <= Actor40 [label="RemoveMe(G"];
833 Actor30 <= Actor48 [label="RemoveMe(G"];
834 Actor30 <= Actor56 [label="RemoveMe(G"];
835 Actor30 <= Actor43 [label="RemoveMe(G"];
836 Actor30 <= Actor95 [label="RemoveMe(G"];
837 Actor30 <= Actor80 [label="RemoveMe(G"];
838 Actor30 <= Actor22 [label="RemoveMe(G"];
901 Actor30 <= Actor6 [label="Rumor"];
904 Actor30 <= Actor6 [label="Rumor"];
919 Actor30 <= Actor6 [label="Rumor"];
920 Actor30 <= Actor17 [label="RemoveMe(G"];
944 Actor30 <= Actor6 [label="Rumor"];
950 Actor30 <= Actor6 [label="Rumor"];
956 Actor30 <= Actor6 [label="Rumor"];
959 Actor30 <= Actor6 [label="Rumor"];
965 Actor30 <= Actor6 [label="Rumor"];
968 Actor30 <= Actor6 [label="Rumor"];
974 Actor30 <= Actor6 [label="Rumor"];
980 Actor30 <= Actor6 [label="Rumor"];
989 Actor30 <= Actor6 [label="Rumor"];
992 Actor30 <= Actor6 [label="Rumor"];
995 Actor30 <= Actor6 [label="Rumor"];
998 Actor30 <= Actor6 [label="Rumor"];
1004 Actor30 <= Actor6 [label="Rumor"];
1007 Actor30 <= Actor6 [label="Rumor"];
1016 Actor30 <= Actor6 [label="Rumor"];
1019 Actor30 <= Actor6 [label="Rumor"];
1022 Actor30 <= Actor6 [label="Rumor"];
1025 Actor30 <= Actor6 [label="Rumor"];
1028 Actor30 <= Actor6 [label="Rumor"];
1034 Actor30 <= Actor6 [label="Rumor"];
1037 Actor30 <= Actor6 [label="Rumor"];
1043 Actor30 <= Actor6 [label="Rumor"];
1044 Actor30 <= Actor29 [label="RemoveMe(G"];
1050 Actor30 <= Actor6 [label="Rumor"];
1085 Actor30 <= Actor0 [label="ShutDown"];
