31 Actor31 <= Actor0 [label="Set(Master"];
173 Actor31 <= Actor53 [label="Rumor"];
174 Actor31 => Actor7 [label="Rumor"];
175 Actor31 => Actor31 [label="Remind"];
176 Actor31 <= Actor42 [label="RemoveMe(G"];
190 Actor31 <= Actor24 [label="RemoveMe(G"];
191 Actor31 <= Actor90 [label="RemoveMe(G"];
195 Actor31 <= Actor58 [label="RemoveMe(G"];
196 Actor31 <= Actor63 [label="RemoveMe(G"];
208 Actor31 <= Actor88 [label="RemoveMe(G"];
209 Actor31 <= Actor94 [label="RemoveMe(G"];
210 Actor31 <= Actor70 [label="RemoveMe(G"];
211 Actor31 <= Actor12 [label="RemoveMe(G"];
212 Actor31 <= Actor16 [label="RemoveMe(G"];
381 Actor31 <= Actor37 [label="RemoveMe(G"];
382 Actor31 <= Actor5 [label="RemoveMe(G"];
383 Actor31 <= Actor10 [label="RemoveMe(G"];
384 Actor31 <= Actor59 [label="RemoveMe(G"];
385 Actor31 <= Actor99 [label="RemoveMe(G"];
386 Actor31 <= Actor84 [label="RemoveMe(G"];
412 Actor31 <= Actor6 [label="Rumor"];
413 Actor31 => Actor1 [label="RemoveMe(G"];
414 Actor31 => Actor2 [label="RemoveMe(G"];
415 Actor31 => Actor3 [label="RemoveMe(G"];
416 Actor31 => Actor4 [label="RemoveMe(G"];
417 Actor31 => Actor6 [label="RemoveMe(G"];
418 Actor31 => Actor7 [label="RemoveMe(G"];
419 Actor31 => Actor8 [label="RemoveMe(G"];
420 Actor31 => Actor9 [label="RemoveMe(G"];
421 Actor31 => Actor11 [label="RemoveMe(G"];
422 Actor31 => Actor13 [label="RemoveMe(G"];
423 Actor31 => Actor14 [label="RemoveMe(G"];
424 Actor31 => Actor15 [label="RemoveMe(G"];
425 Actor31 => Actor17 [label="RemoveMe(G"];
426 Actor31 => Actor18 [label="RemoveMe(G"];
427 Actor31 => Actor19 [label="RemoveMe(G"];
428 Actor31 => Actor20 [label="RemoveMe(G"];
429 Actor31 => Actor21 [label="RemoveMe(G"];
430 Actor31 => Actor22 [label="RemoveMe(G"];
431 Actor31 => Actor23 [label="RemoveMe(G"];
432 Actor31 => Actor25 [label="RemoveMe(G"];
433 Actor31 => Actor26 [label="RemoveMe(G"];
434 Actor31 => Actor27 [label="RemoveMe(G"];
435 Actor31 => Actor28 [label="RemoveMe(G"];
436 Actor31 => Actor29 [label="RemoveMe(G"];
437 Actor31 => Actor30 [label="RemoveMe(G"];
438 Actor31 => Actor32 [label="RemoveMe(G"];
439 Actor31 => Actor33 [label="RemoveMe(G"];
440 Actor31 => Actor34 [label="RemoveMe(G"];
441 Actor31 => Actor35 [label="RemoveMe(G"];
442 Actor31 => Actor36 [label="RemoveMe(G"];
443 Actor31 => Actor38 [label="RemoveMe(G"];
444 Actor31 => Actor39 [label="RemoveMe(G"];
445 Actor31 => Actor40 [label="RemoveMe(G"];
446 Actor31 => Actor41 [label="RemoveMe(G"];
447 Actor31 => Actor43 [label="RemoveMe(G"];
448 Actor31 => Actor44 [label="RemoveMe(G"];
449 Actor31 => Actor45 [label="RemoveMe(G"];
450 Actor31 => Actor46 [label="RemoveMe(G"];
451 Actor31 => Actor47 [label="RemoveMe(G"];
452 Actor31 => Actor48 [label="RemoveMe(G"];
453 Actor31 => Actor49 [label="RemoveMe(G"];
454 Actor31 => Actor50 [label="RemoveMe(G"];
455 Actor31 => Actor51 [label="RemoveMe(G"];
456 Actor31 => Actor52 [label="RemoveMe(G"];
457 Actor31 => Actor53 [label="RemoveMe(G"];
458 Actor31 => Actor54 [label="RemoveMe(G"];
459 Actor31 => Actor55 [label="RemoveMe(G"];
460 Actor31 => Actor56 [label="RemoveMe(G"];
461 Actor31 => Actor57 [label="RemoveMe(G"];
462 Actor31 => Actor60 [label="RemoveMe(G"];
463 Actor31 => Actor61 [label="RemoveMe(G"];
464 Actor31 => Actor62 [label="RemoveMe(G"];
465 Actor31 => Actor64 [label="RemoveMe(G"];
466 Actor31 => Actor65 [label="RemoveMe(G"];
467 Actor31 => Actor66 [label="RemoveMe(G"];
468 Actor31 => Actor67 [label="RemoveMe(G"];
469 Actor31 => Actor68 [label="RemoveMe(G"];
470 Actor31 => Actor69 [label="RemoveMe(G"];
471 Actor31 => Actor71 [label="RemoveMe(G"];
472 Actor31 => Actor72 [label="RemoveMe(G"];
473 Actor31 => Actor73 [label="RemoveMe(G"];
474 Actor31 => Actor74 [label="RemoveMe(G"];
475 Actor31 => Actor75 [label="RemoveMe(G"];
476 Actor31 => Actor76 [label="RemoveMe(G"];
477 Actor31 => Actor77 [label="RemoveMe(G"];
478 Actor31 => Actor78 [label="RemoveMe(G"];
479 Actor31 => Actor79 [label="RemoveMe(G"];
480 Actor31 => Actor80 [label="RemoveMe(G"];
481 Actor31 => Actor81 [label="RemoveMe(G"];
482 Actor31 => Actor82 [label="RemoveMe(G"];
483 Actor31 => Actor83 [label="RemoveMe(G"];
484 Actor31 => Actor85 [label="RemoveMe(G"];
485 Actor31 => Actor86 [label="RemoveMe(G"];
486 Actor31 => Actor87 [label="RemoveMe(G"];
487 Actor31 => Actor89 [label="RemoveMe(G"];
488 Actor31 => Actor91 [label="RemoveMe(G"];
489 Actor31 => Actor92 [label="RemoveMe(G"];
490 Actor31 => Actor93 [label="RemoveMe(G"];
491 Actor31 => Actor95 [label="RemoveMe(G"];
492 Actor31 => Actor96 [label="RemoveMe(G"];
493 Actor31 => Actor97 [label="RemoveMe(G"];
494 Actor31 => Actor98 [label="RemoveMe(G"];
495 Actor31 => Actor100 [label="RemoveMe(G"];
496 Actor31 => Actor0 [label="Finish"];
497 Actor31 <= Actor93 [label="RemoveMe(G"];
498 Actor31 <= Actor1 [label="RemoveMe(G"];
499 Actor31 <= Actor97 [label="RemoveMe(G"];
500 Actor31 <= Actor27 [label="RemoveMe(G"];
501 Actor31 <= Actor11 [label="RemoveMe(G"];
502 Actor31 <= Actor76 [label="RemoveMe(G"];
503 Actor31 <= Actor32 [label="RemoveMe(G"];
504 Actor31 <= Actor8 [label="RemoveMe(G"];
505 Actor31 <= Actor15 [label="Rumor"];
506 Actor31 <= Actor28 [label="RemoveMe(G"];
507 Actor31 <= Actor72 [label="RemoveMe(G"];
508 Actor31 <= Actor57 [label="RemoveMe(G"];
509 Actor31 <= Actor7 [label="RemoveMe(G"];
510 Actor31 <= Actor98 [label="RemoveMe(G"];
511 Actor31 <= Actor41 [label="RemoveMe(G"];
512 Actor31 <= Actor38 [label="RemoveMe(G"];
513 Actor31 <= Actor15 [label="RemoveMe(G"];
514 Actor31 <= Actor81 [label="RemoveMe(G"];
515 Actor31 <= Actor36 [label="RemoveMe(G"];
516 Actor31 <= Actor31 [label="Remind"];
517 Actor31 <= Actor29 [label="Rumor"];
518 Actor31 <= Actor13 [label="RemoveMe(G"];
519 Actor31 <= Actor21 [label="RemoveMe(G"];
520 Actor31 <= Actor35 [label="RemoveMe(G"];
521 Actor31 <= Actor55 [label="RemoveMe(G"];
522 Actor31 <= Actor79 [label="RemoveMe(G"];
523 Actor31 <= Actor34 [label="RemoveMe(G"];
524 Actor31 <= Actor69 [label="RemoveMe(G"];
525 Actor31 <= Actor53 [label="RemoveMe(G"];
526 Actor31 <= Actor46 [label="RemoveMe(G"];
527 Actor31 <= Actor75 [label="RemoveMe(G"];
528 Actor31 <= Actor2 [label="RemoveMe(G"];
529 Actor31 <= Actor51 [label="RemoveMe(G"];
530 Actor31 <= Actor25 [label="RemoveMe(G"];
531 Actor31 <= Actor18 [label="RemoveMe(G"];
532 Actor31 <= Actor39 [label="RemoveMe(G"];
533 Actor31 <= Actor45 [label="RemoveMe(G"];
534 Actor31 <= Actor47 [label="RemoveMe(G"];
535 Actor31 <= Actor62 [label="RemoveMe(G"];
536 Actor31 <= Actor67 [label="RemoveMe(G"];
537 Actor31 <= Actor33 [label="RemoveMe(G"];
538 Actor31 <= Actor65 [label="RemoveMe(G"];
539 Actor31 <= Actor71 [label="RemoveMe(G"];
540 Actor31 <= Actor73 [label="RemoveMe(G"];
541 Actor31 <= Actor64 [label="RemoveMe(G"];
542 Actor31 <= Actor66 [label="RemoveMe(G"];
543 Actor31 <= Actor82 [label="RemoveMe(G"];
544 Actor31 <= Actor4 [label="RemoveMe(G"];
545 Actor31 <= Actor100 [label="RemoveMe(G"];
546 Actor31 <= Actor83 [label="RemoveMe(G"];
547 Actor31 <= Actor14 [label="RemoveMe(G"];
548 Actor31 <= Actor20 [label="RemoveMe(G"];
549 Actor31 <= Actor52 [label="RemoveMe(G"];
550 Actor31 <= Actor78 [label="RemoveMe(G"];
551 Actor31 <= Actor54 [label="RemoveMe(G"];
552 Actor31 <= Actor85 [label="RemoveMe(G"];
553 Actor31 <= Actor86 [label="RemoveMe(G"];
554 Actor31 <= Actor87 [label="RemoveMe(G"];
555 Actor31 <= Actor89 [label="RemoveMe(G"];
556 Actor31 <= Actor92 [label="RemoveMe(G"];
557 Actor31 <= Actor96 [label="RemoveMe(G"];
558 Actor31 <= Actor49 [label="RemoveMe(G"];
559 Actor31 <= Actor6 [label="Rumor"];
560 Actor31 <= Actor91 [label="RemoveMe(G"];
743 Actor31 <= Actor6 [label="Rumor"];
752 Actor31 <= Actor6 [label="Rumor"];
753 Actor31 <= Actor9 [label="RemoveMe(G"];
754 Actor31 <= Actor68 [label="RemoveMe(G"];
755 Actor31 <= Actor50 [label="RemoveMe(G"];
756 Actor31 <= Actor74 [label="RemoveMe(G"];
757 Actor31 <= Actor77 [label="RemoveMe(G"];
758 Actor31 <= Actor3 [label="RemoveMe(G"];
759 Actor31 <= Actor23 [label="RemoveMe(G"];
760 Actor31 <= Actor26 [label="RemoveMe(G"];
761 Actor31 <= Actor60 [label="RemoveMe(G"];
762 Actor31 <= Actor61 [label="RemoveMe(G"];
763 Actor31 <= Actor44 [label="RemoveMe(G"];
764 Actor31 <= Actor19 [label="RemoveMe(G"];
788 Actor31 <= Actor40 [label="RemoveMe(G"];
789 Actor31 <= Actor48 [label="RemoveMe(G"];
790 Actor31 <= Actor56 [label="RemoveMe(G"];
791 Actor31 <= Actor43 [label="RemoveMe(G"];
792 Actor31 <= Actor95 [label="RemoveMe(G"];
793 Actor31 <= Actor80 [label="RemoveMe(G"];
794 Actor31 <= Actor22 [label="RemoveMe(G"];
795 Actor31 <= Actor17 [label="RemoveMe(G"];
796 Actor31 <= Actor29 [label="RemoveMe(G"];
797 Actor31 <= Actor30 [label="RemoveMe(G"];
1086 Actor31 <= Actor0 [label="ShutDown"];
