32 Actor32 <= Actor0 [label="Set(Master"];
131 Actor32 <= Actor53 [label="Rumor"];
132 Actor32 => Actor96 [label="Rumor"];
133 Actor32 => Actor32 [label="Remind"];
152 Actor32 <= Actor42 [label="RemoveMe(G"];
153 Actor32 <= Actor24 [label="Rumor"];
154 Actor32 => Actor1 [label="RemoveMe(G"];
155 Actor32 => Actor2 [label="RemoveMe(G"];
156 Actor32 => Actor3 [label="RemoveMe(G"];
157 Actor32 => Actor4 [label="RemoveMe(G"];
158 Actor32 => Actor5 [label="RemoveMe(G"];
159 Actor32 => Actor6 [label="RemoveMe(G"];
160 Actor32 => Actor7 [label="RemoveMe(G"];
161 Actor32 => Actor8 [label="RemoveMe(G"];
162 Actor32 => Actor9 [label="RemoveMe(G"];
163 Actor32 => Actor10 [label="RemoveMe(G"];
164 Actor32 => Actor11 [label="RemoveMe(G"];
165 Actor32 => Actor12 [label="RemoveMe(G"];
166 Actor32 => Actor13 [label="RemoveMe(G"];
167 Actor32 => Actor14 [label="RemoveMe(G"];
168 Actor32 => Actor15 [label="RemoveMe(G"];
169 Actor32 => Actor16 [label="RemoveMe(G"];
170 Actor32 => Actor17 [label="RemoveMe(G"];
171 Actor32 => Actor18 [label="RemoveMe(G"];
172 Actor32 => Actor19 [label="RemoveMe(G"];
173 Actor32 => Actor20 [label="RemoveMe(G"];
174 Actor32 => Actor21 [label="RemoveMe(G"];
175 Actor32 => Actor22 [label="RemoveMe(G"];
176 Actor32 => Actor23 [label="RemoveMe(G"];
177 Actor32 => Actor24 [label="RemoveMe(G"];
178 Actor32 => Actor25 [label="RemoveMe(G"];
179 Actor32 => Actor26 [label="RemoveMe(G"];
180 Actor32 => Actor27 [label="RemoveMe(G"];
181 Actor32 => Actor28 [label="RemoveMe(G"];
182 Actor32 => Actor29 [label="RemoveMe(G"];
183 Actor32 => Actor30 [label="RemoveMe(G"];
184 Actor32 => Actor31 [label="RemoveMe(G"];
185 Actor32 => Actor33 [label="RemoveMe(G"];
186 Actor32 => Actor34 [label="RemoveMe(G"];
187 Actor32 => Actor35 [label="RemoveMe(G"];
188 Actor32 => Actor36 [label="RemoveMe(G"];
189 Actor32 => Actor37 [label="RemoveMe(G"];
190 Actor32 => Actor38 [label="RemoveMe(G"];
191 Actor32 => Actor39 [label="RemoveMe(G"];
192 Actor32 => Actor40 [label="RemoveMe(G"];
193 Actor32 => Actor41 [label="RemoveMe(G"];
194 Actor32 => Actor43 [label="RemoveMe(G"];
195 Actor32 => Actor44 [label="RemoveMe(G"];
196 Actor32 => Actor45 [label="RemoveMe(G"];
197 Actor32 => Actor46 [label="RemoveMe(G"];
198 Actor32 => Actor47 [label="RemoveMe(G"];
199 Actor32 => Actor48 [label="RemoveMe(G"];
200 Actor32 => Actor49 [label="RemoveMe(G"];
201 Actor32 => Actor50 [label="RemoveMe(G"];
202 Actor32 => Actor51 [label="RemoveMe(G"];
203 Actor32 => Actor52 [label="RemoveMe(G"];
204 Actor32 => Actor53 [label="RemoveMe(G"];
205 Actor32 => Actor54 [label="RemoveMe(G"];
206 Actor32 => Actor55 [label="RemoveMe(G"];
207 Actor32 => Actor56 [label="RemoveMe(G"];
208 Actor32 => Actor57 [label="RemoveMe(G"];
209 Actor32 => Actor58 [label="RemoveMe(G"];
210 Actor32 => Actor59 [label="RemoveMe(G"];
211 Actor32 => Actor60 [label="RemoveMe(G"];
212 Actor32 => Actor61 [label="RemoveMe(G"];
213 Actor32 => Actor62 [label="RemoveMe(G"];
214 Actor32 => Actor63 [label="RemoveMe(G"];
215 Actor32 => Actor64 [label="RemoveMe(G"];
216 Actor32 => Actor65 [label="RemoveMe(G"];
217 Actor32 => Actor66 [label="RemoveMe(G"];
218 Actor32 => Actor67 [label="RemoveMe(G"];
219 Actor32 => Actor68 [label="RemoveMe(G"];
220 Actor32 => Actor69 [label="RemoveMe(G"];
221 Actor32 => Actor70 [label="RemoveMe(G"];
222 Actor32 => Actor71 [label="RemoveMe(G"];
223 Actor32 => Actor72 [label="RemoveMe(G"];
224 Actor32 => Actor73 [label="RemoveMe(G"];
225 Actor32 => Actor74 [label="RemoveMe(G"];
226 Actor32 => Actor75 [label="RemoveMe(G"];
227 Actor32 => Actor76 [label="RemoveMe(G"];
228 Actor32 => Actor77 [label="RemoveMe(G"];
229 Actor32 => Actor78 [label="RemoveMe(G"];
230 Actor32 => Actor79 [label="RemoveMe(G"];
231 Actor32 => Actor80 [label="RemoveMe(G"];
232 Actor32 => Actor81 [label="RemoveMe(G"];
233 Actor32 => Actor82 [label="RemoveMe(G"];
234 Actor32 => Actor83 [label="RemoveMe(G"];
235 Actor32 => Actor84 [label="RemoveMe(G"];
236 Actor32 => Actor85 [label="RemoveMe(G"];
237 Actor32 => Actor86 [label="RemoveMe(G"];
238 Actor32 => Actor87 [label="RemoveMe(G"];
239 Actor32 => Actor88 [label="RemoveMe(G"];
240 Actor32 => Actor89 [label="RemoveMe(G"];
241 Actor32 => Actor90 [label="RemoveMe(G"];
242 Actor32 => Actor91 [label="RemoveMe(G"];
243 Actor32 => Actor92 [label="RemoveMe(G"];
244 Actor32 => Actor93 [label="RemoveMe(G"];
245 Actor32 => Actor94 [label="RemoveMe(G"];
246 Actor32 => Actor95 [label="RemoveMe(G"];
247 Actor32 => Actor96 [label="RemoveMe(G"];
248 Actor32 => Actor97 [label="RemoveMe(G"];
249 Actor32 => Actor98 [label="RemoveMe(G"];
250 Actor32 => Actor99 [label="RemoveMe(G"];
251 Actor32 => Actor100 [label="RemoveMe(G"];
252 Actor32 => Actor0 [label="Finish"];
253 Actor32 <= Actor24 [label="RemoveMe(G"];
254 Actor32 <= Actor90 [label="RemoveMe(G"];
255 Actor32 <= Actor63 [label="RemoveMe(G"];
256 Actor32 <= Actor58 [label="RemoveMe(G"];
257 Actor32 <= Actor88 [label="RemoveMe(G"];
258 Actor32 <= Actor94 [label="RemoveMe(G"];
259 Actor32 <= Actor70 [label="RemoveMe(G"];
260 Actor32 <= Actor12 [label="RemoveMe(G"];
261 Actor32 <= Actor16 [label="RemoveMe(G"];
382 Actor32 <= Actor37 [label="RemoveMe(G"];
383 Actor32 <= Actor5 [label="RemoveMe(G"];
384 Actor32 <= Actor10 [label="RemoveMe(G"];
385 Actor32 <= Actor59 [label="RemoveMe(G"];
386 Actor32 <= Actor99 [label="RemoveMe(G"];
387 Actor32 <= Actor84 [label="RemoveMe(G"];
445 Actor32 <= Actor6 [label="Rumor"];
446 Actor32 <= Actor93 [label="RemoveMe(G"];
447 Actor32 <= Actor1 [label="RemoveMe(G"];
448 Actor32 <= Actor97 [label="RemoveMe(G"];
449 Actor32 <= Actor32 [label="Remind"];
450 Actor32 <= Actor27 [label="RemoveMe(G"];
451 Actor32 <= Actor11 [label="RemoveMe(G"];
452 Actor32 <= Actor76 [label="RemoveMe(G"];
453 Actor32 <= Actor8 [label="RemoveMe(G"];
454 Actor32 <= Actor28 [label="RemoveMe(G"];
455 Actor32 <= Actor72 [label="RemoveMe(G"];
456 Actor32 <= Actor57 [label="RemoveMe(G"];
457 Actor32 <= Actor7 [label="RemoveMe(G"];
458 Actor32 <= Actor98 [label="RemoveMe(G"];
459 Actor32 <= Actor41 [label="RemoveMe(G"];
460 Actor32 <= Actor38 [label="RemoveMe(G"];
461 Actor32 <= Actor15 [label="RemoveMe(G"];
462 Actor32 <= Actor81 [label="RemoveMe(G"];
463 Actor32 <= Actor36 [label="RemoveMe(G"];
464 Actor32 <= Actor13 [label="RemoveMe(G"];
465 Actor32 <= Actor21 [label="RemoveMe(G"];
466 Actor32 <= Actor35 [label="RemoveMe(G"];
467 Actor32 <= Actor55 [label="RemoveMe(G"];
468 Actor32 <= Actor79 [label="RemoveMe(G"];
469 Actor32 <= Actor34 [label="RemoveMe(G"];
470 Actor32 <= Actor69 [label="RemoveMe(G"];
471 Actor32 <= Actor53 [label="RemoveMe(G"];
472 Actor32 <= Actor46 [label="RemoveMe(G"];
473 Actor32 <= Actor75 [label="RemoveMe(G"];
474 Actor32 <= Actor2 [label="RemoveMe(G"];
475 Actor32 <= Actor51 [label="RemoveMe(G"];
476 Actor32 <= Actor25 [label="RemoveMe(G"];
477 Actor32 <= Actor18 [label="RemoveMe(G"];
478 Actor32 <= Actor39 [label="RemoveMe(G"];
479 Actor32 <= Actor45 [label="RemoveMe(G"];
480 Actor32 <= Actor47 [label="RemoveMe(G"];
481 Actor32 <= Actor62 [label="RemoveMe(G"];
482 Actor32 <= Actor67 [label="RemoveMe(G"];
483 Actor32 <= Actor65 [label="RemoveMe(G"];
484 Actor32 <= Actor71 [label="RemoveMe(G"];
485 Actor32 <= Actor66 [label="RemoveMe(G"];
486 Actor32 <= Actor82 [label="RemoveMe(G"];
487 Actor32 <= Actor100 [label="RemoveMe(G"];
488 Actor32 <= Actor14 [label="RemoveMe(G"];
489 Actor32 <= Actor52 [label="RemoveMe(G"];
490 Actor32 <= Actor78 [label="RemoveMe(G"];
491 Actor32 <= Actor54 [label="RemoveMe(G"];
492 Actor32 <= Actor86 [label="RemoveMe(G"];
493 Actor32 <= Actor87 [label="RemoveMe(G"];
494 Actor32 <= Actor89 [label="RemoveMe(G"];
495 Actor32 <= Actor96 [label="RemoveMe(G"];
496 Actor32 <= Actor49 [label="RemoveMe(G"];
497 Actor32 <= Actor91 [label="RemoveMe(G"];
498 Actor32 <= Actor68 [label="RemoveMe(G"];
499 Actor32 <= Actor74 [label="RemoveMe(G"];
500 Actor32 <= Actor3 [label="RemoveMe(G"];
501 Actor32 <= Actor31 [label="RemoveMe(G"];
502 Actor32 <= Actor23 [label="RemoveMe(G"];
503 Actor32 <= Actor60 [label="RemoveMe(G"];
504 Actor32 <= Actor61 [label="RemoveMe(G"];
505 Actor32 <= Actor56 [label="RemoveMe(G"];
1087 Actor32 <= Actor0 [label="ShutDown"];
