33 Actor33 <= Actor0 [label="Set(Master"];
153 Actor33 <= Actor42 [label="RemoveMe(G"];
192 Actor33 <= Actor24 [label="RemoveMe(G"];
193 Actor33 <= Actor90 [label="RemoveMe(G"];
194 Actor33 <= Actor63 [label="RemoveMe(G"];
197 Actor33 <= Actor58 [label="RemoveMe(G"];
198 Actor33 <= Actor94 [label="RemoveMe(G"];
199 Actor33 <= Actor70 [label="RemoveMe(G"];
210 Actor33 <= Actor88 [label="RemoveMe(G"];
211 Actor33 <= Actor12 [label="RemoveMe(G"];
212 Actor33 <= Actor16 [label="RemoveMe(G"];
383 Actor33 <= Actor37 [label="RemoveMe(G"];
384 Actor33 <= Actor5 [label="RemoveMe(G"];
385 Actor33 <= Actor10 [label="RemoveMe(G"];
386 Actor33 <= Actor59 [label="RemoveMe(G"];
387 Actor33 <= Actor99 [label="RemoveMe(G"];
388 Actor33 <= Actor84 [label="RemoveMe(G"];
439 Actor33 <= Actor6 [label="Rumor"];
440 Actor33 => Actor52 [label="Rumor"];
441 Actor33 => Actor33 [label="Remind"];
442 Actor33 <= Actor93 [label="RemoveMe(G"];
443 Actor33 <= Actor1 [label="RemoveMe(G"];
444 Actor33 <= Actor97 [label="RemoveMe(G"];
445 Actor33 <= Actor27 [label="RemoveMe(G"];
446 Actor33 <= Actor11 [label="RemoveMe(G"];
447 Actor33 <= Actor76 [label="RemoveMe(G"];
448 Actor33 <= Actor32 [label="RemoveMe(G"];
449 Actor33 <= Actor8 [label="RemoveMe(G"];
450 Actor33 <= Actor28 [label="RemoveMe(G"];
451 Actor33 <= Actor72 [label="RemoveMe(G"];
452 Actor33 <= Actor57 [label="RemoveMe(G"];
453 Actor33 <= Actor7 [label="RemoveMe(G"];
454 Actor33 <= Actor98 [label="RemoveMe(G"];
455 Actor33 <= Actor41 [label="RemoveMe(G"];
456 Actor33 <= Actor38 [label="RemoveMe(G"];
457 Actor33 <= Actor15 [label="RemoveMe(G"];
458 Actor33 <= Actor81 [label="RemoveMe(G"];
459 Actor33 <= Actor36 [label="RemoveMe(G"];
460 Actor33 <= Actor13 [label="RemoveMe(G"];
461 Actor33 <= Actor21 [label="RemoveMe(G"];
462 Actor33 <= Actor35 [label="RemoveMe(G"];
463 Actor33 <= Actor55 [label="RemoveMe(G"];
464 Actor33 <= Actor79 [label="RemoveMe(G"];
465 Actor33 <= Actor34 [label="RemoveMe(G"];
466 Actor33 <= Actor69 [label="RemoveMe(G"];
467 Actor33 <= Actor53 [label="RemoveMe(G"];
468 Actor33 <= Actor46 [label="RemoveMe(G"];
469 Actor33 <= Actor75 [label="RemoveMe(G"];
470 Actor33 <= Actor2 [label="RemoveMe(G"];
471 Actor33 <= Actor51 [label="RemoveMe(G"];
472 Actor33 <= Actor25 [label="RemoveMe(G"];
473 Actor33 <= Actor18 [label="RemoveMe(G"];
474 Actor33 <= Actor39 [label="RemoveMe(G"];
475 Actor33 <= Actor45 [label="RemoveMe(G"];
476 Actor33 <= Actor47 [label="RemoveMe(G"];
477 Actor33 <= Actor33 [label="Remind"];
478 Actor33 => Actor48 [label="Rumor"];
479 Actor33 => Actor33 [label="Remind"];
480 Actor33 <= Actor62 [label="RemoveMe(G"];
481 Actor33 <= Actor67 [label="Rumor"];
482 Actor33 => Actor3 [label="RemoveMe(G"];
483 Actor33 => Actor4 [label="RemoveMe(G"];
484 Actor33 => Actor6 [label="RemoveMe(G"];
485 Actor33 => Actor9 [label="RemoveMe(G"];
486 Actor33 => Actor14 [label="RemoveMe(G"];
487 Actor33 => Actor17 [label="RemoveMe(G"];
488 Actor33 => Actor19 [label="RemoveMe(G"];
489 Actor33 => Actor20 [label="RemoveMe(G"];
490 Actor33 => Actor22 [label="RemoveMe(G"];
491 Actor33 => Actor23 [label="RemoveMe(G"];
492 Actor33 => Actor26 [label="RemoveMe(G"];
493 Actor33 => Actor29 [label="RemoveMe(G"];
494 Actor33 => Actor30 [label="RemoveMe(G"];
495 Actor33 => Actor31 [label="RemoveMe(G"];
496 Actor33 => Actor40 [label="RemoveMe(G"];
497 Actor33 => Actor43 [label="RemoveMe(G"];
498 Actor33 => Actor44 [label="RemoveMe(G"];
499 Actor33 => Actor48 [label="RemoveMe(G"];
500 Actor33 => Actor49 [label="RemoveMe(G"];
501 Actor33 => Actor50 [label="RemoveMe(G"];
502 Actor33 => Actor52 [label="RemoveMe(G"];
503 Actor33 => Actor54 [label="RemoveMe(G"];
504 Actor33 => Actor56 [label="RemoveMe(G"];
505 Actor33 => Actor60 [label="RemoveMe(G"];
506 Actor33 => Actor61 [label="RemoveMe(G"];
507 Actor33 => Actor64 [label="RemoveMe(G"];
508 Actor33 => Actor65 [label="RemoveMe(G"];
509 Actor33 => Actor66 [label="RemoveMe(G"];
510 Actor33 => Actor67 [label="RemoveMe(G"];
511 Actor33 => Actor68 [label="RemoveMe(G"];
512 Actor33 => Actor71 [label="RemoveMe(G"];
513 Actor33 => Actor73 [label="RemoveMe(G"];
514 Actor33 => Actor74 [label="RemoveMe(G"];
515 Actor33 => Actor77 [label="RemoveMe(G"];
516 Actor33 => Actor78 [label="RemoveMe(G"];
517 Actor33 => Actor80 [label="RemoveMe(G"];
518 Actor33 => Actor82 [label="RemoveMe(G"];
519 Actor33 => Actor83 [label="RemoveMe(G"];
520 Actor33 => Actor85 [label="RemoveMe(G"];
521 Actor33 => Actor86 [label="RemoveMe(G"];
522 Actor33 => Actor87 [label="RemoveMe(G"];
523 Actor33 => Actor89 [label="RemoveMe(G"];
524 Actor33 => Actor91 [label="RemoveMe(G"];
525 Actor33 => Actor92 [label="RemoveMe(G"];
526 Actor33 => Actor95 [label="RemoveMe(G"];
527 Actor33 => Actor96 [label="RemoveMe(G"];
528 Actor33 => Actor100 [label="RemoveMe(G"];
529 Actor33 => Actor0 [label="Finish"];
530 Actor33 <= Actor67 [label="RemoveMe(G"];
531 Actor33 <= Actor33 [label="Remind"];
532 Actor33 <= Actor65 [label="RemoveMe(G"];
533 Actor33 <= Actor71 [label="RemoveMe(G"];
534 Actor33 <= Actor73 [label="RemoveMe(G"];
535 Actor33 <= Actor64 [label="RemoveMe(G"];
536 Actor33 <= Actor66 [label="RemoveMe(G"];
537 Actor33 <= Actor82 [label="RemoveMe(G"];
538 Actor33 <= Actor4 [label="RemoveMe(G"];
539 Actor33 <= Actor100 [label="RemoveMe(G"];
540 Actor33 <= Actor83 [label="RemoveMe(G"];
541 Actor33 <= Actor14 [label="RemoveMe(G"];
542 Actor33 <= Actor20 [label="RemoveMe(G"];
543 Actor33 <= Actor52 [label="RemoveMe(G"];
544 Actor33 <= Actor78 [label="RemoveMe(G"];
545 Actor33 <= Actor54 [label="RemoveMe(G"];
546 Actor33 <= Actor86 [label="RemoveMe(G"];
547 Actor33 <= Actor87 [label="RemoveMe(G"];
548 Actor33 <= Actor89 [label="RemoveMe(G"];
549 Actor33 <= Actor92 [label="Rumor"];
550 Actor33 <= Actor92 [label="RemoveMe(G"];
551 Actor33 <= Actor96 [label="RemoveMe(G"];
552 Actor33 <= Actor49 [label="RemoveMe(G"];
553 Actor33 <= Actor91 [label="RemoveMe(G"];
554 Actor33 <= Actor68 [label="RemoveMe(G"];
555 Actor33 <= Actor50 [label="RemoveMe(G"];
556 Actor33 <= Actor74 [label="RemoveMe(G"];
557 Actor33 <= Actor3 [label="RemoveMe(G"];
558 Actor33 <= Actor31 [label="RemoveMe(G"];
559 Actor33 <= Actor23 [label="RemoveMe(G"];
560 Actor33 <= Actor60 [label="RemoveMe(G"];
561 Actor33 <= Actor61 [label="RemoveMe(G"];
562 Actor33 <= Actor44 [label="RemoveMe(G"];
563 Actor33 <= Actor48 [label="RemoveMe(G"];
564 Actor33 <= Actor56 [label="RemoveMe(G"];
565 Actor33 <= Actor95 [label="RemoveMe(G"];
566 Actor33 <= Actor80 [label="RemoveMe(G"];
567 Actor33 <= Actor30 [label="RemoveMe(G"];
1088 Actor33 <= Actor0 [label="ShutDown"];
