34 Actor34 <= Actor0 [label="Set(Master"];
126 Actor34 <= Actor3 [label="Rumor"];
127 Actor34 => Actor20 [label="Rumor"];
128 Actor34 => Actor34 [label="Remind"];
154 Actor34 <= Actor42 [label="RemoveMe(G"];
155 Actor34 <= Actor95 [label="Rumor"];
156 Actor34 => Actor1 [label="RemoveMe(G"];
157 Actor34 => Actor2 [label="RemoveMe(G"];
158 Actor34 => Actor3 [label="RemoveMe(G"];
159 Actor34 => Actor4 [label="RemoveMe(G"];
160 Actor34 => Actor5 [label="RemoveMe(G"];
161 Actor34 => Actor6 [label="RemoveMe(G"];
162 Actor34 => Actor7 [label="RemoveMe(G"];
163 Actor34 => Actor8 [label="RemoveMe(G"];
164 Actor34 => Actor9 [label="RemoveMe(G"];
165 Actor34 => Actor10 [label="RemoveMe(G"];
166 Actor34 => Actor11 [label="RemoveMe(G"];
167 Actor34 => Actor12 [label="RemoveMe(G"];
168 Actor34 => Actor13 [label="RemoveMe(G"];
169 Actor34 => Actor14 [label="RemoveMe(G"];
170 Actor34 => Actor15 [label="RemoveMe(G"];
171 Actor34 => Actor16 [label="RemoveMe(G"];
172 Actor34 => Actor17 [label="RemoveMe(G"];
173 Actor34 => Actor18 [label="RemoveMe(G"];
174 Actor34 => Actor19 [label="RemoveMe(G"];
175 Actor34 => Actor20 [label="RemoveMe(G"];
176 Actor34 => Actor21 [label="RemoveMe(G"];
177 Actor34 => Actor22 [label="RemoveMe(G"];
178 Actor34 => Actor23 [label="RemoveMe(G"];
179 Actor34 => Actor24 [label="RemoveMe(G"];
180 Actor34 => Actor25 [label="RemoveMe(G"];
181 Actor34 => Actor26 [label="RemoveMe(G"];
182 Actor34 => Actor27 [label="RemoveMe(G"];
183 Actor34 => Actor28 [label="RemoveMe(G"];
184 Actor34 => Actor29 [label="RemoveMe(G"];
185 Actor34 => Actor30 [label="RemoveMe(G"];
186 Actor34 => Actor31 [label="RemoveMe(G"];
187 Actor34 => Actor32 [label="RemoveMe(G"];
188 Actor34 => Actor33 [label="RemoveMe(G"];
189 Actor34 => Actor35 [label="RemoveMe(G"];
190 Actor34 => Actor36 [label="RemoveMe(G"];
191 Actor34 => Actor37 [label="RemoveMe(G"];
192 Actor34 => Actor38 [label="RemoveMe(G"];
193 Actor34 => Actor39 [label="RemoveMe(G"];
194 Actor34 => Actor40 [label="RemoveMe(G"];
195 Actor34 => Actor41 [label="RemoveMe(G"];
196 Actor34 => Actor43 [label="RemoveMe(G"];
197 Actor34 => Actor44 [label="RemoveMe(G"];
198 Actor34 => Actor45 [label="RemoveMe(G"];
199 Actor34 => Actor46 [label="RemoveMe(G"];
200 Actor34 => Actor47 [label="RemoveMe(G"];
201 Actor34 => Actor48 [label="RemoveMe(G"];
202 Actor34 => Actor49 [label="RemoveMe(G"];
203 Actor34 => Actor50 [label="RemoveMe(G"];
204 Actor34 => Actor51 [label="RemoveMe(G"];
205 Actor34 => Actor52 [label="RemoveMe(G"];
206 Actor34 => Actor53 [label="RemoveMe(G"];
207 Actor34 => Actor54 [label="RemoveMe(G"];
208 Actor34 => Actor55 [label="RemoveMe(G"];
209 Actor34 => Actor56 [label="RemoveMe(G"];
210 Actor34 => Actor57 [label="RemoveMe(G"];
211 Actor34 => Actor58 [label="RemoveMe(G"];
212 Actor34 => Actor59 [label="RemoveMe(G"];
213 Actor34 => Actor60 [label="RemoveMe(G"];
214 Actor34 => Actor61 [label="RemoveMe(G"];
215 Actor34 => Actor62 [label="RemoveMe(G"];
216 Actor34 => Actor63 [label="RemoveMe(G"];
217 Actor34 => Actor64 [label="RemoveMe(G"];
218 Actor34 => Actor65 [label="RemoveMe(G"];
219 Actor34 => Actor66 [label="RemoveMe(G"];
220 Actor34 => Actor67 [label="RemoveMe(G"];
221 Actor34 => Actor68 [label="RemoveMe(G"];
222 Actor34 => Actor69 [label="RemoveMe(G"];
223 Actor34 => Actor70 [label="RemoveMe(G"];
224 Actor34 => Actor71 [label="RemoveMe(G"];
225 Actor34 => Actor72 [label="RemoveMe(G"];
226 Actor34 => Actor73 [label="RemoveMe(G"];
227 Actor34 => Actor74 [label="RemoveMe(G"];
228 Actor34 => Actor75 [label="RemoveMe(G"];
229 Actor34 => Actor76 [label="RemoveMe(G"];
230 Actor34 => Actor77 [label="RemoveMe(G"];
231 Actor34 => Actor78 [label="RemoveMe(G"];
232 Actor34 => Actor79 [label="RemoveMe(G"];
233 Actor34 => Actor80 [label="RemoveMe(G"];
234 Actor34 => Actor81 [label="RemoveMe(G"];
235 Actor34 => Actor82 [label="RemoveMe(G"];
236 Actor34 => Actor83 [label="RemoveMe(G"];
237 Actor34 => Actor84 [label="RemoveMe(G"];
238 Actor34 => Actor85 [label="RemoveMe(G"];
239 Actor34 => Actor86 [label="RemoveMe(G"];
240 Actor34 => Actor87 [label="RemoveMe(G"];
241 Actor34 => Actor88 [label="RemoveMe(G"];
242 Actor34 => Actor89 [label="RemoveMe(G"];
243 Actor34 => Actor90 [label="RemoveMe(G"];
244 Actor34 => Actor91 [label="RemoveMe(G"];
245 Actor34 => Actor92 [label="RemoveMe(G"];
246 Actor34 => Actor93 [label="RemoveMe(G"];
247 Actor34 => Actor94 [label="RemoveMe(G"];
248 Actor34 => Actor95 [label="RemoveMe(G"];
249 Actor34 => Actor96 [label="RemoveMe(G"];
250 Actor34 => Actor97 [label="RemoveMe(G"];
251 Actor34 => Actor98 [label="RemoveMe(G"];
252 Actor34 => Actor99 [label="RemoveMe(G"];
253 Actor34 => Actor100 [label="RemoveMe(G"];
254 Actor34 => Actor0 [label="Finish"];
255 Actor34 <= Actor24 [label="RemoveMe(G"];
256 Actor34 <= Actor90 [label="RemoveMe(G"];
257 Actor34 <= Actor63 [label="RemoveMe(G"];
258 Actor34 <= Actor58 [label="RemoveMe(G"];
259 Actor34 <= Actor94 [label="RemoveMe(G"];
260 Actor34 <= Actor70 [label="RemoveMe(G"];
261 Actor34 <= Actor88 [label="RemoveMe(G"];
262 Actor34 <= Actor12 [label="RemoveMe(G"];
263 Actor34 <= Actor16 [label="RemoveMe(G"];
384 Actor34 <= Actor37 [label="RemoveMe(G"];
385 Actor34 <= Actor5 [label="RemoveMe(G"];
386 Actor34 <= Actor10 [label="RemoveMe(G"];
387 Actor34 <= Actor59 [label="RemoveMe(G"];
388 Actor34 <= Actor99 [label="RemoveMe(G"];
389 Actor34 <= Actor84 [label="RemoveMe(G"];
390 Actor34 <= Actor93 [label="RemoveMe(G"];
391 Actor34 <= Actor1 [label="RemoveMe(G"];
392 Actor34 <= Actor97 [label="RemoveMe(G"];
393 Actor34 <= Actor27 [label="RemoveMe(G"];
394 Actor34 <= Actor11 [label="RemoveMe(G"];
395 Actor34 <= Actor76 [label="RemoveMe(G"];
396 Actor34 <= Actor32 [label="RemoveMe(G"];
397 Actor34 <= Actor8 [label="RemoveMe(G"];
398 Actor34 <= Actor28 [label="RemoveMe(G"];
400 Actor34 <= Actor72 [label="RemoveMe(G"];
401 Actor34 <= Actor57 [label="RemoveMe(G"];
402 Actor34 <= Actor7 [label="RemoveMe(G"];
403 Actor34 <= Actor98 [label="RemoveMe(G"];
404 Actor34 <= Actor41 [label="RemoveMe(G"];
405 Actor34 <= Actor38 [label="RemoveMe(G"];
406 Actor34 <= Actor81 [label="RemoveMe(G"];
407 Actor34 <= Actor36 [label="RemoveMe(G"];
423 Actor34 <= Actor13 [label="RemoveMe(G"];
424 Actor34 <= Actor21 [label="RemoveMe(G"];
425 Actor34 <= Actor35 [label="RemoveMe(G"];
426 Actor34 <= Actor15 [label="RemoveMe(G"];
427 Actor34 <= Actor55 [label="RemoveMe(G"];
428 Actor34 <= Actor34 [label="Remind"];
429 Actor34 <= Actor79 [label="RemoveMe(G"];
430 Actor34 <= Actor69 [label="Rumor"];
431 Actor34 <= Actor69 [label="RemoveMe(G"];
432 Actor34 <= Actor53 [label="RemoveMe(G"];
433 Actor34 <= Actor46 [label="RemoveMe(G"];
434 Actor34 <= Actor75 [label="RemoveMe(G"];
435 Actor34 <= Actor2 [label="RemoveMe(G"];
436 Actor34 <= Actor51 [label="RemoveMe(G"];
437 Actor34 <= Actor25 [label="RemoveMe(G"];
438 Actor34 <= Actor18 [label="RemoveMe(G"];
439 Actor34 <= Actor39 [label="RemoveMe(G"];
457 Actor34 <= Actor45 [label="RemoveMe(G"];
458 Actor34 <= Actor47 [label="RemoveMe(G"];
459 Actor34 <= Actor62 [label="RemoveMe(G"];
460 Actor34 <= Actor67 [label="RemoveMe(G"];
461 Actor34 <= Actor65 [label="RemoveMe(G"];
462 Actor34 <= Actor71 [label="RemoveMe(G"];
463 Actor34 <= Actor73 [label="RemoveMe(G"];
464 Actor34 <= Actor64 [label="RemoveMe(G"];
465 Actor34 <= Actor66 [label="RemoveMe(G"];
466 Actor34 <= Actor82 [label="RemoveMe(G"];
467 Actor34 <= Actor100 [label="RemoveMe(G"];
468 Actor34 <= Actor14 [label="RemoveMe(G"];
469 Actor34 <= Actor20 [label="RemoveMe(G"];
470 Actor34 <= Actor52 [label="RemoveMe(G"];
471 Actor34 <= Actor78 [label="RemoveMe(G"];
472 Actor34 <= Actor54 [label="RemoveMe(G"];
473 Actor34 <= Actor86 [label="RemoveMe(G"];
474 Actor34 <= Actor87 [label="RemoveMe(G"];
475 Actor34 <= Actor89 [label="RemoveMe(G"];
512 Actor34 <= Actor92 [label="RemoveMe(G"];
513 Actor34 <= Actor96 [label="RemoveMe(G"];
514 Actor34 <= Actor49 [label="RemoveMe(G"];
515 Actor34 <= Actor91 [label="RemoveMe(G"];
516 Actor34 <= Actor68 [label="RemoveMe(G"];
517 Actor34 <= Actor50 [label="RemoveMe(G"];
518 Actor34 <= Actor74 [label="RemoveMe(G"];
519 Actor34 <= Actor3 [label="RemoveMe(G"];
520 Actor34 <= Actor31 [label="RemoveMe(G"];
521 Actor34 <= Actor23 [label="RemoveMe(G"];
522 Actor34 <= Actor60 [label="RemoveMe(G"];
523 Actor34 <= Actor61 [label="RemoveMe(G"];
524 Actor34 <= Actor44 [label="RemoveMe(G"];
525 Actor34 <= Actor48 [label="RemoveMe(G"];
526 Actor34 <= Actor56 [label="RemoveMe(G"];
527 Actor34 <= Actor95 [label="RemoveMe(G"];
528 Actor34 <= Actor30 [label="RemoveMe(G"];
1089 Actor34 <= Actor0 [label="ShutDown"];
