35 Actor35 <= Actor0 [label="Set(Master"];
185 Actor35 <= Actor53 [label="Rumor"];
186 Actor35 => Actor21 [label="Rumor"];
187 Actor35 => Actor35 [label="Remind"];
188 Actor35 <= Actor42 [label="RemoveMe(G"];
194 Actor35 <= Actor24 [label="RemoveMe(G"];
195 Actor35 <= Actor90 [label="RemoveMe(G"];
196 Actor35 <= Actor63 [label="RemoveMe(G"];
199 Actor35 <= Actor58 [label="RemoveMe(G"];
200 Actor35 <= Actor94 [label="RemoveMe(G"];
344 Actor35 <= Actor56 [label="Rumor"];
345 Actor35 => Actor1 [label="RemoveMe(G"];
346 Actor35 => Actor2 [label="RemoveMe(G"];
347 Actor35 => Actor3 [label="RemoveMe(G"];
348 Actor35 => Actor4 [label="RemoveMe(G"];
349 Actor35 => Actor5 [label="RemoveMe(G"];
350 Actor35 => Actor6 [label="RemoveMe(G"];
351 Actor35 => Actor7 [label="RemoveMe(G"];
352 Actor35 => Actor8 [label="RemoveMe(G"];
353 Actor35 => Actor9 [label="RemoveMe(G"];
354 Actor35 => Actor10 [label="RemoveMe(G"];
355 Actor35 => Actor11 [label="RemoveMe(G"];
356 Actor35 => Actor12 [label="RemoveMe(G"];
357 Actor35 => Actor13 [label="RemoveMe(G"];
358 Actor35 => Actor14 [label="RemoveMe(G"];
359 Actor35 => Actor15 [label="RemoveMe(G"];
360 Actor35 => Actor16 [label="RemoveMe(G"];
361 Actor35 => Actor17 [label="RemoveMe(G"];
362 Actor35 => Actor18 [label="RemoveMe(G"];
363 Actor35 => Actor19 [label="RemoveMe(G"];
364 Actor35 => Actor20 [label="RemoveMe(G"];
365 Actor35 => Actor21 [label="RemoveMe(G"];
366 Actor35 => Actor22 [label="RemoveMe(G"];
367 Actor35 => Actor23 [label="RemoveMe(G"];
368 Actor35 => Actor25 [label="RemoveMe(G"];
369 Actor35 => Actor26 [label="RemoveMe(G"];
370 Actor35 => Actor27 [label="RemoveMe(G"];
371 Actor35 => Actor28 [label="RemoveMe(G"];
372 Actor35 => Actor29 [label="RemoveMe(G"];
373 Actor35 => Actor30 [label="RemoveMe(G"];
374 Actor35 => Actor31 [label="RemoveMe(G"];
375 Actor35 => Actor32 [label="RemoveMe(G"];
376 Actor35 => Actor33 [label="RemoveMe(G"];
377 Actor35 => Actor34 [label="RemoveMe(G"];
378 Actor35 => Actor36 [label="RemoveMe(G"];
379 Actor35 => Actor37 [label="RemoveMe(G"];
380 Actor35 => Actor38 [label="RemoveMe(G"];
381 Actor35 => Actor39 [label="RemoveMe(G"];
382 Actor35 => Actor40 [label="RemoveMe(G"];
383 Actor35 => Actor41 [label="RemoveMe(G"];
384 Actor35 => Actor43 [label="RemoveMe(G"];
385 Actor35 => Actor44 [label="RemoveMe(G"];
386 Actor35 => Actor45 [label="RemoveMe(G"];
387 Actor35 => Actor46 [label="RemoveMe(G"];
388 Actor35 => Actor47 [label="RemoveMe(G"];
389 Actor35 => Actor48 [label="RemoveMe(G"];
390 Actor35 => Actor49 [label="RemoveMe(G"];
391 Actor35 => Actor50 [label="RemoveMe(G"];
392 Actor35 => Actor51 [label="RemoveMe(G"];
393 Actor35 => Actor52 [label="RemoveMe(G"];
394 Actor35 => Actor53 [label="RemoveMe(G"];
395 Actor35 => Actor54 [label="RemoveMe(G"];
396 Actor35 => Actor55 [label="RemoveMe(G"];
397 Actor35 => Actor56 [label="RemoveMe(G"];
398 Actor35 => Actor57 [label="RemoveMe(G"];
399 Actor35 => Actor59 [label="RemoveMe(G"];
400 Actor35 => Actor60 [label="RemoveMe(G"];
401 Actor35 => Actor61 [label="RemoveMe(G"];
402 Actor35 => Actor62 [label="RemoveMe(G"];
403 Actor35 => Actor64 [label="RemoveMe(G"];
404 Actor35 => Actor65 [label="RemoveMe(G"];
405 Actor35 => Actor66 [label="RemoveMe(G"];
406 Actor35 => Actor67 [label="RemoveMe(G"];
407 Actor35 => Actor68 [label="RemoveMe(G"];
408 Actor35 => Actor69 [label="RemoveMe(G"];
409 Actor35 => Actor70 [label="RemoveMe(G"];
410 Actor35 => Actor71 [label="RemoveMe(G"];
411 Actor35 => Actor72 [label="RemoveMe(G"];
412 Actor35 => Actor73 [label="RemoveMe(G"];
413 Actor35 => Actor74 [label="RemoveMe(G"];
414 Actor35 => Actor75 [label="RemoveMe(G"];
415 Actor35 => Actor76 [label="RemoveMe(G"];
416 Actor35 => Actor77 [label="RemoveMe(G"];
417 Actor35 => Actor78 [label="RemoveMe(G"];
418 Actor35 => Actor79 [label="RemoveMe(G"];
419 Actor35 => Actor80 [label="RemoveMe(G"];
420 Actor35 => Actor81 [label="RemoveMe(G"];
421 Actor35 => Actor82 [label="RemoveMe(G"];
422 Actor35 => Actor83 [label="RemoveMe(G"];
423 Actor35 => Actor84 [label="RemoveMe(G"];
424 Actor35 => Actor85 [label="RemoveMe(G"];
425 Actor35 => Actor86 [label="RemoveMe(G"];
426 Actor35 => Actor87 [label="RemoveMe(G"];
427 Actor35 => Actor88 [label="RemoveMe(G"];
428 Actor35 => Actor89 [label="RemoveMe(G"];
429 Actor35 => Actor91 [label="RemoveMe(G"];
430 Actor35 => Actor92 [label="RemoveMe(G"];
431 Actor35 => Actor93 [label="RemoveMe(G"];
432 Actor35 => Actor95 [label="RemoveMe(G"];
433 Actor35 => Actor96 [label="RemoveMe(G"];
434 Actor35 => Actor97 [label="RemoveMe(G"];
435 Actor35 => Actor98 [label="RemoveMe(G"];
436 Actor35 => Actor99 [label="RemoveMe(G"];
437 Actor35 => Actor100 [label="RemoveMe(G"];
438 Actor35 => Actor0 [label="Finish"];
439 Actor35 <= Actor70 [label="RemoveMe(G"];
440 Actor35 <= Actor88 [label="RemoveMe(G"];
441 Actor35 <= Actor12 [label="RemoveMe(G"];
442 Actor35 <= Actor16 [label="RemoveMe(G"];
443 Actor35 <= Actor37 [label="RemoveMe(G"];
444 Actor35 <= Actor5 [label="RemoveMe(G"];
445 Actor35 <= Actor10 [label="RemoveMe(G"];
446 Actor35 <= Actor59 [label="RemoveMe(G"];
447 Actor35 <= Actor99 [label="RemoveMe(G"];
448 Actor35 <= Actor84 [label="RemoveMe(G"];
449 Actor35 <= Actor93 [label="RemoveMe(G"];
450 Actor35 <= Actor95 [label="Rumor"];
451 Actor35 <= Actor1 [label="RemoveMe(G"];
452 Actor35 <= Actor97 [label="RemoveMe(G"];
453 Actor35 <= Actor27 [label="RemoveMe(G"];
454 Actor35 <= Actor11 [label="RemoveMe(G"];
455 Actor35 <= Actor76 [label="RemoveMe(G"];
456 Actor35 <= Actor32 [label="RemoveMe(G"];
457 Actor35 <= Actor8 [label="RemoveMe(G"];
458 Actor35 <= Actor28 [label="RemoveMe(G"];
459 Actor35 <= Actor72 [label="RemoveMe(G"];
460 Actor35 <= Actor57 [label="RemoveMe(G"];
461 Actor35 <= Actor7 [label="RemoveMe(G"];
462 Actor35 <= Actor98 [label="RemoveMe(G"];
463 Actor35 <= Actor41 [label="RemoveMe(G"];
464 Actor35 <= Actor38 [label="RemoveMe(G"];
465 Actor35 <= Actor81 [label="RemoveMe(G"];
466 Actor35 <= Actor36 [label="RemoveMe(G"];
467 Actor35 <= Actor13 [label="RemoveMe(G"];
468 Actor35 <= Actor35 [label="Remind"];
469 Actor35 <= Actor21 [label="RemoveMe(G"];
470 Actor35 <= Actor15 [label="RemoveMe(G"];
471 Actor35 <= Actor55 [label="RemoveMe(G"];
472 Actor35 <= Actor79 [label="RemoveMe(G"];
473 Actor35 <= Actor34 [label="RemoveMe(G"];
474 Actor35 <= Actor69 [label="RemoveMe(G"];
475 Actor35 <= Actor53 [label="RemoveMe(G"];
476 Actor35 <= Actor46 [label="RemoveMe(G"];
477 Actor35 <= Actor75 [label="RemoveMe(G"];
478 Actor35 <= Actor2 [label="RemoveMe(G"];
479 Actor35 <= Actor51 [label="RemoveMe(G"];
480 Actor35 <= Actor25 [label="RemoveMe(G"];
481 Actor35 <= Actor18 [label="RemoveMe(G"];
482 Actor35 <= Actor39 [label="RemoveMe(G"];
483 Actor35 <= Actor45 [label="RemoveMe(G"];
484 Actor35 <= Actor47 [label="RemoveMe(G"];
485 Actor35 <= Actor62 [label="RemoveMe(G"];
486 Actor35 <= Actor67 [label="RemoveMe(G"];
487 Actor35 <= Actor65 [label="RemoveMe(G"];
488 Actor35 <= Actor71 [label="RemoveMe(G"];
489 Actor35 <= Actor73 [label="RemoveMe(G"];
490 Actor35 <= Actor64 [label="RemoveMe(G"];
491 Actor35 <= Actor66 [label="RemoveMe(G"];
492 Actor35 <= Actor82 [label="RemoveMe(G"];
493 Actor35 <= Actor100 [label="RemoveMe(G"];
494 Actor35 <= Actor14 [label="RemoveMe(G"];
495 Actor35 <= Actor52 [label="RemoveMe(G"];
496 Actor35 <= Actor78 [label="RemoveMe(G"];
497 Actor35 <= Actor54 [label="RemoveMe(G"];
498 Actor35 <= Actor86 [label="RemoveMe(G"];
499 Actor35 <= Actor87 [label="RemoveMe(G"];
500 Actor35 <= Actor89 [label="RemoveMe(G"];
501 Actor35 <= Actor96 [label="RemoveMe(G"];
502 Actor35 <= Actor49 [label="RemoveMe(G"];
503 Actor35 <= Actor91 [label="RemoveMe(G"];
504 Actor35 <= Actor68 [label="RemoveMe(G"];
505 Actor35 <= Actor50 [label="RemoveMe(G"];
506 Actor35 <= Actor74 [label="RemoveMe(G"];
507 Actor35 <= Actor3 [label="RemoveMe(G"];
508 Actor35 <= Actor31 [label="RemoveMe(G"];
509 Actor35 <= Actor23 [label="RemoveMe(G"];
510 Actor35 <= Actor60 [label="RemoveMe(G"];
511 Actor35 <= Actor61 [label="RemoveMe(G"];
512 Actor35 <= Actor44 [label="RemoveMe(G"];
513 Actor35 <= Actor48 [label="RemoveMe(G"];
514 Actor35 <= Actor56 [label="RemoveMe(G"];
515 Actor35 <= Actor95 [label="RemoveMe(G"];
1090 Actor35 <= Actor0 [label="ShutDown"];
