36 Actor36 <= Actor0 [label="Set(Master"];
129 Actor36 <= Actor58 [label="Rumor"];
130 Actor36 => Actor64 [label="Rumor"];
131 Actor36 => Actor36 [label="Remind"];
156 Actor36 <= Actor42 [label="RemoveMe(G"];
195 Actor36 <= Actor24 [label="RemoveMe(G"];
196 Actor36 <= Actor90 [label="RemoveMe(G"];
197 Actor36 <= Actor63 [label="RemoveMe(G"];
200 Actor36 <= Actor58 [label="RemoveMe(G"];
293 Actor36 <= Actor56 [label="Rumor"];
294 Actor36 => Actor1 [label="RemoveMe(G"];
295 Actor36 => Actor2 [label="RemoveMe(G"];
296 Actor36 => Actor3 [label="RemoveMe(G"];
297 Actor36 => Actor4 [label="RemoveMe(G"];
298 Actor36 => Actor5 [label="RemoveMe(G"];
299 Actor36 => Actor6 [label="RemoveMe(G"];
300 Actor36 => Actor7 [label="RemoveMe(G"];
301 Actor36 => Actor8 [label="RemoveMe(G"];
302 Actor36 => Actor9 [label="RemoveMe(G"];
303 Actor36 => Actor10 [label="RemoveMe(G"];
304 Actor36 => Actor11 [label="RemoveMe(G"];
305 Actor36 => Actor12 [label="RemoveMe(G"];
306 Actor36 => Actor13 [label="RemoveMe(G"];
307 Actor36 => Actor14 [label="RemoveMe(G"];
308 Actor36 => Actor15 [label="RemoveMe(G"];
309 Actor36 => Actor16 [label="RemoveMe(G"];
310 Actor36 => Actor17 [label="RemoveMe(G"];
311 Actor36 => Actor18 [label="RemoveMe(G"];
312 Actor36 => Actor19 [label="RemoveMe(G"];
313 Actor36 => Actor20 [label="RemoveMe(G"];
314 Actor36 => Actor21 [label="RemoveMe(G"];
315 Actor36 => Actor22 [label="RemoveMe(G"];
316 Actor36 => Actor23 [label="RemoveMe(G"];
317 Actor36 => Actor25 [label="RemoveMe(G"];
318 Actor36 => Actor26 [label="RemoveMe(G"];
319 Actor36 => Actor27 [label="RemoveMe(G"];
320 Actor36 => Actor28 [label="RemoveMe(G"];
321 Actor36 => Actor29 [label="RemoveMe(G"];
322 Actor36 => Actor30 [label="RemoveMe(G"];
323 Actor36 => Actor31 [label="RemoveMe(G"];
324 Actor36 => Actor32 [label="RemoveMe(G"];
325 Actor36 => Actor33 [label="RemoveMe(G"];
326 Actor36 => Actor34 [label="RemoveMe(G"];
327 Actor36 => Actor35 [label="RemoveMe(G"];
328 Actor36 => Actor37 [label="RemoveMe(G"];
329 Actor36 => Actor38 [label="RemoveMe(G"];
330 Actor36 => Actor39 [label="RemoveMe(G"];
331 Actor36 => Actor40 [label="RemoveMe(G"];
332 Actor36 => Actor41 [label="RemoveMe(G"];
333 Actor36 => Actor43 [label="RemoveMe(G"];
334 Actor36 => Actor44 [label="RemoveMe(G"];
335 Actor36 => Actor45 [label="RemoveMe(G"];
336 Actor36 => Actor46 [label="RemoveMe(G"];
337 Actor36 => Actor47 [label="RemoveMe(G"];
338 Actor36 => Actor48 [label="RemoveMe(G"];
339 Actor36 => Actor49 [label="RemoveMe(G"];
340 Actor36 => Actor50 [label="RemoveMe(G"];
341 Actor36 => Actor51 [label="RemoveMe(G"];
342 Actor36 => Actor52 [label="RemoveMe(G"];
343 Actor36 => Actor53 [label="RemoveMe(G"];
344 Actor36 => Actor54 [label="RemoveMe(G"];
345 Actor36 => Actor55 [label="RemoveMe(G"];
346 Actor36 => Actor56 [label="RemoveMe(G"];
347 Actor36 => Actor57 [label="RemoveMe(G"];
348 Actor36 => Actor59 [label="RemoveMe(G"];
349 Actor36 => Actor60 [label="RemoveMe(G"];
350 Actor36 => Actor61 [label="RemoveMe(G"];
351 Actor36 => Actor62 [label="RemoveMe(G"];
352 Actor36 => Actor64 [label="RemoveMe(G"];
353 Actor36 => Actor65 [label="RemoveMe(G"];
354 Actor36 => Actor66 [label="RemoveMe(G"];
355 Actor36 => Actor67 [label="RemoveMe(G"];
356 Actor36 => Actor68 [label="RemoveMe(G"];
357 Actor36 => Actor69 [label="RemoveMe(G"];
358 Actor36 => Actor70 [label="RemoveMe(G"];
359 Actor36 => Actor71 [label="RemoveMe(G"];
360 Actor36 => Actor72 [label="RemoveMe(G"];
361 Actor36 => Actor73 [label="RemoveMe(G"];
362 Actor36 => Actor74 [label="RemoveMe(G"];
363 Actor36 => Actor75 [label="RemoveMe(G"];
364 Actor36 => Actor76 [label="RemoveMe(G"];
365 Actor36 => Actor77 [label="RemoveMe(G"];
366 Actor36 => Actor78 [label="RemoveMe(G"];
367 Actor36 => Actor79 [label="RemoveMe(G"];
368 Actor36 => Actor80 [label="RemoveMe(G"];
369 Actor36 => Actor81 [label="RemoveMe(G"];
370 Actor36 => Actor82 [label="RemoveMe(G"];
371 Actor36 => Actor83 [label="RemoveMe(G"];
372 Actor36 => Actor84 [label="RemoveMe(G"];
373 Actor36 => Actor85 [label="RemoveMe(G"];
374 Actor36 => Actor86 [label="RemoveMe(G"];
375 Actor36 => Actor87 [label="RemoveMe(G"];
376 Actor36 => Actor88 [label="RemoveMe(G"];
377 Actor36 => Actor89 [label="RemoveMe(G"];
378 Actor36 => Actor91 [label="RemoveMe(G"];
379 Actor36 => Actor92 [label="RemoveMe(G"];
380 Actor36 => Actor93 [label="RemoveMe(G"];
381 Actor36 => Actor94 [label="RemoveMe(G"];
382 Actor36 => Actor95 [label="RemoveMe(G"];
383 Actor36 => Actor96 [label="RemoveMe(G"];
384 Actor36 => Actor97 [label="RemoveMe(G"];
385 Actor36 => Actor98 [label="RemoveMe(G"];
386 Actor36 => Actor99 [label="RemoveMe(G"];
387 Actor36 => Actor100 [label="RemoveMe(G"];
388 Actor36 => Actor0 [label="Finish"];
389 Actor36 <= Actor94 [label="RemoveMe(G"];
390 Actor36 <= Actor84 [label="Rumor"];
391 Actor36 <= Actor70 [label="RemoveMe(G"];
392 Actor36 <= Actor88 [label="RemoveMe(G"];
393 Actor36 <= Actor12 [label="RemoveMe(G"];
394 Actor36 <= Actor16 [label="RemoveMe(G"];
395 Actor36 <= Actor37 [label="RemoveMe(G"];
396 Actor36 <= Actor5 [label="RemoveMe(G"];
397 Actor36 <= Actor10 [label="RemoveMe(G"];
398 Actor36 <= Actor59 [label="RemoveMe(G"];
399 Actor36 <= Actor99 [label="RemoveMe(G"];
400 Actor36 <= Actor84 [label="RemoveMe(G"];
401 Actor36 <= Actor93 [label="RemoveMe(G"];
402 Actor36 <= Actor1 [label="RemoveMe(G"];
403 Actor36 <= Actor95 [label="Rumor"];
404 Actor36 <= Actor97 [label="RemoveMe(G"];
405 Actor36 <= Actor27 [label="RemoveMe(G"];
406 Actor36 <= Actor11 [label="RemoveMe(G"];
407 Actor36 <= Actor76 [label="RemoveMe(G"];
408 Actor36 <= Actor32 [label="RemoveMe(G"];
409 Actor36 <= Actor8 [label="RemoveMe(G"];
410 Actor36 <= Actor28 [label="RemoveMe(G"];
411 Actor36 <= Actor72 [label="RemoveMe(G"];
412 Actor36 <= Actor57 [label="RemoveMe(G"];
413 Actor36 <= Actor7 [label="RemoveMe(G"];
414 Actor36 <= Actor98 [label="RemoveMe(G"];
415 Actor36 <= Actor41 [label="RemoveMe(G"];
416 Actor36 <= Actor38 [label="RemoveMe(G"];
417 Actor36 <= Actor36 [label="Remind"];
418 Actor36 <= Actor81 [label="RemoveMe(G"];
425 Actor36 <= Actor13 [label="RemoveMe(G"];
426 Actor36 <= Actor21 [label="RemoveMe(G"];
427 Actor36 <= Actor35 [label="RemoveMe(G"];
428 Actor36 <= Actor15 [label="RemoveMe(G"];
429 Actor36 <= Actor55 [label="RemoveMe(G"];
430 Actor36 <= Actor79 [label="RemoveMe(G"];
431 Actor36 <= Actor34 [label="RemoveMe(G"];
432 Actor36 <= Actor69 [label="RemoveMe(G"];
433 Actor36 <= Actor53 [label="RemoveMe(G"];
434 Actor36 <= Actor46 [label="RemoveMe(G"];
435 Actor36 <= Actor75 [label="RemoveMe(G"];
436 Actor36 <= Actor2 [label="RemoveMe(G"];
437 Actor36 <= Actor51 [label="RemoveMe(G"];
438 Actor36 <= Actor25 [label="RemoveMe(G"];
439 Actor36 <= Actor18 [label="RemoveMe(G"];
440 Actor36 <= Actor39 [label="RemoveMe(G"];
459 Actor36 <= Actor45 [label="RemoveMe(G"];
460 Actor36 <= Actor47 [label="RemoveMe(G"];
461 Actor36 <= Actor62 [label="RemoveMe(G"];
462 Actor36 <= Actor67 [label="RemoveMe(G"];
463 Actor36 <= Actor65 [label="RemoveMe(G"];
464 Actor36 <= Actor71 [label="RemoveMe(G"];
465 Actor36 <= Actor73 [label="RemoveMe(G"];
466 Actor36 <= Actor66 [label="RemoveMe(G"];
467 Actor36 <= Actor82 [label="RemoveMe(G"];
468 Actor36 <= Actor100 [label="RemoveMe(G"];
469 Actor36 <= Actor14 [label="RemoveMe(G"];
470 Actor36 <= Actor52 [label="RemoveMe(G"];
471 Actor36 <= Actor78 [label="RemoveMe(G"];
472 Actor36 <= Actor54 [label="RemoveMe(G"];
473 Actor36 <= Actor86 [label="RemoveMe(G"];
474 Actor36 <= Actor87 [label="RemoveMe(G"];
475 Actor36 <= Actor89 [label="RemoveMe(G"];
476 Actor36 <= Actor96 [label="RemoveMe(G"];
477 Actor36 <= Actor49 [label="RemoveMe(G"];
478 Actor36 <= Actor91 [label="RemoveMe(G"];
479 Actor36 <= Actor68 [label="RemoveMe(G"];
480 Actor36 <= Actor74 [label="RemoveMe(G"];
481 Actor36 <= Actor3 [label="RemoveMe(G"];
482 Actor36 <= Actor31 [label="RemoveMe(G"];
483 Actor36 <= Actor23 [label="RemoveMe(G"];
484 Actor36 <= Actor60 [label="RemoveMe(G"];
485 Actor36 <= Actor61 [label="RemoveMe(G"];
486 Actor36 <= Actor56 [label="RemoveMe(G"];
1091 Actor36 <= Actor0 [label="ShutDown"];
