37 Actor37 <= Actor0 [label="Set(Master"];
113 Actor37 <= Actor53 [label="Rumor"];
114 Actor37 => Actor84 [label="Rumor"];
115 Actor37 => Actor37 [label="Remind"];
157 Actor37 <= Actor42 [label="RemoveMe(G"];
196 Actor37 <= Actor24 [label="RemoveMe(G"];
197 Actor37 <= Actor90 [label="RemoveMe(G"];
198 Actor37 <= Actor63 [label="RemoveMe(G"];
201 Actor37 <= Actor58 [label="RemoveMe(G"];
202 Actor37 <= Actor37 [label="Remind"];
203 Actor37 => Actor15 [label="Rumor"];
204 Actor37 => Actor37 [label="Remind"];
205 Actor37 <= Actor37 [label="Remind"];
206 Actor37 => Actor11 [label="Rumor"];
207 Actor37 => Actor37 [label="Remind"];
208 Actor37 <= Actor94 [label="RemoveMe(G"];
209 Actor37 <= Actor37 [label="Remind"];
210 Actor37 => Actor55 [label="Rumor"];
211 Actor37 => Actor37 [label="Remind"];
212 Actor37 <= Actor37 [label="Remind"];
213 Actor37 => Actor82 [label="Rumor"];
214 Actor37 => Actor37 [label="Remind"];
215 Actor37 <= Actor37 [label="Remind"];
216 Actor37 => Actor21 [label="Rumor"];
217 Actor37 => Actor37 [label="Remind"];
218 Actor37 <= Actor37 [label="Remind"];
219 Actor37 => Actor91 [label="Rumor"];
220 Actor37 => Actor37 [label="Remind"];
221 Actor37 <= Actor37 [label="Remind"];
222 Actor37 => Actor89 [label="Rumor"];
223 Actor37 => Actor37 [label="Remind"];
350 Actor37 <= Actor56 [label="Rumor"];
351 Actor37 => Actor1 [label="RemoveMe(G"];
352 Actor37 => Actor2 [label="RemoveMe(G"];
353 Actor37 => Actor3 [label="RemoveMe(G"];
354 Actor37 => Actor4 [label="RemoveMe(G"];
355 Actor37 => Actor5 [label="RemoveMe(G"];
356 Actor37 => Actor6 [label="RemoveMe(G"];
357 Actor37 => Actor7 [label="RemoveMe(G"];
358 Actor37 => Actor8 [label="RemoveMe(G"];
359 Actor37 => Actor9 [label="RemoveMe(G"];
360 Actor37 => Actor10 [label="RemoveMe(G"];
361 Actor37 => Actor11 [label="RemoveMe(G"];
362 Actor37 => Actor12 [label="RemoveMe(G"];
363 Actor37 => Actor13 [label="RemoveMe(G"];
364 Actor37 => Actor14 [label="RemoveMe(G"];
365 Actor37 => Actor15 [label="RemoveMe(G"];
366 Actor37 => Actor16 [label="RemoveMe(G"];
367 Actor37 => Actor17 [label="RemoveMe(G"];
368 Actor37 => Actor18 [label="RemoveMe(G"];
369 Actor37 => Actor19 [label="RemoveMe(G"];
370 Actor37 => Actor20 [label="RemoveMe(G"];
371 Actor37 => Actor21 [label="RemoveMe(G"];
372 Actor37 => Actor22 [label="RemoveMe(G"];
373 Actor37 => Actor23 [label="RemoveMe(G"];
374 Actor37 => Actor25 [label="RemoveMe(G"];
375 Actor37 => Actor26 [label="RemoveMe(G"];
376 Actor37 => Actor27 [label="RemoveMe(G"];
377 Actor37 => Actor28 [label="RemoveMe(G"];
378 Actor37 => Actor29 [label="RemoveMe(G"];
379 Actor37 => Actor30 [label="RemoveMe(G"];
380 Actor37 => Actor31 [label="RemoveMe(G"];
381 Actor37 => Actor32 [label="RemoveMe(G"];
382 Actor37 => Actor33 [label="RemoveMe(G"];
383 Actor37 => Actor34 [label="RemoveMe(G"];
384 Actor37 => Actor35 [label="RemoveMe(G"];
385 Actor37 => Actor36 [label="RemoveMe(G"];
386 Actor37 => Actor38 [label="RemoveMe(G"];
387 Actor37 => Actor39 [label="RemoveMe(G"];
388 Actor37 => Actor40 [label="RemoveMe(G"];
389 Actor37 => Actor41 [label="RemoveMe(G"];
390 Actor37 => Actor43 [label="RemoveMe(G"];
391 Actor37 => Actor44 [label="RemoveMe(G"];
392 Actor37 => Actor45 [label="RemoveMe(G"];
393 Actor37 => Actor46 [label="RemoveMe(G"];
394 Actor37 => Actor47 [label="RemoveMe(G"];
395 Actor37 => Actor48 [label="RemoveMe(G"];
396 Actor37 => Actor49 [label="RemoveMe(G"];
397 Actor37 => Actor50 [label="RemoveMe(G"];
398 Actor37 => Actor51 [label="RemoveMe(G"];
399 Actor37 => Actor52 [label="RemoveMe(G"];
400 Actor37 => Actor53 [label="RemoveMe(G"];
401 Actor37 => Actor54 [label="RemoveMe(G"];
402 Actor37 => Actor55 [label="RemoveMe(G"];
403 Actor37 => Actor56 [label="RemoveMe(G"];
404 Actor37 => Actor57 [label="RemoveMe(G"];
405 Actor37 => Actor59 [label="RemoveMe(G"];
406 Actor37 => Actor60 [label="RemoveMe(G"];
407 Actor37 => Actor61 [label="RemoveMe(G"];
408 Actor37 => Actor62 [label="RemoveMe(G"];
409 Actor37 => Actor64 [label="RemoveMe(G"];
410 Actor37 => Actor65 [label="RemoveMe(G"];
411 Actor37 => Actor66 [label="RemoveMe(G"];
412 Actor37 => Actor67 [label="RemoveMe(G"];
413 Actor37 => Actor68 [label="RemoveMe(G"];
414 Actor37 => Actor69 [label="RemoveMe(G"];
415 Actor37 => Actor70 [label="RemoveMe(G"];
416 Actor37 => Actor71 [label="RemoveMe(G"];
417 Actor37 => Actor72 [label="RemoveMe(G"];
418 Actor37 => Actor73 [label="RemoveMe(G"];
419 Actor37 => Actor74 [label="RemoveMe(G"];
420 Actor37 => Actor75 [label="RemoveMe(G"];
421 Actor37 => Actor76 [label="RemoveMe(G"];
422 Actor37 => Actor77 [label="RemoveMe(G"];
423 Actor37 => Actor78 [label="RemoveMe(G"];
424 Actor37 => Actor79 [label="RemoveMe(G"];
425 Actor37 => Actor80 [label="RemoveMe(G"];
426 Actor37 => Actor81 [label="RemoveMe(G"];
427 Actor37 => Actor82 [label="RemoveMe(G"];
428 Actor37 => Actor83 [label="RemoveMe(G"];
429 Actor37 => Actor84 [label="RemoveMe(G"];
430 Actor37 => Actor85 [label="RemoveMe(G"];
431 Actor37 => Actor86 [label="RemoveMe(G"];
432 Actor37 => Actor87 [label="RemoveMe(G"];
433 Actor37 => Actor88 [label="RemoveMe(G"];
434 Actor37 => Actor89 [label="RemoveMe(G"];
435 Actor37 => Actor91 [label="RemoveMe(G"];
436 Actor37 => Actor92 [label="RemoveMe(G"];
437 Actor37 => Actor93 [label="RemoveMe(G"];
438 Actor37 => Actor95 [label="RemoveMe(G"];
439 Actor37 => Actor96 [label="RemoveMe(G"];
440 Actor37 => Actor97 [label="RemoveMe(G"];
441 Actor37 => Actor98 [label="RemoveMe(G"];
442 Actor37 => Actor99 [label="RemoveMe(G"];
443 Actor37 => Actor100 [label="RemoveMe(G"];
444 Actor37 => Actor0 [label="Finish"];
445 Actor37 <= Actor70 [label="RemoveMe(G"];
446 Actor37 <= Actor88 [label="RemoveMe(G"];
447 Actor37 <= Actor12 [label="RemoveMe(G"];
448 Actor37 <= Actor16 [label="RemoveMe(G"];
449 Actor37 <= Actor37 [label="Remind"];
450 Actor37 <= Actor5 [label="RemoveMe(G"];
451 Actor37 <= Actor10 [label="RemoveMe(G"];
452 Actor37 <= Actor59 [label="RemoveMe(G"];
453 Actor37 <= Actor99 [label="RemoveMe(G"];
454 Actor37 <= Actor84 [label="RemoveMe(G"];
455 Actor37 <= Actor93 [label="RemoveMe(G"];
456 Actor37 <= Actor1 [label="RemoveMe(G"];
457 Actor37 <= Actor97 [label="RemoveMe(G"];
458 Actor37 <= Actor27 [label="RemoveMe(G"];
459 Actor37 <= Actor11 [label="RemoveMe(G"];
460 Actor37 <= Actor76 [label="RemoveMe(G"];
461 Actor37 <= Actor32 [label="RemoveMe(G"];
462 Actor37 <= Actor28 [label="RemoveMe(G"];
463 Actor37 <= Actor72 [label="RemoveMe(G"];
464 Actor37 <= Actor57 [label="RemoveMe(G"];
465 Actor37 <= Actor7 [label="RemoveMe(G"];
466 Actor37 <= Actor98 [label="RemoveMe(G"];
467 Actor37 <= Actor41 [label="RemoveMe(G"];
468 Actor37 <= Actor38 [label="RemoveMe(G"];
469 Actor37 <= Actor81 [label="RemoveMe(G"];
470 Actor37 <= Actor36 [label="RemoveMe(G"];
471 Actor37 <= Actor21 [label="RemoveMe(G"];
472 Actor37 <= Actor35 [label="RemoveMe(G"];
473 Actor37 <= Actor15 [label="RemoveMe(G"];
474 Actor37 <= Actor55 [label="RemoveMe(G"];
475 Actor37 <= Actor79 [label="RemoveMe(G"];
476 Actor37 <= Actor34 [label="RemoveMe(G"];
477 Actor37 <= Actor69 [label="RemoveMe(G"];
478 Actor37 <= Actor53 [label="RemoveMe(G"];
479 Actor37 <= Actor46 [label="RemoveMe(G"];
480 Actor37 <= Actor75 [label="RemoveMe(G"];
481 Actor37 <= Actor2 [label="RemoveMe(G"];
482 Actor37 <= Actor51 [label="RemoveMe(G"];
483 Actor37 <= Actor25 [label="RemoveMe(G"];
484 Actor37 <= Actor18 [label="RemoveMe(G"];
485 Actor37 <= Actor62 [label="RemoveMe(G"];
486 Actor37 <= Actor67 [label="RemoveMe(G"];
487 Actor37 <= Actor65 [label="RemoveMe(G"];
488 Actor37 <= Actor71 [label="RemoveMe(G"];
489 Actor37 <= Actor66 [label="RemoveMe(G"];
490 Actor37 <= Actor82 [label="RemoveMe(G"];
491 Actor37 <= Actor100 [label="RemoveMe(G"];
492 Actor37 <= Actor14 [label="RemoveMe(G"];
493 Actor37 <= Actor52 [label="RemoveMe(G"];
494 Actor37 <= Actor78 [label="RemoveMe(G"];
495 Actor37 <= Actor86 [label="RemoveMe(G"];
496 Actor37 <= Actor87 [label="RemoveMe(G"];
497 Actor37 <= Actor89 [label="RemoveMe(G"];
498 Actor37 <= Actor96 [label="RemoveMe(G"];
499 Actor37 <= Actor49 [label="RemoveMe(G"];
500 Actor37 <= Actor91 [label="RemoveMe(G"];
501 Actor37 <= Actor68 [label="RemoveMe(G"];
502 Actor37 <= Actor74 [label="RemoveMe(G"];
503 Actor37 <= Actor3 [label="RemoveMe(G"];
504 Actor37 <= Actor60 [label="RemoveMe(G"];
1092 Actor37 <= Actor0 [label="ShutDown"];
