38 Actor38 <= Actor0 [label="Set(Master"];
126 Actor38 <= Actor58 [label="Rumor"];
127 Actor38 => Actor46 [label="Rumor"];
128 Actor38 => Actor38 [label="Remind"];
135 Actor38 <= Actor3 [label="Rumor"];
136 Actor38 => Actor1 [label="RemoveMe(G"];
137 Actor38 => Actor2 [label="RemoveMe(G"];
138 Actor38 => Actor3 [label="RemoveMe(G"];
139 Actor38 => Actor4 [label="RemoveMe(G"];
140 Actor38 => Actor5 [label="RemoveMe(G"];
141 Actor38 => Actor6 [label="RemoveMe(G"];
142 Actor38 => Actor7 [label="RemoveMe(G"];
143 Actor38 => Actor8 [label="RemoveMe(G"];
144 Actor38 => Actor9 [label="RemoveMe(G"];
145 Actor38 => Actor10 [label="RemoveMe(G"];
146 Actor38 => Actor11 [label="RemoveMe(G"];
147 Actor38 => Actor12 [label="RemoveMe(G"];
148 Actor38 => Actor13 [label="RemoveMe(G"];
149 Actor38 => Actor14 [label="RemoveMe(G"];
150 Actor38 => Actor15 [label="RemoveMe(G"];
151 Actor38 => Actor16 [label="RemoveMe(G"];
152 Actor38 => Actor17 [label="RemoveMe(G"];
153 Actor38 => Actor18 [label="RemoveMe(G"];
154 Actor38 => Actor19 [label="RemoveMe(G"];
155 Actor38 => Actor20 [label="RemoveMe(G"];
156 Actor38 => Actor21 [label="RemoveMe(G"];
157 Actor38 => Actor22 [label="RemoveMe(G"];
158 Actor38 => Actor23 [label="RemoveMe(G"];
159 Actor38 => Actor24 [label="RemoveMe(G"];
160 Actor38 => Actor25 [label="RemoveMe(G"];
161 Actor38 => Actor26 [label="RemoveMe(G"];
162 Actor38 => Actor27 [label="RemoveMe(G"];
163 Actor38 => Actor28 [label="RemoveMe(G"];
164 Actor38 => Actor29 [label="RemoveMe(G"];
165 Actor38 => Actor30 [label="RemoveMe(G"];
166 Actor38 => Actor31 [label="RemoveMe(G"];
167 Actor38 => Actor32 [label="RemoveMe(G"];
168 Actor38 => Actor33 [label="RemoveMe(G"];
169 Actor38 => Actor34 [label="RemoveMe(G"];
170 Actor38 => Actor35 [label="RemoveMe(G"];
171 Actor38 => Actor36 [label="RemoveMe(G"];
172 Actor38 => Actor37 [label="RemoveMe(G"];
173 Actor38 => Actor39 [label="RemoveMe(G"];
174 Actor38 => Actor40 [label="RemoveMe(G"];
175 Actor38 => Actor41 [label="RemoveMe(G"];
176 Actor38 => Actor42 [label="RemoveMe(G"];
177 Actor38 => Actor43 [label="RemoveMe(G"];
178 Actor38 => Actor44 [label="RemoveMe(G"];
179 Actor38 => Actor45 [label="RemoveMe(G"];
180 Actor38 => Actor46 [label="RemoveMe(G"];
181 Actor38 => Actor47 [label="RemoveMe(G"];
182 Actor38 => Actor48 [label="RemoveMe(G"];
183 Actor38 => Actor49 [label="RemoveMe(G"];
184 Actor38 => Actor50 [label="RemoveMe(G"];
185 Actor38 => Actor51 [label="RemoveMe(G"];
186 Actor38 => Actor52 [label="RemoveMe(G"];
187 Actor38 => Actor53 [label="RemoveMe(G"];
188 Actor38 => Actor54 [label="RemoveMe(G"];
189 Actor38 => Actor55 [label="RemoveMe(G"];
190 Actor38 => Actor56 [label="RemoveMe(G"];
191 Actor38 => Actor57 [label="RemoveMe(G"];
192 Actor38 => Actor58 [label="RemoveMe(G"];
193 Actor38 => Actor59 [label="RemoveMe(G"];
194 Actor38 => Actor60 [label="RemoveMe(G"];
195 Actor38 => Actor61 [label="RemoveMe(G"];
196 Actor38 => Actor62 [label="RemoveMe(G"];
197 Actor38 => Actor63 [label="RemoveMe(G"];
198 Actor38 => Actor64 [label="RemoveMe(G"];
199 Actor38 => Actor65 [label="RemoveMe(G"];
200 Actor38 => Actor66 [label="RemoveMe(G"];
201 Actor38 => Actor67 [label="RemoveMe(G"];
202 Actor38 => Actor68 [label="RemoveMe(G"];
203 Actor38 => Actor69 [label="RemoveMe(G"];
204 Actor38 => Actor70 [label="RemoveMe(G"];
205 Actor38 => Actor71 [label="RemoveMe(G"];
206 Actor38 => Actor72 [label="RemoveMe(G"];
207 Actor38 => Actor73 [label="RemoveMe(G"];
208 Actor38 => Actor74 [label="RemoveMe(G"];
209 Actor38 => Actor75 [label="RemoveMe(G"];
210 Actor38 => Actor76 [label="RemoveMe(G"];
211 Actor38 => Actor77 [label="RemoveMe(G"];
212 Actor38 => Actor78 [label="RemoveMe(G"];
213 Actor38 => Actor79 [label="RemoveMe(G"];
214 Actor38 => Actor80 [label="RemoveMe(G"];
215 Actor38 => Actor81 [label="RemoveMe(G"];
216 Actor38 => Actor82 [label="RemoveMe(G"];
217 Actor38 => Actor83 [label="RemoveMe(G"];
218 Actor38 => Actor84 [label="RemoveMe(G"];
219 Actor38 => Actor85 [label="RemoveMe(G"];
220 Actor38 => Actor86 [label="RemoveMe(G"];
221 Actor38 => Actor87 [label="RemoveMe(G"];
222 Actor38 => Actor88 [label="RemoveMe(G"];
223 Actor38 => Actor89 [label="RemoveMe(G"];
224 Actor38 => Actor90 [label="RemoveMe(G"];
225 Actor38 => Actor91 [label="RemoveMe(G"];
226 Actor38 => Actor92 [label="RemoveMe(G"];
227 Actor38 => Actor93 [label="RemoveMe(G"];
228 Actor38 => Actor94 [label="RemoveMe(G"];
229 Actor38 => Actor95 [label="RemoveMe(G"];
230 Actor38 => Actor96 [label="RemoveMe(G"];
231 Actor38 => Actor97 [label="RemoveMe(G"];
232 Actor38 => Actor98 [label="RemoveMe(G"];
233 Actor38 => Actor99 [label="RemoveMe(G"];
234 Actor38 => Actor100 [label="RemoveMe(G"];
235 Actor38 => Actor0 [label="Finish"];
236 Actor38 <= Actor42 [label="RemoveMe(G"];
237 Actor38 <= Actor90 [label="Rumor"];
238 Actor38 <= Actor24 [label="RemoveMe(G"];
239 Actor38 <= Actor90 [label="RemoveMe(G"];
240 Actor38 <= Actor63 [label="RemoveMe(G"];
241 Actor38 <= Actor58 [label="RemoveMe(G"];
242 Actor38 <= Actor94 [label="RemoveMe(G"];
243 Actor38 <= Actor12 [label="Rumor"];
244 Actor38 <= Actor70 [label="RemoveMe(G"];
245 Actor38 <= Actor88 [label="RemoveMe(G"];
246 Actor38 <= Actor12 [label="RemoveMe(G"];
247 Actor38 <= Actor16 [label="RemoveMe(G"];
387 Actor38 <= Actor37 [label="RemoveMe(G"];
388 Actor38 <= Actor5 [label="RemoveMe(G"];
389 Actor38 <= Actor10 [label="RemoveMe(G"];
390 Actor38 <= Actor59 [label="RemoveMe(G"];
391 Actor38 <= Actor99 [label="RemoveMe(G"];
392 Actor38 <= Actor84 [label="RemoveMe(G"];
393 Actor38 <= Actor93 [label="RemoveMe(G"];
394 Actor38 <= Actor1 [label="RemoveMe(G"];
395 Actor38 <= Actor97 [label="RemoveMe(G"];
396 Actor38 <= Actor27 [label="RemoveMe(G"];
397 Actor38 <= Actor11 [label="RemoveMe(G"];
398 Actor38 <= Actor76 [label="RemoveMe(G"];
399 Actor38 <= Actor32 [label="RemoveMe(G"];
400 Actor38 <= Actor8 [label="RemoveMe(G"];
401 Actor38 <= Actor28 [label="RemoveMe(G"];
404 Actor38 <= Actor72 [label="RemoveMe(G"];
405 Actor38 <= Actor57 [label="RemoveMe(G"];
406 Actor38 <= Actor7 [label="RemoveMe(G"];
407 Actor38 <= Actor98 [label="RemoveMe(G"];
408 Actor38 <= Actor41 [label="RemoveMe(G"];
409 Actor38 <= Actor38 [label="Remind"];
410 Actor38 <= Actor81 [label="RemoveMe(G"];
411 Actor38 <= Actor36 [label="RemoveMe(G"];
426 Actor38 <= Actor13 [label="RemoveMe(G"];
427 Actor38 <= Actor21 [label="RemoveMe(G"];
428 Actor38 <= Actor35 [label="RemoveMe(G"];
429 Actor38 <= Actor15 [label="RemoveMe(G"];
430 Actor38 <= Actor55 [label="RemoveMe(G"];
431 Actor38 <= Actor79 [label="RemoveMe(G"];
432 Actor38 <= Actor34 [label="RemoveMe(G"];
433 Actor38 <= Actor69 [label="RemoveMe(G"];
434 Actor38 <= Actor53 [label="RemoveMe(G"];
435 Actor38 <= Actor46 [label="RemoveMe(G"];
436 Actor38 <= Actor75 [label="RemoveMe(G"];
437 Actor38 <= Actor2 [label="RemoveMe(G"];
438 Actor38 <= Actor51 [label="RemoveMe(G"];
439 Actor38 <= Actor25 [label="RemoveMe(G"];
440 Actor38 <= Actor18 [label="RemoveMe(G"];
441 Actor38 <= Actor39 [label="RemoveMe(G"];
460 Actor38 <= Actor45 [label="RemoveMe(G"];
461 Actor38 <= Actor47 [label="RemoveMe(G"];
462 Actor38 <= Actor62 [label="RemoveMe(G"];
463 Actor38 <= Actor67 [label="RemoveMe(G"];
464 Actor38 <= Actor65 [label="RemoveMe(G"];
465 Actor38 <= Actor71 [label="RemoveMe(G"];
466 Actor38 <= Actor73 [label="RemoveMe(G"];
467 Actor38 <= Actor64 [label="RemoveMe(G"];
468 Actor38 <= Actor66 [label="RemoveMe(G"];
469 Actor38 <= Actor82 [label="RemoveMe(G"];
470 Actor38 <= Actor100 [label="RemoveMe(G"];
471 Actor38 <= Actor14 [label="RemoveMe(G"];
472 Actor38 <= Actor52 [label="RemoveMe(G"];
473 Actor38 <= Actor78 [label="RemoveMe(G"];
474 Actor38 <= Actor54 [label="RemoveMe(G"];
475 Actor38 <= Actor86 [label="RemoveMe(G"];
476 Actor38 <= Actor87 [label="RemoveMe(G"];
477 Actor38 <= Actor89 [label="RemoveMe(G"];
478 Actor38 <= Actor96 [label="RemoveMe(G"];
479 Actor38 <= Actor49 [label="RemoveMe(G"];
480 Actor38 <= Actor91 [label="RemoveMe(G"];
481 Actor38 <= Actor68 [label="RemoveMe(G"];
482 Actor38 <= Actor74 [label="RemoveMe(G"];
483 Actor38 <= Actor3 [label="RemoveMe(G"];
484 Actor38 <= Actor31 [label="RemoveMe(G"];
485 Actor38 <= Actor23 [label="RemoveMe(G"];
486 Actor38 <= Actor60 [label="RemoveMe(G"];
487 Actor38 <= Actor61 [label="RemoveMe(G"];
488 Actor38 <= Actor56 [label="RemoveMe(G"];
500 Actor38 <= Actor95 [label="RemoveMe(G"];
1093 Actor38 <= Actor0 [label="ShutDown"];
