39 Actor39 <= Actor0 [label="Set(Master"];
159 Actor39 <= Actor42 [label="RemoveMe(G"];
198 Actor39 <= Actor24 [label="RemoveMe(G"];
199 Actor39 <= Actor90 [label="RemoveMe(G"];
200 Actor39 <= Actor63 [label="RemoveMe(G"];
203 Actor39 <= Actor58 [label="RemoveMe(G"];
204 Actor39 <= Actor94 [label="RemoveMe(G"];
205 Actor39 <= Actor70 [label="RemoveMe(G"];
216 Actor39 <= Actor88 [label="RemoveMe(G"];
217 Actor39 <= Actor12 [label="RemoveMe(G"];
218 Actor39 <= Actor16 [label="RemoveMe(G"];
388 Actor39 <= Actor37 [label="RemoveMe(G"];
389 Actor39 <= Actor5 [label="RemoveMe(G"];
390 Actor39 <= Actor10 [label="RemoveMe(G"];
391 Actor39 <= Actor59 [label="RemoveMe(G"];
392 Actor39 <= Actor99 [label="RemoveMe(G"];
393 Actor39 <= Actor84 [label="RemoveMe(G"];
394 Actor39 <= Actor6 [label="Rumor"];
395 Actor39 => Actor79 [label="Rumor"];
396 Actor39 => Actor39 [label="Remind"];
397 Actor39 <= Actor93 [label="RemoveMe(G"];
398 Actor39 <= Actor1 [label="RemoveMe(G"];
399 Actor39 <= Actor95 [label="Rumor"];
400 Actor39 => Actor2 [label="RemoveMe(G"];
401 Actor39 => Actor3 [label="RemoveMe(G"];
402 Actor39 => Actor4 [label="RemoveMe(G"];
403 Actor39 => Actor6 [label="RemoveMe(G"];
404 Actor39 => Actor7 [label="RemoveMe(G"];
405 Actor39 => Actor8 [label="RemoveMe(G"];
406 Actor39 => Actor9 [label="RemoveMe(G"];
407 Actor39 => Actor11 [label="RemoveMe(G"];
408 Actor39 => Actor13 [label="RemoveMe(G"];
409 Actor39 => Actor14 [label="RemoveMe(G"];
410 Actor39 => Actor15 [label="RemoveMe(G"];
411 Actor39 => Actor17 [label="RemoveMe(G"];
412 Actor39 => Actor18 [label="RemoveMe(G"];
413 Actor39 => Actor19 [label="RemoveMe(G"];
414 Actor39 => Actor20 [label="RemoveMe(G"];
415 Actor39 => Actor21 [label="RemoveMe(G"];
416 Actor39 => Actor22 [label="RemoveMe(G"];
417 Actor39 => Actor23 [label="RemoveMe(G"];
418 Actor39 => Actor25 [label="RemoveMe(G"];
419 Actor39 => Actor26 [label="RemoveMe(G"];
420 Actor39 => Actor27 [label="RemoveMe(G"];
421 Actor39 => Actor28 [label="RemoveMe(G"];
422 Actor39 => Actor29 [label="RemoveMe(G"];
423 Actor39 => Actor30 [label="RemoveMe(G"];
424 Actor39 => Actor31 [label="RemoveMe(G"];
425 Actor39 => Actor32 [label="RemoveMe(G"];
426 Actor39 => Actor33 [label="RemoveMe(G"];
427 Actor39 => Actor34 [label="RemoveMe(G"];
428 Actor39 => Actor35 [label="RemoveMe(G"];
429 Actor39 => Actor36 [label="RemoveMe(G"];
430 Actor39 => Actor38 [label="RemoveMe(G"];
431 Actor39 => Actor40 [label="RemoveMe(G"];
432 Actor39 => Actor41 [label="RemoveMe(G"];
433 Actor39 => Actor43 [label="RemoveMe(G"];
434 Actor39 => Actor44 [label="RemoveMe(G"];
435 Actor39 => Actor45 [label="RemoveMe(G"];
436 Actor39 => Actor46 [label="RemoveMe(G"];
437 Actor39 => Actor47 [label="RemoveMe(G"];
438 Actor39 => Actor48 [label="RemoveMe(G"];
439 Actor39 => Actor49 [label="RemoveMe(G"];
440 Actor39 => Actor50 [label="RemoveMe(G"];
441 Actor39 => Actor51 [label="RemoveMe(G"];
442 Actor39 => Actor52 [label="RemoveMe(G"];
443 Actor39 => Actor53 [label="RemoveMe(G"];
444 Actor39 => Actor54 [label="RemoveMe(G"];
445 Actor39 => Actor55 [label="RemoveMe(G"];
446 Actor39 => Actor56 [label="RemoveMe(G"];
447 Actor39 => Actor57 [label="RemoveMe(G"];
448 Actor39 => Actor60 [label="RemoveMe(G"];
449 Actor39 => Actor61 [label="RemoveMe(G"];
450 Actor39 => Actor62 [label="RemoveMe(G"];
451 Actor39 => Actor64 [label="RemoveMe(G"];
452 Actor39 => Actor65 [label="RemoveMe(G"];
453 Actor39 => Actor66 [label="RemoveMe(G"];
454 Actor39 => Actor67 [label="RemoveMe(G"];
455 Actor39 => Actor68 [label="RemoveMe(G"];
456 Actor39 => Actor69 [label="RemoveMe(G"];
457 Actor39 => Actor71 [label="RemoveMe(G"];
458 Actor39 => Actor72 [label="RemoveMe(G"];
459 Actor39 => Actor73 [label="RemoveMe(G"];
460 Actor39 => Actor74 [label="RemoveMe(G"];
461 Actor39 => Actor75 [label="RemoveMe(G"];
462 Actor39 => Actor76 [label="RemoveMe(G"];
463 Actor39 => Actor77 [label="RemoveMe(G"];
464 Actor39 => Actor78 [label="RemoveMe(G"];
465 Actor39 => Actor79 [label="RemoveMe(G"];
466 Actor39 => Actor80 [label="RemoveMe(G"];
467 Actor39 => Actor81 [label="RemoveMe(G"];
468 Actor39 => Actor82 [label="RemoveMe(G"];
469 Actor39 => Actor83 [label="RemoveMe(G"];
470 Actor39 => Actor85 [label="RemoveMe(G"];
471 Actor39 => Actor86 [label="RemoveMe(G"];
472 Actor39 => Actor87 [label="RemoveMe(G"];
473 Actor39 => Actor89 [label="RemoveMe(G"];
474 Actor39 => Actor91 [label="RemoveMe(G"];
475 Actor39 => Actor92 [label="RemoveMe(G"];
476 Actor39 => Actor95 [label="RemoveMe(G"];
477 Actor39 => Actor96 [label="RemoveMe(G"];
478 Actor39 => Actor97 [label="RemoveMe(G"];
479 Actor39 => Actor98 [label="RemoveMe(G"];
480 Actor39 => Actor100 [label="RemoveMe(G"];
481 Actor39 => Actor0 [label="Finish"];
482 Actor39 <= Actor97 [label="RemoveMe(G"];
483 Actor39 <= Actor27 [label="RemoveMe(G"];
484 Actor39 <= Actor11 [label="RemoveMe(G"];
485 Actor39 <= Actor76 [label="RemoveMe(G"];
486 Actor39 <= Actor32 [label="RemoveMe(G"];
487 Actor39 <= Actor8 [label="RemoveMe(G"];
488 Actor39 <= Actor28 [label="RemoveMe(G"];
489 Actor39 <= Actor72 [label="RemoveMe(G"];
490 Actor39 <= Actor57 [label="RemoveMe(G"];
491 Actor39 <= Actor7 [label="RemoveMe(G"];
492 Actor39 <= Actor98 [label="RemoveMe(G"];
493 Actor39 <= Actor41 [label="RemoveMe(G"];
494 Actor39 <= Actor38 [label="RemoveMe(G"];
495 Actor39 <= Actor81 [label="RemoveMe(G"];
496 Actor39 <= Actor36 [label="RemoveMe(G"];
497 Actor39 <= Actor13 [label="RemoveMe(G"];
498 Actor39 <= Actor21 [label="RemoveMe(G"];
499 Actor39 <= Actor35 [label="RemoveMe(G"];
500 Actor39 <= Actor15 [label="RemoveMe(G"];
501 Actor39 <= Actor55 [label="RemoveMe(G"];
502 Actor39 <= Actor29 [label="Rumor"];
503 Actor39 <= Actor79 [label="RemoveMe(G"];
504 Actor39 <= Actor34 [label="RemoveMe(G"];
505 Actor39 <= Actor69 [label="RemoveMe(G"];
506 Actor39 <= Actor53 [label="RemoveMe(G"];
507 Actor39 <= Actor46 [label="RemoveMe(G"];
508 Actor39 <= Actor75 [label="RemoveMe(G"];
509 Actor39 <= Actor51 [label="Rumor"];
510 Actor39 <= Actor2 [label="RemoveMe(G"];
511 Actor39 <= Actor51 [label="RemoveMe(G"];
512 Actor39 <= Actor25 [label="RemoveMe(G"];
513 Actor39 <= Actor18 [label="RemoveMe(G"];
514 Actor39 <= Actor39 [label="Remind"];
515 Actor39 <= Actor45 [label="RemoveMe(G"];
516 Actor39 <= Actor47 [label="RemoveMe(G"];
517 Actor39 <= Actor62 [label="RemoveMe(G"];
518 Actor39 <= Actor67 [label="RemoveMe(G"];
519 Actor39 <= Actor65 [label="Rumor"];
520 Actor39 <= Actor65 [label="RemoveMe(G"];
521 Actor39 <= Actor71 [label="RemoveMe(G"];
522 Actor39 <= Actor73 [label="RemoveMe(G"];
523 Actor39 <= Actor64 [label="RemoveMe(G"];
524 Actor39 <= Actor66 [label="RemoveMe(G"];
525 Actor39 <= Actor82 [label="RemoveMe(G"];
526 Actor39 <= Actor100 [label="RemoveMe(G"];
527 Actor39 <= Actor14 [label="RemoveMe(G"];
528 Actor39 <= Actor20 [label="RemoveMe(G"];
529 Actor39 <= Actor52 [label="RemoveMe(G"];
530 Actor39 <= Actor78 [label="RemoveMe(G"];
531 Actor39 <= Actor54 [label="RemoveMe(G"];
532 Actor39 <= Actor86 [label="RemoveMe(G"];
533 Actor39 <= Actor87 [label="RemoveMe(G"];
534 Actor39 <= Actor89 [label="RemoveMe(G"];
535 Actor39 <= Actor92 [label="RemoveMe(G"];
536 Actor39 <= Actor96 [label="RemoveMe(G"];
537 Actor39 <= Actor49 [label="RemoveMe(G"];
538 Actor39 <= Actor91 [label="RemoveMe(G"];
539 Actor39 <= Actor68 [label="RemoveMe(G"];
540 Actor39 <= Actor50 [label="RemoveMe(G"];
541 Actor39 <= Actor74 [label="RemoveMe(G"];
542 Actor39 <= Actor23 [label="Rumor"];
543 Actor39 <= Actor3 [label="RemoveMe(G"];
544 Actor39 <= Actor31 [label="RemoveMe(G"];
545 Actor39 <= Actor23 [label="RemoveMe(G"];
546 Actor39 <= Actor60 [label="RemoveMe(G"];
547 Actor39 <= Actor61 [label="RemoveMe(G"];
548 Actor39 <= Actor44 [label="RemoveMe(G"];
549 Actor39 <= Actor48 [label="RemoveMe(G"];
550 Actor39 <= Actor56 [label="RemoveMe(G"];
551 Actor39 <= Actor95 [label="RemoveMe(G"];
552 Actor39 <= Actor80 [label="RemoveMe(G"];
553 Actor39 <= Actor30 [label="RemoveMe(G"];
1094 Actor39 <= Actor0 [label="ShutDown"];
