4 Actor4 <= Actor0 [label="Set(Master"];
124 Actor4 <= Actor42 [label="RemoveMe(G"];
133 Actor4 <= Actor63 [label="RemoveMe(G"];
134 Actor4 <= Actor5 [label="RemoveMe(G"];
135 Actor4 <= Actor94 [label="RemoveMe(G"];
164 Actor4 <= Actor24 [label="RemoveMe(G"];
165 Actor4 <= Actor90 [label="RemoveMe(G"];
168 Actor4 <= Actor58 [label="RemoveMe(G"];
181 Actor4 <= Actor88 [label="RemoveMe(G"];
182 Actor4 <= Actor70 [label="RemoveMe(G"];
183 Actor4 <= Actor12 [label="RemoveMe(G"];
184 Actor4 <= Actor16 [label="RemoveMe(G"];
355 Actor4 <= Actor37 [label="RemoveMe(G"];
356 Actor4 <= Actor10 [label="RemoveMe(G"];
357 Actor4 <= Actor59 [label="RemoveMe(G"];
358 Actor4 <= Actor84 [label="RemoveMe(G"];
359 Actor4 <= Actor99 [label="RemoveMe(G"];
360 Actor4 <= Actor93 [label="RemoveMe(G"];
361 Actor4 <= Actor1 [label="RemoveMe(G"];
362 Actor4 <= Actor97 [label="RemoveMe(G"];
363 Actor4 <= Actor27 [label="RemoveMe(G"];
364 Actor4 <= Actor32 [label="RemoveMe(G"];
365 Actor4 <= Actor11 [label="RemoveMe(G"];
366 Actor4 <= Actor76 [label="RemoveMe(G"];
367 Actor4 <= Actor28 [label="RemoveMe(G"];
368 Actor4 <= Actor8 [label="RemoveMe(G"];
369 Actor4 <= Actor15 [label="RemoveMe(G"];
370 Actor4 <= Actor81 [label="RemoveMe(G"];
371 Actor4 <= Actor57 [label="RemoveMe(G"];
374 Actor4 <= Actor72 [label="RemoveMe(G"];
375 Actor4 <= Actor7 [label="RemoveMe(G"];
376 Actor4 <= Actor98 [label="RemoveMe(G"];
377 Actor4 <= Actor41 [label="RemoveMe(G"];
378 Actor4 <= Actor38 [label="RemoveMe(G"];
379 Actor4 <= Actor36 [label="RemoveMe(G"];
399 Actor4 <= Actor13 [label="RemoveMe(G"];
400 Actor4 <= Actor21 [label="RemoveMe(G"];
401 Actor4 <= Actor35 [label="RemoveMe(G"];
402 Actor4 <= Actor79 [label="RemoveMe(G"];
403 Actor4 <= Actor55 [label="RemoveMe(G"];
404 Actor4 <= Actor53 [label="RemoveMe(G"];
405 Actor4 <= Actor46 [label="RemoveMe(G"];
406 Actor4 <= Actor34 [label="RemoveMe(G"];
504 Actor4 <= Actor29 [label="Rumor"];
505 Actor4 => Actor74 [label="Rumor"];
506 Actor4 => Actor4 [label="Remind"];
507 Actor4 <= Actor69 [label="RemoveMe(G"];
508 Actor4 <= Actor75 [label="RemoveMe(G"];
509 Actor4 <= Actor2 [label="RemoveMe(G"];
510 Actor4 <= Actor51 [label="RemoveMe(G"];
511 Actor4 <= Actor25 [label="RemoveMe(G"];
512 Actor4 <= Actor18 [label="RemoveMe(G"];
513 Actor4 <= Actor39 [label="RemoveMe(G"];
514 Actor4 <= Actor62 [label="RemoveMe(G"];
515 Actor4 <= Actor45 [label="RemoveMe(G"];
516 Actor4 <= Actor47 [label="RemoveMe(G"];
517 Actor4 <= Actor67 [label="RemoveMe(G"];
518 Actor4 <= Actor19 [label="Rumor"];
519 Actor4 => Actor3 [label="RemoveMe(G"];
520 Actor4 => Actor6 [label="RemoveMe(G"];
521 Actor4 => Actor9 [label="RemoveMe(G"];
522 Actor4 => Actor14 [label="RemoveMe(G"];
523 Actor4 => Actor17 [label="RemoveMe(G"];
524 Actor4 => Actor19 [label="RemoveMe(G"];
525 Actor4 => Actor20 [label="RemoveMe(G"];
526 Actor4 => Actor22 [label="RemoveMe(G"];
527 Actor4 => Actor23 [label="RemoveMe(G"];
528 Actor4 => Actor26 [label="RemoveMe(G"];
529 Actor4 => Actor29 [label="RemoveMe(G"];
530 Actor4 => Actor30 [label="RemoveMe(G"];
531 Actor4 => Actor31 [label="RemoveMe(G"];
532 Actor4 => Actor33 [label="RemoveMe(G"];
533 Actor4 => Actor40 [label="RemoveMe(G"];
534 Actor4 => Actor43 [label="RemoveMe(G"];
535 Actor4 => Actor44 [label="RemoveMe(G"];
536 Actor4 => Actor48 [label="RemoveMe(G"];
537 Actor4 => Actor49 [label="RemoveMe(G"];
538 Actor4 => Actor50 [label="RemoveMe(G"];
539 Actor4 => Actor52 [label="RemoveMe(G"];
540 Actor4 => Actor54 [label="RemoveMe(G"];
541 Actor4 => Actor56 [label="RemoveMe(G"];
542 Actor4 => Actor60 [label="RemoveMe(G"];
543 Actor4 => Actor61 [label="RemoveMe(G"];
544 Actor4 => Actor64 [label="RemoveMe(G"];
545 Actor4 => Actor65 [label="RemoveMe(G"];
546 Actor4 => Actor66 [label="RemoveMe(G"];
547 Actor4 => Actor68 [label="RemoveMe(G"];
548 Actor4 => Actor71 [label="RemoveMe(G"];
549 Actor4 => Actor73 [label="RemoveMe(G"];
550 Actor4 => Actor74 [label="RemoveMe(G"];
551 Actor4 => Actor77 [label="RemoveMe(G"];
552 Actor4 => Actor78 [label="RemoveMe(G"];
553 Actor4 => Actor80 [label="RemoveMe(G"];
554 Actor4 => Actor82 [label="RemoveMe(G"];
555 Actor4 => Actor83 [label="RemoveMe(G"];
556 Actor4 => Actor85 [label="RemoveMe(G"];
557 Actor4 => Actor86 [label="RemoveMe(G"];
558 Actor4 => Actor87 [label="RemoveMe(G"];
559 Actor4 => Actor89 [label="RemoveMe(G"];
560 Actor4 => Actor91 [label="RemoveMe(G"];
561 Actor4 => Actor92 [label="RemoveMe(G"];
562 Actor4 => Actor95 [label="RemoveMe(G"];
563 Actor4 => Actor96 [label="RemoveMe(G"];
564 Actor4 => Actor100 [label="RemoveMe(G"];
565 Actor4 => Actor0 [label="Finish"];
566 Actor4 <= Actor33 [label="RemoveMe(G"];
567 Actor4 <= Actor65 [label="RemoveMe(G"];
568 Actor4 <= Actor71 [label="RemoveMe(G"];
569 Actor4 <= Actor73 [label="RemoveMe(G"];
570 Actor4 <= Actor64 [label="RemoveMe(G"];
571 Actor4 <= Actor66 [label="RemoveMe(G"];
572 Actor4 <= Actor82 [label="RemoveMe(G"];
573 Actor4 <= Actor4 [label="Remind"];
574 Actor4 <= Actor100 [label="RemoveMe(G"];
575 Actor4 <= Actor83 [label="RemoveMe(G"];
576 Actor4 <= Actor14 [label="RemoveMe(G"];
577 Actor4 <= Actor20 [label="RemoveMe(G"];
578 Actor4 <= Actor52 [label="RemoveMe(G"];
579 Actor4 <= Actor78 [label="RemoveMe(G"];
580 Actor4 <= Actor54 [label="RemoveMe(G"];
581 Actor4 <= Actor85 [label="RemoveMe(G"];
582 Actor4 <= Actor86 [label="RemoveMe(G"];
583 Actor4 <= Actor87 [label="RemoveMe(G"];
584 Actor4 <= Actor89 [label="RemoveMe(G"];
585 Actor4 <= Actor96 [label="RemoveMe(G"];
586 Actor4 <= Actor92 [label="RemoveMe(G"];
587 Actor4 <= Actor56 [label="Rumor"];
588 Actor4 <= Actor49 [label="RemoveMe(G"];
589 Actor4 <= Actor91 [label="RemoveMe(G"];
590 Actor4 <= Actor68 [label="RemoveMe(G"];
591 Actor4 <= Actor50 [label="RemoveMe(G"];
592 Actor4 <= Actor74 [label="RemoveMe(G"];
593 Actor4 <= Actor77 [label="RemoveMe(G"];
594 Actor4 <= Actor3 [label="RemoveMe(G"];
595 Actor4 <= Actor31 [label="RemoveMe(G"];
596 Actor4 <= Actor23 [label="RemoveMe(G"];
597 Actor4 <= Actor60 [label="RemoveMe(G"];
598 Actor4 <= Actor61 [label="RemoveMe(G"];
599 Actor4 <= Actor44 [label="RemoveMe(G"];
600 Actor4 <= Actor48 [label="RemoveMe(G"];
601 Actor4 <= Actor56 [label="RemoveMe(G"];
602 Actor4 <= Actor95 [label="RemoveMe(G"];
603 Actor4 <= Actor80 [label="RemoveMe(G"];
604 Actor4 <= Actor30 [label="RemoveMe(G"];
1059 Actor4 <= Actor0 [label="ShutDown"];
