40 Actor40 <= Actor0 [label="Set(Master"];
160 Actor40 <= Actor42 [label="RemoveMe(G"];
199 Actor40 <= Actor24 [label="RemoveMe(G"];
200 Actor40 <= Actor90 [label="RemoveMe(G"];
201 Actor40 <= Actor63 [label="RemoveMe(G"];
204 Actor40 <= Actor58 [label="RemoveMe(G"];
205 Actor40 <= Actor94 [label="RemoveMe(G"];
206 Actor40 <= Actor70 [label="RemoveMe(G"];
217 Actor40 <= Actor88 [label="RemoveMe(G"];
218 Actor40 <= Actor12 [label="RemoveMe(G"];
219 Actor40 <= Actor16 [label="RemoveMe(G"];
220 Actor40 <= Actor5 [label="RemoveMe(G"];
276 Actor40 <= Actor10 [label="RemoveMe(G"];
277 Actor40 <= Actor59 [label="RemoveMe(G"];
389 Actor40 <= Actor37 [label="RemoveMe(G"];
390 Actor40 <= Actor99 [label="RemoveMe(G"];
391 Actor40 <= Actor84 [label="RemoveMe(G"];
392 Actor40 <= Actor93 [label="RemoveMe(G"];
393 Actor40 <= Actor1 [label="RemoveMe(G"];
394 Actor40 <= Actor97 [label="RemoveMe(G"];
395 Actor40 <= Actor27 [label="RemoveMe(G"];
396 Actor40 <= Actor11 [label="RemoveMe(G"];
397 Actor40 <= Actor76 [label="RemoveMe(G"];
398 Actor40 <= Actor32 [label="RemoveMe(G"];
399 Actor40 <= Actor8 [label="RemoveMe(G"];
400 Actor40 <= Actor28 [label="RemoveMe(G"];
406 Actor40 <= Actor72 [label="RemoveMe(G"];
407 Actor40 <= Actor57 [label="RemoveMe(G"];
408 Actor40 <= Actor7 [label="RemoveMe(G"];
409 Actor40 <= Actor98 [label="RemoveMe(G"];
410 Actor40 <= Actor41 [label="RemoveMe(G"];
411 Actor40 <= Actor38 [label="RemoveMe(G"];
412 Actor40 <= Actor81 [label="RemoveMe(G"];
413 Actor40 <= Actor36 [label="RemoveMe(G"];
428 Actor40 <= Actor13 [label="RemoveMe(G"];
429 Actor40 <= Actor21 [label="RemoveMe(G"];
430 Actor40 <= Actor35 [label="RemoveMe(G"];
431 Actor40 <= Actor15 [label="RemoveMe(G"];
432 Actor40 <= Actor55 [label="RemoveMe(G"];
433 Actor40 <= Actor79 [label="RemoveMe(G"];
434 Actor40 <= Actor34 [label="RemoveMe(G"];
435 Actor40 <= Actor69 [label="RemoveMe(G"];
436 Actor40 <= Actor53 [label="RemoveMe(G"];
437 Actor40 <= Actor46 [label="RemoveMe(G"];
438 Actor40 <= Actor75 [label="RemoveMe(G"];
439 Actor40 <= Actor2 [label="RemoveMe(G"];
440 Actor40 <= Actor51 [label="RemoveMe(G"];
441 Actor40 <= Actor25 [label="RemoveMe(G"];
442 Actor40 <= Actor18 [label="RemoveMe(G"];
443 Actor40 <= Actor39 [label="RemoveMe(G"];
462 Actor40 <= Actor45 [label="RemoveMe(G"];
463 Actor40 <= Actor47 [label="RemoveMe(G"];
464 Actor40 <= Actor62 [label="RemoveMe(G"];
465 Actor40 <= Actor67 [label="RemoveMe(G"];
497 Actor40 <= Actor33 [label="RemoveMe(G"];
498 Actor40 <= Actor65 [label="RemoveMe(G"];
499 Actor40 <= Actor71 [label="RemoveMe(G"];
500 Actor40 <= Actor73 [label="RemoveMe(G"];
501 Actor40 <= Actor64 [label="RemoveMe(G"];
502 Actor40 <= Actor66 [label="RemoveMe(G"];
503 Actor40 <= Actor82 [label="RemoveMe(G"];
534 Actor40 <= Actor4 [label="RemoveMe(G"];
535 Actor40 <= Actor100 [label="RemoveMe(G"];
536 Actor40 <= Actor83 [label="RemoveMe(G"];
537 Actor40 <= Actor14 [label="RemoveMe(G"];
538 Actor40 <= Actor20 [label="RemoveMe(G"];
539 Actor40 <= Actor52 [label="RemoveMe(G"];
540 Actor40 <= Actor78 [label="RemoveMe(G"];
541 Actor40 <= Actor54 [label="RemoveMe(G"];
542 Actor40 <= Actor85 [label="RemoveMe(G"];
543 Actor40 <= Actor86 [label="RemoveMe(G"];
544 Actor40 <= Actor87 [label="RemoveMe(G"];
545 Actor40 <= Actor89 [label="RemoveMe(G"];
546 Actor40 <= Actor92 [label="RemoveMe(G"];
547 Actor40 <= Actor96 [label="RemoveMe(G"];
548 Actor40 <= Actor49 [label="RemoveMe(G"];
572 Actor40 <= Actor6 [label="Rumor"];
573 Actor40 => Actor50 [label="Rumor"];
574 Actor40 => Actor40 [label="Remind"];
575 Actor40 <= Actor91 [label="RemoveMe(G"];
776 Actor40 <= Actor6 [label="Rumor"];
777 Actor40 => Actor3 [label="RemoveMe(G"];
778 Actor40 => Actor6 [label="RemoveMe(G"];
779 Actor40 => Actor9 [label="RemoveMe(G"];
780 Actor40 => Actor17 [label="RemoveMe(G"];
781 Actor40 => Actor19 [label="RemoveMe(G"];
782 Actor40 => Actor22 [label="RemoveMe(G"];
783 Actor40 => Actor23 [label="RemoveMe(G"];
784 Actor40 => Actor26 [label="RemoveMe(G"];
785 Actor40 => Actor29 [label="RemoveMe(G"];
786 Actor40 => Actor30 [label="RemoveMe(G"];
787 Actor40 => Actor31 [label="RemoveMe(G"];
788 Actor40 => Actor43 [label="RemoveMe(G"];
789 Actor40 => Actor44 [label="RemoveMe(G"];
790 Actor40 => Actor48 [label="RemoveMe(G"];
791 Actor40 => Actor50 [label="RemoveMe(G"];
792 Actor40 => Actor56 [label="RemoveMe(G"];
793 Actor40 => Actor60 [label="RemoveMe(G"];
794 Actor40 => Actor61 [label="RemoveMe(G"];
795 Actor40 => Actor68 [label="RemoveMe(G"];
796 Actor40 => Actor74 [label="RemoveMe(G"];
797 Actor40 => Actor77 [label="RemoveMe(G"];
798 Actor40 => Actor80 [label="RemoveMe(G"];
799 Actor40 => Actor95 [label="RemoveMe(G"];
800 Actor40 => Actor0 [label="Finish"];
809 Actor40 <= Actor6 [label="Rumor"];
810 Actor40 <= Actor9 [label="RemoveMe(G"];
811 Actor40 <= Actor68 [label="RemoveMe(G"];
812 Actor40 <= Actor50 [label="RemoveMe(G"];
813 Actor40 <= Actor74 [label="RemoveMe(G"];
814 Actor40 <= Actor77 [label="RemoveMe(G"];
815 Actor40 <= Actor3 [label="RemoveMe(G"];
816 Actor40 <= Actor31 [label="RemoveMe(G"];
817 Actor40 <= Actor23 [label="RemoveMe(G"];
818 Actor40 <= Actor26 [label="RemoveMe(G"];
819 Actor40 <= Actor60 [label="RemoveMe(G"];
820 Actor40 <= Actor61 [label="RemoveMe(G"];
821 Actor40 <= Actor44 [label="RemoveMe(G"];
822 Actor40 <= Actor19 [label="RemoveMe(G"];
823 Actor40 <= Actor40 [label="Remind"];
824 Actor40 <= Actor48 [label="RemoveMe(G"];
825 Actor40 <= Actor56 [label="RemoveMe(G"];
826 Actor40 <= Actor43 [label="RemoveMe(G"];
827 Actor40 <= Actor95 [label="RemoveMe(G"];
828 Actor40 <= Actor80 [label="RemoveMe(G"];
829 Actor40 <= Actor22 [label="RemoveMe(G"];
830 Actor40 <= Actor17 [label="RemoveMe(G"];
831 Actor40 <= Actor29 [label="RemoveMe(G"];
832 Actor40 <= Actor30 [label="RemoveMe(G"];
1095 Actor40 <= Actor0 [label="ShutDown"];
