41 Actor41 <= Actor0 [label="Set(Master"];
170 Actor41 <= Actor53 [label="Rumor"];
171 Actor41 => Actor47 [label="Rumor"];
172 Actor41 => Actor41 [label="Remind"];
173 Actor41 <= Actor42 [label="RemoveMe(G"];
174 Actor41 <= Actor72 [label="Rumor"];
175 Actor41 => Actor1 [label="RemoveMe(G"];
176 Actor41 => Actor2 [label="RemoveMe(G"];
177 Actor41 => Actor3 [label="RemoveMe(G"];
178 Actor41 => Actor4 [label="RemoveMe(G"];
179 Actor41 => Actor5 [label="RemoveMe(G"];
180 Actor41 => Actor6 [label="RemoveMe(G"];
181 Actor41 => Actor7 [label="RemoveMe(G"];
182 Actor41 => Actor8 [label="RemoveMe(G"];
183 Actor41 => Actor9 [label="RemoveMe(G"];
184 Actor41 => Actor10 [label="RemoveMe(G"];
185 Actor41 => Actor11 [label="RemoveMe(G"];
186 Actor41 => Actor12 [label="RemoveMe(G"];
187 Actor41 => Actor13 [label="RemoveMe(G"];
188 Actor41 => Actor14 [label="RemoveMe(G"];
189 Actor41 => Actor15 [label="RemoveMe(G"];
190 Actor41 => Actor16 [label="RemoveMe(G"];
191 Actor41 => Actor17 [label="RemoveMe(G"];
192 Actor41 => Actor18 [label="RemoveMe(G"];
193 Actor41 => Actor19 [label="RemoveMe(G"];
194 Actor41 => Actor20 [label="RemoveMe(G"];
195 Actor41 => Actor21 [label="RemoveMe(G"];
196 Actor41 => Actor22 [label="RemoveMe(G"];
197 Actor41 => Actor23 [label="RemoveMe(G"];
198 Actor41 => Actor24 [label="RemoveMe(G"];
199 Actor41 => Actor25 [label="RemoveMe(G"];
200 Actor41 => Actor26 [label="RemoveMe(G"];
201 Actor41 => Actor27 [label="RemoveMe(G"];
202 Actor41 => Actor28 [label="RemoveMe(G"];
203 Actor41 => Actor29 [label="RemoveMe(G"];
204 Actor41 => Actor30 [label="RemoveMe(G"];
205 Actor41 => Actor31 [label="RemoveMe(G"];
206 Actor41 => Actor32 [label="RemoveMe(G"];
207 Actor41 => Actor33 [label="RemoveMe(G"];
208 Actor41 => Actor34 [label="RemoveMe(G"];
209 Actor41 => Actor35 [label="RemoveMe(G"];
210 Actor41 => Actor36 [label="RemoveMe(G"];
211 Actor41 => Actor37 [label="RemoveMe(G"];
212 Actor41 => Actor38 [label="RemoveMe(G"];
213 Actor41 => Actor39 [label="RemoveMe(G"];
214 Actor41 => Actor40 [label="RemoveMe(G"];
215 Actor41 => Actor43 [label="RemoveMe(G"];
216 Actor41 => Actor44 [label="RemoveMe(G"];
217 Actor41 => Actor45 [label="RemoveMe(G"];
218 Actor41 => Actor46 [label="RemoveMe(G"];
219 Actor41 => Actor47 [label="RemoveMe(G"];
220 Actor41 => Actor48 [label="RemoveMe(G"];
221 Actor41 => Actor49 [label="RemoveMe(G"];
222 Actor41 => Actor50 [label="RemoveMe(G"];
223 Actor41 => Actor51 [label="RemoveMe(G"];
224 Actor41 => Actor52 [label="RemoveMe(G"];
225 Actor41 => Actor53 [label="RemoveMe(G"];
226 Actor41 => Actor54 [label="RemoveMe(G"];
227 Actor41 => Actor55 [label="RemoveMe(G"];
228 Actor41 => Actor56 [label="RemoveMe(G"];
229 Actor41 => Actor57 [label="RemoveMe(G"];
230 Actor41 => Actor58 [label="RemoveMe(G"];
231 Actor41 => Actor59 [label="RemoveMe(G"];
232 Actor41 => Actor60 [label="RemoveMe(G"];
233 Actor41 => Actor61 [label="RemoveMe(G"];
234 Actor41 => Actor62 [label="RemoveMe(G"];
235 Actor41 => Actor63 [label="RemoveMe(G"];
236 Actor41 => Actor64 [label="RemoveMe(G"];
237 Actor41 => Actor65 [label="RemoveMe(G"];
238 Actor41 => Actor66 [label="RemoveMe(G"];
239 Actor41 => Actor67 [label="RemoveMe(G"];
240 Actor41 => Actor68 [label="RemoveMe(G"];
241 Actor41 => Actor69 [label="RemoveMe(G"];
242 Actor41 => Actor70 [label="RemoveMe(G"];
243 Actor41 => Actor71 [label="RemoveMe(G"];
244 Actor41 => Actor72 [label="RemoveMe(G"];
245 Actor41 => Actor73 [label="RemoveMe(G"];
246 Actor41 => Actor74 [label="RemoveMe(G"];
247 Actor41 => Actor75 [label="RemoveMe(G"];
248 Actor41 => Actor76 [label="RemoveMe(G"];
249 Actor41 => Actor77 [label="RemoveMe(G"];
250 Actor41 => Actor78 [label="RemoveMe(G"];
251 Actor41 => Actor79 [label="RemoveMe(G"];
252 Actor41 => Actor80 [label="RemoveMe(G"];
253 Actor41 => Actor81 [label="RemoveMe(G"];
254 Actor41 => Actor82 [label="RemoveMe(G"];
255 Actor41 => Actor83 [label="RemoveMe(G"];
256 Actor41 => Actor84 [label="RemoveMe(G"];
257 Actor41 => Actor85 [label="RemoveMe(G"];
258 Actor41 => Actor86 [label="RemoveMe(G"];
259 Actor41 => Actor87 [label="RemoveMe(G"];
260 Actor41 => Actor88 [label="RemoveMe(G"];
261 Actor41 => Actor89 [label="RemoveMe(G"];
262 Actor41 => Actor90 [label="RemoveMe(G"];
263 Actor41 => Actor91 [label="RemoveMe(G"];
264 Actor41 => Actor92 [label="RemoveMe(G"];
265 Actor41 => Actor93 [label="RemoveMe(G"];
266 Actor41 => Actor94 [label="RemoveMe(G"];
267 Actor41 => Actor95 [label="RemoveMe(G"];
268 Actor41 => Actor96 [label="RemoveMe(G"];
269 Actor41 => Actor97 [label="RemoveMe(G"];
270 Actor41 => Actor98 [label="RemoveMe(G"];
271 Actor41 => Actor99 [label="RemoveMe(G"];
272 Actor41 => Actor100 [label="RemoveMe(G"];
273 Actor41 => Actor0 [label="Finish"];
274 Actor41 <= Actor24 [label="RemoveMe(G"];
275 Actor41 <= Actor90 [label="RemoveMe(G"];
276 Actor41 <= Actor63 [label="RemoveMe(G"];
277 Actor41 <= Actor58 [label="RemoveMe(G"];
278 Actor41 <= Actor56 [label="Rumor"];
279 Actor41 <= Actor94 [label="RemoveMe(G"];
280 Actor41 <= Actor70 [label="RemoveMe(G"];
281 Actor41 <= Actor88 [label="RemoveMe(G"];
282 Actor41 <= Actor12 [label="RemoveMe(G"];
283 Actor41 <= Actor16 [label="RemoveMe(G"];
284 Actor41 <= Actor5 [label="RemoveMe(G"];
285 Actor41 <= Actor10 [label="RemoveMe(G"];
286 Actor41 <= Actor59 [label="RemoveMe(G"];
390 Actor41 <= Actor37 [label="RemoveMe(G"];
391 Actor41 <= Actor99 [label="RemoveMe(G"];
392 Actor41 <= Actor84 [label="RemoveMe(G"];
436 Actor41 <= Actor6 [label="Rumor"];
437 Actor41 <= Actor93 [label="RemoveMe(G"];
438 Actor41 <= Actor1 [label="RemoveMe(G"];
439 Actor41 <= Actor97 [label="RemoveMe(G"];
440 Actor41 <= Actor27 [label="RemoveMe(G"];
441 Actor41 <= Actor11 [label="RemoveMe(G"];
442 Actor41 <= Actor76 [label="RemoveMe(G"];
443 Actor41 <= Actor32 [label="RemoveMe(G"];
444 Actor41 <= Actor8 [label="RemoveMe(G"];
445 Actor41 <= Actor28 [label="RemoveMe(G"];
446 Actor41 <= Actor72 [label="RemoveMe(G"];
447 Actor41 <= Actor57 [label="RemoveMe(G"];
448 Actor41 <= Actor7 [label="RemoveMe(G"];
449 Actor41 <= Actor41 [label="Remind"];
450 Actor41 <= Actor98 [label="RemoveMe(G"];
451 Actor41 <= Actor38 [label="RemoveMe(G"];
452 Actor41 <= Actor81 [label="RemoveMe(G"];
453 Actor41 <= Actor36 [label="RemoveMe(G"];
454 Actor41 <= Actor13 [label="RemoveMe(G"];
455 Actor41 <= Actor21 [label="RemoveMe(G"];
456 Actor41 <= Actor35 [label="RemoveMe(G"];
457 Actor41 <= Actor15 [label="RemoveMe(G"];
458 Actor41 <= Actor55 [label="RemoveMe(G"];
459 Actor41 <= Actor79 [label="RemoveMe(G"];
460 Actor41 <= Actor34 [label="RemoveMe(G"];
461 Actor41 <= Actor69 [label="RemoveMe(G"];
462 Actor41 <= Actor53 [label="RemoveMe(G"];
463 Actor41 <= Actor46 [label="RemoveMe(G"];
464 Actor41 <= Actor75 [label="RemoveMe(G"];
465 Actor41 <= Actor2 [label="RemoveMe(G"];
466 Actor41 <= Actor51 [label="RemoveMe(G"];
467 Actor41 <= Actor25 [label="RemoveMe(G"];
468 Actor41 <= Actor18 [label="RemoveMe(G"];
469 Actor41 <= Actor39 [label="RemoveMe(G"];
470 Actor41 <= Actor45 [label="RemoveMe(G"];
471 Actor41 <= Actor47 [label="RemoveMe(G"];
472 Actor41 <= Actor62 [label="RemoveMe(G"];
473 Actor41 <= Actor67 [label="RemoveMe(G"];
474 Actor41 <= Actor65 [label="RemoveMe(G"];
475 Actor41 <= Actor71 [label="RemoveMe(G"];
476 Actor41 <= Actor73 [label="RemoveMe(G"];
477 Actor41 <= Actor66 [label="RemoveMe(G"];
478 Actor41 <= Actor82 [label="RemoveMe(G"];
479 Actor41 <= Actor100 [label="RemoveMe(G"];
480 Actor41 <= Actor14 [label="RemoveMe(G"];
481 Actor41 <= Actor52 [label="RemoveMe(G"];
482 Actor41 <= Actor78 [label="RemoveMe(G"];
483 Actor41 <= Actor54 [label="RemoveMe(G"];
484 Actor41 <= Actor86 [label="RemoveMe(G"];
485 Actor41 <= Actor87 [label="RemoveMe(G"];
486 Actor41 <= Actor89 [label="RemoveMe(G"];
515 Actor41 <= Actor92 [label="RemoveMe(G"];
516 Actor41 <= Actor96 [label="RemoveMe(G"];
517 Actor41 <= Actor49 [label="RemoveMe(G"];
518 Actor41 <= Actor91 [label="RemoveMe(G"];
519 Actor41 <= Actor68 [label="RemoveMe(G"];
520 Actor41 <= Actor74 [label="RemoveMe(G"];
521 Actor41 <= Actor3 [label="RemoveMe(G"];
522 Actor41 <= Actor31 [label="RemoveMe(G"];
523 Actor41 <= Actor23 [label="RemoveMe(G"];
524 Actor41 <= Actor60 [label="RemoveMe(G"];
525 Actor41 <= Actor61 [label="RemoveMe(G"];
526 Actor41 <= Actor56 [label="RemoveMe(G"];
527 Actor41 <= Actor95 [label="RemoveMe(G"];
1096 Actor41 <= Actor0 [label="ShutDown"];
