42 Actor42 <= Actor0 [label="Set(Master"];
107 Actor42 <= Actor53 [label="Rumor"];
108 Actor42 => Actor94 [label="Rumor"];
109 Actor42 => Actor42 [label="Remind"];
110 Actor42 <= Actor42 [label="Remind"];
111 Actor42 => Actor5 [label="Rumor"];
112 Actor42 => Actor42 [label="Remind"];
119 Actor42 <= Actor53 [label="Rumor"];
120 Actor42 => Actor1 [label="RemoveMe(G"];
121 Actor42 => Actor2 [label="RemoveMe(G"];
122 Actor42 => Actor3 [label="RemoveMe(G"];
123 Actor42 => Actor4 [label="RemoveMe(G"];
124 Actor42 => Actor5 [label="RemoveMe(G"];
125 Actor42 => Actor6 [label="RemoveMe(G"];
126 Actor42 => Actor7 [label="RemoveMe(G"];
127 Actor42 => Actor8 [label="RemoveMe(G"];
128 Actor42 => Actor9 [label="RemoveMe(G"];
129 Actor42 => Actor10 [label="RemoveMe(G"];
130 Actor42 => Actor11 [label="RemoveMe(G"];
131 Actor42 => Actor12 [label="RemoveMe(G"];
132 Actor42 => Actor13 [label="RemoveMe(G"];
133 Actor42 => Actor14 [label="RemoveMe(G"];
134 Actor42 => Actor15 [label="RemoveMe(G"];
135 Actor42 => Actor16 [label="RemoveMe(G"];
136 Actor42 => Actor17 [label="RemoveMe(G"];
137 Actor42 => Actor18 [label="RemoveMe(G"];
138 Actor42 => Actor19 [label="RemoveMe(G"];
139 Actor42 => Actor20 [label="RemoveMe(G"];
140 Actor42 => Actor21 [label="RemoveMe(G"];
141 Actor42 => Actor22 [label="RemoveMe(G"];
142 Actor42 => Actor23 [label="RemoveMe(G"];
143 Actor42 => Actor24 [label="RemoveMe(G"];
144 Actor42 => Actor25 [label="RemoveMe(G"];
145 Actor42 => Actor26 [label="RemoveMe(G"];
146 Actor42 => Actor27 [label="RemoveMe(G"];
147 Actor42 => Actor28 [label="RemoveMe(G"];
148 Actor42 => Actor29 [label="RemoveMe(G"];
149 Actor42 => Actor30 [label="RemoveMe(G"];
150 Actor42 => Actor31 [label="RemoveMe(G"];
151 Actor42 => Actor32 [label="RemoveMe(G"];
152 Actor42 => Actor33 [label="RemoveMe(G"];
153 Actor42 => Actor34 [label="RemoveMe(G"];
154 Actor42 => Actor35 [label="RemoveMe(G"];
155 Actor42 => Actor36 [label="RemoveMe(G"];
156 Actor42 => Actor37 [label="RemoveMe(G"];
157 Actor42 => Actor38 [label="RemoveMe(G"];
158 Actor42 => Actor39 [label="RemoveMe(G"];
159 Actor42 => Actor40 [label="RemoveMe(G"];
160 Actor42 => Actor41 [label="RemoveMe(G"];
161 Actor42 => Actor43 [label="RemoveMe(G"];
162 Actor42 => Actor44 [label="RemoveMe(G"];
163 Actor42 => Actor45 [label="RemoveMe(G"];
164 Actor42 => Actor46 [label="RemoveMe(G"];
165 Actor42 => Actor47 [label="RemoveMe(G"];
166 Actor42 => Actor48 [label="RemoveMe(G"];
167 Actor42 => Actor49 [label="RemoveMe(G"];
168 Actor42 => Actor50 [label="RemoveMe(G"];
169 Actor42 => Actor51 [label="RemoveMe(G"];
170 Actor42 => Actor52 [label="RemoveMe(G"];
171 Actor42 => Actor53 [label="RemoveMe(G"];
172 Actor42 => Actor54 [label="RemoveMe(G"];
173 Actor42 => Actor55 [label="RemoveMe(G"];
174 Actor42 => Actor56 [label="RemoveMe(G"];
175 Actor42 => Actor57 [label="RemoveMe(G"];
176 Actor42 => Actor58 [label="RemoveMe(G"];
177 Actor42 => Actor59 [label="RemoveMe(G"];
178 Actor42 => Actor60 [label="RemoveMe(G"];
179 Actor42 => Actor61 [label="RemoveMe(G"];
180 Actor42 => Actor62 [label="RemoveMe(G"];
181 Actor42 => Actor63 [label="RemoveMe(G"];
182 Actor42 => Actor64 [label="RemoveMe(G"];
183 Actor42 => Actor65 [label="RemoveMe(G"];
184 Actor42 => Actor66 [label="RemoveMe(G"];
185 Actor42 => Actor67 [label="RemoveMe(G"];
186 Actor42 => Actor68 [label="RemoveMe(G"];
187 Actor42 => Actor69 [label="RemoveMe(G"];
188 Actor42 => Actor70 [label="RemoveMe(G"];
189 Actor42 => Actor71 [label="RemoveMe(G"];
190 Actor42 => Actor72 [label="RemoveMe(G"];
191 Actor42 => Actor73 [label="RemoveMe(G"];
192 Actor42 => Actor74 [label="RemoveMe(G"];
193 Actor42 => Actor75 [label="RemoveMe(G"];
194 Actor42 => Actor76 [label="RemoveMe(G"];
195 Actor42 => Actor77 [label="RemoveMe(G"];
196 Actor42 => Actor78 [label="RemoveMe(G"];
197 Actor42 => Actor79 [label="RemoveMe(G"];
198 Actor42 => Actor80 [label="RemoveMe(G"];
199 Actor42 => Actor81 [label="RemoveMe(G"];
200 Actor42 => Actor82 [label="RemoveMe(G"];
201 Actor42 => Actor83 [label="RemoveMe(G"];
202 Actor42 => Actor84 [label="RemoveMe(G"];
203 Actor42 => Actor85 [label="RemoveMe(G"];
204 Actor42 => Actor86 [label="RemoveMe(G"];
205 Actor42 => Actor87 [label="RemoveMe(G"];
206 Actor42 => Actor88 [label="RemoveMe(G"];
207 Actor42 => Actor89 [label="RemoveMe(G"];
208 Actor42 => Actor90 [label="RemoveMe(G"];
209 Actor42 => Actor91 [label="RemoveMe(G"];
210 Actor42 => Actor92 [label="RemoveMe(G"];
211 Actor42 => Actor93 [label="RemoveMe(G"];
212 Actor42 => Actor94 [label="RemoveMe(G"];
213 Actor42 => Actor95 [label="RemoveMe(G"];
214 Actor42 => Actor96 [label="RemoveMe(G"];
215 Actor42 => Actor97 [label="RemoveMe(G"];
216 Actor42 => Actor98 [label="RemoveMe(G"];
217 Actor42 => Actor99 [label="RemoveMe(G"];
218 Actor42 => Actor100 [label="RemoveMe(G"];
219 Actor42 => Actor0 [label="Finish"];
220 Actor42 <= Actor42 [label="Remind"];
221 Actor42 <= Actor24 [label="RemoveMe(G"];
222 Actor42 <= Actor90 [label="RemoveMe(G"];
223 Actor42 <= Actor63 [label="RemoveMe(G"];
224 Actor42 <= Actor58 [label="RemoveMe(G"];
225 Actor42 <= Actor94 [label="RemoveMe(G"];
226 Actor42 <= Actor70 [label="RemoveMe(G"];
227 Actor42 <= Actor88 [label="RemoveMe(G"];
228 Actor42 <= Actor16 [label="RemoveMe(G"];
229 Actor42 <= Actor59 [label="RemoveMe(G"];
230 Actor42 <= Actor93 [label="RemoveMe(G"];
231 Actor42 <= Actor1 [label="RemoveMe(G"];
232 Actor42 <= Actor97 [label="RemoveMe(G"];
233 Actor42 <= Actor76 [label="RemoveMe(G"];
234 Actor42 <= Actor28 [label="RemoveMe(G"];
235 Actor42 <= Actor7 [label="RemoveMe(G"];
236 Actor42 <= Actor38 [label="RemoveMe(G"];
237 Actor42 <= Actor55 [label="RemoveMe(G"];
238 Actor42 <= Actor75 [label="RemoveMe(G"];
239 Actor42 <= Actor51 [label="RemoveMe(G"];
240 Actor42 <= Actor66 [label="RemoveMe(G"];
241 Actor42 <= Actor49 [label="RemoveMe(G"];
1097 Actor42 <= Actor0 [label="ShutDown"];
