43 Actor43 <= Actor0 [label="Set(Master"];
162 Actor43 <= Actor42 [label="RemoveMe(G"];
202 Actor43 <= Actor24 [label="RemoveMe(G"];
203 Actor43 <= Actor90 [label="RemoveMe(G"];
204 Actor43 <= Actor63 [label="RemoveMe(G"];
207 Actor43 <= Actor58 [label="RemoveMe(G"];
208 Actor43 <= Actor94 [label="RemoveMe(G"];
347 Actor43 <= Actor56 [label="Rumor"];
348 Actor43 => Actor3 [label="Rumor"];
349 Actor43 => Actor43 [label="Remind"];
350 Actor43 <= Actor70 [label="RemoveMe(G"];
351 Actor43 <= Actor88 [label="RemoveMe(G"];
352 Actor43 <= Actor12 [label="RemoveMe(G"];
353 Actor43 <= Actor16 [label="RemoveMe(G"];
354 Actor43 <= Actor5 [label="RemoveMe(G"];
355 Actor43 <= Actor10 [label="RemoveMe(G"];
356 Actor43 <= Actor59 [label="RemoveMe(G"];
391 Actor43 <= Actor37 [label="RemoveMe(G"];
392 Actor43 <= Actor99 [label="RemoveMe(G"];
393 Actor43 <= Actor84 [label="RemoveMe(G"];
394 Actor43 <= Actor93 [label="RemoveMe(G"];
395 Actor43 <= Actor1 [label="RemoveMe(G"];
396 Actor43 <= Actor97 [label="RemoveMe(G"];
397 Actor43 <= Actor27 [label="RemoveMe(G"];
398 Actor43 <= Actor11 [label="RemoveMe(G"];
399 Actor43 <= Actor76 [label="RemoveMe(G"];
400 Actor43 <= Actor32 [label="RemoveMe(G"];
401 Actor43 <= Actor8 [label="RemoveMe(G"];
402 Actor43 <= Actor28 [label="RemoveMe(G"];
408 Actor43 <= Actor72 [label="RemoveMe(G"];
409 Actor43 <= Actor57 [label="RemoveMe(G"];
410 Actor43 <= Actor7 [label="RemoveMe(G"];
411 Actor43 <= Actor98 [label="RemoveMe(G"];
412 Actor43 <= Actor41 [label="RemoveMe(G"];
413 Actor43 <= Actor38 [label="RemoveMe(G"];
414 Actor43 <= Actor81 [label="RemoveMe(G"];
415 Actor43 <= Actor36 [label="RemoveMe(G"];
430 Actor43 <= Actor13 [label="RemoveMe(G"];
431 Actor43 <= Actor21 [label="RemoveMe(G"];
432 Actor43 <= Actor35 [label="RemoveMe(G"];
433 Actor43 <= Actor15 [label="RemoveMe(G"];
434 Actor43 <= Actor55 [label="RemoveMe(G"];
435 Actor43 <= Actor79 [label="RemoveMe(G"];
436 Actor43 <= Actor34 [label="RemoveMe(G"];
437 Actor43 <= Actor69 [label="RemoveMe(G"];
438 Actor43 <= Actor53 [label="RemoveMe(G"];
439 Actor43 <= Actor46 [label="RemoveMe(G"];
440 Actor43 <= Actor75 [label="RemoveMe(G"];
441 Actor43 <= Actor2 [label="RemoveMe(G"];
442 Actor43 <= Actor51 [label="RemoveMe(G"];
443 Actor43 <= Actor25 [label="RemoveMe(G"];
444 Actor43 <= Actor18 [label="RemoveMe(G"];
445 Actor43 <= Actor43 [label="Remind"];
446 Actor43 => Actor78 [label="Rumor"];
447 Actor43 => Actor43 [label="Remind"];
448 Actor43 <= Actor39 [label="RemoveMe(G"];
464 Actor43 <= Actor45 [label="RemoveMe(G"];
465 Actor43 <= Actor47 [label="RemoveMe(G"];
466 Actor43 <= Actor62 [label="RemoveMe(G"];
467 Actor43 <= Actor67 [label="RemoveMe(G"];
498 Actor43 <= Actor33 [label="RemoveMe(G"];
499 Actor43 <= Actor65 [label="RemoveMe(G"];
500 Actor43 <= Actor71 [label="RemoveMe(G"];
501 Actor43 <= Actor73 [label="RemoveMe(G"];
502 Actor43 <= Actor64 [label="RemoveMe(G"];
503 Actor43 <= Actor66 [label="RemoveMe(G"];
504 Actor43 <= Actor82 [label="RemoveMe(G"];
535 Actor43 <= Actor4 [label="RemoveMe(G"];
536 Actor43 <= Actor100 [label="RemoveMe(G"];
537 Actor43 <= Actor83 [label="RemoveMe(G"];
538 Actor43 <= Actor14 [label="RemoveMe(G"];
539 Actor43 <= Actor20 [label="RemoveMe(G"];
540 Actor43 <= Actor52 [label="RemoveMe(G"];
541 Actor43 <= Actor78 [label="RemoveMe(G"];
542 Actor43 <= Actor54 [label="RemoveMe(G"];
543 Actor43 <= Actor43 [label="Remind"];
544 Actor43 => Actor87 [label="Rumor"];
545 Actor43 => Actor43 [label="Remind"];
546 Actor43 <= Actor43 [label="Remind"];
547 Actor43 => Actor96 [label="Rumor"];
548 Actor43 => Actor43 [label="Remind"];
549 Actor43 <= Actor85 [label="RemoveMe(G"];
550 Actor43 <= Actor86 [label="RemoveMe(G"];
551 Actor43 <= Actor87 [label="RemoveMe(G"];
552 Actor43 <= Actor89 [label="RemoveMe(G"];
553 Actor43 <= Actor92 [label="RemoveMe(G"];
554 Actor43 <= Actor96 [label="RemoveMe(G"];
555 Actor43 <= Actor49 [label="RemoveMe(G"];
556 Actor43 <= Actor91 [label="RemoveMe(G"];
644 Actor43 <= Actor6 [label="Rumor"];
645 Actor43 => Actor3 [label="RemoveMe(G"];
646 Actor43 => Actor6 [label="RemoveMe(G"];
647 Actor43 => Actor9 [label="RemoveMe(G"];
648 Actor43 => Actor17 [label="RemoveMe(G"];
649 Actor43 => Actor19 [label="RemoveMe(G"];
650 Actor43 => Actor22 [label="RemoveMe(G"];
651 Actor43 => Actor23 [label="RemoveMe(G"];
652 Actor43 => Actor26 [label="RemoveMe(G"];
653 Actor43 => Actor29 [label="RemoveMe(G"];
654 Actor43 => Actor30 [label="RemoveMe(G"];
655 Actor43 => Actor31 [label="RemoveMe(G"];
656 Actor43 => Actor40 [label="RemoveMe(G"];
657 Actor43 => Actor44 [label="RemoveMe(G"];
658 Actor43 => Actor48 [label="RemoveMe(G"];
659 Actor43 => Actor50 [label="RemoveMe(G"];
660 Actor43 => Actor56 [label="RemoveMe(G"];
661 Actor43 => Actor60 [label="RemoveMe(G"];
662 Actor43 => Actor61 [label="RemoveMe(G"];
663 Actor43 => Actor68 [label="RemoveMe(G"];
664 Actor43 => Actor74 [label="RemoveMe(G"];
665 Actor43 => Actor77 [label="RemoveMe(G"];
666 Actor43 => Actor80 [label="RemoveMe(G"];
667 Actor43 => Actor95 [label="RemoveMe(G"];
668 Actor43 => Actor0 [label="Finish"];
728 Actor43 <= Actor6 [label="Rumor"];
729 Actor43 <= Actor9 [label="RemoveMe(G"];
730 Actor43 <= Actor68 [label="RemoveMe(G"];
731 Actor43 <= Actor50 [label="RemoveMe(G"];
732 Actor43 <= Actor74 [label="RemoveMe(G"];
733 Actor43 <= Actor77 [label="RemoveMe(G"];
734 Actor43 <= Actor3 [label="RemoveMe(G"];
735 Actor43 <= Actor31 [label="RemoveMe(G"];
736 Actor43 <= Actor23 [label="RemoveMe(G"];
737 Actor43 <= Actor26 [label="RemoveMe(G"];
738 Actor43 <= Actor60 [label="RemoveMe(G"];
739 Actor43 <= Actor61 [label="RemoveMe(G"];
740 Actor43 <= Actor44 [label="RemoveMe(G"];
741 Actor43 <= Actor19 [label="RemoveMe(G"];
742 Actor43 <= Actor43 [label="Remind"];
789 Actor43 <= Actor40 [label="RemoveMe(G"];
790 Actor43 <= Actor48 [label="RemoveMe(G"];
791 Actor43 <= Actor56 [label="RemoveMe(G"];
792 Actor43 <= Actor95 [label="RemoveMe(G"];
793 Actor43 <= Actor80 [label="RemoveMe(G"];
794 Actor43 <= Actor22 [label="RemoveMe(G"];
795 Actor43 <= Actor17 [label="RemoveMe(G"];
796 Actor43 <= Actor29 [label="RemoveMe(G"];
797 Actor43 <= Actor30 [label="RemoveMe(G"];
1098 Actor43 <= Actor0 [label="ShutDown"];
