44 Actor44 <= Actor0 [label="Set(Master"];
163 Actor44 <= Actor42 [label="RemoveMe(G"];
203 Actor44 <= Actor24 [label="RemoveMe(G"];
204 Actor44 <= Actor90 [label="RemoveMe(G"];
205 Actor44 <= Actor63 [label="RemoveMe(G"];
208 Actor44 <= Actor58 [label="RemoveMe(G"];
240 Actor44 <= Actor56 [label="Rumor"];
241 Actor44 => Actor47 [label="Rumor"];
242 Actor44 => Actor44 [label="Remind"];
243 Actor44 <= Actor94 [label="RemoveMe(G"];
244 Actor44 <= Actor70 [label="RemoveMe(G"];
245 Actor44 <= Actor88 [label="RemoveMe(G"];
246 Actor44 <= Actor12 [label="RemoveMe(G"];
247 Actor44 <= Actor16 [label="RemoveMe(G"];
248 Actor44 <= Actor5 [label="RemoveMe(G"];
279 Actor44 <= Actor10 [label="RemoveMe(G"];
280 Actor44 <= Actor59 [label="RemoveMe(G"];
392 Actor44 <= Actor37 [label="RemoveMe(G"];
393 Actor44 <= Actor99 [label="RemoveMe(G"];
394 Actor44 <= Actor84 [label="RemoveMe(G"];
395 Actor44 <= Actor93 [label="RemoveMe(G"];
396 Actor44 <= Actor1 [label="RemoveMe(G"];
397 Actor44 <= Actor97 [label="RemoveMe(G"];
398 Actor44 <= Actor27 [label="RemoveMe(G"];
399 Actor44 <= Actor11 [label="RemoveMe(G"];
400 Actor44 <= Actor76 [label="RemoveMe(G"];
401 Actor44 <= Actor32 [label="RemoveMe(G"];
402 Actor44 <= Actor8 [label="RemoveMe(G"];
403 Actor44 <= Actor28 [label="RemoveMe(G"];
409 Actor44 <= Actor72 [label="RemoveMe(G"];
410 Actor44 <= Actor57 [label="RemoveMe(G"];
411 Actor44 <= Actor7 [label="RemoveMe(G"];
412 Actor44 <= Actor98 [label="RemoveMe(G"];
413 Actor44 <= Actor41 [label="RemoveMe(G"];
414 Actor44 <= Actor38 [label="RemoveMe(G"];
415 Actor44 <= Actor81 [label="RemoveMe(G"];
416 Actor44 <= Actor36 [label="RemoveMe(G"];
417 Actor44 <= Actor29 [label="Rumor"];
418 Actor44 => Actor2 [label="RemoveMe(G"];
419 Actor44 => Actor3 [label="RemoveMe(G"];
420 Actor44 => Actor4 [label="RemoveMe(G"];
421 Actor44 => Actor6 [label="RemoveMe(G"];
422 Actor44 => Actor9 [label="RemoveMe(G"];
423 Actor44 => Actor13 [label="RemoveMe(G"];
424 Actor44 => Actor14 [label="RemoveMe(G"];
425 Actor44 => Actor15 [label="RemoveMe(G"];
426 Actor44 => Actor17 [label="RemoveMe(G"];
427 Actor44 => Actor18 [label="RemoveMe(G"];
428 Actor44 => Actor19 [label="RemoveMe(G"];
429 Actor44 => Actor20 [label="RemoveMe(G"];
430 Actor44 => Actor21 [label="RemoveMe(G"];
431 Actor44 => Actor22 [label="RemoveMe(G"];
432 Actor44 => Actor23 [label="RemoveMe(G"];
433 Actor44 => Actor25 [label="RemoveMe(G"];
434 Actor44 => Actor26 [label="RemoveMe(G"];
435 Actor44 => Actor29 [label="RemoveMe(G"];
436 Actor44 => Actor30 [label="RemoveMe(G"];
437 Actor44 => Actor31 [label="RemoveMe(G"];
438 Actor44 => Actor33 [label="RemoveMe(G"];
439 Actor44 => Actor34 [label="RemoveMe(G"];
440 Actor44 => Actor35 [label="RemoveMe(G"];
441 Actor44 => Actor39 [label="RemoveMe(G"];
442 Actor44 => Actor40 [label="RemoveMe(G"];
443 Actor44 => Actor43 [label="RemoveMe(G"];
444 Actor44 => Actor45 [label="RemoveMe(G"];
445 Actor44 => Actor46 [label="RemoveMe(G"];
446 Actor44 => Actor47 [label="RemoveMe(G"];
447 Actor44 => Actor48 [label="RemoveMe(G"];
448 Actor44 => Actor49 [label="RemoveMe(G"];
449 Actor44 => Actor50 [label="RemoveMe(G"];
450 Actor44 => Actor51 [label="RemoveMe(G"];
451 Actor44 => Actor52 [label="RemoveMe(G"];
452 Actor44 => Actor53 [label="RemoveMe(G"];
453 Actor44 => Actor54 [label="RemoveMe(G"];
454 Actor44 => Actor55 [label="RemoveMe(G"];
455 Actor44 => Actor56 [label="RemoveMe(G"];
456 Actor44 => Actor60 [label="RemoveMe(G"];
457 Actor44 => Actor61 [label="RemoveMe(G"];
458 Actor44 => Actor62 [label="RemoveMe(G"];
459 Actor44 => Actor64 [label="RemoveMe(G"];
460 Actor44 => Actor65 [label="RemoveMe(G"];
461 Actor44 => Actor66 [label="RemoveMe(G"];
462 Actor44 => Actor67 [label="RemoveMe(G"];
463 Actor44 => Actor68 [label="RemoveMe(G"];
464 Actor44 => Actor69 [label="RemoveMe(G"];
465 Actor44 => Actor71 [label="RemoveMe(G"];
466 Actor44 => Actor73 [label="RemoveMe(G"];
467 Actor44 => Actor74 [label="RemoveMe(G"];
468 Actor44 => Actor75 [label="RemoveMe(G"];
469 Actor44 => Actor77 [label="RemoveMe(G"];
470 Actor44 => Actor78 [label="RemoveMe(G"];
471 Actor44 => Actor79 [label="RemoveMe(G"];
472 Actor44 => Actor80 [label="RemoveMe(G"];
473 Actor44 => Actor82 [label="RemoveMe(G"];
474 Actor44 => Actor83 [label="RemoveMe(G"];
475 Actor44 => Actor85 [label="RemoveMe(G"];
476 Actor44 => Actor86 [label="RemoveMe(G"];
477 Actor44 => Actor87 [label="RemoveMe(G"];
478 Actor44 => Actor89 [label="RemoveMe(G"];
479 Actor44 => Actor91 [label="RemoveMe(G"];
480 Actor44 => Actor92 [label="RemoveMe(G"];
481 Actor44 => Actor95 [label="RemoveMe(G"];
482 Actor44 => Actor96 [label="RemoveMe(G"];
483 Actor44 => Actor100 [label="RemoveMe(G"];
484 Actor44 => Actor0 [label="Finish"];
485 Actor44 <= Actor13 [label="RemoveMe(G"];
486 Actor44 <= Actor21 [label="RemoveMe(G"];
487 Actor44 <= Actor35 [label="RemoveMe(G"];
488 Actor44 <= Actor15 [label="RemoveMe(G"];
489 Actor44 <= Actor55 [label="RemoveMe(G"];
490 Actor44 <= Actor29 [label="Rumor"];
491 Actor44 <= Actor79 [label="RemoveMe(G"];
492 Actor44 <= Actor34 [label="RemoveMe(G"];
493 Actor44 <= Actor69 [label="RemoveMe(G"];
494 Actor44 <= Actor53 [label="RemoveMe(G"];
495 Actor44 <= Actor46 [label="RemoveMe(G"];
496 Actor44 <= Actor75 [label="RemoveMe(G"];
497 Actor44 <= Actor2 [label="RemoveMe(G"];
498 Actor44 <= Actor51 [label="RemoveMe(G"];
499 Actor44 <= Actor25 [label="RemoveMe(G"];
500 Actor44 <= Actor18 [label="RemoveMe(G"];
501 Actor44 <= Actor39 [label="RemoveMe(G"];
502 Actor44 <= Actor44 [label="Remind"];
503 Actor44 <= Actor45 [label="RemoveMe(G"];
504 Actor44 <= Actor47 [label="RemoveMe(G"];
505 Actor44 <= Actor62 [label="RemoveMe(G"];
506 Actor44 <= Actor67 [label="RemoveMe(G"];
507 Actor44 <= Actor19 [label="Rumor"];
508 Actor44 <= Actor33 [label="RemoveMe(G"];
509 Actor44 <= Actor65 [label="RemoveMe(G"];
510 Actor44 <= Actor71 [label="RemoveMe(G"];
511 Actor44 <= Actor73 [label="RemoveMe(G"];
512 Actor44 <= Actor64 [label="RemoveMe(G"];
513 Actor44 <= Actor66 [label="RemoveMe(G"];
514 Actor44 <= Actor82 [label="RemoveMe(G"];
536 Actor44 <= Actor4 [label="RemoveMe(G"];
537 Actor44 <= Actor100 [label="RemoveMe(G"];
538 Actor44 <= Actor83 [label="RemoveMe(G"];
539 Actor44 <= Actor14 [label="RemoveMe(G"];
540 Actor44 <= Actor20 [label="RemoveMe(G"];
541 Actor44 <= Actor52 [label="RemoveMe(G"];
542 Actor44 <= Actor78 [label="RemoveMe(G"];
543 Actor44 <= Actor54 [label="RemoveMe(G"];
544 Actor44 <= Actor85 [label="RemoveMe(G"];
545 Actor44 <= Actor86 [label="RemoveMe(G"];
546 Actor44 <= Actor87 [label="RemoveMe(G"];
547 Actor44 <= Actor89 [label="RemoveMe(G"];
548 Actor44 <= Actor92 [label="RemoveMe(G"];
549 Actor44 <= Actor96 [label="RemoveMe(G"];
550 Actor44 <= Actor49 [label="RemoveMe(G"];
581 Actor44 <= Actor6 [label="Rumor"];
582 Actor44 <= Actor91 [label="RemoveMe(G"];
683 Actor44 <= Actor6 [label="Rumor"];
686 Actor44 <= Actor6 [label="Rumor"];
698 Actor44 <= Actor6 [label="Rumor"];
719 Actor44 <= Actor6 [label="Rumor"];
764 Actor44 <= Actor6 [label="Rumor"];
765 Actor44 <= Actor9 [label="RemoveMe(G"];
766 Actor44 <= Actor68 [label="RemoveMe(G"];
767 Actor44 <= Actor50 [label="RemoveMe(G"];
768 Actor44 <= Actor74 [label="RemoveMe(G"];
769 Actor44 <= Actor77 [label="RemoveMe(G"];
770 Actor44 <= Actor3 [label="RemoveMe(G"];
771 Actor44 <= Actor31 [label="RemoveMe(G"];
772 Actor44 <= Actor23 [label="RemoveMe(G"];
773 Actor44 <= Actor26 [label="RemoveMe(G"];
774 Actor44 <= Actor60 [label="RemoveMe(G"];
775 Actor44 <= Actor61 [label="RemoveMe(G"];
776 Actor44 <= Actor19 [label="RemoveMe(G"];
790 Actor44 <= Actor40 [label="RemoveMe(G"];
791 Actor44 <= Actor48 [label="RemoveMe(G"];
792 Actor44 <= Actor56 [label="RemoveMe(G"];
793 Actor44 <= Actor43 [label="RemoveMe(G"];
794 Actor44 <= Actor95 [label="RemoveMe(G"];
795 Actor44 <= Actor80 [label="RemoveMe(G"];
796 Actor44 <= Actor22 [label="RemoveMe(G"];
797 Actor44 <= Actor17 [label="RemoveMe(G"];
798 Actor44 <= Actor29 [label="RemoveMe(G"];
799 Actor44 <= Actor30 [label="RemoveMe(G"];
1099 Actor44 <= Actor0 [label="ShutDown"];
