45 Actor45 <= Actor0 [label="Set(Master"];
164 Actor45 <= Actor42 [label="RemoveMe(G"];
204 Actor45 <= Actor24 [label="RemoveMe(G"];
205 Actor45 <= Actor90 [label="RemoveMe(G"];
206 Actor45 <= Actor63 [label="RemoveMe(G"];
209 Actor45 <= Actor58 [label="RemoveMe(G"];
305 Actor45 <= Actor95 [label="Rumor"];
306 Actor45 => Actor60 [label="Rumor"];
307 Actor45 => Actor45 [label="Remind"];
308 Actor45 <= Actor94 [label="RemoveMe(G"];
309 Actor45 <= Actor70 [label="RemoveMe(G"];
310 Actor45 <= Actor88 [label="RemoveMe(G"];
311 Actor45 <= Actor12 [label="RemoveMe(G"];
312 Actor45 <= Actor16 [label="RemoveMe(G"];
313 Actor45 <= Actor5 [label="RemoveMe(G"];
314 Actor45 <= Actor10 [label="RemoveMe(G"];
315 Actor45 <= Actor59 [label="RemoveMe(G"];
393 Actor45 <= Actor37 [label="RemoveMe(G"];
394 Actor45 <= Actor99 [label="RemoveMe(G"];
395 Actor45 <= Actor84 [label="RemoveMe(G"];
427 Actor45 <= Actor6 [label="Rumor"];
428 Actor45 => Actor1 [label="RemoveMe(G"];
429 Actor45 => Actor2 [label="RemoveMe(G"];
430 Actor45 => Actor3 [label="RemoveMe(G"];
431 Actor45 => Actor4 [label="RemoveMe(G"];
432 Actor45 => Actor6 [label="RemoveMe(G"];
433 Actor45 => Actor7 [label="RemoveMe(G"];
434 Actor45 => Actor8 [label="RemoveMe(G"];
435 Actor45 => Actor9 [label="RemoveMe(G"];
436 Actor45 => Actor11 [label="RemoveMe(G"];
437 Actor45 => Actor13 [label="RemoveMe(G"];
438 Actor45 => Actor14 [label="RemoveMe(G"];
439 Actor45 => Actor15 [label="RemoveMe(G"];
440 Actor45 => Actor17 [label="RemoveMe(G"];
441 Actor45 => Actor18 [label="RemoveMe(G"];
442 Actor45 => Actor19 [label="RemoveMe(G"];
443 Actor45 => Actor20 [label="RemoveMe(G"];
444 Actor45 => Actor21 [label="RemoveMe(G"];
445 Actor45 => Actor22 [label="RemoveMe(G"];
446 Actor45 => Actor23 [label="RemoveMe(G"];
447 Actor45 => Actor25 [label="RemoveMe(G"];
448 Actor45 => Actor26 [label="RemoveMe(G"];
449 Actor45 => Actor27 [label="RemoveMe(G"];
450 Actor45 => Actor28 [label="RemoveMe(G"];
451 Actor45 => Actor29 [label="RemoveMe(G"];
452 Actor45 => Actor30 [label="RemoveMe(G"];
453 Actor45 => Actor31 [label="RemoveMe(G"];
454 Actor45 => Actor32 [label="RemoveMe(G"];
455 Actor45 => Actor33 [label="RemoveMe(G"];
456 Actor45 => Actor34 [label="RemoveMe(G"];
457 Actor45 => Actor35 [label="RemoveMe(G"];
458 Actor45 => Actor36 [label="RemoveMe(G"];
459 Actor45 => Actor38 [label="RemoveMe(G"];
460 Actor45 => Actor39 [label="RemoveMe(G"];
461 Actor45 => Actor40 [label="RemoveMe(G"];
462 Actor45 => Actor41 [label="RemoveMe(G"];
463 Actor45 => Actor43 [label="RemoveMe(G"];
464 Actor45 => Actor44 [label="RemoveMe(G"];
465 Actor45 => Actor46 [label="RemoveMe(G"];
466 Actor45 => Actor47 [label="RemoveMe(G"];
467 Actor45 => Actor48 [label="RemoveMe(G"];
468 Actor45 => Actor49 [label="RemoveMe(G"];
469 Actor45 => Actor50 [label="RemoveMe(G"];
470 Actor45 => Actor51 [label="RemoveMe(G"];
471 Actor45 => Actor52 [label="RemoveMe(G"];
472 Actor45 => Actor53 [label="RemoveMe(G"];
473 Actor45 => Actor54 [label="RemoveMe(G"];
474 Actor45 => Actor55 [label="RemoveMe(G"];
475 Actor45 => Actor56 [label="RemoveMe(G"];
476 Actor45 => Actor57 [label="RemoveMe(G"];
477 Actor45 => Actor60 [label="RemoveMe(G"];
478 Actor45 => Actor61 [label="RemoveMe(G"];
479 Actor45 => Actor62 [label="RemoveMe(G"];
480 Actor45 => Actor64 [label="RemoveMe(G"];
481 Actor45 => Actor65 [label="RemoveMe(G"];
482 Actor45 => Actor66 [label="RemoveMe(G"];
483 Actor45 => Actor67 [label="RemoveMe(G"];
484 Actor45 => Actor68 [label="RemoveMe(G"];
485 Actor45 => Actor69 [label="RemoveMe(G"];
486 Actor45 => Actor71 [label="RemoveMe(G"];
487 Actor45 => Actor72 [label="RemoveMe(G"];
488 Actor45 => Actor73 [label="RemoveMe(G"];
489 Actor45 => Actor74 [label="RemoveMe(G"];
490 Actor45 => Actor75 [label="RemoveMe(G"];
491 Actor45 => Actor76 [label="RemoveMe(G"];
492 Actor45 => Actor77 [label="RemoveMe(G"];
493 Actor45 => Actor78 [label="RemoveMe(G"];
494 Actor45 => Actor79 [label="RemoveMe(G"];
495 Actor45 => Actor80 [label="RemoveMe(G"];
496 Actor45 => Actor81 [label="RemoveMe(G"];
497 Actor45 => Actor82 [label="RemoveMe(G"];
498 Actor45 => Actor83 [label="RemoveMe(G"];
499 Actor45 => Actor85 [label="RemoveMe(G"];
500 Actor45 => Actor86 [label="RemoveMe(G"];
501 Actor45 => Actor87 [label="RemoveMe(G"];
502 Actor45 => Actor89 [label="RemoveMe(G"];
503 Actor45 => Actor91 [label="RemoveMe(G"];
504 Actor45 => Actor92 [label="RemoveMe(G"];
505 Actor45 => Actor93 [label="RemoveMe(G"];
506 Actor45 => Actor95 [label="RemoveMe(G"];
507 Actor45 => Actor96 [label="RemoveMe(G"];
508 Actor45 => Actor97 [label="RemoveMe(G"];
509 Actor45 => Actor98 [label="RemoveMe(G"];
510 Actor45 => Actor100 [label="RemoveMe(G"];
511 Actor45 => Actor0 [label="Finish"];
512 Actor45 <= Actor93 [label="RemoveMe(G"];
513 Actor45 <= Actor1 [label="RemoveMe(G"];
514 Actor45 <= Actor97 [label="RemoveMe(G"];
515 Actor45 <= Actor27 [label="RemoveMe(G"];
516 Actor45 <= Actor11 [label="RemoveMe(G"];
517 Actor45 <= Actor76 [label="RemoveMe(G"];
518 Actor45 <= Actor32 [label="RemoveMe(G"];
519 Actor45 <= Actor8 [label="RemoveMe(G"];
520 Actor45 <= Actor28 [label="RemoveMe(G"];
521 Actor45 <= Actor72 [label="RemoveMe(G"];
522 Actor45 <= Actor57 [label="RemoveMe(G"];
523 Actor45 <= Actor7 [label="RemoveMe(G"];
524 Actor45 <= Actor98 [label="RemoveMe(G"];
525 Actor45 <= Actor41 [label="RemoveMe(G"];
526 Actor45 <= Actor38 [label="RemoveMe(G"];
527 Actor45 <= Actor81 [label="RemoveMe(G"];
528 Actor45 <= Actor36 [label="RemoveMe(G"];
529 Actor45 <= Actor13 [label="RemoveMe(G"];
530 Actor45 <= Actor21 [label="RemoveMe(G"];
531 Actor45 <= Actor35 [label="RemoveMe(G"];
532 Actor45 <= Actor15 [label="RemoveMe(G"];
533 Actor45 <= Actor55 [label="RemoveMe(G"];
534 Actor45 <= Actor79 [label="RemoveMe(G"];
535 Actor45 <= Actor29 [label="Rumor"];
536 Actor45 <= Actor34 [label="RemoveMe(G"];
537 Actor45 <= Actor69 [label="RemoveMe(G"];
538 Actor45 <= Actor53 [label="RemoveMe(G"];
539 Actor45 <= Actor46 [label="RemoveMe(G"];
540 Actor45 <= Actor75 [label="RemoveMe(G"];
541 Actor45 <= Actor2 [label="RemoveMe(G"];
542 Actor45 <= Actor51 [label="RemoveMe(G"];
543 Actor45 <= Actor25 [label="RemoveMe(G"];
544 Actor45 <= Actor18 [label="RemoveMe(G"];
545 Actor45 <= Actor39 [label="RemoveMe(G"];
546 Actor45 <= Actor19 [label="Rumor"];
547 Actor45 <= Actor45 [label="Remind"];
548 Actor45 <= Actor47 [label="RemoveMe(G"];
549 Actor45 <= Actor62 [label="RemoveMe(G"];
550 Actor45 <= Actor67 [label="RemoveMe(G"];
551 Actor45 <= Actor65 [label="RemoveMe(G"];
552 Actor45 <= Actor71 [label="RemoveMe(G"];
553 Actor45 <= Actor73 [label="RemoveMe(G"];
554 Actor45 <= Actor64 [label="RemoveMe(G"];
555 Actor45 <= Actor66 [label="RemoveMe(G"];
556 Actor45 <= Actor82 [label="RemoveMe(G"];
557 Actor45 <= Actor100 [label="RemoveMe(G"];
558 Actor45 <= Actor83 [label="Rumor"];
559 Actor45 <= Actor14 [label="RemoveMe(G"];
560 Actor45 <= Actor20 [label="RemoveMe(G"];
561 Actor45 <= Actor52 [label="RemoveMe(G"];
562 Actor45 <= Actor78 [label="RemoveMe(G"];
563 Actor45 <= Actor54 [label="RemoveMe(G"];
564 Actor45 <= Actor86 [label="RemoveMe(G"];
565 Actor45 <= Actor87 [label="RemoveMe(G"];
566 Actor45 <= Actor89 [label="RemoveMe(G"];
567 Actor45 <= Actor92 [label="RemoveMe(G"];
568 Actor45 <= Actor96 [label="RemoveMe(G"];
569 Actor45 <= Actor49 [label="RemoveMe(G"];
570 Actor45 <= Actor91 [label="RemoveMe(G"];
571 Actor45 <= Actor68 [label="RemoveMe(G"];
572 Actor45 <= Actor50 [label="RemoveMe(G"];
573 Actor45 <= Actor74 [label="RemoveMe(G"];
574 Actor45 <= Actor3 [label="RemoveMe(G"];
575 Actor45 <= Actor31 [label="RemoveMe(G"];
576 Actor45 <= Actor23 [label="RemoveMe(G"];
577 Actor45 <= Actor60 [label="RemoveMe(G"];
578 Actor45 <= Actor61 [label="RemoveMe(G"];
579 Actor45 <= Actor44 [label="RemoveMe(G"];
580 Actor45 <= Actor48 [label="RemoveMe(G"];
581 Actor45 <= Actor56 [label="RemoveMe(G"];
582 Actor45 <= Actor95 [label="RemoveMe(G"];
583 Actor45 <= Actor80 [label="RemoveMe(G"];
584 Actor45 <= Actor30 [label="RemoveMe(G"];
1100 Actor45 <= Actor0 [label="ShutDown"];
