46 Actor46 <= Actor0 [label="Set(Master"];
138 Actor46 <= Actor58 [label="Rumor"];
139 Actor46 => Actor30 [label="Rumor"];
140 Actor46 => Actor46 [label="Remind"];
165 Actor46 <= Actor42 [label="RemoveMe(G"];
205 Actor46 <= Actor24 [label="RemoveMe(G"];
206 Actor46 <= Actor90 [label="RemoveMe(G"];
231 Actor46 <= Actor56 [label="Rumor"];
232 Actor46 => Actor1 [label="RemoveMe(G"];
233 Actor46 => Actor2 [label="RemoveMe(G"];
234 Actor46 => Actor3 [label="RemoveMe(G"];
235 Actor46 => Actor4 [label="RemoveMe(G"];
236 Actor46 => Actor5 [label="RemoveMe(G"];
237 Actor46 => Actor6 [label="RemoveMe(G"];
238 Actor46 => Actor7 [label="RemoveMe(G"];
239 Actor46 => Actor8 [label="RemoveMe(G"];
240 Actor46 => Actor9 [label="RemoveMe(G"];
241 Actor46 => Actor10 [label="RemoveMe(G"];
242 Actor46 => Actor11 [label="RemoveMe(G"];
243 Actor46 => Actor12 [label="RemoveMe(G"];
244 Actor46 => Actor13 [label="RemoveMe(G"];
245 Actor46 => Actor14 [label="RemoveMe(G"];
246 Actor46 => Actor15 [label="RemoveMe(G"];
247 Actor46 => Actor16 [label="RemoveMe(G"];
248 Actor46 => Actor17 [label="RemoveMe(G"];
249 Actor46 => Actor18 [label="RemoveMe(G"];
250 Actor46 => Actor19 [label="RemoveMe(G"];
251 Actor46 => Actor20 [label="RemoveMe(G"];
252 Actor46 => Actor21 [label="RemoveMe(G"];
253 Actor46 => Actor22 [label="RemoveMe(G"];
254 Actor46 => Actor23 [label="RemoveMe(G"];
255 Actor46 => Actor25 [label="RemoveMe(G"];
256 Actor46 => Actor26 [label="RemoveMe(G"];
257 Actor46 => Actor27 [label="RemoveMe(G"];
258 Actor46 => Actor28 [label="RemoveMe(G"];
259 Actor46 => Actor29 [label="RemoveMe(G"];
260 Actor46 => Actor30 [label="RemoveMe(G"];
261 Actor46 => Actor31 [label="RemoveMe(G"];
262 Actor46 => Actor32 [label="RemoveMe(G"];
263 Actor46 => Actor33 [label="RemoveMe(G"];
264 Actor46 => Actor34 [label="RemoveMe(G"];
265 Actor46 => Actor35 [label="RemoveMe(G"];
266 Actor46 => Actor36 [label="RemoveMe(G"];
267 Actor46 => Actor37 [label="RemoveMe(G"];
268 Actor46 => Actor38 [label="RemoveMe(G"];
269 Actor46 => Actor39 [label="RemoveMe(G"];
270 Actor46 => Actor40 [label="RemoveMe(G"];
271 Actor46 => Actor41 [label="RemoveMe(G"];
272 Actor46 => Actor43 [label="RemoveMe(G"];
273 Actor46 => Actor44 [label="RemoveMe(G"];
274 Actor46 => Actor45 [label="RemoveMe(G"];
275 Actor46 => Actor47 [label="RemoveMe(G"];
276 Actor46 => Actor48 [label="RemoveMe(G"];
277 Actor46 => Actor49 [label="RemoveMe(G"];
278 Actor46 => Actor50 [label="RemoveMe(G"];
279 Actor46 => Actor51 [label="RemoveMe(G"];
280 Actor46 => Actor52 [label="RemoveMe(G"];
281 Actor46 => Actor53 [label="RemoveMe(G"];
282 Actor46 => Actor54 [label="RemoveMe(G"];
283 Actor46 => Actor55 [label="RemoveMe(G"];
284 Actor46 => Actor56 [label="RemoveMe(G"];
285 Actor46 => Actor57 [label="RemoveMe(G"];
286 Actor46 => Actor58 [label="RemoveMe(G"];
287 Actor46 => Actor59 [label="RemoveMe(G"];
288 Actor46 => Actor60 [label="RemoveMe(G"];
289 Actor46 => Actor61 [label="RemoveMe(G"];
290 Actor46 => Actor62 [label="RemoveMe(G"];
291 Actor46 => Actor63 [label="RemoveMe(G"];
292 Actor46 => Actor64 [label="RemoveMe(G"];
293 Actor46 => Actor65 [label="RemoveMe(G"];
294 Actor46 => Actor66 [label="RemoveMe(G"];
295 Actor46 => Actor67 [label="RemoveMe(G"];
296 Actor46 => Actor68 [label="RemoveMe(G"];
297 Actor46 => Actor69 [label="RemoveMe(G"];
298 Actor46 => Actor70 [label="RemoveMe(G"];
299 Actor46 => Actor71 [label="RemoveMe(G"];
300 Actor46 => Actor72 [label="RemoveMe(G"];
301 Actor46 => Actor73 [label="RemoveMe(G"];
302 Actor46 => Actor74 [label="RemoveMe(G"];
303 Actor46 => Actor75 [label="RemoveMe(G"];
304 Actor46 => Actor76 [label="RemoveMe(G"];
305 Actor46 => Actor77 [label="RemoveMe(G"];
306 Actor46 => Actor78 [label="RemoveMe(G"];
307 Actor46 => Actor79 [label="RemoveMe(G"];
308 Actor46 => Actor80 [label="RemoveMe(G"];
309 Actor46 => Actor81 [label="RemoveMe(G"];
310 Actor46 => Actor82 [label="RemoveMe(G"];
311 Actor46 => Actor83 [label="RemoveMe(G"];
312 Actor46 => Actor84 [label="RemoveMe(G"];
313 Actor46 => Actor85 [label="RemoveMe(G"];
314 Actor46 => Actor86 [label="RemoveMe(G"];
315 Actor46 => Actor87 [label="RemoveMe(G"];
316 Actor46 => Actor88 [label="RemoveMe(G"];
317 Actor46 => Actor89 [label="RemoveMe(G"];
318 Actor46 => Actor91 [label="RemoveMe(G"];
319 Actor46 => Actor92 [label="RemoveMe(G"];
320 Actor46 => Actor93 [label="RemoveMe(G"];
321 Actor46 => Actor94 [label="RemoveMe(G"];
322 Actor46 => Actor95 [label="RemoveMe(G"];
323 Actor46 => Actor96 [label="RemoveMe(G"];
324 Actor46 => Actor97 [label="RemoveMe(G"];
325 Actor46 => Actor98 [label="RemoveMe(G"];
326 Actor46 => Actor99 [label="RemoveMe(G"];
327 Actor46 => Actor100 [label="RemoveMe(G"];
328 Actor46 => Actor0 [label="Finish"];
329 Actor46 <= Actor63 [label="RemoveMe(G"];
330 Actor46 <= Actor58 [label="RemoveMe(G"];
331 Actor46 <= Actor94 [label="RemoveMe(G"];
332 Actor46 <= Actor70 [label="RemoveMe(G"];
333 Actor46 <= Actor88 [label="RemoveMe(G"];
334 Actor46 <= Actor12 [label="RemoveMe(G"];
335 Actor46 <= Actor16 [label="RemoveMe(G"];
336 Actor46 <= Actor5 [label="RemoveMe(G"];
337 Actor46 <= Actor10 [label="RemoveMe(G"];
338 Actor46 <= Actor59 [label="RemoveMe(G"];
394 Actor46 <= Actor37 [label="RemoveMe(G"];
395 Actor46 <= Actor99 [label="RemoveMe(G"];
396 Actor46 <= Actor84 [label="RemoveMe(G"];
403 Actor46 <= Actor6 [label="Rumor"];
404 Actor46 <= Actor93 [label="RemoveMe(G"];
405 Actor46 <= Actor1 [label="RemoveMe(G"];
406 Actor46 <= Actor97 [label="RemoveMe(G"];
407 Actor46 <= Actor27 [label="RemoveMe(G"];
408 Actor46 <= Actor11 [label="RemoveMe(G"];
409 Actor46 <= Actor76 [label="RemoveMe(G"];
410 Actor46 <= Actor32 [label="RemoveMe(G"];
411 Actor46 <= Actor8 [label="RemoveMe(G"];
412 Actor46 <= Actor28 [label="RemoveMe(G"];
413 Actor46 <= Actor72 [label="RemoveMe(G"];
414 Actor46 <= Actor57 [label="RemoveMe(G"];
415 Actor46 <= Actor7 [label="RemoveMe(G"];
416 Actor46 <= Actor98 [label="RemoveMe(G"];
417 Actor46 <= Actor38 [label="Rumor"];
418 Actor46 <= Actor41 [label="RemoveMe(G"];
419 Actor46 <= Actor38 [label="RemoveMe(G"];
420 Actor46 <= Actor81 [label="RemoveMe(G"];
421 Actor46 <= Actor36 [label="RemoveMe(G"];
433 Actor46 <= Actor13 [label="RemoveMe(G"];
434 Actor46 <= Actor21 [label="RemoveMe(G"];
435 Actor46 <= Actor35 [label="RemoveMe(G"];
436 Actor46 <= Actor15 [label="RemoveMe(G"];
437 Actor46 <= Actor55 [label="RemoveMe(G"];
438 Actor46 <= Actor46 [label="Remind"];
439 Actor46 <= Actor79 [label="RemoveMe(G"];
440 Actor46 <= Actor34 [label="RemoveMe(G"];
441 Actor46 <= Actor69 [label="RemoveMe(G"];
442 Actor46 <= Actor53 [label="RemoveMe(G"];
443 Actor46 <= Actor75 [label="RemoveMe(G"];
444 Actor46 <= Actor2 [label="RemoveMe(G"];
445 Actor46 <= Actor51 [label="RemoveMe(G"];
446 Actor46 <= Actor25 [label="RemoveMe(G"];
447 Actor46 <= Actor18 [label="RemoveMe(G"];
448 Actor46 <= Actor39 [label="RemoveMe(G"];
449 Actor46 <= Actor47 [label="Rumor"];
466 Actor46 <= Actor45 [label="RemoveMe(G"];
467 Actor46 <= Actor47 [label="RemoveMe(G"];
468 Actor46 <= Actor62 [label="RemoveMe(G"];
469 Actor46 <= Actor67 [label="RemoveMe(G"];
470 Actor46 <= Actor65 [label="RemoveMe(G"];
471 Actor46 <= Actor71 [label="RemoveMe(G"];
472 Actor46 <= Actor73 [label="RemoveMe(G"];
473 Actor46 <= Actor64 [label="RemoveMe(G"];
474 Actor46 <= Actor66 [label="RemoveMe(G"];
475 Actor46 <= Actor82 [label="RemoveMe(G"];
476 Actor46 <= Actor100 [label="RemoveMe(G"];
477 Actor46 <= Actor14 [label="RemoveMe(G"];
478 Actor46 <= Actor20 [label="RemoveMe(G"];
479 Actor46 <= Actor52 [label="RemoveMe(G"];
480 Actor46 <= Actor78 [label="RemoveMe(G"];
481 Actor46 <= Actor54 [label="RemoveMe(G"];
482 Actor46 <= Actor86 [label="RemoveMe(G"];
483 Actor46 <= Actor87 [label="RemoveMe(G"];
484 Actor46 <= Actor89 [label="RemoveMe(G"];
519 Actor46 <= Actor92 [label="RemoveMe(G"];
520 Actor46 <= Actor96 [label="RemoveMe(G"];
521 Actor46 <= Actor49 [label="RemoveMe(G"];
522 Actor46 <= Actor91 [label="RemoveMe(G"];
523 Actor46 <= Actor68 [label="RemoveMe(G"];
524 Actor46 <= Actor50 [label="RemoveMe(G"];
525 Actor46 <= Actor74 [label="RemoveMe(G"];
526 Actor46 <= Actor3 [label="RemoveMe(G"];
527 Actor46 <= Actor31 [label="RemoveMe(G"];
528 Actor46 <= Actor23 [label="RemoveMe(G"];
529 Actor46 <= Actor60 [label="RemoveMe(G"];
530 Actor46 <= Actor61 [label="RemoveMe(G"];
531 Actor46 <= Actor44 [label="RemoveMe(G"];
532 Actor46 <= Actor48 [label="RemoveMe(G"];
533 Actor46 <= Actor56 [label="RemoveMe(G"];
534 Actor46 <= Actor95 [label="RemoveMe(G"];
535 Actor46 <= Actor30 [label="RemoveMe(G"];
1101 Actor46 <= Actor0 [label="ShutDown"];
