47 Actor47 <= Actor0 [label="Set(Master"];
166 Actor47 <= Actor42 [label="RemoveMe(G"];
167 Actor47 <= Actor95 [label="Rumor"];
168 Actor47 => Actor46 [label="Rumor"];
169 Actor47 => Actor47 [label="Remind"];
206 Actor47 <= Actor24 [label="RemoveMe(G"];
207 Actor47 <= Actor90 [label="RemoveMe(G"];
208 Actor47 <= Actor63 [label="RemoveMe(G"];
211 Actor47 <= Actor58 [label="RemoveMe(G"];
212 Actor47 <= Actor94 [label="RemoveMe(G"];
213 Actor47 <= Actor70 [label="RemoveMe(G"];
218 Actor47 <= Actor12 [label="RemoveMe(G"];
219 Actor47 <= Actor16 [label="RemoveMe(G"];
224 Actor47 <= Actor88 [label="RemoveMe(G"];
225 Actor47 <= Actor5 [label="RemoveMe(G"];
282 Actor47 <= Actor10 [label="RemoveMe(G"];
283 Actor47 <= Actor59 [label="RemoveMe(G"];
395 Actor47 <= Actor37 [label="RemoveMe(G"];
396 Actor47 <= Actor99 [label="RemoveMe(G"];
397 Actor47 <= Actor84 [label="RemoveMe(G"];
398 Actor47 <= Actor6 [label="Rumor"];
399 Actor47 => Actor1 [label="RemoveMe(G"];
400 Actor47 => Actor2 [label="RemoveMe(G"];
401 Actor47 => Actor3 [label="RemoveMe(G"];
402 Actor47 => Actor4 [label="RemoveMe(G"];
403 Actor47 => Actor6 [label="RemoveMe(G"];
404 Actor47 => Actor7 [label="RemoveMe(G"];
405 Actor47 => Actor8 [label="RemoveMe(G"];
406 Actor47 => Actor9 [label="RemoveMe(G"];
407 Actor47 => Actor11 [label="RemoveMe(G"];
408 Actor47 => Actor13 [label="RemoveMe(G"];
409 Actor47 => Actor14 [label="RemoveMe(G"];
410 Actor47 => Actor15 [label="RemoveMe(G"];
411 Actor47 => Actor17 [label="RemoveMe(G"];
412 Actor47 => Actor18 [label="RemoveMe(G"];
413 Actor47 => Actor19 [label="RemoveMe(G"];
414 Actor47 => Actor20 [label="RemoveMe(G"];
415 Actor47 => Actor21 [label="RemoveMe(G"];
416 Actor47 => Actor22 [label="RemoveMe(G"];
417 Actor47 => Actor23 [label="RemoveMe(G"];
418 Actor47 => Actor25 [label="RemoveMe(G"];
419 Actor47 => Actor26 [label="RemoveMe(G"];
420 Actor47 => Actor27 [label="RemoveMe(G"];
421 Actor47 => Actor28 [label="RemoveMe(G"];
422 Actor47 => Actor29 [label="RemoveMe(G"];
423 Actor47 => Actor30 [label="RemoveMe(G"];
424 Actor47 => Actor31 [label="RemoveMe(G"];
425 Actor47 => Actor32 [label="RemoveMe(G"];
426 Actor47 => Actor33 [label="RemoveMe(G"];
427 Actor47 => Actor34 [label="RemoveMe(G"];
428 Actor47 => Actor35 [label="RemoveMe(G"];
429 Actor47 => Actor36 [label="RemoveMe(G"];
430 Actor47 => Actor38 [label="RemoveMe(G"];
431 Actor47 => Actor39 [label="RemoveMe(G"];
432 Actor47 => Actor40 [label="RemoveMe(G"];
433 Actor47 => Actor41 [label="RemoveMe(G"];
434 Actor47 => Actor43 [label="RemoveMe(G"];
435 Actor47 => Actor44 [label="RemoveMe(G"];
436 Actor47 => Actor45 [label="RemoveMe(G"];
437 Actor47 => Actor46 [label="RemoveMe(G"];
438 Actor47 => Actor48 [label="RemoveMe(G"];
439 Actor47 => Actor49 [label="RemoveMe(G"];
440 Actor47 => Actor50 [label="RemoveMe(G"];
441 Actor47 => Actor51 [label="RemoveMe(G"];
442 Actor47 => Actor52 [label="RemoveMe(G"];
443 Actor47 => Actor53 [label="RemoveMe(G"];
444 Actor47 => Actor54 [label="RemoveMe(G"];
445 Actor47 => Actor55 [label="RemoveMe(G"];
446 Actor47 => Actor56 [label="RemoveMe(G"];
447 Actor47 => Actor57 [label="RemoveMe(G"];
448 Actor47 => Actor60 [label="RemoveMe(G"];
449 Actor47 => Actor61 [label="RemoveMe(G"];
450 Actor47 => Actor62 [label="RemoveMe(G"];
451 Actor47 => Actor64 [label="RemoveMe(G"];
452 Actor47 => Actor65 [label="RemoveMe(G"];
453 Actor47 => Actor66 [label="RemoveMe(G"];
454 Actor47 => Actor67 [label="RemoveMe(G"];
455 Actor47 => Actor68 [label="RemoveMe(G"];
456 Actor47 => Actor69 [label="RemoveMe(G"];
457 Actor47 => Actor71 [label="RemoveMe(G"];
458 Actor47 => Actor72 [label="RemoveMe(G"];
459 Actor47 => Actor73 [label="RemoveMe(G"];
460 Actor47 => Actor74 [label="RemoveMe(G"];
461 Actor47 => Actor75 [label="RemoveMe(G"];
462 Actor47 => Actor76 [label="RemoveMe(G"];
463 Actor47 => Actor77 [label="RemoveMe(G"];
464 Actor47 => Actor78 [label="RemoveMe(G"];
465 Actor47 => Actor79 [label="RemoveMe(G"];
466 Actor47 => Actor80 [label="RemoveMe(G"];
467 Actor47 => Actor81 [label="RemoveMe(G"];
468 Actor47 => Actor82 [label="RemoveMe(G"];
469 Actor47 => Actor83 [label="RemoveMe(G"];
470 Actor47 => Actor85 [label="RemoveMe(G"];
471 Actor47 => Actor86 [label="RemoveMe(G"];
472 Actor47 => Actor87 [label="RemoveMe(G"];
473 Actor47 => Actor89 [label="RemoveMe(G"];
474 Actor47 => Actor91 [label="RemoveMe(G"];
475 Actor47 => Actor92 [label="RemoveMe(G"];
476 Actor47 => Actor93 [label="RemoveMe(G"];
477 Actor47 => Actor95 [label="RemoveMe(G"];
478 Actor47 => Actor96 [label="RemoveMe(G"];
479 Actor47 => Actor97 [label="RemoveMe(G"];
480 Actor47 => Actor98 [label="RemoveMe(G"];
481 Actor47 => Actor100 [label="RemoveMe(G"];
482 Actor47 => Actor0 [label="Finish"];
483 Actor47 <= Actor93 [label="RemoveMe(G"];
484 Actor47 <= Actor1 [label="RemoveMe(G"];
485 Actor47 <= Actor97 [label="RemoveMe(G"];
486 Actor47 <= Actor27 [label="RemoveMe(G"];
487 Actor47 <= Actor11 [label="RemoveMe(G"];
488 Actor47 <= Actor76 [label="RemoveMe(G"];
489 Actor47 <= Actor32 [label="RemoveMe(G"];
490 Actor47 <= Actor8 [label="RemoveMe(G"];
491 Actor47 <= Actor28 [label="RemoveMe(G"];
492 Actor47 <= Actor72 [label="RemoveMe(G"];
493 Actor47 <= Actor57 [label="RemoveMe(G"];
494 Actor47 <= Actor7 [label="RemoveMe(G"];
495 Actor47 <= Actor41 [label="Rumor"];
496 Actor47 <= Actor98 [label="RemoveMe(G"];
497 Actor47 <= Actor41 [label="RemoveMe(G"];
498 Actor47 <= Actor38 [label="RemoveMe(G"];
499 Actor47 <= Actor81 [label="RemoveMe(G"];
500 Actor47 <= Actor36 [label="RemoveMe(G"];
501 Actor47 <= Actor13 [label="RemoveMe(G"];
502 Actor47 <= Actor21 [label="RemoveMe(G"];
503 Actor47 <= Actor35 [label="RemoveMe(G"];
504 Actor47 <= Actor15 [label="RemoveMe(G"];
505 Actor47 <= Actor55 [label="RemoveMe(G"];
506 Actor47 <= Actor79 [label="RemoveMe(G"];
507 Actor47 <= Actor34 [label="RemoveMe(G"];
508 Actor47 <= Actor69 [label="RemoveMe(G"];
509 Actor47 <= Actor53 [label="RemoveMe(G"];
510 Actor47 <= Actor46 [label="RemoveMe(G"];
511 Actor47 <= Actor75 [label="RemoveMe(G"];
512 Actor47 <= Actor2 [label="RemoveMe(G"];
513 Actor47 <= Actor51 [label="RemoveMe(G"];
514 Actor47 <= Actor25 [label="RemoveMe(G"];
515 Actor47 <= Actor18 [label="RemoveMe(G"];
516 Actor47 <= Actor39 [label="RemoveMe(G"];
517 Actor47 <= Actor44 [label="Rumor"];
518 Actor47 <= Actor47 [label="Remind"];
519 Actor47 <= Actor45 [label="RemoveMe(G"];
520 Actor47 <= Actor62 [label="RemoveMe(G"];
521 Actor47 <= Actor67 [label="RemoveMe(G"];
522 Actor47 <= Actor65 [label="RemoveMe(G"];
523 Actor47 <= Actor71 [label="RemoveMe(G"];
524 Actor47 <= Actor73 [label="RemoveMe(G"];
525 Actor47 <= Actor64 [label="RemoveMe(G"];
526 Actor47 <= Actor66 [label="RemoveMe(G"];
527 Actor47 <= Actor82 [label="RemoveMe(G"];
528 Actor47 <= Actor100 [label="RemoveMe(G"];
529 Actor47 <= Actor14 [label="RemoveMe(G"];
530 Actor47 <= Actor20 [label="RemoveMe(G"];
531 Actor47 <= Actor52 [label="RemoveMe(G"];
532 Actor47 <= Actor78 [label="RemoveMe(G"];
533 Actor47 <= Actor54 [label="RemoveMe(G"];
534 Actor47 <= Actor86 [label="RemoveMe(G"];
535 Actor47 <= Actor87 [label="RemoveMe(G"];
536 Actor47 <= Actor89 [label="RemoveMe(G"];
537 Actor47 <= Actor92 [label="RemoveMe(G"];
538 Actor47 <= Actor96 [label="RemoveMe(G"];
539 Actor47 <= Actor49 [label="RemoveMe(G"];
540 Actor47 <= Actor91 [label="RemoveMe(G"];
541 Actor47 <= Actor68 [label="RemoveMe(G"];
542 Actor47 <= Actor50 [label="RemoveMe(G"];
543 Actor47 <= Actor74 [label="RemoveMe(G"];
544 Actor47 <= Actor3 [label="RemoveMe(G"];
545 Actor47 <= Actor31 [label="RemoveMe(G"];
546 Actor47 <= Actor23 [label="RemoveMe(G"];
547 Actor47 <= Actor60 [label="RemoveMe(G"];
548 Actor47 <= Actor61 [label="RemoveMe(G"];
549 Actor47 <= Actor44 [label="RemoveMe(G"];
550 Actor47 <= Actor48 [label="RemoveMe(G"];
551 Actor47 <= Actor56 [label="RemoveMe(G"];
552 Actor47 <= Actor95 [label="RemoveMe(G"];
553 Actor47 <= Actor80 [label="RemoveMe(G"];
554 Actor47 <= Actor30 [label="RemoveMe(G"];
1102 Actor47 <= Actor0 [label="ShutDown"];
