48 Actor48 <= Actor0 [label="Set(Master"];
167 Actor48 <= Actor42 [label="RemoveMe(G"];
168 Actor48 <= Actor95 [label="Rumor"];
169 Actor48 => Actor28 [label="Rumor"];
170 Actor48 => Actor48 [label="Remind"];
207 Actor48 <= Actor24 [label="RemoveMe(G"];
208 Actor48 <= Actor90 [label="RemoveMe(G"];
209 Actor48 <= Actor63 [label="RemoveMe(G"];
212 Actor48 <= Actor58 [label="RemoveMe(G"];
213 Actor48 <= Actor94 [label="RemoveMe(G"];
214 Actor48 <= Actor70 [label="RemoveMe(G"];
219 Actor48 <= Actor12 [label="RemoveMe(G"];
220 Actor48 <= Actor16 [label="RemoveMe(G"];
221 Actor48 <= Actor5 [label="RemoveMe(G"];
283 Actor48 <= Actor10 [label="RemoveMe(G"];
284 Actor48 <= Actor59 [label="RemoveMe(G"];
396 Actor48 <= Actor37 [label="RemoveMe(G"];
397 Actor48 <= Actor88 [label="RemoveMe(G"];
398 Actor48 <= Actor99 [label="RemoveMe(G"];
399 Actor48 <= Actor84 [label="RemoveMe(G"];
400 Actor48 <= Actor93 [label="RemoveMe(G"];
401 Actor48 <= Actor1 [label="RemoveMe(G"];
402 Actor48 <= Actor97 [label="RemoveMe(G"];
403 Actor48 <= Actor27 [label="RemoveMe(G"];
404 Actor48 <= Actor11 [label="RemoveMe(G"];
405 Actor48 <= Actor76 [label="RemoveMe(G"];
406 Actor48 <= Actor32 [label="RemoveMe(G"];
407 Actor48 <= Actor8 [label="RemoveMe(G"];
408 Actor48 <= Actor28 [label="RemoveMe(G"];
413 Actor48 <= Actor72 [label="RemoveMe(G"];
414 Actor48 <= Actor57 [label="RemoveMe(G"];
415 Actor48 <= Actor7 [label="RemoveMe(G"];
416 Actor48 <= Actor98 [label="RemoveMe(G"];
417 Actor48 <= Actor41 [label="RemoveMe(G"];
418 Actor48 <= Actor38 [label="RemoveMe(G"];
419 Actor48 <= Actor81 [label="RemoveMe(G"];
420 Actor48 <= Actor36 [label="RemoveMe(G"];
429 Actor48 <= Actor29 [label="Rumor"];
430 Actor48 => Actor2 [label="RemoveMe(G"];
431 Actor48 => Actor3 [label="RemoveMe(G"];
432 Actor48 => Actor4 [label="RemoveMe(G"];
433 Actor48 => Actor6 [label="RemoveMe(G"];
434 Actor48 => Actor9 [label="RemoveMe(G"];
435 Actor48 => Actor13 [label="RemoveMe(G"];
436 Actor48 => Actor14 [label="RemoveMe(G"];
437 Actor48 => Actor15 [label="RemoveMe(G"];
438 Actor48 => Actor17 [label="RemoveMe(G"];
439 Actor48 => Actor18 [label="RemoveMe(G"];
440 Actor48 => Actor19 [label="RemoveMe(G"];
441 Actor48 => Actor20 [label="RemoveMe(G"];
442 Actor48 => Actor21 [label="RemoveMe(G"];
443 Actor48 => Actor22 [label="RemoveMe(G"];
444 Actor48 => Actor23 [label="RemoveMe(G"];
445 Actor48 => Actor25 [label="RemoveMe(G"];
446 Actor48 => Actor26 [label="RemoveMe(G"];
447 Actor48 => Actor29 [label="RemoveMe(G"];
448 Actor48 => Actor30 [label="RemoveMe(G"];
449 Actor48 => Actor31 [label="RemoveMe(G"];
450 Actor48 => Actor33 [label="RemoveMe(G"];
451 Actor48 => Actor34 [label="RemoveMe(G"];
452 Actor48 => Actor35 [label="RemoveMe(G"];
453 Actor48 => Actor39 [label="RemoveMe(G"];
454 Actor48 => Actor40 [label="RemoveMe(G"];
455 Actor48 => Actor43 [label="RemoveMe(G"];
456 Actor48 => Actor44 [label="RemoveMe(G"];
457 Actor48 => Actor45 [label="RemoveMe(G"];
458 Actor48 => Actor46 [label="RemoveMe(G"];
459 Actor48 => Actor47 [label="RemoveMe(G"];
460 Actor48 => Actor49 [label="RemoveMe(G"];
461 Actor48 => Actor50 [label="RemoveMe(G"];
462 Actor48 => Actor51 [label="RemoveMe(G"];
463 Actor48 => Actor52 [label="RemoveMe(G"];
464 Actor48 => Actor53 [label="RemoveMe(G"];
465 Actor48 => Actor54 [label="RemoveMe(G"];
466 Actor48 => Actor55 [label="RemoveMe(G"];
467 Actor48 => Actor56 [label="RemoveMe(G"];
468 Actor48 => Actor60 [label="RemoveMe(G"];
469 Actor48 => Actor61 [label="RemoveMe(G"];
470 Actor48 => Actor62 [label="RemoveMe(G"];
471 Actor48 => Actor64 [label="RemoveMe(G"];
472 Actor48 => Actor65 [label="RemoveMe(G"];
473 Actor48 => Actor66 [label="RemoveMe(G"];
474 Actor48 => Actor67 [label="RemoveMe(G"];
475 Actor48 => Actor68 [label="RemoveMe(G"];
476 Actor48 => Actor69 [label="RemoveMe(G"];
477 Actor48 => Actor71 [label="RemoveMe(G"];
478 Actor48 => Actor73 [label="RemoveMe(G"];
479 Actor48 => Actor74 [label="RemoveMe(G"];
480 Actor48 => Actor75 [label="RemoveMe(G"];
481 Actor48 => Actor77 [label="RemoveMe(G"];
482 Actor48 => Actor78 [label="RemoveMe(G"];
483 Actor48 => Actor79 [label="RemoveMe(G"];
484 Actor48 => Actor80 [label="RemoveMe(G"];
485 Actor48 => Actor82 [label="RemoveMe(G"];
486 Actor48 => Actor83 [label="RemoveMe(G"];
487 Actor48 => Actor85 [label="RemoveMe(G"];
488 Actor48 => Actor86 [label="RemoveMe(G"];
489 Actor48 => Actor87 [label="RemoveMe(G"];
490 Actor48 => Actor89 [label="RemoveMe(G"];
491 Actor48 => Actor91 [label="RemoveMe(G"];
492 Actor48 => Actor92 [label="RemoveMe(G"];
493 Actor48 => Actor95 [label="RemoveMe(G"];
494 Actor48 => Actor96 [label="RemoveMe(G"];
495 Actor48 => Actor100 [label="RemoveMe(G"];
496 Actor48 => Actor0 [label="Finish"];
497 Actor48 <= Actor29 [label="Rumor"];
498 Actor48 <= Actor13 [label="RemoveMe(G"];
499 Actor48 <= Actor21 [label="RemoveMe(G"];
500 Actor48 <= Actor35 [label="RemoveMe(G"];
501 Actor48 <= Actor15 [label="RemoveMe(G"];
502 Actor48 <= Actor55 [label="RemoveMe(G"];
503 Actor48 <= Actor79 [label="RemoveMe(G"];
504 Actor48 <= Actor29 [label="Rumor"];
505 Actor48 <= Actor34 [label="RemoveMe(G"];
506 Actor48 <= Actor69 [label="RemoveMe(G"];
507 Actor48 <= Actor53 [label="RemoveMe(G"];
508 Actor48 <= Actor46 [label="RemoveMe(G"];
509 Actor48 <= Actor75 [label="RemoveMe(G"];
510 Actor48 <= Actor2 [label="RemoveMe(G"];
511 Actor48 <= Actor51 [label="RemoveMe(G"];
512 Actor48 <= Actor25 [label="RemoveMe(G"];
513 Actor48 <= Actor18 [label="RemoveMe(G"];
514 Actor48 <= Actor39 [label="RemoveMe(G"];
515 Actor48 <= Actor45 [label="RemoveMe(G"];
516 Actor48 <= Actor47 [label="RemoveMe(G"];
517 Actor48 <= Actor62 [label="RemoveMe(G"];
518 Actor48 <= Actor48 [label="Remind"];
519 Actor48 <= Actor67 [label="RemoveMe(G"];
520 Actor48 <= Actor19 [label="Rumor"];
521 Actor48 <= Actor33 [label="Rumor"];
522 Actor48 <= Actor33 [label="RemoveMe(G"];
523 Actor48 <= Actor65 [label="RemoveMe(G"];
524 Actor48 <= Actor71 [label="RemoveMe(G"];
525 Actor48 <= Actor73 [label="RemoveMe(G"];
526 Actor48 <= Actor64 [label="RemoveMe(G"];
527 Actor48 <= Actor66 [label="RemoveMe(G"];
528 Actor48 <= Actor82 [label="RemoveMe(G"];
537 Actor48 <= Actor4 [label="RemoveMe(G"];
538 Actor48 <= Actor100 [label="RemoveMe(G"];
539 Actor48 <= Actor83 [label="RemoveMe(G"];
540 Actor48 <= Actor14 [label="RemoveMe(G"];
541 Actor48 <= Actor20 [label="RemoveMe(G"];
542 Actor48 <= Actor52 [label="RemoveMe(G"];
543 Actor48 <= Actor78 [label="RemoveMe(G"];
544 Actor48 <= Actor54 [label="RemoveMe(G"];
545 Actor48 <= Actor85 [label="RemoveMe(G"];
546 Actor48 <= Actor86 [label="RemoveMe(G"];
547 Actor48 <= Actor87 [label="RemoveMe(G"];
548 Actor48 <= Actor89 [label="RemoveMe(G"];
549 Actor48 <= Actor92 [label="RemoveMe(G"];
550 Actor48 <= Actor96 [label="RemoveMe(G"];
551 Actor48 <= Actor49 [label="RemoveMe(G"];
556 Actor48 <= Actor6 [label="Rumor"];
575 Actor48 <= Actor6 [label="Rumor"];
576 Actor48 <= Actor91 [label="RemoveMe(G"];
656 Actor48 <= Actor6 [label="Rumor"];
677 Actor48 <= Actor6 [label="Rumor"];
761 Actor48 <= Actor6 [label="Rumor"];
762 Actor48 <= Actor9 [label="RemoveMe(G"];
763 Actor48 <= Actor68 [label="RemoveMe(G"];
764 Actor48 <= Actor50 [label="RemoveMe(G"];
765 Actor48 <= Actor74 [label="RemoveMe(G"];
766 Actor48 <= Actor77 [label="RemoveMe(G"];
767 Actor48 <= Actor3 [label="RemoveMe(G"];
768 Actor48 <= Actor31 [label="RemoveMe(G"];
769 Actor48 <= Actor23 [label="RemoveMe(G"];
770 Actor48 <= Actor26 [label="RemoveMe(G"];
771 Actor48 <= Actor60 [label="RemoveMe(G"];
772 Actor48 <= Actor61 [label="RemoveMe(G"];
773 Actor48 <= Actor44 [label="RemoveMe(G"];
774 Actor48 <= Actor19 [label="RemoveMe(G"];
791 Actor48 <= Actor40 [label="RemoveMe(G"];
792 Actor48 <= Actor56 [label="RemoveMe(G"];
793 Actor48 <= Actor43 [label="RemoveMe(G"];
794 Actor48 <= Actor95 [label="RemoveMe(G"];
795 Actor48 <= Actor80 [label="RemoveMe(G"];
796 Actor48 <= Actor22 [label="RemoveMe(G"];
797 Actor48 <= Actor17 [label="RemoveMe(G"];
798 Actor48 <= Actor29 [label="RemoveMe(G"];
799 Actor48 <= Actor30 [label="RemoveMe(G"];
1103 Actor48 <= Actor0 [label="ShutDown"];
