49 Actor49 <= Actor0 [label="Set(Master"];
111 Actor49 <= Actor58 [label="Rumor"];
112 Actor49 => Actor87 [label="Rumor"];
113 Actor49 => Actor49 [label="Remind"];
138 Actor49 <= Actor3 [label="Rumor"];
139 Actor49 => Actor1 [label="RemoveMe(G"];
140 Actor49 => Actor2 [label="RemoveMe(G"];
141 Actor49 => Actor3 [label="RemoveMe(G"];
142 Actor49 => Actor4 [label="RemoveMe(G"];
143 Actor49 => Actor5 [label="RemoveMe(G"];
144 Actor49 => Actor6 [label="RemoveMe(G"];
145 Actor49 => Actor7 [label="RemoveMe(G"];
146 Actor49 => Actor8 [label="RemoveMe(G"];
147 Actor49 => Actor9 [label="RemoveMe(G"];
148 Actor49 => Actor10 [label="RemoveMe(G"];
149 Actor49 => Actor11 [label="RemoveMe(G"];
150 Actor49 => Actor12 [label="RemoveMe(G"];
151 Actor49 => Actor13 [label="RemoveMe(G"];
152 Actor49 => Actor14 [label="RemoveMe(G"];
153 Actor49 => Actor15 [label="RemoveMe(G"];
154 Actor49 => Actor16 [label="RemoveMe(G"];
155 Actor49 => Actor17 [label="RemoveMe(G"];
156 Actor49 => Actor18 [label="RemoveMe(G"];
157 Actor49 => Actor19 [label="RemoveMe(G"];
158 Actor49 => Actor20 [label="RemoveMe(G"];
159 Actor49 => Actor21 [label="RemoveMe(G"];
160 Actor49 => Actor22 [label="RemoveMe(G"];
161 Actor49 => Actor23 [label="RemoveMe(G"];
162 Actor49 => Actor24 [label="RemoveMe(G"];
163 Actor49 => Actor25 [label="RemoveMe(G"];
164 Actor49 => Actor26 [label="RemoveMe(G"];
165 Actor49 => Actor27 [label="RemoveMe(G"];
166 Actor49 => Actor28 [label="RemoveMe(G"];
167 Actor49 => Actor29 [label="RemoveMe(G"];
168 Actor49 => Actor30 [label="RemoveMe(G"];
169 Actor49 => Actor31 [label="RemoveMe(G"];
170 Actor49 => Actor32 [label="RemoveMe(G"];
171 Actor49 => Actor33 [label="RemoveMe(G"];
172 Actor49 => Actor34 [label="RemoveMe(G"];
173 Actor49 => Actor35 [label="RemoveMe(G"];
174 Actor49 => Actor36 [label="RemoveMe(G"];
175 Actor49 => Actor37 [label="RemoveMe(G"];
176 Actor49 => Actor38 [label="RemoveMe(G"];
177 Actor49 => Actor39 [label="RemoveMe(G"];
178 Actor49 => Actor40 [label="RemoveMe(G"];
179 Actor49 => Actor41 [label="RemoveMe(G"];
180 Actor49 => Actor42 [label="RemoveMe(G"];
181 Actor49 => Actor43 [label="RemoveMe(G"];
182 Actor49 => Actor44 [label="RemoveMe(G"];
183 Actor49 => Actor45 [label="RemoveMe(G"];
184 Actor49 => Actor46 [label="RemoveMe(G"];
185 Actor49 => Actor47 [label="RemoveMe(G"];
186 Actor49 => Actor48 [label="RemoveMe(G"];
187 Actor49 => Actor50 [label="RemoveMe(G"];
188 Actor49 => Actor51 [label="RemoveMe(G"];
189 Actor49 => Actor52 [label="RemoveMe(G"];
190 Actor49 => Actor53 [label="RemoveMe(G"];
191 Actor49 => Actor54 [label="RemoveMe(G"];
192 Actor49 => Actor55 [label="RemoveMe(G"];
193 Actor49 => Actor56 [label="RemoveMe(G"];
194 Actor49 => Actor57 [label="RemoveMe(G"];
195 Actor49 => Actor58 [label="RemoveMe(G"];
196 Actor49 => Actor59 [label="RemoveMe(G"];
197 Actor49 => Actor60 [label="RemoveMe(G"];
198 Actor49 => Actor61 [label="RemoveMe(G"];
199 Actor49 => Actor62 [label="RemoveMe(G"];
200 Actor49 => Actor63 [label="RemoveMe(G"];
201 Actor49 => Actor64 [label="RemoveMe(G"];
202 Actor49 => Actor65 [label="RemoveMe(G"];
203 Actor49 => Actor66 [label="RemoveMe(G"];
204 Actor49 => Actor67 [label="RemoveMe(G"];
205 Actor49 => Actor68 [label="RemoveMe(G"];
206 Actor49 => Actor69 [label="RemoveMe(G"];
207 Actor49 => Actor70 [label="RemoveMe(G"];
208 Actor49 => Actor71 [label="RemoveMe(G"];
209 Actor49 => Actor72 [label="RemoveMe(G"];
210 Actor49 => Actor73 [label="RemoveMe(G"];
211 Actor49 => Actor74 [label="RemoveMe(G"];
212 Actor49 => Actor75 [label="RemoveMe(G"];
213 Actor49 => Actor76 [label="RemoveMe(G"];
214 Actor49 => Actor77 [label="RemoveMe(G"];
215 Actor49 => Actor78 [label="RemoveMe(G"];
216 Actor49 => Actor79 [label="RemoveMe(G"];
217 Actor49 => Actor80 [label="RemoveMe(G"];
218 Actor49 => Actor81 [label="RemoveMe(G"];
219 Actor49 => Actor82 [label="RemoveMe(G"];
220 Actor49 => Actor83 [label="RemoveMe(G"];
221 Actor49 => Actor84 [label="RemoveMe(G"];
222 Actor49 => Actor85 [label="RemoveMe(G"];
223 Actor49 => Actor86 [label="RemoveMe(G"];
224 Actor49 => Actor87 [label="RemoveMe(G"];
225 Actor49 => Actor88 [label="RemoveMe(G"];
226 Actor49 => Actor89 [label="RemoveMe(G"];
227 Actor49 => Actor90 [label="RemoveMe(G"];
228 Actor49 => Actor91 [label="RemoveMe(G"];
229 Actor49 => Actor92 [label="RemoveMe(G"];
230 Actor49 => Actor93 [label="RemoveMe(G"];
231 Actor49 => Actor94 [label="RemoveMe(G"];
232 Actor49 => Actor95 [label="RemoveMe(G"];
233 Actor49 => Actor96 [label="RemoveMe(G"];
234 Actor49 => Actor97 [label="RemoveMe(G"];
235 Actor49 => Actor98 [label="RemoveMe(G"];
236 Actor49 => Actor99 [label="RemoveMe(G"];
237 Actor49 => Actor100 [label="RemoveMe(G"];
238 Actor49 => Actor0 [label="Finish"];
239 Actor49 <= Actor42 [label="RemoveMe(G"];
240 Actor49 <= Actor24 [label="RemoveMe(G"];
241 Actor49 <= Actor90 [label="RemoveMe(G"];
242 Actor49 <= Actor63 [label="RemoveMe(G"];
243 Actor49 <= Actor58 [label="RemoveMe(G"];
272 Actor49 <= Actor95 [label="Rumor"];
308 Actor49 <= Actor95 [label="Rumor"];
309 Actor49 <= Actor94 [label="RemoveMe(G"];
310 Actor49 <= Actor49 [label="Remind"];
311 Actor49 <= Actor70 [label="RemoveMe(G"];
312 Actor49 <= Actor12 [label="RemoveMe(G"];
313 Actor49 <= Actor16 [label="RemoveMe(G"];
314 Actor49 <= Actor5 [label="RemoveMe(G"];
315 Actor49 <= Actor10 [label="RemoveMe(G"];
316 Actor49 <= Actor59 [label="RemoveMe(G"];
397 Actor49 <= Actor37 [label="RemoveMe(G"];
398 Actor49 <= Actor88 [label="RemoveMe(G"];
399 Actor49 <= Actor99 [label="RemoveMe(G"];
400 Actor49 <= Actor84 [label="RemoveMe(G"];
401 Actor49 <= Actor93 [label="RemoveMe(G"];
402 Actor49 <= Actor1 [label="RemoveMe(G"];
403 Actor49 <= Actor97 [label="RemoveMe(G"];
404 Actor49 <= Actor27 [label="RemoveMe(G"];
405 Actor49 <= Actor29 [label="Rumor"];
406 Actor49 <= Actor11 [label="RemoveMe(G"];
407 Actor49 <= Actor76 [label="RemoveMe(G"];
408 Actor49 <= Actor32 [label="RemoveMe(G"];
409 Actor49 <= Actor8 [label="RemoveMe(G"];
410 Actor49 <= Actor28 [label="RemoveMe(G"];
414 Actor49 <= Actor72 [label="RemoveMe(G"];
415 Actor49 <= Actor57 [label="RemoveMe(G"];
416 Actor49 <= Actor7 [label="RemoveMe(G"];
417 Actor49 <= Actor98 [label="RemoveMe(G"];
418 Actor49 <= Actor41 [label="RemoveMe(G"];
419 Actor49 <= Actor38 [label="RemoveMe(G"];
420 Actor49 <= Actor81 [label="RemoveMe(G"];
421 Actor49 <= Actor36 [label="RemoveMe(G"];
442 Actor49 <= Actor29 [label="Rumor"];
443 Actor49 <= Actor13 [label="RemoveMe(G"];
444 Actor49 <= Actor21 [label="RemoveMe(G"];
445 Actor49 <= Actor35 [label="RemoveMe(G"];
446 Actor49 <= Actor15 [label="RemoveMe(G"];
447 Actor49 <= Actor55 [label="RemoveMe(G"];
448 Actor49 <= Actor79 [label="RemoveMe(G"];
449 Actor49 <= Actor34 [label="RemoveMe(G"];
450 Actor49 <= Actor69 [label="RemoveMe(G"];
451 Actor49 <= Actor53 [label="RemoveMe(G"];
452 Actor49 <= Actor46 [label="RemoveMe(G"];
453 Actor49 <= Actor75 [label="RemoveMe(G"];
454 Actor49 <= Actor2 [label="RemoveMe(G"];
455 Actor49 <= Actor51 [label="RemoveMe(G"];
456 Actor49 <= Actor25 [label="RemoveMe(G"];
457 Actor49 <= Actor18 [label="RemoveMe(G"];
458 Actor49 <= Actor39 [label="RemoveMe(G"];
459 Actor49 <= Actor19 [label="Rumor"];
469 Actor49 <= Actor45 [label="RemoveMe(G"];
470 Actor49 <= Actor47 [label="RemoveMe(G"];
471 Actor49 <= Actor62 [label="RemoveMe(G"];
472 Actor49 <= Actor67 [label="RemoveMe(G"];
501 Actor49 <= Actor33 [label="RemoveMe(G"];
502 Actor49 <= Actor65 [label="RemoveMe(G"];
503 Actor49 <= Actor71 [label="RemoveMe(G"];
504 Actor49 <= Actor73 [label="RemoveMe(G"];
505 Actor49 <= Actor64 [label="RemoveMe(G"];
506 Actor49 <= Actor66 [label="RemoveMe(G"];
507 Actor49 <= Actor82 [label="RemoveMe(G"];
538 Actor49 <= Actor4 [label="RemoveMe(G"];
539 Actor49 <= Actor100 [label="RemoveMe(G"];
540 Actor49 <= Actor83 [label="RemoveMe(G"];
541 Actor49 <= Actor14 [label="RemoveMe(G"];
542 Actor49 <= Actor20 [label="RemoveMe(G"];
543 Actor49 <= Actor52 [label="RemoveMe(G"];
544 Actor49 <= Actor78 [label="RemoveMe(G"];
545 Actor49 <= Actor54 [label="RemoveMe(G"];
546 Actor49 <= Actor85 [label="RemoveMe(G"];
547 Actor49 <= Actor86 [label="RemoveMe(G"];
548 Actor49 <= Actor87 [label="RemoveMe(G"];
549 Actor49 <= Actor89 [label="RemoveMe(G"];
550 Actor49 <= Actor92 [label="RemoveMe(G"];
551 Actor49 <= Actor96 [label="RemoveMe(G"];
552 Actor49 <= Actor91 [label="RemoveMe(G"];
553 Actor49 <= Actor68 [label="RemoveMe(G"];
554 Actor49 <= Actor50 [label="RemoveMe(G"];
555 Actor49 <= Actor74 [label="RemoveMe(G"];
556 Actor49 <= Actor77 [label="RemoveMe(G"];
557 Actor49 <= Actor3 [label="RemoveMe(G"];
558 Actor49 <= Actor31 [label="RemoveMe(G"];
559 Actor49 <= Actor23 [label="RemoveMe(G"];
560 Actor49 <= Actor60 [label="RemoveMe(G"];
561 Actor49 <= Actor61 [label="RemoveMe(G"];
562 Actor49 <= Actor44 [label="RemoveMe(G"];
563 Actor49 <= Actor48 [label="RemoveMe(G"];
564 Actor49 <= Actor56 [label="RemoveMe(G"];
565 Actor49 <= Actor95 [label="RemoveMe(G"];
566 Actor49 <= Actor80 [label="RemoveMe(G"];
567 Actor49 <= Actor29 [label="RemoveMe(G"];
568 Actor49 <= Actor30 [label="RemoveMe(G"];
1104 Actor49 <= Actor0 [label="ShutDown"];
