5 Actor5 <= Actor0 [label="Set(Master"];
112 Actor5 <= Actor42 [label="Rumor"];
113 Actor5 => Actor76 [label="Rumor"];
114 Actor5 => Actor5 [label="Remind"];
125 Actor5 <= Actor42 [label="RemoveMe(G"];
126 Actor5 <= Actor3 [label="Rumor"];
127 Actor5 => Actor1 [label="RemoveMe(G"];
128 Actor5 => Actor2 [label="RemoveMe(G"];
129 Actor5 => Actor3 [label="RemoveMe(G"];
130 Actor5 => Actor4 [label="RemoveMe(G"];
131 Actor5 => Actor6 [label="RemoveMe(G"];
132 Actor5 => Actor7 [label="RemoveMe(G"];
133 Actor5 => Actor8 [label="RemoveMe(G"];
134 Actor5 => Actor9 [label="RemoveMe(G"];
135 Actor5 => Actor10 [label="RemoveMe(G"];
136 Actor5 => Actor11 [label="RemoveMe(G"];
137 Actor5 => Actor12 [label="RemoveMe(G"];
138 Actor5 => Actor13 [label="RemoveMe(G"];
139 Actor5 => Actor14 [label="RemoveMe(G"];
140 Actor5 => Actor15 [label="RemoveMe(G"];
141 Actor5 => Actor16 [label="RemoveMe(G"];
142 Actor5 => Actor17 [label="RemoveMe(G"];
143 Actor5 => Actor18 [label="RemoveMe(G"];
144 Actor5 => Actor19 [label="RemoveMe(G"];
145 Actor5 => Actor20 [label="RemoveMe(G"];
146 Actor5 => Actor21 [label="RemoveMe(G"];
147 Actor5 => Actor22 [label="RemoveMe(G"];
148 Actor5 => Actor23 [label="RemoveMe(G"];
149 Actor5 => Actor24 [label="RemoveMe(G"];
150 Actor5 => Actor25 [label="RemoveMe(G"];
151 Actor5 => Actor26 [label="RemoveMe(G"];
152 Actor5 => Actor27 [label="RemoveMe(G"];
153 Actor5 => Actor28 [label="RemoveMe(G"];
154 Actor5 => Actor29 [label="RemoveMe(G"];
155 Actor5 => Actor30 [label="RemoveMe(G"];
156 Actor5 => Actor31 [label="RemoveMe(G"];
157 Actor5 => Actor32 [label="RemoveMe(G"];
158 Actor5 => Actor33 [label="RemoveMe(G"];
159 Actor5 => Actor34 [label="RemoveMe(G"];
160 Actor5 => Actor35 [label="RemoveMe(G"];
161 Actor5 => Actor36 [label="RemoveMe(G"];
162 Actor5 => Actor37 [label="RemoveMe(G"];
163 Actor5 => Actor38 [label="RemoveMe(G"];
164 Actor5 => Actor39 [label="RemoveMe(G"];
165 Actor5 => Actor40 [label="RemoveMe(G"];
166 Actor5 => Actor41 [label="RemoveMe(G"];
167 Actor5 => Actor43 [label="RemoveMe(G"];
168 Actor5 => Actor44 [label="RemoveMe(G"];
169 Actor5 => Actor45 [label="RemoveMe(G"];
170 Actor5 => Actor46 [label="RemoveMe(G"];
171 Actor5 => Actor47 [label="RemoveMe(G"];
172 Actor5 => Actor48 [label="RemoveMe(G"];
173 Actor5 => Actor49 [label="RemoveMe(G"];
174 Actor5 => Actor50 [label="RemoveMe(G"];
175 Actor5 => Actor51 [label="RemoveMe(G"];
176 Actor5 => Actor52 [label="RemoveMe(G"];
177 Actor5 => Actor53 [label="RemoveMe(G"];
178 Actor5 => Actor54 [label="RemoveMe(G"];
179 Actor5 => Actor55 [label="RemoveMe(G"];
180 Actor5 => Actor56 [label="RemoveMe(G"];
181 Actor5 => Actor57 [label="RemoveMe(G"];
182 Actor5 => Actor58 [label="RemoveMe(G"];
183 Actor5 => Actor59 [label="RemoveMe(G"];
184 Actor5 => Actor60 [label="RemoveMe(G"];
185 Actor5 => Actor61 [label="RemoveMe(G"];
186 Actor5 => Actor62 [label="RemoveMe(G"];
187 Actor5 => Actor63 [label="RemoveMe(G"];
188 Actor5 => Actor64 [label="RemoveMe(G"];
189 Actor5 => Actor65 [label="RemoveMe(G"];
190 Actor5 => Actor66 [label="RemoveMe(G"];
191 Actor5 => Actor67 [label="RemoveMe(G"];
192 Actor5 => Actor68 [label="RemoveMe(G"];
193 Actor5 => Actor69 [label="RemoveMe(G"];
194 Actor5 => Actor70 [label="RemoveMe(G"];
195 Actor5 => Actor71 [label="RemoveMe(G"];
196 Actor5 => Actor72 [label="RemoveMe(G"];
197 Actor5 => Actor73 [label="RemoveMe(G"];
198 Actor5 => Actor74 [label="RemoveMe(G"];
199 Actor5 => Actor75 [label="RemoveMe(G"];
200 Actor5 => Actor76 [label="RemoveMe(G"];
201 Actor5 => Actor77 [label="RemoveMe(G"];
202 Actor5 => Actor78 [label="RemoveMe(G"];
203 Actor5 => Actor79 [label="RemoveMe(G"];
204 Actor5 => Actor80 [label="RemoveMe(G"];
205 Actor5 => Actor81 [label="RemoveMe(G"];
206 Actor5 => Actor82 [label="RemoveMe(G"];
207 Actor5 => Actor83 [label="RemoveMe(G"];
208 Actor5 => Actor84 [label="RemoveMe(G"];
209 Actor5 => Actor85 [label="RemoveMe(G"];
210 Actor5 => Actor86 [label="RemoveMe(G"];
211 Actor5 => Actor87 [label="RemoveMe(G"];
212 Actor5 => Actor88 [label="RemoveMe(G"];
213 Actor5 => Actor89 [label="RemoveMe(G"];
214 Actor5 => Actor90 [label="RemoveMe(G"];
215 Actor5 => Actor91 [label="RemoveMe(G"];
216 Actor5 => Actor92 [label="RemoveMe(G"];
217 Actor5 => Actor93 [label="RemoveMe(G"];
218 Actor5 => Actor94 [label="RemoveMe(G"];
219 Actor5 => Actor95 [label="RemoveMe(G"];
220 Actor5 => Actor96 [label="RemoveMe(G"];
221 Actor5 => Actor97 [label="RemoveMe(G"];
222 Actor5 => Actor98 [label="RemoveMe(G"];
223 Actor5 => Actor99 [label="RemoveMe(G"];
224 Actor5 => Actor100 [label="RemoveMe(G"];
225 Actor5 => Actor0 [label="Finish"];
226 Actor5 <= Actor63 [label="RemoveMe(G"];
227 Actor5 <= Actor5 [label="Remind"];
228 Actor5 <= Actor94 [label="RemoveMe(G"];
229 Actor5 <= Actor24 [label="RemoveMe(G"];
230 Actor5 <= Actor90 [label="RemoveMe(G"];
231 Actor5 <= Actor58 [label="RemoveMe(G"];
232 Actor5 <= Actor88 [label="RemoveMe(G"];
335 Actor5 <= Actor56 [label="Rumor"];
336 Actor5 <= Actor70 [label="RemoveMe(G"];
337 Actor5 <= Actor12 [label="RemoveMe(G"];
338 Actor5 <= Actor16 [label="RemoveMe(G"];
356 Actor5 <= Actor37 [label="RemoveMe(G"];
357 Actor5 <= Actor10 [label="RemoveMe(G"];
358 Actor5 <= Actor84 [label="RemoveMe(G"];
359 Actor5 <= Actor59 [label="RemoveMe(G"];
360 Actor5 <= Actor99 [label="RemoveMe(G"];
361 Actor5 <= Actor93 [label="RemoveMe(G"];
362 Actor5 <= Actor1 [label="RemoveMe(G"];
363 Actor5 <= Actor97 [label="RemoveMe(G"];
364 Actor5 <= Actor27 [label="RemoveMe(G"];
365 Actor5 <= Actor32 [label="RemoveMe(G"];
366 Actor5 <= Actor11 [label="RemoveMe(G"];
367 Actor5 <= Actor76 [label="RemoveMe(G"];
368 Actor5 <= Actor28 [label="RemoveMe(G"];
369 Actor5 <= Actor15 [label="RemoveMe(G"];
370 Actor5 <= Actor81 [label="RemoveMe(G"];
371 Actor5 <= Actor57 [label="RemoveMe(G"];
372 Actor5 <= Actor7 [label="RemoveMe(G"];
373 Actor5 <= Actor98 [label="RemoveMe(G"];
374 Actor5 <= Actor41 [label="RemoveMe(G"];
375 Actor5 <= Actor38 [label="RemoveMe(G"];
376 Actor5 <= Actor36 [label="RemoveMe(G"];
377 Actor5 <= Actor21 [label="RemoveMe(G"];
378 Actor5 <= Actor35 [label="RemoveMe(G"];
379 Actor5 <= Actor79 [label="Rumor"];
380 Actor5 <= Actor79 [label="RemoveMe(G"];
381 Actor5 <= Actor55 [label="RemoveMe(G"];
382 Actor5 <= Actor53 [label="RemoveMe(G"];
383 Actor5 <= Actor46 [label="RemoveMe(G"];
384 Actor5 <= Actor34 [label="RemoveMe(G"];
385 Actor5 <= Actor69 [label="RemoveMe(G"];
386 Actor5 <= Actor75 [label="RemoveMe(G"];
387 Actor5 <= Actor51 [label="RemoveMe(G"];
388 Actor5 <= Actor25 [label="RemoveMe(G"];
389 Actor5 <= Actor18 [label="RemoveMe(G"];
390 Actor5 <= Actor62 [label="RemoveMe(G"];
391 Actor5 <= Actor67 [label="RemoveMe(G"];
392 Actor5 <= Actor65 [label="RemoveMe(G"];
393 Actor5 <= Actor71 [label="RemoveMe(G"];
394 Actor5 <= Actor66 [label="RemoveMe(G"];
395 Actor5 <= Actor82 [label="RemoveMe(G"];
396 Actor5 <= Actor14 [label="RemoveMe(G"];
397 Actor5 <= Actor52 [label="RemoveMe(G"];
398 Actor5 <= Actor86 [label="RemoveMe(G"];
399 Actor5 <= Actor87 [label="RemoveMe(G"];
400 Actor5 <= Actor89 [label="RemoveMe(G"];
401 Actor5 <= Actor49 [label="RemoveMe(G"];
402 Actor5 <= Actor68 [label="RemoveMe(G"];
403 Actor5 <= Actor60 [label="RemoveMe(G"];
1060 Actor5 <= Actor0 [label="ShutDown"];
