50 Actor50 <= Actor0 [label="Set(Master"];
169 Actor50 <= Actor42 [label="RemoveMe(G"];
209 Actor50 <= Actor24 [label="RemoveMe(G"];
210 Actor50 <= Actor90 [label="RemoveMe(G"];
211 Actor50 <= Actor63 [label="RemoveMe(G"];
214 Actor50 <= Actor58 [label="RemoveMe(G"];
215 Actor50 <= Actor94 [label="RemoveMe(G"];
216 Actor50 <= Actor70 [label="RemoveMe(G"];
221 Actor50 <= Actor12 [label="RemoveMe(G"];
222 Actor50 <= Actor16 [label="RemoveMe(G"];
223 Actor50 <= Actor5 [label="RemoveMe(G"];
285 Actor50 <= Actor10 [label="RemoveMe(G"];
286 Actor50 <= Actor59 [label="RemoveMe(G"];
398 Actor50 <= Actor37 [label="RemoveMe(G"];
399 Actor50 <= Actor88 [label="RemoveMe(G"];
400 Actor50 <= Actor99 [label="RemoveMe(G"];
401 Actor50 <= Actor84 [label="RemoveMe(G"];
402 Actor50 <= Actor93 [label="RemoveMe(G"];
403 Actor50 <= Actor1 [label="RemoveMe(G"];
404 Actor50 <= Actor95 [label="Rumor"];
405 Actor50 => Actor81 [label="Rumor"];
406 Actor50 => Actor50 [label="Remind"];
407 Actor50 <= Actor97 [label="RemoveMe(G"];
408 Actor50 <= Actor27 [label="RemoveMe(G"];
409 Actor50 <= Actor11 [label="RemoveMe(G"];
410 Actor50 <= Actor76 [label="RemoveMe(G"];
411 Actor50 <= Actor32 [label="RemoveMe(G"];
412 Actor50 <= Actor8 [label="RemoveMe(G"];
413 Actor50 <= Actor28 [label="RemoveMe(G"];
415 Actor50 <= Actor72 [label="RemoveMe(G"];
416 Actor50 <= Actor57 [label="RemoveMe(G"];
417 Actor50 <= Actor7 [label="RemoveMe(G"];
418 Actor50 <= Actor98 [label="RemoveMe(G"];
419 Actor50 <= Actor41 [label="RemoveMe(G"];
420 Actor50 <= Actor38 [label="RemoveMe(G"];
421 Actor50 <= Actor81 [label="RemoveMe(G"];
422 Actor50 <= Actor36 [label="RemoveMe(G"];
432 Actor50 <= Actor29 [label="Rumor"];
433 Actor50 => Actor2 [label="RemoveMe(G"];
434 Actor50 => Actor3 [label="RemoveMe(G"];
435 Actor50 => Actor4 [label="RemoveMe(G"];
436 Actor50 => Actor6 [label="RemoveMe(G"];
437 Actor50 => Actor9 [label="RemoveMe(G"];
438 Actor50 => Actor13 [label="RemoveMe(G"];
439 Actor50 => Actor14 [label="RemoveMe(G"];
440 Actor50 => Actor15 [label="RemoveMe(G"];
441 Actor50 => Actor17 [label="RemoveMe(G"];
442 Actor50 => Actor18 [label="RemoveMe(G"];
443 Actor50 => Actor19 [label="RemoveMe(G"];
444 Actor50 => Actor20 [label="RemoveMe(G"];
445 Actor50 => Actor21 [label="RemoveMe(G"];
446 Actor50 => Actor22 [label="RemoveMe(G"];
447 Actor50 => Actor23 [label="RemoveMe(G"];
448 Actor50 => Actor25 [label="RemoveMe(G"];
449 Actor50 => Actor26 [label="RemoveMe(G"];
450 Actor50 => Actor29 [label="RemoveMe(G"];
451 Actor50 => Actor30 [label="RemoveMe(G"];
452 Actor50 => Actor31 [label="RemoveMe(G"];
453 Actor50 => Actor33 [label="RemoveMe(G"];
454 Actor50 => Actor34 [label="RemoveMe(G"];
455 Actor50 => Actor35 [label="RemoveMe(G"];
456 Actor50 => Actor39 [label="RemoveMe(G"];
457 Actor50 => Actor40 [label="RemoveMe(G"];
458 Actor50 => Actor43 [label="RemoveMe(G"];
459 Actor50 => Actor44 [label="RemoveMe(G"];
460 Actor50 => Actor45 [label="RemoveMe(G"];
461 Actor50 => Actor46 [label="RemoveMe(G"];
462 Actor50 => Actor47 [label="RemoveMe(G"];
463 Actor50 => Actor48 [label="RemoveMe(G"];
464 Actor50 => Actor49 [label="RemoveMe(G"];
465 Actor50 => Actor51 [label="RemoveMe(G"];
466 Actor50 => Actor52 [label="RemoveMe(G"];
467 Actor50 => Actor53 [label="RemoveMe(G"];
468 Actor50 => Actor54 [label="RemoveMe(G"];
469 Actor50 => Actor55 [label="RemoveMe(G"];
470 Actor50 => Actor56 [label="RemoveMe(G"];
471 Actor50 => Actor60 [label="RemoveMe(G"];
472 Actor50 => Actor61 [label="RemoveMe(G"];
473 Actor50 => Actor62 [label="RemoveMe(G"];
474 Actor50 => Actor64 [label="RemoveMe(G"];
475 Actor50 => Actor65 [label="RemoveMe(G"];
476 Actor50 => Actor66 [label="RemoveMe(G"];
477 Actor50 => Actor67 [label="RemoveMe(G"];
478 Actor50 => Actor68 [label="RemoveMe(G"];
479 Actor50 => Actor69 [label="RemoveMe(G"];
480 Actor50 => Actor71 [label="RemoveMe(G"];
481 Actor50 => Actor73 [label="RemoveMe(G"];
482 Actor50 => Actor74 [label="RemoveMe(G"];
483 Actor50 => Actor75 [label="RemoveMe(G"];
484 Actor50 => Actor77 [label="RemoveMe(G"];
485 Actor50 => Actor78 [label="RemoveMe(G"];
486 Actor50 => Actor79 [label="RemoveMe(G"];
487 Actor50 => Actor80 [label="RemoveMe(G"];
488 Actor50 => Actor82 [label="RemoveMe(G"];
489 Actor50 => Actor83 [label="RemoveMe(G"];
490 Actor50 => Actor85 [label="RemoveMe(G"];
491 Actor50 => Actor86 [label="RemoveMe(G"];
492 Actor50 => Actor87 [label="RemoveMe(G"];
493 Actor50 => Actor89 [label="RemoveMe(G"];
494 Actor50 => Actor91 [label="RemoveMe(G"];
495 Actor50 => Actor92 [label="RemoveMe(G"];
496 Actor50 => Actor95 [label="RemoveMe(G"];
497 Actor50 => Actor96 [label="RemoveMe(G"];
498 Actor50 => Actor100 [label="RemoveMe(G"];
499 Actor50 => Actor0 [label="Finish"];
500 Actor50 <= Actor13 [label="RemoveMe(G"];
501 Actor50 <= Actor21 [label="RemoveMe(G"];
502 Actor50 <= Actor35 [label="RemoveMe(G"];
503 Actor50 <= Actor15 [label="RemoveMe(G"];
504 Actor50 <= Actor55 [label="RemoveMe(G"];
505 Actor50 <= Actor29 [label="Rumor"];
506 Actor50 <= Actor79 [label="RemoveMe(G"];
507 Actor50 <= Actor34 [label="RemoveMe(G"];
508 Actor50 <= Actor69 [label="RemoveMe(G"];
509 Actor50 <= Actor53 [label="RemoveMe(G"];
510 Actor50 <= Actor46 [label="RemoveMe(G"];
511 Actor50 <= Actor75 [label="RemoveMe(G"];
512 Actor50 <= Actor2 [label="RemoveMe(G"];
513 Actor50 <= Actor51 [label="RemoveMe(G"];
514 Actor50 <= Actor25 [label="RemoveMe(G"];
515 Actor50 <= Actor18 [label="RemoveMe(G"];
516 Actor50 <= Actor39 [label="RemoveMe(G"];
517 Actor50 <= Actor45 [label="RemoveMe(G"];
518 Actor50 <= Actor47 [label="RemoveMe(G"];
519 Actor50 <= Actor62 [label="RemoveMe(G"];
520 Actor50 <= Actor67 [label="RemoveMe(G"];
521 Actor50 <= Actor33 [label="RemoveMe(G"];
522 Actor50 <= Actor65 [label="RemoveMe(G"];
523 Actor50 <= Actor71 [label="RemoveMe(G"];
524 Actor50 <= Actor73 [label="RemoveMe(G"];
525 Actor50 <= Actor64 [label="RemoveMe(G"];
526 Actor50 <= Actor66 [label="RemoveMe(G"];
527 Actor50 <= Actor82 [label="RemoveMe(G"];
539 Actor50 <= Actor4 [label="RemoveMe(G"];
540 Actor50 <= Actor50 [label="Remind"];
541 Actor50 <= Actor100 [label="RemoveMe(G"];
542 Actor50 <= Actor83 [label="RemoveMe(G"];
543 Actor50 <= Actor14 [label="RemoveMe(G"];
544 Actor50 <= Actor20 [label="RemoveMe(G"];
545 Actor50 <= Actor52 [label="RemoveMe(G"];
546 Actor50 <= Actor78 [label="RemoveMe(G"];
547 Actor50 <= Actor54 [label="RemoveMe(G"];
548 Actor50 <= Actor85 [label="RemoveMe(G"];
549 Actor50 <= Actor86 [label="RemoveMe(G"];
550 Actor50 <= Actor87 [label="RemoveMe(G"];
551 Actor50 <= Actor89 [label="RemoveMe(G"];
552 Actor50 <= Actor92 [label="RemoveMe(G"];
553 Actor50 <= Actor96 [label="RemoveMe(G"];
554 Actor50 <= Actor49 [label="RemoveMe(G"];
555 Actor50 <= Actor6 [label="Rumor"];
559 Actor50 <= Actor6 [label="Rumor"];
560 Actor50 <= Actor91 [label="RemoveMe(G"];
602 Actor50 <= Actor6 [label="Rumor"];
689 Actor50 <= Actor6 [label="Rumor"];
710 Actor50 <= Actor6 [label="Rumor"];
737 Actor50 <= Actor6 [label="Rumor"];
740 Actor50 <= Actor6 [label="Rumor"];
839 Actor50 <= Actor6 [label="Rumor"];
840 Actor50 <= Actor9 [label="RemoveMe(G"];
841 Actor50 <= Actor68 [label="RemoveMe(G"];
842 Actor50 <= Actor74 [label="RemoveMe(G"];
843 Actor50 <= Actor77 [label="RemoveMe(G"];
844 Actor50 <= Actor3 [label="RemoveMe(G"];
845 Actor50 <= Actor31 [label="RemoveMe(G"];
846 Actor50 <= Actor23 [label="RemoveMe(G"];
847 Actor50 <= Actor26 [label="RemoveMe(G"];
848 Actor50 <= Actor60 [label="RemoveMe(G"];
849 Actor50 <= Actor61 [label="RemoveMe(G"];
850 Actor50 <= Actor44 [label="RemoveMe(G"];
851 Actor50 <= Actor19 [label="RemoveMe(G"];
852 Actor50 <= Actor40 [label="Rumor"];
853 Actor50 <= Actor40 [label="RemoveMe(G"];
854 Actor50 <= Actor48 [label="RemoveMe(G"];
855 Actor50 <= Actor56 [label="RemoveMe(G"];
856 Actor50 <= Actor43 [label="RemoveMe(G"];
857 Actor50 <= Actor95 [label="RemoveMe(G"];
858 Actor50 <= Actor80 [label="RemoveMe(G"];
859 Actor50 <= Actor22 [label="RemoveMe(G"];
860 Actor50 <= Actor17 [label="RemoveMe(G"];
861 Actor50 <= Actor29 [label="RemoveMe(G"];
862 Actor50 <= Actor30 [label="RemoveMe(G"];
1105 Actor50 <= Actor0 [label="ShutDown"];
