51 Actor51 <= Actor0 [label="Set(Master"];
147 Actor51 <= Actor58 [label="Rumor"];
148 Actor51 => Actor39 [label="Rumor"];
149 Actor51 => Actor51 [label="Remind"];
152 Actor51 <= Actor53 [label="Rumor"];
153 Actor51 => Actor1 [label="RemoveMe(G"];
154 Actor51 => Actor2 [label="RemoveMe(G"];
155 Actor51 => Actor3 [label="RemoveMe(G"];
156 Actor51 => Actor4 [label="RemoveMe(G"];
157 Actor51 => Actor5 [label="RemoveMe(G"];
158 Actor51 => Actor6 [label="RemoveMe(G"];
159 Actor51 => Actor7 [label="RemoveMe(G"];
160 Actor51 => Actor8 [label="RemoveMe(G"];
161 Actor51 => Actor9 [label="RemoveMe(G"];
162 Actor51 => Actor10 [label="RemoveMe(G"];
163 Actor51 => Actor11 [label="RemoveMe(G"];
164 Actor51 => Actor12 [label="RemoveMe(G"];
165 Actor51 => Actor13 [label="RemoveMe(G"];
166 Actor51 => Actor14 [label="RemoveMe(G"];
167 Actor51 => Actor15 [label="RemoveMe(G"];
168 Actor51 => Actor16 [label="RemoveMe(G"];
169 Actor51 => Actor17 [label="RemoveMe(G"];
170 Actor51 => Actor18 [label="RemoveMe(G"];
171 Actor51 => Actor19 [label="RemoveMe(G"];
172 Actor51 => Actor20 [label="RemoveMe(G"];
173 Actor51 => Actor21 [label="RemoveMe(G"];
174 Actor51 => Actor22 [label="RemoveMe(G"];
175 Actor51 => Actor23 [label="RemoveMe(G"];
176 Actor51 => Actor24 [label="RemoveMe(G"];
177 Actor51 => Actor25 [label="RemoveMe(G"];
178 Actor51 => Actor26 [label="RemoveMe(G"];
179 Actor51 => Actor27 [label="RemoveMe(G"];
180 Actor51 => Actor28 [label="RemoveMe(G"];
181 Actor51 => Actor29 [label="RemoveMe(G"];
182 Actor51 => Actor30 [label="RemoveMe(G"];
183 Actor51 => Actor31 [label="RemoveMe(G"];
184 Actor51 => Actor32 [label="RemoveMe(G"];
185 Actor51 => Actor33 [label="RemoveMe(G"];
186 Actor51 => Actor34 [label="RemoveMe(G"];
187 Actor51 => Actor35 [label="RemoveMe(G"];
188 Actor51 => Actor36 [label="RemoveMe(G"];
189 Actor51 => Actor37 [label="RemoveMe(G"];
190 Actor51 => Actor38 [label="RemoveMe(G"];
191 Actor51 => Actor39 [label="RemoveMe(G"];
192 Actor51 => Actor40 [label="RemoveMe(G"];
193 Actor51 => Actor41 [label="RemoveMe(G"];
194 Actor51 => Actor42 [label="RemoveMe(G"];
195 Actor51 => Actor43 [label="RemoveMe(G"];
196 Actor51 => Actor44 [label="RemoveMe(G"];
197 Actor51 => Actor45 [label="RemoveMe(G"];
198 Actor51 => Actor46 [label="RemoveMe(G"];
199 Actor51 => Actor47 [label="RemoveMe(G"];
200 Actor51 => Actor48 [label="RemoveMe(G"];
201 Actor51 => Actor49 [label="RemoveMe(G"];
202 Actor51 => Actor50 [label="RemoveMe(G"];
203 Actor51 => Actor52 [label="RemoveMe(G"];
204 Actor51 => Actor53 [label="RemoveMe(G"];
205 Actor51 => Actor54 [label="RemoveMe(G"];
206 Actor51 => Actor55 [label="RemoveMe(G"];
207 Actor51 => Actor56 [label="RemoveMe(G"];
208 Actor51 => Actor57 [label="RemoveMe(G"];
209 Actor51 => Actor58 [label="RemoveMe(G"];
210 Actor51 => Actor59 [label="RemoveMe(G"];
211 Actor51 => Actor60 [label="RemoveMe(G"];
212 Actor51 => Actor61 [label="RemoveMe(G"];
213 Actor51 => Actor62 [label="RemoveMe(G"];
214 Actor51 => Actor63 [label="RemoveMe(G"];
215 Actor51 => Actor64 [label="RemoveMe(G"];
216 Actor51 => Actor65 [label="RemoveMe(G"];
217 Actor51 => Actor66 [label="RemoveMe(G"];
218 Actor51 => Actor67 [label="RemoveMe(G"];
219 Actor51 => Actor68 [label="RemoveMe(G"];
220 Actor51 => Actor69 [label="RemoveMe(G"];
221 Actor51 => Actor70 [label="RemoveMe(G"];
222 Actor51 => Actor71 [label="RemoveMe(G"];
223 Actor51 => Actor72 [label="RemoveMe(G"];
224 Actor51 => Actor73 [label="RemoveMe(G"];
225 Actor51 => Actor74 [label="RemoveMe(G"];
226 Actor51 => Actor75 [label="RemoveMe(G"];
227 Actor51 => Actor76 [label="RemoveMe(G"];
228 Actor51 => Actor77 [label="RemoveMe(G"];
229 Actor51 => Actor78 [label="RemoveMe(G"];
230 Actor51 => Actor79 [label="RemoveMe(G"];
231 Actor51 => Actor80 [label="RemoveMe(G"];
232 Actor51 => Actor81 [label="RemoveMe(G"];
233 Actor51 => Actor82 [label="RemoveMe(G"];
234 Actor51 => Actor83 [label="RemoveMe(G"];
235 Actor51 => Actor84 [label="RemoveMe(G"];
236 Actor51 => Actor85 [label="RemoveMe(G"];
237 Actor51 => Actor86 [label="RemoveMe(G"];
238 Actor51 => Actor87 [label="RemoveMe(G"];
239 Actor51 => Actor88 [label="RemoveMe(G"];
240 Actor51 => Actor89 [label="RemoveMe(G"];
241 Actor51 => Actor90 [label="RemoveMe(G"];
242 Actor51 => Actor91 [label="RemoveMe(G"];
243 Actor51 => Actor92 [label="RemoveMe(G"];
244 Actor51 => Actor93 [label="RemoveMe(G"];
245 Actor51 => Actor94 [label="RemoveMe(G"];
246 Actor51 => Actor95 [label="RemoveMe(G"];
247 Actor51 => Actor96 [label="RemoveMe(G"];
248 Actor51 => Actor97 [label="RemoveMe(G"];
249 Actor51 => Actor98 [label="RemoveMe(G"];
250 Actor51 => Actor99 [label="RemoveMe(G"];
251 Actor51 => Actor100 [label="RemoveMe(G"];
252 Actor51 => Actor0 [label="Finish"];
253 Actor51 <= Actor42 [label="RemoveMe(G"];
254 Actor51 <= Actor24 [label="RemoveMe(G"];
255 Actor51 <= Actor90 [label="RemoveMe(G"];
256 Actor51 <= Actor63 [label="RemoveMe(G"];
257 Actor51 <= Actor58 [label="RemoveMe(G"];
281 Actor51 <= Actor56 [label="Rumor"];
282 Actor51 <= Actor94 [label="RemoveMe(G"];
283 Actor51 <= Actor12 [label="RemoveMe(G"];
284 Actor51 <= Actor70 [label="RemoveMe(G"];
285 Actor51 <= Actor16 [label="RemoveMe(G"];
286 Actor51 <= Actor5 [label="RemoveMe(G"];
287 Actor51 <= Actor10 [label="RemoveMe(G"];
288 Actor51 <= Actor59 [label="RemoveMe(G"];
399 Actor51 <= Actor37 [label="RemoveMe(G"];
400 Actor51 <= Actor88 [label="RemoveMe(G"];
401 Actor51 <= Actor99 [label="RemoveMe(G"];
402 Actor51 <= Actor84 [label="RemoveMe(G"];
403 Actor51 <= Actor93 [label="RemoveMe(G"];
404 Actor51 <= Actor1 [label="RemoveMe(G"];
405 Actor51 <= Actor97 [label="RemoveMe(G"];
406 Actor51 <= Actor27 [label="RemoveMe(G"];
407 Actor51 <= Actor11 [label="RemoveMe(G"];
408 Actor51 <= Actor76 [label="RemoveMe(G"];
409 Actor51 <= Actor32 [label="RemoveMe(G"];
410 Actor51 <= Actor8 [label="RemoveMe(G"];
411 Actor51 <= Actor28 [label="RemoveMe(G"];
416 Actor51 <= Actor72 [label="RemoveMe(G"];
417 Actor51 <= Actor57 [label="RemoveMe(G"];
418 Actor51 <= Actor7 [label="RemoveMe(G"];
419 Actor51 <= Actor98 [label="RemoveMe(G"];
420 Actor51 <= Actor41 [label="RemoveMe(G"];
421 Actor51 <= Actor38 [label="RemoveMe(G"];
422 Actor51 <= Actor81 [label="RemoveMe(G"];
423 Actor51 <= Actor36 [label="RemoveMe(G"];
438 Actor51 <= Actor13 [label="RemoveMe(G"];
439 Actor51 <= Actor21 [label="RemoveMe(G"];
440 Actor51 <= Actor35 [label="RemoveMe(G"];
441 Actor51 <= Actor15 [label="RemoveMe(G"];
442 Actor51 <= Actor55 [label="RemoveMe(G"];
443 Actor51 <= Actor79 [label="RemoveMe(G"];
444 Actor51 <= Actor34 [label="RemoveMe(G"];
445 Actor51 <= Actor69 [label="RemoveMe(G"];
446 Actor51 <= Actor53 [label="RemoveMe(G"];
447 Actor51 <= Actor46 [label="RemoveMe(G"];
448 Actor51 <= Actor75 [label="RemoveMe(G"];
449 Actor51 <= Actor51 [label="Remind"];
450 Actor51 <= Actor2 [label="RemoveMe(G"];
451 Actor51 <= Actor25 [label="RemoveMe(G"];
452 Actor51 <= Actor18 [label="RemoveMe(G"];
453 Actor51 <= Actor39 [label="RemoveMe(G"];
471 Actor51 <= Actor45 [label="RemoveMe(G"];
472 Actor51 <= Actor47 [label="RemoveMe(G"];
473 Actor51 <= Actor62 [label="RemoveMe(G"];
474 Actor51 <= Actor67 [label="RemoveMe(G"];
475 Actor51 <= Actor65 [label="RemoveMe(G"];
476 Actor51 <= Actor71 [label="RemoveMe(G"];
477 Actor51 <= Actor73 [label="RemoveMe(G"];
478 Actor51 <= Actor64 [label="RemoveMe(G"];
479 Actor51 <= Actor66 [label="RemoveMe(G"];
480 Actor51 <= Actor82 [label="RemoveMe(G"];
481 Actor51 <= Actor100 [label="RemoveMe(G"];
482 Actor51 <= Actor14 [label="RemoveMe(G"];
483 Actor51 <= Actor20 [label="RemoveMe(G"];
484 Actor51 <= Actor52 [label="RemoveMe(G"];
485 Actor51 <= Actor78 [label="RemoveMe(G"];
486 Actor51 <= Actor54 [label="RemoveMe(G"];
487 Actor51 <= Actor86 [label="RemoveMe(G"];
488 Actor51 <= Actor87 [label="RemoveMe(G"];
489 Actor51 <= Actor89 [label="RemoveMe(G"];
524 Actor51 <= Actor92 [label="RemoveMe(G"];
525 Actor51 <= Actor96 [label="RemoveMe(G"];
526 Actor51 <= Actor49 [label="RemoveMe(G"];
527 Actor51 <= Actor91 [label="RemoveMe(G"];
528 Actor51 <= Actor68 [label="RemoveMe(G"];
529 Actor51 <= Actor50 [label="RemoveMe(G"];
530 Actor51 <= Actor74 [label="RemoveMe(G"];
531 Actor51 <= Actor3 [label="RemoveMe(G"];
532 Actor51 <= Actor31 [label="RemoveMe(G"];
533 Actor51 <= Actor23 [label="RemoveMe(G"];
534 Actor51 <= Actor60 [label="RemoveMe(G"];
535 Actor51 <= Actor61 [label="RemoveMe(G"];
536 Actor51 <= Actor44 [label="RemoveMe(G"];
537 Actor51 <= Actor48 [label="RemoveMe(G"];
538 Actor51 <= Actor56 [label="RemoveMe(G"];
539 Actor51 <= Actor95 [label="RemoveMe(G"];
540 Actor51 <= Actor30 [label="RemoveMe(G"];
1106 Actor51 <= Actor0 [label="ShutDown"];
