52 Actor52 <= Actor0 [label="Set(Master"];
171 Actor52 <= Actor42 [label="RemoveMe(G"];
172 Actor52 <= Actor95 [label="Rumor"];
173 Actor52 => Actor86 [label="Rumor"];
174 Actor52 => Actor52 [label="Remind"];
211 Actor52 <= Actor24 [label="RemoveMe(G"];
212 Actor52 <= Actor90 [label="RemoveMe(G"];
213 Actor52 <= Actor63 [label="RemoveMe(G"];
216 Actor52 <= Actor58 [label="RemoveMe(G"];
275 Actor52 <= Actor95 [label="Rumor"];
276 Actor52 => Actor1 [label="RemoveMe(G"];
277 Actor52 => Actor2 [label="RemoveMe(G"];
278 Actor52 => Actor3 [label="RemoveMe(G"];
279 Actor52 => Actor4 [label="RemoveMe(G"];
280 Actor52 => Actor5 [label="RemoveMe(G"];
281 Actor52 => Actor6 [label="RemoveMe(G"];
282 Actor52 => Actor7 [label="RemoveMe(G"];
283 Actor52 => Actor8 [label="RemoveMe(G"];
284 Actor52 => Actor9 [label="RemoveMe(G"];
285 Actor52 => Actor10 [label="RemoveMe(G"];
286 Actor52 => Actor11 [label="RemoveMe(G"];
287 Actor52 => Actor12 [label="RemoveMe(G"];
288 Actor52 => Actor13 [label="RemoveMe(G"];
289 Actor52 => Actor14 [label="RemoveMe(G"];
290 Actor52 => Actor15 [label="RemoveMe(G"];
291 Actor52 => Actor16 [label="RemoveMe(G"];
292 Actor52 => Actor17 [label="RemoveMe(G"];
293 Actor52 => Actor18 [label="RemoveMe(G"];
294 Actor52 => Actor19 [label="RemoveMe(G"];
295 Actor52 => Actor20 [label="RemoveMe(G"];
296 Actor52 => Actor21 [label="RemoveMe(G"];
297 Actor52 => Actor22 [label="RemoveMe(G"];
298 Actor52 => Actor23 [label="RemoveMe(G"];
299 Actor52 => Actor25 [label="RemoveMe(G"];
300 Actor52 => Actor26 [label="RemoveMe(G"];
301 Actor52 => Actor27 [label="RemoveMe(G"];
302 Actor52 => Actor28 [label="RemoveMe(G"];
303 Actor52 => Actor29 [label="RemoveMe(G"];
304 Actor52 => Actor30 [label="RemoveMe(G"];
305 Actor52 => Actor31 [label="RemoveMe(G"];
306 Actor52 => Actor32 [label="RemoveMe(G"];
307 Actor52 => Actor33 [label="RemoveMe(G"];
308 Actor52 => Actor34 [label="RemoveMe(G"];
309 Actor52 => Actor35 [label="RemoveMe(G"];
310 Actor52 => Actor36 [label="RemoveMe(G"];
311 Actor52 => Actor37 [label="RemoveMe(G"];
312 Actor52 => Actor38 [label="RemoveMe(G"];
313 Actor52 => Actor39 [label="RemoveMe(G"];
314 Actor52 => Actor40 [label="RemoveMe(G"];
315 Actor52 => Actor41 [label="RemoveMe(G"];
316 Actor52 => Actor43 [label="RemoveMe(G"];
317 Actor52 => Actor44 [label="RemoveMe(G"];
318 Actor52 => Actor45 [label="RemoveMe(G"];
319 Actor52 => Actor46 [label="RemoveMe(G"];
320 Actor52 => Actor47 [label="RemoveMe(G"];
321 Actor52 => Actor48 [label="RemoveMe(G"];
322 Actor52 => Actor49 [label="RemoveMe(G"];
323 Actor52 => Actor50 [label="RemoveMe(G"];
324 Actor52 => Actor51 [label="RemoveMe(G"];
325 Actor52 => Actor53 [label="RemoveMe(G"];
326 Actor52 => Actor54 [label="RemoveMe(G"];
327 Actor52 => Actor55 [label="RemoveMe(G"];
328 Actor52 => Actor56 [label="RemoveMe(G"];
329 Actor52 => Actor57 [label="RemoveMe(G"];
330 Actor52 => Actor59 [label="RemoveMe(G"];
331 Actor52 => Actor60 [label="RemoveMe(G"];
332 Actor52 => Actor61 [label="RemoveMe(G"];
333 Actor52 => Actor62 [label="RemoveMe(G"];
334 Actor52 => Actor64 [label="RemoveMe(G"];
335 Actor52 => Actor65 [label="RemoveMe(G"];
336 Actor52 => Actor66 [label="RemoveMe(G"];
337 Actor52 => Actor67 [label="RemoveMe(G"];
338 Actor52 => Actor68 [label="RemoveMe(G"];
339 Actor52 => Actor69 [label="RemoveMe(G"];
340 Actor52 => Actor70 [label="RemoveMe(G"];
341 Actor52 => Actor71 [label="RemoveMe(G"];
342 Actor52 => Actor72 [label="RemoveMe(G"];
343 Actor52 => Actor73 [label="RemoveMe(G"];
344 Actor52 => Actor74 [label="RemoveMe(G"];
345 Actor52 => Actor75 [label="RemoveMe(G"];
346 Actor52 => Actor76 [label="RemoveMe(G"];
347 Actor52 => Actor77 [label="RemoveMe(G"];
348 Actor52 => Actor78 [label="RemoveMe(G"];
349 Actor52 => Actor79 [label="RemoveMe(G"];
350 Actor52 => Actor80 [label="RemoveMe(G"];
351 Actor52 => Actor81 [label="RemoveMe(G"];
352 Actor52 => Actor82 [label="RemoveMe(G"];
353 Actor52 => Actor83 [label="RemoveMe(G"];
354 Actor52 => Actor84 [label="RemoveMe(G"];
355 Actor52 => Actor85 [label="RemoveMe(G"];
356 Actor52 => Actor86 [label="RemoveMe(G"];
357 Actor52 => Actor87 [label="RemoveMe(G"];
358 Actor52 => Actor88 [label="RemoveMe(G"];
359 Actor52 => Actor89 [label="RemoveMe(G"];
360 Actor52 => Actor91 [label="RemoveMe(G"];
361 Actor52 => Actor92 [label="RemoveMe(G"];
362 Actor52 => Actor93 [label="RemoveMe(G"];
363 Actor52 => Actor94 [label="RemoveMe(G"];
364 Actor52 => Actor95 [label="RemoveMe(G"];
365 Actor52 => Actor96 [label="RemoveMe(G"];
366 Actor52 => Actor97 [label="RemoveMe(G"];
367 Actor52 => Actor98 [label="RemoveMe(G"];
368 Actor52 => Actor99 [label="RemoveMe(G"];
369 Actor52 => Actor100 [label="RemoveMe(G"];
370 Actor52 => Actor0 [label="Finish"];
371 Actor52 <= Actor94 [label="RemoveMe(G"];
372 Actor52 <= Actor12 [label="RemoveMe(G"];
373 Actor52 <= Actor70 [label="RemoveMe(G"];
374 Actor52 <= Actor16 [label="RemoveMe(G"];
375 Actor52 <= Actor5 [label="RemoveMe(G"];
376 Actor52 <= Actor10 [label="RemoveMe(G"];
377 Actor52 <= Actor59 [label="RemoveMe(G"];
400 Actor52 <= Actor37 [label="RemoveMe(G"];
401 Actor52 <= Actor88 [label="RemoveMe(G"];
402 Actor52 <= Actor99 [label="RemoveMe(G"];
403 Actor52 <= Actor84 [label="RemoveMe(G"];
404 Actor52 <= Actor6 [label="Rumor"];
405 Actor52 <= Actor1 [label="Rumor"];
406 Actor52 <= Actor93 [label="RemoveMe(G"];
407 Actor52 <= Actor1 [label="RemoveMe(G"];
408 Actor52 <= Actor97 [label="RemoveMe(G"];
409 Actor52 <= Actor27 [label="RemoveMe(G"];
410 Actor52 <= Actor11 [label="RemoveMe(G"];
411 Actor52 <= Actor76 [label="RemoveMe(G"];
412 Actor52 <= Actor32 [label="RemoveMe(G"];
413 Actor52 <= Actor8 [label="RemoveMe(G"];
414 Actor52 <= Actor28 [label="RemoveMe(G"];
417 Actor52 <= Actor72 [label="RemoveMe(G"];
418 Actor52 <= Actor57 [label="RemoveMe(G"];
419 Actor52 <= Actor7 [label="RemoveMe(G"];
420 Actor52 <= Actor98 [label="RemoveMe(G"];
421 Actor52 <= Actor41 [label="RemoveMe(G"];
422 Actor52 <= Actor38 [label="RemoveMe(G"];
423 Actor52 <= Actor81 [label="RemoveMe(G"];
424 Actor52 <= Actor36 [label="RemoveMe(G"];
439 Actor52 <= Actor13 [label="RemoveMe(G"];
440 Actor52 <= Actor21 [label="RemoveMe(G"];
441 Actor52 <= Actor35 [label="RemoveMe(G"];
442 Actor52 <= Actor15 [label="RemoveMe(G"];
443 Actor52 <= Actor55 [label="RemoveMe(G"];
444 Actor52 <= Actor79 [label="RemoveMe(G"];
445 Actor52 <= Actor34 [label="RemoveMe(G"];
446 Actor52 <= Actor69 [label="RemoveMe(G"];
447 Actor52 <= Actor53 [label="RemoveMe(G"];
448 Actor52 <= Actor46 [label="RemoveMe(G"];
449 Actor52 <= Actor75 [label="RemoveMe(G"];
450 Actor52 <= Actor2 [label="RemoveMe(G"];
451 Actor52 <= Actor51 [label="RemoveMe(G"];
452 Actor52 <= Actor25 [label="RemoveMe(G"];
453 Actor52 <= Actor18 [label="RemoveMe(G"];
454 Actor52 <= Actor39 [label="RemoveMe(G"];
455 Actor52 <= Actor19 [label="Rumor"];
472 Actor52 <= Actor45 [label="RemoveMe(G"];
473 Actor52 <= Actor47 [label="RemoveMe(G"];
474 Actor52 <= Actor33 [label="Rumor"];
475 Actor52 <= Actor62 [label="RemoveMe(G"];
476 Actor52 <= Actor52 [label="Remind"];
477 Actor52 <= Actor67 [label="RemoveMe(G"];
503 Actor52 <= Actor33 [label="RemoveMe(G"];
504 Actor52 <= Actor65 [label="RemoveMe(G"];
505 Actor52 <= Actor71 [label="RemoveMe(G"];
506 Actor52 <= Actor73 [label="RemoveMe(G"];
507 Actor52 <= Actor64 [label="RemoveMe(G"];
508 Actor52 <= Actor66 [label="RemoveMe(G"];
509 Actor52 <= Actor82 [label="RemoveMe(G"];
540 Actor52 <= Actor4 [label="RemoveMe(G"];
541 Actor52 <= Actor100 [label="RemoveMe(G"];
542 Actor52 <= Actor14 [label="RemoveMe(G"];
543 Actor52 <= Actor20 [label="RemoveMe(G"];
544 Actor52 <= Actor78 [label="RemoveMe(G"];
545 Actor52 <= Actor54 [label="RemoveMe(G"];
546 Actor52 <= Actor83 [label="RemoveMe(G"];
547 Actor52 <= Actor85 [label="RemoveMe(G"];
548 Actor52 <= Actor86 [label="RemoveMe(G"];
549 Actor52 <= Actor87 [label="RemoveMe(G"];
550 Actor52 <= Actor89 [label="RemoveMe(G"];
551 Actor52 <= Actor92 [label="RemoveMe(G"];
552 Actor52 <= Actor96 [label="RemoveMe(G"];
553 Actor52 <= Actor49 [label="RemoveMe(G"];
554 Actor52 <= Actor91 [label="RemoveMe(G"];
555 Actor52 <= Actor68 [label="RemoveMe(G"];
556 Actor52 <= Actor50 [label="RemoveMe(G"];
557 Actor52 <= Actor74 [label="RemoveMe(G"];
558 Actor52 <= Actor77 [label="RemoveMe(G"];
559 Actor52 <= Actor3 [label="RemoveMe(G"];
560 Actor52 <= Actor31 [label="RemoveMe(G"];
561 Actor52 <= Actor23 [label="RemoveMe(G"];
562 Actor52 <= Actor60 [label="RemoveMe(G"];
563 Actor52 <= Actor61 [label="RemoveMe(G"];
564 Actor52 <= Actor19 [label="Rumor"];
565 Actor52 <= Actor44 [label="RemoveMe(G"];
566 Actor52 <= Actor48 [label="RemoveMe(G"];
567 Actor52 <= Actor56 [label="RemoveMe(G"];
568 Actor52 <= Actor95 [label="RemoveMe(G"];
569 Actor52 <= Actor80 [label="RemoveMe(G"];
570 Actor52 <= Actor30 [label="RemoveMe(G"];
1107 Actor52 <= Actor0 [label="ShutDown"];
