53 Actor53 <= Actor0 [label="Set(Master"];
105 Actor53 <= Actor58 [label="Rumor"];
106 Actor53 => Actor42 [label="Rumor"];
107 Actor53 => Actor53 [label="Remind"];
108 Actor53 <= Actor53 [label="Remind"];
109 Actor53 => Actor63 [label="Rumor"];
110 Actor53 => Actor53 [label="Remind"];
111 Actor53 <= Actor53 [label="Remind"];
112 Actor53 => Actor37 [label="Rumor"];
113 Actor53 => Actor53 [label="Remind"];
114 Actor53 <= Actor53 [label="Remind"];
115 Actor53 => Actor16 [label="Rumor"];
116 Actor53 => Actor53 [label="Remind"];
117 Actor53 <= Actor53 [label="Remind"];
118 Actor53 => Actor42 [label="Rumor"];
119 Actor53 => Actor53 [label="Remind"];
120 Actor53 <= Actor53 [label="Remind"];
121 Actor53 => Actor59 [label="Rumor"];
122 Actor53 => Actor53 [label="Remind"];
123 Actor53 <= Actor53 [label="Remind"];
124 Actor53 => Actor93 [label="Rumor"];
125 Actor53 => Actor53 [label="Remind"];
126 Actor53 <= Actor53 [label="Remind"];
127 Actor53 => Actor63 [label="Rumor"];
128 Actor53 => Actor53 [label="Remind"];
129 Actor53 <= Actor53 [label="Remind"];
130 Actor53 => Actor32 [label="Rumor"];
131 Actor53 => Actor53 [label="Remind"];
132 Actor53 <= Actor53 [label="Remind"];
133 Actor53 => Actor59 [label="Rumor"];
134 Actor53 => Actor53 [label="Remind"];
135 Actor53 <= Actor53 [label="Remind"];
136 Actor53 => Actor29 [label="Rumor"];
137 Actor53 => Actor53 [label="Remind"];
138 Actor53 <= Actor53 [label="Remind"];
139 Actor53 => Actor76 [label="Rumor"];
140 Actor53 => Actor53 [label="Remind"];
141 Actor53 <= Actor53 [label="Remind"];
142 Actor53 => Actor8 [label="Rumor"];
143 Actor53 => Actor53 [label="Remind"];
144 Actor53 <= Actor53 [label="Remind"];
145 Actor53 => Actor81 [label="Rumor"];
146 Actor53 => Actor53 [label="Remind"];
147 Actor53 <= Actor53 [label="Remind"];
148 Actor53 => Actor57 [label="Rumor"];
149 Actor53 => Actor53 [label="Remind"];
150 Actor53 <= Actor53 [label="Remind"];
151 Actor53 => Actor51 [label="Rumor"];
152 Actor53 => Actor53 [label="Remind"];
153 Actor53 <= Actor53 [label="Remind"];
154 Actor53 => Actor7 [label="Rumor"];
155 Actor53 => Actor53 [label="Remind"];
156 Actor53 <= Actor53 [label="Remind"];
157 Actor53 => Actor16 [label="Rumor"];
158 Actor53 => Actor53 [label="Remind"];
159 Actor53 <= Actor53 [label="Remind"];
160 Actor53 => Actor58 [label="Rumor"];
161 Actor53 => Actor53 [label="Remind"];
162 Actor53 <= Actor53 [label="Remind"];
163 Actor53 => Actor98 [label="Rumor"];
164 Actor53 => Actor53 [label="Remind"];
165 Actor53 <= Actor53 [label="Remind"];
166 Actor53 => Actor7 [label="Rumor"];
167 Actor53 => Actor53 [label="Remind"];
168 Actor53 <= Actor53 [label="Remind"];
169 Actor53 => Actor41 [label="Rumor"];
170 Actor53 => Actor53 [label="Remind"];
171 Actor53 <= Actor53 [label="Remind"];
172 Actor53 => Actor31 [label="Rumor"];
173 Actor53 => Actor53 [label="Remind"];
174 Actor53 <= Actor53 [label="Remind"];
175 Actor53 => Actor66 [label="Rumor"];
176 Actor53 => Actor53 [label="Remind"];
177 Actor53 <= Actor53 [label="Remind"];
178 Actor53 => Actor55 [label="Rumor"];
179 Actor53 => Actor53 [label="Remind"];
180 Actor53 <= Actor53 [label="Remind"];
181 Actor53 => Actor75 [label="Rumor"];
182 Actor53 => Actor53 [label="Remind"];
183 Actor53 <= Actor53 [label="Remind"];
184 Actor53 => Actor35 [label="Rumor"];
185 Actor53 => Actor53 [label="Remind"];
186 Actor53 <= Actor53 [label="Remind"];
187 Actor53 => Actor10 [label="Rumor"];
188 Actor53 => Actor53 [label="Remind"];
189 Actor53 <= Actor53 [label="Remind"];
190 Actor53 => Actor97 [label="Rumor"];
191 Actor53 => Actor53 [label="Remind"];
192 Actor53 <= Actor42 [label="RemoveMe(G"];
212 Actor53 <= Actor24 [label="RemoveMe(G"];
213 Actor53 <= Actor90 [label="RemoveMe(G"];
218 Actor53 <= Actor56 [label="Rumor"];
219 Actor53 => Actor1 [label="RemoveMe(G"];
220 Actor53 => Actor2 [label="RemoveMe(G"];
221 Actor53 => Actor3 [label="RemoveMe(G"];
222 Actor53 => Actor4 [label="RemoveMe(G"];
223 Actor53 => Actor5 [label="RemoveMe(G"];
224 Actor53 => Actor6 [label="RemoveMe(G"];
225 Actor53 => Actor7 [label="RemoveMe(G"];
226 Actor53 => Actor8 [label="RemoveMe(G"];
227 Actor53 => Actor9 [label="RemoveMe(G"];
228 Actor53 => Actor10 [label="RemoveMe(G"];
229 Actor53 => Actor11 [label="RemoveMe(G"];
230 Actor53 => Actor12 [label="RemoveMe(G"];
231 Actor53 => Actor13 [label="RemoveMe(G"];
232 Actor53 => Actor14 [label="RemoveMe(G"];
233 Actor53 => Actor15 [label="RemoveMe(G"];
234 Actor53 => Actor16 [label="RemoveMe(G"];
235 Actor53 => Actor17 [label="RemoveMe(G"];
236 Actor53 => Actor18 [label="RemoveMe(G"];
237 Actor53 => Actor19 [label="RemoveMe(G"];
238 Actor53 => Actor20 [label="RemoveMe(G"];
239 Actor53 => Actor21 [label="RemoveMe(G"];
240 Actor53 => Actor22 [label="RemoveMe(G"];
241 Actor53 => Actor23 [label="RemoveMe(G"];
242 Actor53 => Actor25 [label="RemoveMe(G"];
243 Actor53 => Actor26 [label="RemoveMe(G"];
244 Actor53 => Actor27 [label="RemoveMe(G"];
245 Actor53 => Actor28 [label="RemoveMe(G"];
246 Actor53 => Actor29 [label="RemoveMe(G"];
247 Actor53 => Actor30 [label="RemoveMe(G"];
248 Actor53 => Actor31 [label="RemoveMe(G"];
249 Actor53 => Actor32 [label="RemoveMe(G"];
250 Actor53 => Actor33 [label="RemoveMe(G"];
251 Actor53 => Actor34 [label="RemoveMe(G"];
252 Actor53 => Actor35 [label="RemoveMe(G"];
253 Actor53 => Actor36 [label="RemoveMe(G"];
254 Actor53 => Actor37 [label="RemoveMe(G"];
255 Actor53 => Actor38 [label="RemoveMe(G"];
256 Actor53 => Actor39 [label="RemoveMe(G"];
257 Actor53 => Actor40 [label="RemoveMe(G"];
258 Actor53 => Actor41 [label="RemoveMe(G"];
259 Actor53 => Actor43 [label="RemoveMe(G"];
260 Actor53 => Actor44 [label="RemoveMe(G"];
261 Actor53 => Actor45 [label="RemoveMe(G"];
262 Actor53 => Actor46 [label="RemoveMe(G"];
263 Actor53 => Actor47 [label="RemoveMe(G"];
264 Actor53 => Actor48 [label="RemoveMe(G"];
265 Actor53 => Actor49 [label="RemoveMe(G"];
266 Actor53 => Actor50 [label="RemoveMe(G"];
267 Actor53 => Actor51 [label="RemoveMe(G"];
268 Actor53 => Actor52 [label="RemoveMe(G"];
269 Actor53 => Actor54 [label="RemoveMe(G"];
270 Actor53 => Actor55 [label="RemoveMe(G"];
271 Actor53 => Actor56 [label="RemoveMe(G"];
272 Actor53 => Actor57 [label="RemoveMe(G"];
273 Actor53 => Actor58 [label="RemoveMe(G"];
274 Actor53 => Actor59 [label="RemoveMe(G"];
275 Actor53 => Actor60 [label="RemoveMe(G"];
276 Actor53 => Actor61 [label="RemoveMe(G"];
277 Actor53 => Actor62 [label="RemoveMe(G"];
278 Actor53 => Actor63 [label="RemoveMe(G"];
279 Actor53 => Actor64 [label="RemoveMe(G"];
280 Actor53 => Actor65 [label="RemoveMe(G"];
281 Actor53 => Actor66 [label="RemoveMe(G"];
282 Actor53 => Actor67 [label="RemoveMe(G"];
283 Actor53 => Actor68 [label="RemoveMe(G"];
284 Actor53 => Actor69 [label="RemoveMe(G"];
285 Actor53 => Actor70 [label="RemoveMe(G"];
286 Actor53 => Actor71 [label="RemoveMe(G"];
287 Actor53 => Actor72 [label="RemoveMe(G"];
288 Actor53 => Actor73 [label="RemoveMe(G"];
289 Actor53 => Actor74 [label="RemoveMe(G"];
290 Actor53 => Actor75 [label="RemoveMe(G"];
291 Actor53 => Actor76 [label="RemoveMe(G"];
292 Actor53 => Actor77 [label="RemoveMe(G"];
293 Actor53 => Actor78 [label="RemoveMe(G"];
294 Actor53 => Actor79 [label="RemoveMe(G"];
295 Actor53 => Actor80 [label="RemoveMe(G"];
296 Actor53 => Actor81 [label="RemoveMe(G"];
297 Actor53 => Actor82 [label="RemoveMe(G"];
298 Actor53 => Actor83 [label="RemoveMe(G"];
299 Actor53 => Actor84 [label="RemoveMe(G"];
300 Actor53 => Actor85 [label="RemoveMe(G"];
301 Actor53 => Actor86 [label="RemoveMe(G"];
302 Actor53 => Actor87 [label="RemoveMe(G"];
303 Actor53 => Actor88 [label="RemoveMe(G"];
304 Actor53 => Actor89 [label="RemoveMe(G"];
305 Actor53 => Actor91 [label="RemoveMe(G"];
306 Actor53 => Actor92 [label="RemoveMe(G"];
307 Actor53 => Actor93 [label="RemoveMe(G"];
308 Actor53 => Actor94 [label="RemoveMe(G"];
309 Actor53 => Actor95 [label="RemoveMe(G"];
310 Actor53 => Actor96 [label="RemoveMe(G"];
311 Actor53 => Actor97 [label="RemoveMe(G"];
312 Actor53 => Actor98 [label="RemoveMe(G"];
313 Actor53 => Actor99 [label="RemoveMe(G"];
314 Actor53 => Actor100 [label="RemoveMe(G"];
315 Actor53 => Actor0 [label="Finish"];
316 Actor53 <= Actor63 [label="RemoveMe(G"];
317 Actor53 <= Actor58 [label="RemoveMe(G"];
318 Actor53 <= Actor56 [label="Rumor"];
319 Actor53 <= Actor94 [label="RemoveMe(G"];
320 Actor53 <= Actor12 [label="RemoveMe(G"];
321 Actor53 <= Actor70 [label="RemoveMe(G"];
322 Actor53 <= Actor16 [label="RemoveMe(G"];
325 Actor53 <= Actor6 [label="Rumor"];
326 Actor53 <= Actor5 [label="RemoveMe(G"];
327 Actor53 <= Actor10 [label="RemoveMe(G"];
328 Actor53 <= Actor59 [label="RemoveMe(G"];
401 Actor53 <= Actor37 [label="RemoveMe(G"];
402 Actor53 <= Actor88 [label="RemoveMe(G"];
403 Actor53 <= Actor99 [label="RemoveMe(G"];
404 Actor53 <= Actor84 [label="RemoveMe(G"];
405 Actor53 <= Actor93 [label="RemoveMe(G"];
406 Actor53 <= Actor1 [label="RemoveMe(G"];
407 Actor53 <= Actor95 [label="Rumor"];
408 Actor53 <= Actor97 [label="RemoveMe(G"];
409 Actor53 <= Actor27 [label="RemoveMe(G"];
410 Actor53 <= Actor11 [label="RemoveMe(G"];
411 Actor53 <= Actor76 [label="RemoveMe(G"];
412 Actor53 <= Actor32 [label="RemoveMe(G"];
413 Actor53 <= Actor8 [label="RemoveMe(G"];
414 Actor53 <= Actor28 [label="RemoveMe(G"];
418 Actor53 <= Actor72 [label="RemoveMe(G"];
419 Actor53 <= Actor57 [label="RemoveMe(G"];
420 Actor53 <= Actor7 [label="RemoveMe(G"];
421 Actor53 <= Actor98 [label="RemoveMe(G"];
422 Actor53 <= Actor41 [label="RemoveMe(G"];
423 Actor53 <= Actor38 [label="RemoveMe(G"];
424 Actor53 <= Actor81 [label="RemoveMe(G"];
425 Actor53 <= Actor36 [label="RemoveMe(G"];
438 Actor53 <= Actor29 [label="Rumor"];
440 Actor53 <= Actor13 [label="RemoveMe(G"];
441 Actor53 <= Actor21 [label="RemoveMe(G"];
442 Actor53 <= Actor35 [label="RemoveMe(G"];
443 Actor53 <= Actor15 [label="RemoveMe(G"];
444 Actor53 <= Actor53 [label="Remind"];
445 Actor53 <= Actor55 [label="RemoveMe(G"];
446 Actor53 <= Actor79 [label="RemoveMe(G"];
447 Actor53 <= Actor34 [label="RemoveMe(G"];
448 Actor53 <= Actor69 [label="RemoveMe(G"];
449 Actor53 <= Actor46 [label="RemoveMe(G"];
450 Actor53 <= Actor75 [label="RemoveMe(G"];
451 Actor53 <= Actor2 [label="RemoveMe(G"];
452 Actor53 <= Actor51 [label="RemoveMe(G"];
453 Actor53 <= Actor25 [label="RemoveMe(G"];
454 Actor53 <= Actor18 [label="RemoveMe(G"];
455 Actor53 <= Actor39 [label="RemoveMe(G"];
473 Actor53 <= Actor45 [label="RemoveMe(G"];
474 Actor53 <= Actor47 [label="RemoveMe(G"];
475 Actor53 <= Actor62 [label="RemoveMe(G"];
476 Actor53 <= Actor67 [label="RemoveMe(G"];
477 Actor53 <= Actor65 [label="RemoveMe(G"];
478 Actor53 <= Actor71 [label="RemoveMe(G"];
479 Actor53 <= Actor73 [label="RemoveMe(G"];
480 Actor53 <= Actor64 [label="RemoveMe(G"];
481 Actor53 <= Actor66 [label="RemoveMe(G"];
482 Actor53 <= Actor82 [label="RemoveMe(G"];
483 Actor53 <= Actor100 [label="RemoveMe(G"];
484 Actor53 <= Actor14 [label="RemoveMe(G"];
485 Actor53 <= Actor20 [label="RemoveMe(G"];
486 Actor53 <= Actor52 [label="RemoveMe(G"];
487 Actor53 <= Actor78 [label="RemoveMe(G"];
488 Actor53 <= Actor54 [label="RemoveMe(G"];
489 Actor53 <= Actor86 [label="RemoveMe(G"];
490 Actor53 <= Actor87 [label="RemoveMe(G"];
491 Actor53 <= Actor89 [label="RemoveMe(G"];
526 Actor53 <= Actor92 [label="RemoveMe(G"];
527 Actor53 <= Actor96 [label="RemoveMe(G"];
528 Actor53 <= Actor49 [label="RemoveMe(G"];
529 Actor53 <= Actor91 [label="RemoveMe(G"];
530 Actor53 <= Actor68 [label="RemoveMe(G"];
531 Actor53 <= Actor50 [label="RemoveMe(G"];
532 Actor53 <= Actor74 [label="RemoveMe(G"];
533 Actor53 <= Actor3 [label="RemoveMe(G"];
534 Actor53 <= Actor31 [label="RemoveMe(G"];
535 Actor53 <= Actor23 [label="RemoveMe(G"];
536 Actor53 <= Actor60 [label="RemoveMe(G"];
537 Actor53 <= Actor61 [label="RemoveMe(G"];
538 Actor53 <= Actor44 [label="RemoveMe(G"];
539 Actor53 <= Actor48 [label="RemoveMe(G"];
540 Actor53 <= Actor56 [label="RemoveMe(G"];
541 Actor53 <= Actor95 [label="RemoveMe(G"];
542 Actor53 <= Actor30 [label="RemoveMe(G"];
1108 Actor53 <= Actor0 [label="ShutDown"];
