54 Actor54 <= Actor0 [label="Set(Master"];
173 Actor54 <= Actor42 [label="RemoveMe(G"];
213 Actor54 <= Actor24 [label="RemoveMe(G"];
214 Actor54 <= Actor90 [label="RemoveMe(G"];
215 Actor54 <= Actor63 [label="RemoveMe(G"];
218 Actor54 <= Actor58 [label="RemoveMe(G"];
219 Actor54 <= Actor94 [label="RemoveMe(G"];
225 Actor54 <= Actor12 [label="RemoveMe(G"];
226 Actor54 <= Actor70 [label="RemoveMe(G"];
227 Actor54 <= Actor16 [label="RemoveMe(G"];
228 Actor54 <= Actor5 [label="RemoveMe(G"];
289 Actor54 <= Actor10 [label="RemoveMe(G"];
290 Actor54 <= Actor59 [label="RemoveMe(G"];
402 Actor54 <= Actor37 [label="RemoveMe(G"];
403 Actor54 <= Actor88 [label="RemoveMe(G"];
404 Actor54 <= Actor99 [label="RemoveMe(G"];
405 Actor54 <= Actor84 [label="RemoveMe(G"];
406 Actor54 <= Actor6 [label="Rumor"];
407 Actor54 => Actor74 [label="Rumor"];
408 Actor54 => Actor54 [label="Remind"];
424 Actor54 <= Actor6 [label="Rumor"];
425 Actor54 => Actor1 [label="RemoveMe(G"];
426 Actor54 => Actor2 [label="RemoveMe(G"];
427 Actor54 => Actor3 [label="RemoveMe(G"];
428 Actor54 => Actor4 [label="RemoveMe(G"];
429 Actor54 => Actor6 [label="RemoveMe(G"];
430 Actor54 => Actor7 [label="RemoveMe(G"];
431 Actor54 => Actor8 [label="RemoveMe(G"];
432 Actor54 => Actor9 [label="RemoveMe(G"];
433 Actor54 => Actor11 [label="RemoveMe(G"];
434 Actor54 => Actor13 [label="RemoveMe(G"];
435 Actor54 => Actor14 [label="RemoveMe(G"];
436 Actor54 => Actor15 [label="RemoveMe(G"];
437 Actor54 => Actor17 [label="RemoveMe(G"];
438 Actor54 => Actor18 [label="RemoveMe(G"];
439 Actor54 => Actor19 [label="RemoveMe(G"];
440 Actor54 => Actor20 [label="RemoveMe(G"];
441 Actor54 => Actor21 [label="RemoveMe(G"];
442 Actor54 => Actor22 [label="RemoveMe(G"];
443 Actor54 => Actor23 [label="RemoveMe(G"];
444 Actor54 => Actor25 [label="RemoveMe(G"];
445 Actor54 => Actor26 [label="RemoveMe(G"];
446 Actor54 => Actor27 [label="RemoveMe(G"];
447 Actor54 => Actor28 [label="RemoveMe(G"];
448 Actor54 => Actor29 [label="RemoveMe(G"];
449 Actor54 => Actor30 [label="RemoveMe(G"];
450 Actor54 => Actor31 [label="RemoveMe(G"];
451 Actor54 => Actor32 [label="RemoveMe(G"];
452 Actor54 => Actor33 [label="RemoveMe(G"];
453 Actor54 => Actor34 [label="RemoveMe(G"];
454 Actor54 => Actor35 [label="RemoveMe(G"];
455 Actor54 => Actor36 [label="RemoveMe(G"];
456 Actor54 => Actor38 [label="RemoveMe(G"];
457 Actor54 => Actor39 [label="RemoveMe(G"];
458 Actor54 => Actor40 [label="RemoveMe(G"];
459 Actor54 => Actor41 [label="RemoveMe(G"];
460 Actor54 => Actor43 [label="RemoveMe(G"];
461 Actor54 => Actor44 [label="RemoveMe(G"];
462 Actor54 => Actor45 [label="RemoveMe(G"];
463 Actor54 => Actor46 [label="RemoveMe(G"];
464 Actor54 => Actor47 [label="RemoveMe(G"];
465 Actor54 => Actor48 [label="RemoveMe(G"];
466 Actor54 => Actor49 [label="RemoveMe(G"];
467 Actor54 => Actor50 [label="RemoveMe(G"];
468 Actor54 => Actor51 [label="RemoveMe(G"];
469 Actor54 => Actor52 [label="RemoveMe(G"];
470 Actor54 => Actor53 [label="RemoveMe(G"];
471 Actor54 => Actor55 [label="RemoveMe(G"];
472 Actor54 => Actor56 [label="RemoveMe(G"];
473 Actor54 => Actor57 [label="RemoveMe(G"];
474 Actor54 => Actor60 [label="RemoveMe(G"];
475 Actor54 => Actor61 [label="RemoveMe(G"];
476 Actor54 => Actor62 [label="RemoveMe(G"];
477 Actor54 => Actor64 [label="RemoveMe(G"];
478 Actor54 => Actor65 [label="RemoveMe(G"];
479 Actor54 => Actor66 [label="RemoveMe(G"];
480 Actor54 => Actor67 [label="RemoveMe(G"];
481 Actor54 => Actor68 [label="RemoveMe(G"];
482 Actor54 => Actor69 [label="RemoveMe(G"];
483 Actor54 => Actor71 [label="RemoveMe(G"];
484 Actor54 => Actor72 [label="RemoveMe(G"];
485 Actor54 => Actor73 [label="RemoveMe(G"];
486 Actor54 => Actor74 [label="RemoveMe(G"];
487 Actor54 => Actor75 [label="RemoveMe(G"];
488 Actor54 => Actor76 [label="RemoveMe(G"];
489 Actor54 => Actor77 [label="RemoveMe(G"];
490 Actor54 => Actor78 [label="RemoveMe(G"];
491 Actor54 => Actor79 [label="RemoveMe(G"];
492 Actor54 => Actor80 [label="RemoveMe(G"];
493 Actor54 => Actor81 [label="RemoveMe(G"];
494 Actor54 => Actor82 [label="RemoveMe(G"];
495 Actor54 => Actor83 [label="RemoveMe(G"];
496 Actor54 => Actor85 [label="RemoveMe(G"];
497 Actor54 => Actor86 [label="RemoveMe(G"];
498 Actor54 => Actor87 [label="RemoveMe(G"];
499 Actor54 => Actor89 [label="RemoveMe(G"];
500 Actor54 => Actor91 [label="RemoveMe(G"];
501 Actor54 => Actor92 [label="RemoveMe(G"];
502 Actor54 => Actor93 [label="RemoveMe(G"];
503 Actor54 => Actor95 [label="RemoveMe(G"];
504 Actor54 => Actor96 [label="RemoveMe(G"];
505 Actor54 => Actor97 [label="RemoveMe(G"];
506 Actor54 => Actor98 [label="RemoveMe(G"];
507 Actor54 => Actor100 [label="RemoveMe(G"];
508 Actor54 => Actor0 [label="Finish"];
509 Actor54 <= Actor93 [label="RemoveMe(G"];
510 Actor54 <= Actor1 [label="RemoveMe(G"];
511 Actor54 <= Actor97 [label="RemoveMe(G"];
512 Actor54 <= Actor27 [label="RemoveMe(G"];
513 Actor54 <= Actor11 [label="RemoveMe(G"];
514 Actor54 <= Actor76 [label="RemoveMe(G"];
515 Actor54 <= Actor32 [label="RemoveMe(G"];
516 Actor54 <= Actor8 [label="RemoveMe(G"];
517 Actor54 <= Actor28 [label="RemoveMe(G"];
518 Actor54 <= Actor72 [label="RemoveMe(G"];
519 Actor54 <= Actor57 [label="RemoveMe(G"];
520 Actor54 <= Actor7 [label="RemoveMe(G"];
521 Actor54 <= Actor98 [label="RemoveMe(G"];
522 Actor54 <= Actor41 [label="RemoveMe(G"];
523 Actor54 <= Actor38 [label="RemoveMe(G"];
524 Actor54 <= Actor81 [label="RemoveMe(G"];
525 Actor54 <= Actor36 [label="RemoveMe(G"];
526 Actor54 <= Actor13 [label="RemoveMe(G"];
527 Actor54 <= Actor21 [label="RemoveMe(G"];
528 Actor54 <= Actor35 [label="RemoveMe(G"];
529 Actor54 <= Actor15 [label="RemoveMe(G"];
530 Actor54 <= Actor55 [label="RemoveMe(G"];
531 Actor54 <= Actor79 [label="RemoveMe(G"];
532 Actor54 <= Actor34 [label="RemoveMe(G"];
533 Actor54 <= Actor69 [label="RemoveMe(G"];
534 Actor54 <= Actor53 [label="RemoveMe(G"];
535 Actor54 <= Actor46 [label="RemoveMe(G"];
536 Actor54 <= Actor75 [label="RemoveMe(G"];
537 Actor54 <= Actor2 [label="RemoveMe(G"];
538 Actor54 <= Actor51 [label="RemoveMe(G"];
539 Actor54 <= Actor25 [label="RemoveMe(G"];
540 Actor54 <= Actor18 [label="RemoveMe(G"];
541 Actor54 <= Actor39 [label="RemoveMe(G"];
542 Actor54 <= Actor45 [label="RemoveMe(G"];
543 Actor54 <= Actor47 [label="RemoveMe(G"];
544 Actor54 <= Actor62 [label="RemoveMe(G"];
545 Actor54 <= Actor19 [label="Rumor"];
546 Actor54 <= Actor67 [label="RemoveMe(G"];
547 Actor54 <= Actor33 [label="RemoveMe(G"];
548 Actor54 <= Actor65 [label="RemoveMe(G"];
549 Actor54 <= Actor71 [label="RemoveMe(G"];
550 Actor54 <= Actor73 [label="RemoveMe(G"];
551 Actor54 <= Actor64 [label="RemoveMe(G"];
552 Actor54 <= Actor66 [label="RemoveMe(G"];
553 Actor54 <= Actor82 [label="RemoveMe(G"];
554 Actor54 <= Actor4 [label="RemoveMe(G"];
555 Actor54 <= Actor100 [label="RemoveMe(G"];
556 Actor54 <= Actor14 [label="RemoveMe(G"];
557 Actor54 <= Actor20 [label="RemoveMe(G"];
558 Actor54 <= Actor52 [label="RemoveMe(G"];
559 Actor54 <= Actor78 [label="RemoveMe(G"];
560 Actor54 <= Actor54 [label="Remind"];
561 Actor54 <= Actor83 [label="RemoveMe(G"];
562 Actor54 <= Actor85 [label="RemoveMe(G"];
563 Actor54 <= Actor86 [label="RemoveMe(G"];
564 Actor54 <= Actor87 [label="RemoveMe(G"];
565 Actor54 <= Actor89 [label="RemoveMe(G"];
566 Actor54 <= Actor92 [label="RemoveMe(G"];
567 Actor54 <= Actor96 [label="RemoveMe(G"];
568 Actor54 <= Actor49 [label="RemoveMe(G"];
569 Actor54 <= Actor91 [label="RemoveMe(G"];
570 Actor54 <= Actor68 [label="RemoveMe(G"];
571 Actor54 <= Actor50 [label="RemoveMe(G"];
572 Actor54 <= Actor74 [label="RemoveMe(G"];
573 Actor54 <= Actor77 [label="RemoveMe(G"];
574 Actor54 <= Actor26 [label="Rumor"];
575 Actor54 <= Actor3 [label="RemoveMe(G"];
576 Actor54 <= Actor31 [label="RemoveMe(G"];
577 Actor54 <= Actor23 [label="RemoveMe(G"];
578 Actor54 <= Actor60 [label="RemoveMe(G"];
579 Actor54 <= Actor61 [label="RemoveMe(G"];
580 Actor54 <= Actor44 [label="RemoveMe(G"];
581 Actor54 <= Actor48 [label="RemoveMe(G"];
582 Actor54 <= Actor56 [label="RemoveMe(G"];
583 Actor54 <= Actor95 [label="RemoveMe(G"];
584 Actor54 <= Actor80 [label="RemoveMe(G"];
585 Actor54 <= Actor30 [label="RemoveMe(G"];
1109 Actor54 <= Actor0 [label="ShutDown"];
