55 Actor55 <= Actor0 [label="Set(Master"];
135 Actor55 <= Actor58 [label="Rumor"];
136 Actor55 => Actor95 [label="Rumor"];
137 Actor55 => Actor55 [label="Remind"];
179 Actor55 <= Actor53 [label="Rumor"];
180 Actor55 => Actor1 [label="RemoveMe(G"];
181 Actor55 => Actor2 [label="RemoveMe(G"];
182 Actor55 => Actor3 [label="RemoveMe(G"];
183 Actor55 => Actor4 [label="RemoveMe(G"];
184 Actor55 => Actor5 [label="RemoveMe(G"];
185 Actor55 => Actor6 [label="RemoveMe(G"];
186 Actor55 => Actor7 [label="RemoveMe(G"];
187 Actor55 => Actor8 [label="RemoveMe(G"];
188 Actor55 => Actor9 [label="RemoveMe(G"];
189 Actor55 => Actor10 [label="RemoveMe(G"];
190 Actor55 => Actor11 [label="RemoveMe(G"];
191 Actor55 => Actor12 [label="RemoveMe(G"];
192 Actor55 => Actor13 [label="RemoveMe(G"];
193 Actor55 => Actor14 [label="RemoveMe(G"];
194 Actor55 => Actor15 [label="RemoveMe(G"];
195 Actor55 => Actor16 [label="RemoveMe(G"];
196 Actor55 => Actor17 [label="RemoveMe(G"];
197 Actor55 => Actor18 [label="RemoveMe(G"];
198 Actor55 => Actor19 [label="RemoveMe(G"];
199 Actor55 => Actor20 [label="RemoveMe(G"];
200 Actor55 => Actor21 [label="RemoveMe(G"];
201 Actor55 => Actor22 [label="RemoveMe(G"];
202 Actor55 => Actor23 [label="RemoveMe(G"];
203 Actor55 => Actor24 [label="RemoveMe(G"];
204 Actor55 => Actor25 [label="RemoveMe(G"];
205 Actor55 => Actor26 [label="RemoveMe(G"];
206 Actor55 => Actor27 [label="RemoveMe(G"];
207 Actor55 => Actor28 [label="RemoveMe(G"];
208 Actor55 => Actor29 [label="RemoveMe(G"];
209 Actor55 => Actor30 [label="RemoveMe(G"];
210 Actor55 => Actor31 [label="RemoveMe(G"];
211 Actor55 => Actor32 [label="RemoveMe(G"];
212 Actor55 => Actor33 [label="RemoveMe(G"];
213 Actor55 => Actor34 [label="RemoveMe(G"];
214 Actor55 => Actor35 [label="RemoveMe(G"];
215 Actor55 => Actor36 [label="RemoveMe(G"];
216 Actor55 => Actor37 [label="RemoveMe(G"];
217 Actor55 => Actor38 [label="RemoveMe(G"];
218 Actor55 => Actor39 [label="RemoveMe(G"];
219 Actor55 => Actor40 [label="RemoveMe(G"];
220 Actor55 => Actor41 [label="RemoveMe(G"];
221 Actor55 => Actor42 [label="RemoveMe(G"];
222 Actor55 => Actor43 [label="RemoveMe(G"];
223 Actor55 => Actor44 [label="RemoveMe(G"];
224 Actor55 => Actor45 [label="RemoveMe(G"];
225 Actor55 => Actor46 [label="RemoveMe(G"];
226 Actor55 => Actor47 [label="RemoveMe(G"];
227 Actor55 => Actor48 [label="RemoveMe(G"];
228 Actor55 => Actor49 [label="RemoveMe(G"];
229 Actor55 => Actor50 [label="RemoveMe(G"];
230 Actor55 => Actor51 [label="RemoveMe(G"];
231 Actor55 => Actor52 [label="RemoveMe(G"];
232 Actor55 => Actor53 [label="RemoveMe(G"];
233 Actor55 => Actor54 [label="RemoveMe(G"];
234 Actor55 => Actor56 [label="RemoveMe(G"];
235 Actor55 => Actor57 [label="RemoveMe(G"];
236 Actor55 => Actor58 [label="RemoveMe(G"];
237 Actor55 => Actor59 [label="RemoveMe(G"];
238 Actor55 => Actor60 [label="RemoveMe(G"];
239 Actor55 => Actor61 [label="RemoveMe(G"];
240 Actor55 => Actor62 [label="RemoveMe(G"];
241 Actor55 => Actor63 [label="RemoveMe(G"];
242 Actor55 => Actor64 [label="RemoveMe(G"];
243 Actor55 => Actor65 [label="RemoveMe(G"];
244 Actor55 => Actor66 [label="RemoveMe(G"];
245 Actor55 => Actor67 [label="RemoveMe(G"];
246 Actor55 => Actor68 [label="RemoveMe(G"];
247 Actor55 => Actor69 [label="RemoveMe(G"];
248 Actor55 => Actor70 [label="RemoveMe(G"];
249 Actor55 => Actor71 [label="RemoveMe(G"];
250 Actor55 => Actor72 [label="RemoveMe(G"];
251 Actor55 => Actor73 [label="RemoveMe(G"];
252 Actor55 => Actor74 [label="RemoveMe(G"];
253 Actor55 => Actor75 [label="RemoveMe(G"];
254 Actor55 => Actor76 [label="RemoveMe(G"];
255 Actor55 => Actor77 [label="RemoveMe(G"];
256 Actor55 => Actor78 [label="RemoveMe(G"];
257 Actor55 => Actor79 [label="RemoveMe(G"];
258 Actor55 => Actor80 [label="RemoveMe(G"];
259 Actor55 => Actor81 [label="RemoveMe(G"];
260 Actor55 => Actor82 [label="RemoveMe(G"];
261 Actor55 => Actor83 [label="RemoveMe(G"];
262 Actor55 => Actor84 [label="RemoveMe(G"];
263 Actor55 => Actor85 [label="RemoveMe(G"];
264 Actor55 => Actor86 [label="RemoveMe(G"];
265 Actor55 => Actor87 [label="RemoveMe(G"];
266 Actor55 => Actor88 [label="RemoveMe(G"];
267 Actor55 => Actor89 [label="RemoveMe(G"];
268 Actor55 => Actor90 [label="RemoveMe(G"];
269 Actor55 => Actor91 [label="RemoveMe(G"];
270 Actor55 => Actor92 [label="RemoveMe(G"];
271 Actor55 => Actor93 [label="RemoveMe(G"];
272 Actor55 => Actor94 [label="RemoveMe(G"];
273 Actor55 => Actor95 [label="RemoveMe(G"];
274 Actor55 => Actor96 [label="RemoveMe(G"];
275 Actor55 => Actor97 [label="RemoveMe(G"];
276 Actor55 => Actor98 [label="RemoveMe(G"];
277 Actor55 => Actor99 [label="RemoveMe(G"];
278 Actor55 => Actor100 [label="RemoveMe(G"];
279 Actor55 => Actor0 [label="Finish"];
280 Actor55 <= Actor42 [label="RemoveMe(G"];
281 Actor55 <= Actor24 [label="RemoveMe(G"];
282 Actor55 <= Actor90 [label="RemoveMe(G"];
283 Actor55 <= Actor63 [label="RemoveMe(G"];
284 Actor55 <= Actor58 [label="RemoveMe(G"];
285 Actor55 <= Actor56 [label="Rumor"];
286 Actor55 <= Actor37 [label="Rumor"];
287 Actor55 <= Actor94 [label="RemoveMe(G"];
288 Actor55 <= Actor12 [label="RemoveMe(G"];
289 Actor55 <= Actor70 [label="RemoveMe(G"];
290 Actor55 <= Actor16 [label="RemoveMe(G"];
291 Actor55 <= Actor5 [label="RemoveMe(G"];
292 Actor55 <= Actor10 [label="RemoveMe(G"];
293 Actor55 <= Actor59 [label="RemoveMe(G"];
403 Actor55 <= Actor37 [label="RemoveMe(G"];
404 Actor55 <= Actor6 [label="Rumor"];
405 Actor55 <= Actor88 [label="RemoveMe(G"];
406 Actor55 <= Actor99 [label="RemoveMe(G"];
407 Actor55 <= Actor84 [label="RemoveMe(G"];
408 Actor55 <= Actor93 [label="RemoveMe(G"];
409 Actor55 <= Actor1 [label="RemoveMe(G"];
410 Actor55 <= Actor97 [label="RemoveMe(G"];
411 Actor55 <= Actor27 [label="RemoveMe(G"];
412 Actor55 <= Actor11 [label="RemoveMe(G"];
413 Actor55 <= Actor76 [label="RemoveMe(G"];
414 Actor55 <= Actor32 [label="RemoveMe(G"];
415 Actor55 <= Actor8 [label="RemoveMe(G"];
416 Actor55 <= Actor28 [label="RemoveMe(G"];
420 Actor55 <= Actor72 [label="RemoveMe(G"];
421 Actor55 <= Actor57 [label="RemoveMe(G"];
422 Actor55 <= Actor7 [label="RemoveMe(G"];
423 Actor55 <= Actor98 [label="RemoveMe(G"];
424 Actor55 <= Actor41 [label="RemoveMe(G"];
425 Actor55 <= Actor81 [label="RemoveMe(G"];
426 Actor55 <= Actor36 [label="RemoveMe(G"];
427 Actor55 <= Actor38 [label="RemoveMe(G"];
442 Actor55 <= Actor13 [label="RemoveMe(G"];
443 Actor55 <= Actor21 [label="RemoveMe(G"];
444 Actor55 <= Actor35 [label="RemoveMe(G"];
445 Actor55 <= Actor55 [label="Remind"];
446 Actor55 <= Actor15 [label="RemoveMe(G"];
447 Actor55 <= Actor79 [label="RemoveMe(G"];
448 Actor55 <= Actor34 [label="RemoveMe(G"];
449 Actor55 <= Actor69 [label="RemoveMe(G"];
450 Actor55 <= Actor53 [label="RemoveMe(G"];
451 Actor55 <= Actor46 [label="RemoveMe(G"];
452 Actor55 <= Actor75 [label="RemoveMe(G"];
453 Actor55 <= Actor2 [label="RemoveMe(G"];
454 Actor55 <= Actor51 [label="RemoveMe(G"];
455 Actor55 <= Actor25 [label="RemoveMe(G"];
456 Actor55 <= Actor18 [label="RemoveMe(G"];
457 Actor55 <= Actor39 [label="RemoveMe(G"];
458 Actor55 <= Actor6 [label="Rumor"];
475 Actor55 <= Actor45 [label="RemoveMe(G"];
476 Actor55 <= Actor47 [label="RemoveMe(G"];
477 Actor55 <= Actor62 [label="RemoveMe(G"];
478 Actor55 <= Actor67 [label="RemoveMe(G"];
479 Actor55 <= Actor65 [label="RemoveMe(G"];
480 Actor55 <= Actor73 [label="Rumor"];
481 Actor55 <= Actor71 [label="RemoveMe(G"];
482 Actor55 <= Actor73 [label="RemoveMe(G"];
483 Actor55 <= Actor64 [label="RemoveMe(G"];
484 Actor55 <= Actor66 [label="RemoveMe(G"];
485 Actor55 <= Actor82 [label="RemoveMe(G"];
486 Actor55 <= Actor100 [label="RemoveMe(G"];
487 Actor55 <= Actor14 [label="RemoveMe(G"];
488 Actor55 <= Actor52 [label="RemoveMe(G"];
489 Actor55 <= Actor78 [label="RemoveMe(G"];
490 Actor55 <= Actor54 [label="RemoveMe(G"];
491 Actor55 <= Actor86 [label="RemoveMe(G"];
492 Actor55 <= Actor87 [label="RemoveMe(G"];
493 Actor55 <= Actor89 [label="RemoveMe(G"];
528 Actor55 <= Actor92 [label="RemoveMe(G"];
529 Actor55 <= Actor96 [label="RemoveMe(G"];
530 Actor55 <= Actor49 [label="RemoveMe(G"];
531 Actor55 <= Actor91 [label="RemoveMe(G"];
532 Actor55 <= Actor68 [label="RemoveMe(G"];
533 Actor55 <= Actor50 [label="RemoveMe(G"];
534 Actor55 <= Actor74 [label="RemoveMe(G"];
535 Actor55 <= Actor3 [label="RemoveMe(G"];
536 Actor55 <= Actor31 [label="RemoveMe(G"];
537 Actor55 <= Actor23 [label="RemoveMe(G"];
538 Actor55 <= Actor60 [label="RemoveMe(G"];
539 Actor55 <= Actor61 [label="RemoveMe(G"];
540 Actor55 <= Actor44 [label="RemoveMe(G"];
541 Actor55 <= Actor48 [label="RemoveMe(G"];
542 Actor55 <= Actor56 [label="RemoveMe(G"];
543 Actor55 <= Actor95 [label="RemoveMe(G"];
1110 Actor55 <= Actor0 [label="ShutDown"];
