56 Actor56 <= Actor0 [label="Set(Master"];
122 Actor56 <= Actor95 [label="Rumor"];
123 Actor56 => Actor82 [label="Rumor"];
124 Actor56 => Actor56 [label="Remind"];
175 Actor56 <= Actor42 [label="RemoveMe(G"];
215 Actor56 <= Actor24 [label="RemoveMe(G"];
216 Actor56 <= Actor56 [label="Remind"];
217 Actor56 => Actor53 [label="Rumor"];
218 Actor56 => Actor56 [label="Remind"];
219 Actor56 <= Actor90 [label="RemoveMe(G"];
220 Actor56 <= Actor56 [label="Remind"];
221 Actor56 => Actor87 [label="Rumor"];
222 Actor56 => Actor56 [label="Remind"];
223 Actor56 <= Actor56 [label="Remind"];
224 Actor56 => Actor68 [label="Rumor"];
225 Actor56 => Actor56 [label="Remind"];
226 Actor56 <= Actor56 [label="Remind"];
227 Actor56 => Actor15 [label="Rumor"];
228 Actor56 => Actor56 [label="Remind"];
229 Actor56 <= Actor56 [label="Remind"];
230 Actor56 => Actor46 [label="Rumor"];
231 Actor56 => Actor56 [label="Remind"];
232 Actor56 <= Actor56 [label="Remind"];
233 Actor56 => Actor22 [label="Rumor"];
234 Actor56 => Actor56 [label="Remind"];
235 Actor56 <= Actor56 [label="Remind"];
236 Actor56 => Actor10 [label="Rumor"];
237 Actor56 => Actor56 [label="Remind"];
238 Actor56 <= Actor56 [label="Remind"];
239 Actor56 => Actor44 [label="Rumor"];
240 Actor56 => Actor56 [label="Remind"];
241 Actor56 <= Actor56 [label="Remind"];
242 Actor56 => Actor67 [label="Rumor"];
243 Actor56 => Actor56 [label="Remind"];
244 Actor56 <= Actor56 [label="Remind"];
245 Actor56 => Actor89 [label="Rumor"];
246 Actor56 => Actor56 [label="Remind"];
247 Actor56 <= Actor63 [label="RemoveMe(G"];
248 Actor56 <= Actor56 [label="Remind"];
249 Actor56 => Actor55 [label="Rumor"];
250 Actor56 => Actor56 [label="Remind"];
251 Actor56 <= Actor58 [label="RemoveMe(G"];
252 Actor56 <= Actor56 [label="Remind"];
253 Actor56 => Actor67 [label="Rumor"];
254 Actor56 => Actor56 [label="Remind"];
255 Actor56 <= Actor56 [label="Remind"];
256 Actor56 => Actor23 [label="Rumor"];
257 Actor56 => Actor56 [label="Remind"];
258 Actor56 <= Actor56 [label="Remind"];
259 Actor56 => Actor27 [label="Rumor"];
260 Actor56 => Actor56 [label="Remind"];
261 Actor56 <= Actor56 [label="Remind"];
262 Actor56 => Actor79 [label="Rumor"];
263 Actor56 => Actor56 [label="Remind"];
264 Actor56 <= Actor56 [label="Remind"];
265 Actor56 => Actor9 [label="Rumor"];
266 Actor56 => Actor56 [label="Remind"];
267 Actor56 <= Actor56 [label="Remind"];
268 Actor56 => Actor70 [label="Rumor"];
269 Actor56 => Actor56 [label="Remind"];
270 Actor56 <= Actor56 [label="Remind"];
271 Actor56 => Actor41 [label="Rumor"];
272 Actor56 => Actor56 [label="Remind"];
273 Actor56 <= Actor56 [label="Remind"];
274 Actor56 => Actor89 [label="Rumor"];
275 Actor56 => Actor56 [label="Remind"];
276 Actor56 <= Actor56 [label="Remind"];
277 Actor56 => Actor98 [label="Rumor"];
278 Actor56 => Actor56 [label="Remind"];
279 Actor56 <= Actor56 [label="Remind"];
280 Actor56 => Actor51 [label="Rumor"];
281 Actor56 => Actor56 [label="Remind"];
282 Actor56 <= Actor56 [label="Remind"];
283 Actor56 => Actor53 [label="Rumor"];
284 Actor56 => Actor56 [label="Remind"];
285 Actor56 <= Actor56 [label="Remind"];
286 Actor56 => Actor78 [label="Rumor"];
287 Actor56 => Actor56 [label="Remind"];
288 Actor56 <= Actor56 [label="Remind"];
289 Actor56 => Actor79 [label="Rumor"];
290 Actor56 => Actor56 [label="Remind"];
291 Actor56 <= Actor56 [label="Remind"];
292 Actor56 => Actor36 [label="Rumor"];
293 Actor56 => Actor56 [label="Remind"];
294 Actor56 <= Actor56 [label="Remind"];
295 Actor56 => Actor81 [label="Rumor"];
296 Actor56 => Actor56 [label="Remind"];
297 Actor56 <= Actor56 [label="Remind"];
298 Actor56 => Actor65 [label="Rumor"];
299 Actor56 => Actor56 [label="Remind"];
300 Actor56 <= Actor56 [label="Remind"];
301 Actor56 => Actor69 [label="Rumor"];
302 Actor56 => Actor56 [label="Remind"];
303 Actor56 <= Actor56 [label="Remind"];
304 Actor56 => Actor10 [label="Rumor"];
305 Actor56 => Actor56 [label="Remind"];
306 Actor56 <= Actor56 [label="Remind"];
307 Actor56 => Actor93 [label="Rumor"];
308 Actor56 => Actor56 [label="Remind"];
309 Actor56 <= Actor56 [label="Remind"];
310 Actor56 => Actor71 [label="Rumor"];
311 Actor56 => Actor56 [label="Remind"];
312 Actor56 <= Actor56 [label="Remind"];
313 Actor56 => Actor7 [label="Rumor"];
314 Actor56 => Actor56 [label="Remind"];
315 Actor56 <= Actor56 [label="Remind"];
316 Actor56 => Actor86 [label="Rumor"];
317 Actor56 => Actor56 [label="Remind"];
318 Actor56 <= Actor56 [label="Remind"];
319 Actor56 => Actor89 [label="Rumor"];
320 Actor56 => Actor56 [label="Remind"];
321 Actor56 <= Actor56 [label="Remind"];
322 Actor56 => Actor6 [label="Rumor"];
323 Actor56 => Actor56 [label="Remind"];
324 Actor56 <= Actor56 [label="Remind"];
325 Actor56 => Actor13 [label="Rumor"];
326 Actor56 => Actor56 [label="Remind"];
327 Actor56 <= Actor56 [label="Remind"];
328 Actor56 => Actor3 [label="Rumor"];
329 Actor56 => Actor56 [label="Remind"];
330 Actor56 <= Actor56 [label="Remind"];
331 Actor56 => Actor2 [label="Rumor"];
332 Actor56 => Actor56 [label="Remind"];
333 Actor56 <= Actor56 [label="Remind"];
334 Actor56 => Actor5 [label="Rumor"];
335 Actor56 => Actor56 [label="Remind"];
336 Actor56 <= Actor56 [label="Remind"];
337 Actor56 => Actor86 [label="Rumor"];
338 Actor56 => Actor56 [label="Remind"];
339 Actor56 <= Actor56 [label="Remind"];
340 Actor56 => Actor18 [label="Rumor"];
341 Actor56 => Actor56 [label="Remind"];
342 Actor56 <= Actor56 [label="Remind"];
343 Actor56 => Actor35 [label="Rumor"];
344 Actor56 => Actor56 [label="Remind"];
345 Actor56 <= Actor56 [label="Remind"];
346 Actor56 => Actor43 [label="Rumor"];
347 Actor56 => Actor56 [label="Remind"];
348 Actor56 <= Actor56 [label="Remind"];
349 Actor56 => Actor37 [label="Rumor"];
350 Actor56 => Actor56 [label="Remind"];
351 Actor56 <= Actor94 [label="RemoveMe(G"];
352 Actor56 <= Actor56 [label="Remind"];
353 Actor56 => Actor4 [label="Rumor"];
354 Actor56 => Actor56 [label="Remind"];
355 Actor56 <= Actor12 [label="RemoveMe(G"];
356 Actor56 <= Actor70 [label="RemoveMe(G"];
357 Actor56 <= Actor16 [label="RemoveMe(G"];
358 Actor56 <= Actor5 [label="RemoveMe(G"];
359 Actor56 <= Actor10 [label="RemoveMe(G"];
360 Actor56 <= Actor59 [label="RemoveMe(G"];
404 Actor56 <= Actor37 [label="RemoveMe(G"];
405 Actor56 <= Actor88 [label="RemoveMe(G"];
406 Actor56 <= Actor99 [label="RemoveMe(G"];
407 Actor56 <= Actor84 [label="RemoveMe(G"];
408 Actor56 <= Actor93 [label="RemoveMe(G"];
409 Actor56 <= Actor1 [label="RemoveMe(G"];
410 Actor56 <= Actor97 [label="RemoveMe(G"];
411 Actor56 <= Actor27 [label="RemoveMe(G"];
412 Actor56 <= Actor11 [label="RemoveMe(G"];
413 Actor56 <= Actor29 [label="Rumor"];
414 Actor56 => Actor2 [label="RemoveMe(G"];
415 Actor56 => Actor3 [label="RemoveMe(G"];
416 Actor56 => Actor4 [label="RemoveMe(G"];
417 Actor56 => Actor6 [label="RemoveMe(G"];
418 Actor56 => Actor7 [label="RemoveMe(G"];
419 Actor56 => Actor8 [label="RemoveMe(G"];
420 Actor56 => Actor9 [label="RemoveMe(G"];
421 Actor56 => Actor13 [label="RemoveMe(G"];
422 Actor56 => Actor14 [label="RemoveMe(G"];
423 Actor56 => Actor15 [label="RemoveMe(G"];
424 Actor56 => Actor17 [label="RemoveMe(G"];
425 Actor56 => Actor18 [label="RemoveMe(G"];
426 Actor56 => Actor19 [label="RemoveMe(G"];
427 Actor56 => Actor20 [label="RemoveMe(G"];
428 Actor56 => Actor21 [label="RemoveMe(G"];
429 Actor56 => Actor22 [label="RemoveMe(G"];
430 Actor56 => Actor23 [label="RemoveMe(G"];
431 Actor56 => Actor25 [label="RemoveMe(G"];
432 Actor56 => Actor26 [label="RemoveMe(G"];
433 Actor56 => Actor28 [label="RemoveMe(G"];
434 Actor56 => Actor29 [label="RemoveMe(G"];
435 Actor56 => Actor30 [label="RemoveMe(G"];
436 Actor56 => Actor31 [label="RemoveMe(G"];
437 Actor56 => Actor32 [label="RemoveMe(G"];
438 Actor56 => Actor33 [label="RemoveMe(G"];
439 Actor56 => Actor34 [label="RemoveMe(G"];
440 Actor56 => Actor35 [label="RemoveMe(G"];
441 Actor56 => Actor36 [label="RemoveMe(G"];
442 Actor56 => Actor38 [label="RemoveMe(G"];
443 Actor56 => Actor39 [label="RemoveMe(G"];
444 Actor56 => Actor40 [label="RemoveMe(G"];
445 Actor56 => Actor41 [label="RemoveMe(G"];
446 Actor56 => Actor43 [label="RemoveMe(G"];
447 Actor56 => Actor44 [label="RemoveMe(G"];
448 Actor56 => Actor45 [label="RemoveMe(G"];
449 Actor56 => Actor46 [label="RemoveMe(G"];
450 Actor56 => Actor47 [label="RemoveMe(G"];
451 Actor56 => Actor48 [label="RemoveMe(G"];
452 Actor56 => Actor49 [label="RemoveMe(G"];
453 Actor56 => Actor50 [label="RemoveMe(G"];
454 Actor56 => Actor51 [label="RemoveMe(G"];
455 Actor56 => Actor52 [label="RemoveMe(G"];
456 Actor56 => Actor53 [label="RemoveMe(G"];
457 Actor56 => Actor54 [label="RemoveMe(G"];
458 Actor56 => Actor55 [label="RemoveMe(G"];
459 Actor56 => Actor57 [label="RemoveMe(G"];
460 Actor56 => Actor60 [label="RemoveMe(G"];
461 Actor56 => Actor61 [label="RemoveMe(G"];
462 Actor56 => Actor62 [label="RemoveMe(G"];
463 Actor56 => Actor64 [label="RemoveMe(G"];
464 Actor56 => Actor65 [label="RemoveMe(G"];
465 Actor56 => Actor66 [label="RemoveMe(G"];
466 Actor56 => Actor67 [label="RemoveMe(G"];
467 Actor56 => Actor68 [label="RemoveMe(G"];
468 Actor56 => Actor69 [label="RemoveMe(G"];
469 Actor56 => Actor71 [label="RemoveMe(G"];
470 Actor56 => Actor72 [label="RemoveMe(G"];
471 Actor56 => Actor73 [label="RemoveMe(G"];
472 Actor56 => Actor74 [label="RemoveMe(G"];
473 Actor56 => Actor75 [label="RemoveMe(G"];
474 Actor56 => Actor76 [label="RemoveMe(G"];
475 Actor56 => Actor77 [label="RemoveMe(G"];
476 Actor56 => Actor78 [label="RemoveMe(G"];
477 Actor56 => Actor79 [label="RemoveMe(G"];
478 Actor56 => Actor80 [label="RemoveMe(G"];
479 Actor56 => Actor81 [label="RemoveMe(G"];
480 Actor56 => Actor82 [label="RemoveMe(G"];
481 Actor56 => Actor83 [label="RemoveMe(G"];
482 Actor56 => Actor85 [label="RemoveMe(G"];
483 Actor56 => Actor86 [label="RemoveMe(G"];
484 Actor56 => Actor87 [label="RemoveMe(G"];
485 Actor56 => Actor89 [label="RemoveMe(G"];
486 Actor56 => Actor91 [label="RemoveMe(G"];
487 Actor56 => Actor92 [label="RemoveMe(G"];
488 Actor56 => Actor95 [label="RemoveMe(G"];
489 Actor56 => Actor96 [label="RemoveMe(G"];
490 Actor56 => Actor98 [label="RemoveMe(G"];
491 Actor56 => Actor100 [label="RemoveMe(G"];
492 Actor56 => Actor0 [label="Finish"];
493 Actor56 <= Actor76 [label="RemoveMe(G"];
494 Actor56 <= Actor32 [label="RemoveMe(G"];
495 Actor56 <= Actor29 [label="Rumor"];
496 Actor56 <= Actor8 [label="RemoveMe(G"];
497 Actor56 <= Actor28 [label="RemoveMe(G"];
498 Actor56 <= Actor72 [label="RemoveMe(G"];
499 Actor56 <= Actor57 [label="RemoveMe(G"];
500 Actor56 <= Actor7 [label="RemoveMe(G"];
501 Actor56 <= Actor98 [label="RemoveMe(G"];
502 Actor56 <= Actor41 [label="RemoveMe(G"];
503 Actor56 <= Actor81 [label="RemoveMe(G"];
504 Actor56 <= Actor36 [label="RemoveMe(G"];
505 Actor56 <= Actor38 [label="RemoveMe(G"];
506 Actor56 <= Actor13 [label="RemoveMe(G"];
507 Actor56 <= Actor21 [label="RemoveMe(G"];
508 Actor56 <= Actor35 [label="RemoveMe(G"];
509 Actor56 <= Actor15 [label="RemoveMe(G"];
510 Actor56 <= Actor55 [label="RemoveMe(G"];
511 Actor56 <= Actor79 [label="RemoveMe(G"];
512 Actor56 <= Actor34 [label="RemoveMe(G"];
513 Actor56 <= Actor69 [label="RemoveMe(G"];
514 Actor56 <= Actor53 [label="RemoveMe(G"];
515 Actor56 <= Actor46 [label="RemoveMe(G"];
516 Actor56 <= Actor75 [label="RemoveMe(G"];
517 Actor56 <= Actor2 [label="RemoveMe(G"];
518 Actor56 <= Actor51 [label="RemoveMe(G"];
519 Actor56 <= Actor25 [label="RemoveMe(G"];
520 Actor56 <= Actor18 [label="RemoveMe(G"];
521 Actor56 <= Actor39 [label="RemoveMe(G"];
522 Actor56 <= Actor45 [label="RemoveMe(G"];
523 Actor56 <= Actor47 [label="RemoveMe(G"];
524 Actor56 <= Actor62 [label="RemoveMe(G"];
525 Actor56 <= Actor67 [label="RemoveMe(G"];
526 Actor56 <= Actor19 [label="Rumor"];
527 Actor56 <= Actor33 [label="RemoveMe(G"];
528 Actor56 <= Actor65 [label="RemoveMe(G"];
529 Actor56 <= Actor71 [label="RemoveMe(G"];
530 Actor56 <= Actor73 [label="RemoveMe(G"];
531 Actor56 <= Actor64 [label="RemoveMe(G"];
532 Actor56 <= Actor66 [label="RemoveMe(G"];
533 Actor56 <= Actor82 [label="RemoveMe(G"];
542 Actor56 <= Actor4 [label="RemoveMe(G"];
543 Actor56 <= Actor100 [label="RemoveMe(G"];
544 Actor56 <= Actor14 [label="RemoveMe(G"];
545 Actor56 <= Actor20 [label="RemoveMe(G"];
546 Actor56 <= Actor52 [label="RemoveMe(G"];
547 Actor56 <= Actor78 [label="RemoveMe(G"];
548 Actor56 <= Actor54 [label="RemoveMe(G"];
549 Actor56 <= Actor83 [label="RemoveMe(G"];
550 Actor56 <= Actor85 [label="RemoveMe(G"];
551 Actor56 <= Actor86 [label="RemoveMe(G"];
552 Actor56 <= Actor87 [label="RemoveMe(G"];
553 Actor56 <= Actor89 [label="RemoveMe(G"];
554 Actor56 <= Actor92 [label="RemoveMe(G"];
555 Actor56 <= Actor56 [label="Remind"];
556 Actor56 <= Actor96 [label="RemoveMe(G"];
557 Actor56 <= Actor49 [label="RemoveMe(G"];
558 Actor56 <= Actor91 [label="RemoveMe(G"];
629 Actor56 <= Actor6 [label="Rumor"];
658 Actor56 <= Actor9 [label="RemoveMe(G"];
659 Actor56 <= Actor68 [label="RemoveMe(G"];
660 Actor56 <= Actor50 [label="RemoveMe(G"];
661 Actor56 <= Actor74 [label="RemoveMe(G"];
662 Actor56 <= Actor77 [label="RemoveMe(G"];
663 Actor56 <= Actor3 [label="RemoveMe(G"];
664 Actor56 <= Actor31 [label="RemoveMe(G"];
665 Actor56 <= Actor26 [label="RemoveMe(G"];
666 Actor56 <= Actor23 [label="RemoveMe(G"];
863 Actor56 <= Actor6 [label="Rumor"];
869 Actor56 <= Actor6 [label="Rumor"];
870 Actor56 <= Actor60 [label="RemoveMe(G"];
871 Actor56 <= Actor61 [label="RemoveMe(G"];
872 Actor56 <= Actor44 [label="RemoveMe(G"];
873 Actor56 <= Actor19 [label="RemoveMe(G"];
874 Actor56 <= Actor40 [label="RemoveMe(G"];
875 Actor56 <= Actor48 [label="RemoveMe(G"];
876 Actor56 <= Actor43 [label="RemoveMe(G"];
877 Actor56 <= Actor95 [label="RemoveMe(G"];
878 Actor56 <= Actor80 [label="RemoveMe(G"];
879 Actor56 <= Actor22 [label="RemoveMe(G"];
880 Actor56 <= Actor17 [label="RemoveMe(G"];
881 Actor56 <= Actor29 [label="RemoveMe(G"];
882 Actor56 <= Actor30 [label="RemoveMe(G"];
1111 Actor56 <= Actor0 [label="ShutDown"];
