57 Actor57 <= Actor0 [label="Set(Master"];
149 Actor57 <= Actor53 [label="Rumor"];
150 Actor57 => Actor72 [label="Rumor"];
151 Actor57 => Actor57 [label="Remind"];
176 Actor57 <= Actor42 [label="RemoveMe(G"];
177 Actor57 <= Actor95 [label="Rumor"];
178 Actor57 => Actor1 [label="RemoveMe(G"];
179 Actor57 => Actor2 [label="RemoveMe(G"];
180 Actor57 => Actor3 [label="RemoveMe(G"];
181 Actor57 => Actor4 [label="RemoveMe(G"];
182 Actor57 => Actor5 [label="RemoveMe(G"];
183 Actor57 => Actor6 [label="RemoveMe(G"];
184 Actor57 => Actor7 [label="RemoveMe(G"];
185 Actor57 => Actor8 [label="RemoveMe(G"];
186 Actor57 => Actor9 [label="RemoveMe(G"];
187 Actor57 => Actor10 [label="RemoveMe(G"];
188 Actor57 => Actor11 [label="RemoveMe(G"];
189 Actor57 => Actor12 [label="RemoveMe(G"];
190 Actor57 => Actor13 [label="RemoveMe(G"];
191 Actor57 => Actor14 [label="RemoveMe(G"];
192 Actor57 => Actor15 [label="RemoveMe(G"];
193 Actor57 => Actor16 [label="RemoveMe(G"];
194 Actor57 => Actor17 [label="RemoveMe(G"];
195 Actor57 => Actor18 [label="RemoveMe(G"];
196 Actor57 => Actor19 [label="RemoveMe(G"];
197 Actor57 => Actor20 [label="RemoveMe(G"];
198 Actor57 => Actor21 [label="RemoveMe(G"];
199 Actor57 => Actor22 [label="RemoveMe(G"];
200 Actor57 => Actor23 [label="RemoveMe(G"];
201 Actor57 => Actor24 [label="RemoveMe(G"];
202 Actor57 => Actor25 [label="RemoveMe(G"];
203 Actor57 => Actor26 [label="RemoveMe(G"];
204 Actor57 => Actor27 [label="RemoveMe(G"];
205 Actor57 => Actor28 [label="RemoveMe(G"];
206 Actor57 => Actor29 [label="RemoveMe(G"];
207 Actor57 => Actor30 [label="RemoveMe(G"];
208 Actor57 => Actor31 [label="RemoveMe(G"];
209 Actor57 => Actor32 [label="RemoveMe(G"];
210 Actor57 => Actor33 [label="RemoveMe(G"];
211 Actor57 => Actor34 [label="RemoveMe(G"];
212 Actor57 => Actor35 [label="RemoveMe(G"];
213 Actor57 => Actor36 [label="RemoveMe(G"];
214 Actor57 => Actor37 [label="RemoveMe(G"];
215 Actor57 => Actor38 [label="RemoveMe(G"];
216 Actor57 => Actor39 [label="RemoveMe(G"];
217 Actor57 => Actor40 [label="RemoveMe(G"];
218 Actor57 => Actor41 [label="RemoveMe(G"];
219 Actor57 => Actor43 [label="RemoveMe(G"];
220 Actor57 => Actor44 [label="RemoveMe(G"];
221 Actor57 => Actor45 [label="RemoveMe(G"];
222 Actor57 => Actor46 [label="RemoveMe(G"];
223 Actor57 => Actor47 [label="RemoveMe(G"];
224 Actor57 => Actor48 [label="RemoveMe(G"];
225 Actor57 => Actor49 [label="RemoveMe(G"];
226 Actor57 => Actor50 [label="RemoveMe(G"];
227 Actor57 => Actor51 [label="RemoveMe(G"];
228 Actor57 => Actor52 [label="RemoveMe(G"];
229 Actor57 => Actor53 [label="RemoveMe(G"];
230 Actor57 => Actor54 [label="RemoveMe(G"];
231 Actor57 => Actor55 [label="RemoveMe(G"];
232 Actor57 => Actor56 [label="RemoveMe(G"];
233 Actor57 => Actor58 [label="RemoveMe(G"];
234 Actor57 => Actor59 [label="RemoveMe(G"];
235 Actor57 => Actor60 [label="RemoveMe(G"];
236 Actor57 => Actor61 [label="RemoveMe(G"];
237 Actor57 => Actor62 [label="RemoveMe(G"];
238 Actor57 => Actor63 [label="RemoveMe(G"];
239 Actor57 => Actor64 [label="RemoveMe(G"];
240 Actor57 => Actor65 [label="RemoveMe(G"];
241 Actor57 => Actor66 [label="RemoveMe(G"];
242 Actor57 => Actor67 [label="RemoveMe(G"];
243 Actor57 => Actor68 [label="RemoveMe(G"];
244 Actor57 => Actor69 [label="RemoveMe(G"];
245 Actor57 => Actor70 [label="RemoveMe(G"];
246 Actor57 => Actor71 [label="RemoveMe(G"];
247 Actor57 => Actor72 [label="RemoveMe(G"];
248 Actor57 => Actor73 [label="RemoveMe(G"];
249 Actor57 => Actor74 [label="RemoveMe(G"];
250 Actor57 => Actor75 [label="RemoveMe(G"];
251 Actor57 => Actor76 [label="RemoveMe(G"];
252 Actor57 => Actor77 [label="RemoveMe(G"];
253 Actor57 => Actor78 [label="RemoveMe(G"];
254 Actor57 => Actor79 [label="RemoveMe(G"];
255 Actor57 => Actor80 [label="RemoveMe(G"];
256 Actor57 => Actor81 [label="RemoveMe(G"];
257 Actor57 => Actor82 [label="RemoveMe(G"];
258 Actor57 => Actor83 [label="RemoveMe(G"];
259 Actor57 => Actor84 [label="RemoveMe(G"];
260 Actor57 => Actor85 [label="RemoveMe(G"];
261 Actor57 => Actor86 [label="RemoveMe(G"];
262 Actor57 => Actor87 [label="RemoveMe(G"];
263 Actor57 => Actor88 [label="RemoveMe(G"];
264 Actor57 => Actor89 [label="RemoveMe(G"];
265 Actor57 => Actor90 [label="RemoveMe(G"];
266 Actor57 => Actor91 [label="RemoveMe(G"];
267 Actor57 => Actor92 [label="RemoveMe(G"];
268 Actor57 => Actor93 [label="RemoveMe(G"];
269 Actor57 => Actor94 [label="RemoveMe(G"];
270 Actor57 => Actor95 [label="RemoveMe(G"];
271 Actor57 => Actor96 [label="RemoveMe(G"];
272 Actor57 => Actor97 [label="RemoveMe(G"];
273 Actor57 => Actor98 [label="RemoveMe(G"];
274 Actor57 => Actor99 [label="RemoveMe(G"];
275 Actor57 => Actor100 [label="RemoveMe(G"];
276 Actor57 => Actor0 [label="Finish"];
277 Actor57 <= Actor24 [label="RemoveMe(G"];
278 Actor57 <= Actor90 [label="RemoveMe(G"];
279 Actor57 <= Actor63 [label="RemoveMe(G"];
280 Actor57 <= Actor58 [label="RemoveMe(G"];
281 Actor57 <= Actor94 [label="RemoveMe(G"];
282 Actor57 <= Actor12 [label="RemoveMe(G"];
283 Actor57 <= Actor70 [label="RemoveMe(G"];
284 Actor57 <= Actor16 [label="RemoveMe(G"];
285 Actor57 <= Actor5 [label="RemoveMe(G"];
292 Actor57 <= Actor10 [label="RemoveMe(G"];
293 Actor57 <= Actor59 [label="RemoveMe(G"];
405 Actor57 <= Actor37 [label="RemoveMe(G"];
406 Actor57 <= Actor88 [label="RemoveMe(G"];
407 Actor57 <= Actor99 [label="RemoveMe(G"];
408 Actor57 <= Actor84 [label="RemoveMe(G"];
415 Actor57 <= Actor6 [label="Rumor"];
416 Actor57 <= Actor93 [label="RemoveMe(G"];
417 Actor57 <= Actor1 [label="RemoveMe(G"];
418 Actor57 <= Actor97 [label="RemoveMe(G"];
419 Actor57 <= Actor27 [label="RemoveMe(G"];
420 Actor57 <= Actor11 [label="RemoveMe(G"];
421 Actor57 <= Actor76 [label="Rumor"];
422 Actor57 <= Actor76 [label="RemoveMe(G"];
423 Actor57 <= Actor32 [label="RemoveMe(G"];
424 Actor57 <= Actor8 [label="RemoveMe(G"];
425 Actor57 <= Actor57 [label="Remind"];
426 Actor57 <= Actor28 [label="RemoveMe(G"];
427 Actor57 <= Actor72 [label="RemoveMe(G"];
428 Actor57 <= Actor7 [label="RemoveMe(G"];
429 Actor57 <= Actor98 [label="RemoveMe(G"];
430 Actor57 <= Actor41 [label="RemoveMe(G"];
431 Actor57 <= Actor81 [label="RemoveMe(G"];
432 Actor57 <= Actor36 [label="RemoveMe(G"];
433 Actor57 <= Actor38 [label="RemoveMe(G"];
444 Actor57 <= Actor13 [label="RemoveMe(G"];
445 Actor57 <= Actor21 [label="RemoveMe(G"];
446 Actor57 <= Actor35 [label="RemoveMe(G"];
447 Actor57 <= Actor15 [label="RemoveMe(G"];
448 Actor57 <= Actor55 [label="RemoveMe(G"];
449 Actor57 <= Actor79 [label="RemoveMe(G"];
450 Actor57 <= Actor34 [label="RemoveMe(G"];
451 Actor57 <= Actor69 [label="RemoveMe(G"];
452 Actor57 <= Actor53 [label="RemoveMe(G"];
453 Actor57 <= Actor46 [label="RemoveMe(G"];
454 Actor57 <= Actor75 [label="RemoveMe(G"];
455 Actor57 <= Actor2 [label="RemoveMe(G"];
456 Actor57 <= Actor51 [label="RemoveMe(G"];
457 Actor57 <= Actor25 [label="RemoveMe(G"];
458 Actor57 <= Actor18 [label="RemoveMe(G"];
459 Actor57 <= Actor39 [label="RemoveMe(G"];
477 Actor57 <= Actor45 [label="RemoveMe(G"];
478 Actor57 <= Actor47 [label="RemoveMe(G"];
479 Actor57 <= Actor62 [label="RemoveMe(G"];
480 Actor57 <= Actor67 [label="RemoveMe(G"];
481 Actor57 <= Actor65 [label="RemoveMe(G"];
482 Actor57 <= Actor71 [label="RemoveMe(G"];
483 Actor57 <= Actor73 [label="RemoveMe(G"];
484 Actor57 <= Actor66 [label="RemoveMe(G"];
485 Actor57 <= Actor82 [label="RemoveMe(G"];
486 Actor57 <= Actor100 [label="RemoveMe(G"];
487 Actor57 <= Actor14 [label="RemoveMe(G"];
488 Actor57 <= Actor52 [label="RemoveMe(G"];
489 Actor57 <= Actor78 [label="RemoveMe(G"];
490 Actor57 <= Actor54 [label="RemoveMe(G"];
491 Actor57 <= Actor86 [label="RemoveMe(G"];
492 Actor57 <= Actor87 [label="RemoveMe(G"];
493 Actor57 <= Actor89 [label="RemoveMe(G"];
494 Actor57 <= Actor96 [label="RemoveMe(G"];
495 Actor57 <= Actor49 [label="RemoveMe(G"];
496 Actor57 <= Actor91 [label="RemoveMe(G"];
497 Actor57 <= Actor68 [label="RemoveMe(G"];
498 Actor57 <= Actor74 [label="RemoveMe(G"];
499 Actor57 <= Actor3 [label="RemoveMe(G"];
500 Actor57 <= Actor31 [label="RemoveMe(G"];
501 Actor57 <= Actor23 [label="RemoveMe(G"];
502 Actor57 <= Actor60 [label="RemoveMe(G"];
503 Actor57 <= Actor61 [label="RemoveMe(G"];
504 Actor57 <= Actor56 [label="RemoveMe(G"];
1112 Actor57 <= Actor0 [label="ShutDown"];
