58 Actor58 <= Actor0 [label="Set(Master"];
103 Actor58 <= Actor0 [label="Rumor"];
104 Actor58 => Actor53 [label="Rumor"];
105 Actor58 => Actor58 [label="Remind"];
106 Actor58 <= Actor58 [label="Remind"];
107 Actor58 => Actor70 [label="Rumor"];
108 Actor58 => Actor58 [label="Remind"];
109 Actor58 <= Actor58 [label="Remind"];
110 Actor58 => Actor49 [label="Rumor"];
111 Actor58 => Actor58 [label="Remind"];
112 Actor58 <= Actor58 [label="Remind"];
113 Actor58 => Actor12 [label="Rumor"];
114 Actor58 => Actor58 [label="Remind"];
115 Actor58 <= Actor58 [label="Remind"];
116 Actor58 => Actor27 [label="Rumor"];
117 Actor58 => Actor58 [label="Remind"];
118 Actor58 <= Actor58 [label="Remind"];
119 Actor58 => Actor14 [label="Rumor"];
120 Actor58 => Actor58 [label="Remind"];
121 Actor58 <= Actor58 [label="Remind"];
122 Actor58 => Actor15 [label="Rumor"];
123 Actor58 => Actor58 [label="Remind"];
124 Actor58 <= Actor58 [label="Remind"];
125 Actor58 => Actor38 [label="Rumor"];
126 Actor58 => Actor58 [label="Remind"];
127 Actor58 <= Actor58 [label="Remind"];
128 Actor58 => Actor36 [label="Rumor"];
129 Actor58 => Actor58 [label="Remind"];
130 Actor58 <= Actor58 [label="Remind"];
131 Actor58 => Actor79 [label="Rumor"];
132 Actor58 => Actor58 [label="Remind"];
133 Actor58 <= Actor58 [label="Remind"];
134 Actor58 => Actor55 [label="Rumor"];
135 Actor58 => Actor58 [label="Remind"];
136 Actor58 <= Actor58 [label="Remind"];
137 Actor58 => Actor46 [label="Rumor"];
138 Actor58 => Actor58 [label="Remind"];
139 Actor58 <= Actor58 [label="Remind"];
140 Actor58 => Actor75 [label="Rumor"];
141 Actor58 => Actor58 [label="Remind"];
142 Actor58 <= Actor58 [label="Remind"];
143 Actor58 => Actor2 [label="Rumor"];
144 Actor58 => Actor58 [label="Remind"];
145 Actor58 <= Actor58 [label="Remind"];
146 Actor58 => Actor51 [label="Rumor"];
147 Actor58 => Actor58 [label="Remind"];
148 Actor58 <= Actor58 [label="Remind"];
149 Actor58 => Actor25 [label="Rumor"];
150 Actor58 => Actor58 [label="Remind"];
151 Actor58 <= Actor58 [label="Remind"];
152 Actor58 => Actor26 [label="Rumor"];
153 Actor58 => Actor58 [label="Remind"];
154 Actor58 <= Actor58 [label="Remind"];
155 Actor58 => Actor62 [label="Rumor"];
156 Actor58 => Actor58 [label="Remind"];
157 Actor58 <= Actor58 [label="Remind"];
158 Actor58 => Actor24 [label="Rumor"];
159 Actor58 => Actor58 [label="Remind"];
160 Actor58 <= Actor58 [label="Remind"];
161 Actor58 => Actor30 [label="Rumor"];
162 Actor58 => Actor58 [label="Remind"];
163 Actor58 <= Actor53 [label="Rumor"];
164 Actor58 => Actor1 [label="RemoveMe(G"];
165 Actor58 => Actor2 [label="RemoveMe(G"];
166 Actor58 => Actor3 [label="RemoveMe(G"];
167 Actor58 => Actor4 [label="RemoveMe(G"];
168 Actor58 => Actor5 [label="RemoveMe(G"];
169 Actor58 => Actor6 [label="RemoveMe(G"];
170 Actor58 => Actor7 [label="RemoveMe(G"];
171 Actor58 => Actor8 [label="RemoveMe(G"];
172 Actor58 => Actor9 [label="RemoveMe(G"];
173 Actor58 => Actor10 [label="RemoveMe(G"];
174 Actor58 => Actor11 [label="RemoveMe(G"];
175 Actor58 => Actor12 [label="RemoveMe(G"];
176 Actor58 => Actor13 [label="RemoveMe(G"];
177 Actor58 => Actor14 [label="RemoveMe(G"];
178 Actor58 => Actor15 [label="RemoveMe(G"];
179 Actor58 => Actor16 [label="RemoveMe(G"];
180 Actor58 => Actor17 [label="RemoveMe(G"];
181 Actor58 => Actor18 [label="RemoveMe(G"];
182 Actor58 => Actor19 [label="RemoveMe(G"];
183 Actor58 => Actor20 [label="RemoveMe(G"];
184 Actor58 => Actor21 [label="RemoveMe(G"];
185 Actor58 => Actor22 [label="RemoveMe(G"];
186 Actor58 => Actor23 [label="RemoveMe(G"];
187 Actor58 => Actor24 [label="RemoveMe(G"];
188 Actor58 => Actor25 [label="RemoveMe(G"];
189 Actor58 => Actor26 [label="RemoveMe(G"];
190 Actor58 => Actor27 [label="RemoveMe(G"];
191 Actor58 => Actor28 [label="RemoveMe(G"];
192 Actor58 => Actor29 [label="RemoveMe(G"];
193 Actor58 => Actor30 [label="RemoveMe(G"];
194 Actor58 => Actor31 [label="RemoveMe(G"];
195 Actor58 => Actor32 [label="RemoveMe(G"];
196 Actor58 => Actor33 [label="RemoveMe(G"];
197 Actor58 => Actor34 [label="RemoveMe(G"];
198 Actor58 => Actor35 [label="RemoveMe(G"];
199 Actor58 => Actor36 [label="RemoveMe(G"];
200 Actor58 => Actor37 [label="RemoveMe(G"];
201 Actor58 => Actor38 [label="RemoveMe(G"];
202 Actor58 => Actor39 [label="RemoveMe(G"];
203 Actor58 => Actor40 [label="RemoveMe(G"];
204 Actor58 => Actor41 [label="RemoveMe(G"];
205 Actor58 => Actor42 [label="RemoveMe(G"];
206 Actor58 => Actor43 [label="RemoveMe(G"];
207 Actor58 => Actor44 [label="RemoveMe(G"];
208 Actor58 => Actor45 [label="RemoveMe(G"];
209 Actor58 => Actor46 [label="RemoveMe(G"];
210 Actor58 => Actor47 [label="RemoveMe(G"];
211 Actor58 => Actor48 [label="RemoveMe(G"];
212 Actor58 => Actor49 [label="RemoveMe(G"];
213 Actor58 => Actor50 [label="RemoveMe(G"];
214 Actor58 => Actor51 [label="RemoveMe(G"];
215 Actor58 => Actor52 [label="RemoveMe(G"];
216 Actor58 => Actor53 [label="RemoveMe(G"];
217 Actor58 => Actor54 [label="RemoveMe(G"];
218 Actor58 => Actor55 [label="RemoveMe(G"];
219 Actor58 => Actor56 [label="RemoveMe(G"];
220 Actor58 => Actor57 [label="RemoveMe(G"];
221 Actor58 => Actor59 [label="RemoveMe(G"];
222 Actor58 => Actor60 [label="RemoveMe(G"];
223 Actor58 => Actor61 [label="RemoveMe(G"];
224 Actor58 => Actor62 [label="RemoveMe(G"];
225 Actor58 => Actor63 [label="RemoveMe(G"];
226 Actor58 => Actor64 [label="RemoveMe(G"];
227 Actor58 => Actor65 [label="RemoveMe(G"];
228 Actor58 => Actor66 [label="RemoveMe(G"];
229 Actor58 => Actor67 [label="RemoveMe(G"];
230 Actor58 => Actor68 [label="RemoveMe(G"];
231 Actor58 => Actor69 [label="RemoveMe(G"];
232 Actor58 => Actor70 [label="RemoveMe(G"];
233 Actor58 => Actor71 [label="RemoveMe(G"];
234 Actor58 => Actor72 [label="RemoveMe(G"];
235 Actor58 => Actor73 [label="RemoveMe(G"];
236 Actor58 => Actor74 [label="RemoveMe(G"];
237 Actor58 => Actor75 [label="RemoveMe(G"];
238 Actor58 => Actor76 [label="RemoveMe(G"];
239 Actor58 => Actor77 [label="RemoveMe(G"];
240 Actor58 => Actor78 [label="RemoveMe(G"];
241 Actor58 => Actor79 [label="RemoveMe(G"];
242 Actor58 => Actor80 [label="RemoveMe(G"];
243 Actor58 => Actor81 [label="RemoveMe(G"];
244 Actor58 => Actor82 [label="RemoveMe(G"];
245 Actor58 => Actor83 [label="RemoveMe(G"];
246 Actor58 => Actor84 [label="RemoveMe(G"];
247 Actor58 => Actor85 [label="RemoveMe(G"];
248 Actor58 => Actor86 [label="RemoveMe(G"];
249 Actor58 => Actor87 [label="RemoveMe(G"];
250 Actor58 => Actor88 [label="RemoveMe(G"];
251 Actor58 => Actor89 [label="RemoveMe(G"];
252 Actor58 => Actor90 [label="RemoveMe(G"];
253 Actor58 => Actor91 [label="RemoveMe(G"];
254 Actor58 => Actor92 [label="RemoveMe(G"];
255 Actor58 => Actor93 [label="RemoveMe(G"];
256 Actor58 => Actor94 [label="RemoveMe(G"];
257 Actor58 => Actor95 [label="RemoveMe(G"];
258 Actor58 => Actor96 [label="RemoveMe(G"];
259 Actor58 => Actor97 [label="RemoveMe(G"];
260 Actor58 => Actor98 [label="RemoveMe(G"];
261 Actor58 => Actor99 [label="RemoveMe(G"];
262 Actor58 => Actor100 [label="RemoveMe(G"];
263 Actor58 => Actor0 [label="Finish"];
264 Actor58 <= Actor42 [label="RemoveMe(G"];
265 Actor58 <= Actor58 [label="Remind"];
266 Actor58 <= Actor24 [label="RemoveMe(G"];
267 Actor58 <= Actor90 [label="RemoveMe(G"];
268 Actor58 <= Actor63 [label="RemoveMe(G"];
269 Actor58 <= Actor94 [label="RemoveMe(G"];
270 Actor58 <= Actor12 [label="RemoveMe(G"];
271 Actor58 <= Actor70 [label="RemoveMe(G"];
272 Actor58 <= Actor16 [label="RemoveMe(G"];
273 Actor58 <= Actor5 [label="RemoveMe(G"];
274 Actor58 <= Actor59 [label="RemoveMe(G"];
275 Actor58 <= Actor88 [label="RemoveMe(G"];
301 Actor58 <= Actor84 [label="RemoveMe(G"];
302 Actor58 <= Actor93 [label="RemoveMe(G"];
303 Actor58 <= Actor1 [label="RemoveMe(G"];
304 Actor58 <= Actor97 [label="RemoveMe(G"];
305 Actor58 <= Actor76 [label="RemoveMe(G"];
306 Actor58 <= Actor32 [label="RemoveMe(G"];
307 Actor58 <= Actor28 [label="RemoveMe(G"];
308 Actor58 <= Actor57 [label="RemoveMe(G"];
309 Actor58 <= Actor7 [label="RemoveMe(G"];
335 Actor58 <= Actor98 [label="RemoveMe(G"];
336 Actor58 <= Actor41 [label="RemoveMe(G"];
353 Actor58 <= Actor81 [label="RemoveMe(G"];
354 Actor58 <= Actor38 [label="RemoveMe(G"];
355 Actor58 <= Actor15 [label="RemoveMe(G"];
356 Actor58 <= Actor55 [label="RemoveMe(G"];
357 Actor58 <= Actor79 [label="RemoveMe(G"];
358 Actor58 <= Actor34 [label="RemoveMe(G"];
359 Actor58 <= Actor53 [label="RemoveMe(G"];
360 Actor58 <= Actor46 [label="RemoveMe(G"];
361 Actor58 <= Actor75 [label="RemoveMe(G"];
362 Actor58 <= Actor51 [label="RemoveMe(G"];
363 Actor58 <= Actor25 [label="RemoveMe(G"];
364 Actor58 <= Actor62 [label="RemoveMe(G"];
365 Actor58 <= Actor67 [label="RemoveMe(G"];
366 Actor58 <= Actor66 [label="RemoveMe(G"];
367 Actor58 <= Actor82 [label="RemoveMe(G"];
374 Actor58 <= Actor86 [label="RemoveMe(G"];
375 Actor58 <= Actor87 [label="RemoveMe(G"];
376 Actor58 <= Actor89 [label="RemoveMe(G"];
377 Actor58 <= Actor49 [label="RemoveMe(G"];
378 Actor58 <= Actor68 [label="RemoveMe(G"];
379 Actor58 <= Actor60 [label="RemoveMe(G"];
1113 Actor58 <= Actor0 [label="ShutDown"];
