59 Actor59 <= Actor0 [label="Set(Master"];
122 Actor59 <= Actor53 [label="Rumor"];
123 Actor59 => Actor8 [label="Rumor"];
124 Actor59 => Actor59 [label="Remind"];
134 Actor59 <= Actor53 [label="Rumor"];
135 Actor59 => Actor1 [label="RemoveMe(G"];
136 Actor59 => Actor2 [label="RemoveMe(G"];
137 Actor59 => Actor3 [label="RemoveMe(G"];
138 Actor59 => Actor4 [label="RemoveMe(G"];
139 Actor59 => Actor5 [label="RemoveMe(G"];
140 Actor59 => Actor6 [label="RemoveMe(G"];
141 Actor59 => Actor7 [label="RemoveMe(G"];
142 Actor59 => Actor8 [label="RemoveMe(G"];
143 Actor59 => Actor9 [label="RemoveMe(G"];
144 Actor59 => Actor10 [label="RemoveMe(G"];
145 Actor59 => Actor11 [label="RemoveMe(G"];
146 Actor59 => Actor12 [label="RemoveMe(G"];
147 Actor59 => Actor13 [label="RemoveMe(G"];
148 Actor59 => Actor14 [label="RemoveMe(G"];
149 Actor59 => Actor15 [label="RemoveMe(G"];
150 Actor59 => Actor16 [label="RemoveMe(G"];
151 Actor59 => Actor17 [label="RemoveMe(G"];
152 Actor59 => Actor18 [label="RemoveMe(G"];
153 Actor59 => Actor19 [label="RemoveMe(G"];
154 Actor59 => Actor20 [label="RemoveMe(G"];
155 Actor59 => Actor21 [label="RemoveMe(G"];
156 Actor59 => Actor22 [label="RemoveMe(G"];
157 Actor59 => Actor23 [label="RemoveMe(G"];
158 Actor59 => Actor24 [label="RemoveMe(G"];
159 Actor59 => Actor25 [label="RemoveMe(G"];
160 Actor59 => Actor26 [label="RemoveMe(G"];
161 Actor59 => Actor27 [label="RemoveMe(G"];
162 Actor59 => Actor28 [label="RemoveMe(G"];
163 Actor59 => Actor29 [label="RemoveMe(G"];
164 Actor59 => Actor30 [label="RemoveMe(G"];
165 Actor59 => Actor31 [label="RemoveMe(G"];
166 Actor59 => Actor32 [label="RemoveMe(G"];
167 Actor59 => Actor33 [label="RemoveMe(G"];
168 Actor59 => Actor34 [label="RemoveMe(G"];
169 Actor59 => Actor35 [label="RemoveMe(G"];
170 Actor59 => Actor36 [label="RemoveMe(G"];
171 Actor59 => Actor37 [label="RemoveMe(G"];
172 Actor59 => Actor38 [label="RemoveMe(G"];
173 Actor59 => Actor39 [label="RemoveMe(G"];
174 Actor59 => Actor40 [label="RemoveMe(G"];
175 Actor59 => Actor41 [label="RemoveMe(G"];
176 Actor59 => Actor42 [label="RemoveMe(G"];
177 Actor59 => Actor43 [label="RemoveMe(G"];
178 Actor59 => Actor44 [label="RemoveMe(G"];
179 Actor59 => Actor45 [label="RemoveMe(G"];
180 Actor59 => Actor46 [label="RemoveMe(G"];
181 Actor59 => Actor47 [label="RemoveMe(G"];
182 Actor59 => Actor48 [label="RemoveMe(G"];
183 Actor59 => Actor49 [label="RemoveMe(G"];
184 Actor59 => Actor50 [label="RemoveMe(G"];
185 Actor59 => Actor51 [label="RemoveMe(G"];
186 Actor59 => Actor52 [label="RemoveMe(G"];
187 Actor59 => Actor53 [label="RemoveMe(G"];
188 Actor59 => Actor54 [label="RemoveMe(G"];
189 Actor59 => Actor55 [label="RemoveMe(G"];
190 Actor59 => Actor56 [label="RemoveMe(G"];
191 Actor59 => Actor57 [label="RemoveMe(G"];
192 Actor59 => Actor58 [label="RemoveMe(G"];
193 Actor59 => Actor60 [label="RemoveMe(G"];
194 Actor59 => Actor61 [label="RemoveMe(G"];
195 Actor59 => Actor62 [label="RemoveMe(G"];
196 Actor59 => Actor63 [label="RemoveMe(G"];
197 Actor59 => Actor64 [label="RemoveMe(G"];
198 Actor59 => Actor65 [label="RemoveMe(G"];
199 Actor59 => Actor66 [label="RemoveMe(G"];
200 Actor59 => Actor67 [label="RemoveMe(G"];
201 Actor59 => Actor68 [label="RemoveMe(G"];
202 Actor59 => Actor69 [label="RemoveMe(G"];
203 Actor59 => Actor70 [label="RemoveMe(G"];
204 Actor59 => Actor71 [label="RemoveMe(G"];
205 Actor59 => Actor72 [label="RemoveMe(G"];
206 Actor59 => Actor73 [label="RemoveMe(G"];
207 Actor59 => Actor74 [label="RemoveMe(G"];
208 Actor59 => Actor75 [label="RemoveMe(G"];
209 Actor59 => Actor76 [label="RemoveMe(G"];
210 Actor59 => Actor77 [label="RemoveMe(G"];
211 Actor59 => Actor78 [label="RemoveMe(G"];
212 Actor59 => Actor79 [label="RemoveMe(G"];
213 Actor59 => Actor80 [label="RemoveMe(G"];
214 Actor59 => Actor81 [label="RemoveMe(G"];
215 Actor59 => Actor82 [label="RemoveMe(G"];
216 Actor59 => Actor83 [label="RemoveMe(G"];
217 Actor59 => Actor84 [label="RemoveMe(G"];
218 Actor59 => Actor85 [label="RemoveMe(G"];
219 Actor59 => Actor86 [label="RemoveMe(G"];
220 Actor59 => Actor87 [label="RemoveMe(G"];
221 Actor59 => Actor88 [label="RemoveMe(G"];
222 Actor59 => Actor89 [label="RemoveMe(G"];
223 Actor59 => Actor90 [label="RemoveMe(G"];
224 Actor59 => Actor91 [label="RemoveMe(G"];
225 Actor59 => Actor92 [label="RemoveMe(G"];
226 Actor59 => Actor93 [label="RemoveMe(G"];
227 Actor59 => Actor94 [label="RemoveMe(G"];
228 Actor59 => Actor95 [label="RemoveMe(G"];
229 Actor59 => Actor96 [label="RemoveMe(G"];
230 Actor59 => Actor97 [label="RemoveMe(G"];
231 Actor59 => Actor98 [label="RemoveMe(G"];
232 Actor59 => Actor99 [label="RemoveMe(G"];
233 Actor59 => Actor100 [label="RemoveMe(G"];
234 Actor59 => Actor0 [label="Finish"];
235 Actor59 <= Actor72 [label="Rumor"];
236 Actor59 <= Actor42 [label="RemoveMe(G"];
237 Actor59 <= Actor95 [label="Rumor"];
238 Actor59 <= Actor24 [label="RemoveMe(G"];
239 Actor59 <= Actor90 [label="RemoveMe(G"];
240 Actor59 <= Actor63 [label="RemoveMe(G"];
241 Actor59 <= Actor58 [label="RemoveMe(G"];
242 Actor59 <= Actor94 [label="RemoveMe(G"];
243 Actor59 <= Actor12 [label="RemoveMe(G"];
244 Actor59 <= Actor70 [label="RemoveMe(G"];
245 Actor59 <= Actor16 [label="RemoveMe(G"];
246 Actor59 <= Actor59 [label="Remind"];
247 Actor59 <= Actor5 [label="RemoveMe(G"];
293 Actor59 <= Actor10 [label="RemoveMe(G"];
406 Actor59 <= Actor37 [label="RemoveMe(G"];
407 Actor59 <= Actor88 [label="RemoveMe(G"];
408 Actor59 <= Actor99 [label="RemoveMe(G"];
409 Actor59 <= Actor84 [label="RemoveMe(G"];
410 Actor59 <= Actor93 [label="RemoveMe(G"];
411 Actor59 <= Actor1 [label="RemoveMe(G"];
412 Actor59 <= Actor97 [label="RemoveMe(G"];
413 Actor59 <= Actor27 [label="RemoveMe(G"];
414 Actor59 <= Actor11 [label="RemoveMe(G"];
415 Actor59 <= Actor76 [label="RemoveMe(G"];
416 Actor59 <= Actor32 [label="RemoveMe(G"];
417 Actor59 <= Actor8 [label="RemoveMe(G"];
418 Actor59 <= Actor28 [label="RemoveMe(G"];
423 Actor59 <= Actor72 [label="RemoveMe(G"];
424 Actor59 <= Actor57 [label="RemoveMe(G"];
425 Actor59 <= Actor7 [label="RemoveMe(G"];
426 Actor59 <= Actor98 [label="RemoveMe(G"];
427 Actor59 <= Actor41 [label="RemoveMe(G"];
428 Actor59 <= Actor81 [label="RemoveMe(G"];
429 Actor59 <= Actor36 [label="RemoveMe(G"];
430 Actor59 <= Actor21 [label="RemoveMe(G"];
431 Actor59 <= Actor35 [label="RemoveMe(G"];
432 Actor59 <= Actor38 [label="RemoveMe(G"];
433 Actor59 <= Actor15 [label="RemoveMe(G"];
434 Actor59 <= Actor55 [label="RemoveMe(G"];
435 Actor59 <= Actor79 [label="RemoveMe(G"];
436 Actor59 <= Actor34 [label="RemoveMe(G"];
437 Actor59 <= Actor69 [label="RemoveMe(G"];
438 Actor59 <= Actor53 [label="RemoveMe(G"];
439 Actor59 <= Actor46 [label="RemoveMe(G"];
440 Actor59 <= Actor75 [label="RemoveMe(G"];
441 Actor59 <= Actor2 [label="RemoveMe(G"];
442 Actor59 <= Actor51 [label="RemoveMe(G"];
443 Actor59 <= Actor25 [label="RemoveMe(G"];
444 Actor59 <= Actor18 [label="RemoveMe(G"];
445 Actor59 <= Actor62 [label="RemoveMe(G"];
446 Actor59 <= Actor67 [label="RemoveMe(G"];
447 Actor59 <= Actor65 [label="RemoveMe(G"];
448 Actor59 <= Actor71 [label="RemoveMe(G"];
449 Actor59 <= Actor66 [label="RemoveMe(G"];
450 Actor59 <= Actor82 [label="RemoveMe(G"];
451 Actor59 <= Actor14 [label="RemoveMe(G"];
452 Actor59 <= Actor52 [label="RemoveMe(G"];
453 Actor59 <= Actor78 [label="RemoveMe(G"];
454 Actor59 <= Actor86 [label="RemoveMe(G"];
455 Actor59 <= Actor87 [label="RemoveMe(G"];
456 Actor59 <= Actor89 [label="RemoveMe(G"];
457 Actor59 <= Actor49 [label="RemoveMe(G"];
458 Actor59 <= Actor68 [label="RemoveMe(G"];
459 Actor59 <= Actor3 [label="RemoveMe(G"];
460 Actor59 <= Actor60 [label="RemoveMe(G"];
1114 Actor59 <= Actor0 [label="ShutDown"];
