6 Actor6 <= Actor0 [label="Set(Master"];
126 Actor6 <= Actor42 [label="RemoveMe(G"];
135 Actor6 <= Actor63 [label="RemoveMe(G"];
136 Actor6 <= Actor94 [label="RemoveMe(G"];
166 Actor6 <= Actor24 [label="RemoveMe(G"];
167 Actor6 <= Actor90 [label="RemoveMe(G"];
170 Actor6 <= Actor58 [label="RemoveMe(G"];
183 Actor6 <= Actor88 [label="RemoveMe(G"];
323 Actor6 <= Actor56 [label="Rumor"];
324 Actor6 => Actor53 [label="Rumor"];
325 Actor6 => Actor6 [label="Remind"];
326 Actor6 <= Actor70 [label="RemoveMe(G"];
327 Actor6 <= Actor5 [label="RemoveMe(G"];
328 Actor6 <= Actor12 [label="RemoveMe(G"];
329 Actor6 <= Actor16 [label="RemoveMe(G"];
357 Actor6 <= Actor37 [label="RemoveMe(G"];
358 Actor6 <= Actor10 [label="RemoveMe(G"];
359 Actor6 <= Actor84 [label="RemoveMe(G"];
360 Actor6 <= Actor6 [label="Remind"];
361 Actor6 => Actor55 [label="Rumor"];
362 Actor6 => Actor6 [label="Remind"];
363 Actor6 <= Actor59 [label="RemoveMe(G"];
364 Actor6 <= Actor6 [label="Remind"];
365 Actor6 => Actor60 [label="Rumor"];
366 Actor6 => Actor6 [label="Remind"];
367 Actor6 <= Actor6 [label="Remind"];
368 Actor6 => Actor72 [label="Rumor"];
369 Actor6 => Actor6 [label="Remind"];
370 Actor6 <= Actor99 [label="RemoveMe(G"];
371 Actor6 <= Actor6 [label="Remind"];
372 Actor6 => Actor47 [label="Rumor"];
373 Actor6 => Actor6 [label="Remind"];
374 Actor6 <= Actor6 [label="Remind"];
375 Actor6 => Actor7 [label="Rumor"];
376 Actor6 => Actor6 [label="Remind"];
377 Actor6 <= Actor6 [label="Remind"];
378 Actor6 => Actor23 [label="Rumor"];
379 Actor6 => Actor6 [label="Remind"];
380 Actor6 <= Actor6 [label="Remind"];
381 Actor6 => Actor25 [label="Rumor"];
382 Actor6 => Actor6 [label="Remind"];
383 Actor6 <= Actor6 [label="Remind"];
384 Actor6 => Actor87 [label="Rumor"];
385 Actor6 => Actor6 [label="Remind"];
386 Actor6 <= Actor6 [label="Remind"];
387 Actor6 => Actor39 [label="Rumor"];
388 Actor6 => Actor6 [label="Remind"];
389 Actor6 <= Actor6 [label="Remind"];
390 Actor6 => Actor52 [label="Rumor"];
391 Actor6 => Actor6 [label="Remind"];
392 Actor6 <= Actor6 [label="Remind"];
393 Actor6 => Actor13 [label="Rumor"];
394 Actor6 => Actor6 [label="Remind"];
395 Actor6 <= Actor6 [label="Remind"];
396 Actor6 => Actor78 [label="Rumor"];
397 Actor6 => Actor6 [label="Remind"];
398 Actor6 <= Actor6 [label="Remind"];
399 Actor6 => Actor54 [label="Rumor"];
400 Actor6 => Actor6 [label="Remind"];
401 Actor6 <= Actor6 [label="Remind"];
402 Actor6 => Actor46 [label="Rumor"];
403 Actor6 => Actor6 [label="Remind"];
404 Actor6 <= Actor6 [label="Remind"];
405 Actor6 => Actor82 [label="Rumor"];
406 Actor6 => Actor6 [label="Remind"];
407 Actor6 <= Actor6 [label="Remind"];
408 Actor6 => Actor23 [label="Rumor"];
409 Actor6 => Actor6 [label="Remind"];
410 Actor6 <= Actor6 [label="Remind"];
411 Actor6 => Actor31 [label="Rumor"];
412 Actor6 => Actor6 [label="Remind"];
413 Actor6 <= Actor6 [label="Remind"];
414 Actor6 => Actor57 [label="Rumor"];
415 Actor6 => Actor6 [label="Remind"];
416 Actor6 <= Actor6 [label="Remind"];
417 Actor6 => Actor20 [label="Rumor"];
418 Actor6 => Actor6 [label="Remind"];
419 Actor6 <= Actor6 [label="Remind"];
420 Actor6 => Actor27 [label="Rumor"];
421 Actor6 => Actor6 [label="Remind"];
422 Actor6 <= Actor6 [label="Remind"];
423 Actor6 => Actor54 [label="Rumor"];
424 Actor6 => Actor6 [label="Remind"];
425 Actor6 <= Actor6 [label="Remind"];
426 Actor6 => Actor45 [label="Rumor"];
427 Actor6 => Actor6 [label="Remind"];
428 Actor6 <= Actor6 [label="Remind"];
429 Actor6 => Actor14 [label="Rumor"];
430 Actor6 => Actor6 [label="Remind"];
431 Actor6 <= Actor6 [label="Remind"];
432 Actor6 => Actor69 [label="Rumor"];
433 Actor6 => Actor6 [label="Remind"];
434 Actor6 <= Actor6 [label="Remind"];
435 Actor6 => Actor41 [label="Rumor"];
436 Actor6 => Actor6 [label="Remind"];
437 Actor6 <= Actor6 [label="Remind"];
438 Actor6 => Actor33 [label="Rumor"];
439 Actor6 => Actor6 [label="Remind"];
440 Actor6 <= Actor6 [label="Remind"];
441 Actor6 => Actor15 [label="Rumor"];
442 Actor6 => Actor6 [label="Remind"];
443 Actor6 <= Actor6 [label="Remind"];
444 Actor6 => Actor32 [label="Rumor"];
445 Actor6 => Actor6 [label="Remind"];
446 Actor6 <= Actor6 [label="Remind"];
447 Actor6 => Actor55 [label="Rumor"];
448 Actor6 => Actor6 [label="Remind"];
449 Actor6 <= Actor93 [label="RemoveMe(G"];
450 Actor6 <= Actor1 [label="RemoveMe(G"];
451 Actor6 <= Actor97 [label="RemoveMe(G"];
452 Actor6 <= Actor27 [label="RemoveMe(G"];
453 Actor6 <= Actor32 [label="RemoveMe(G"];
454 Actor6 <= Actor11 [label="RemoveMe(G"];
455 Actor6 <= Actor76 [label="RemoveMe(G"];
456 Actor6 <= Actor28 [label="RemoveMe(G"];
457 Actor6 <= Actor8 [label="RemoveMe(G"];
458 Actor6 <= Actor15 [label="RemoveMe(G"];
459 Actor6 <= Actor81 [label="RemoveMe(G"];
460 Actor6 <= Actor72 [label="RemoveMe(G"];
461 Actor6 <= Actor57 [label="RemoveMe(G"];
462 Actor6 <= Actor7 [label="RemoveMe(G"];
463 Actor6 <= Actor98 [label="RemoveMe(G"];
464 Actor6 <= Actor41 [label="RemoveMe(G"];
465 Actor6 <= Actor38 [label="RemoveMe(G"];
466 Actor6 <= Actor36 [label="RemoveMe(G"];
467 Actor6 <= Actor13 [label="RemoveMe(G"];
468 Actor6 <= Actor21 [label="RemoveMe(G"];
469 Actor6 <= Actor35 [label="RemoveMe(G"];
470 Actor6 <= Actor79 [label="RemoveMe(G"];
471 Actor6 <= Actor55 [label="RemoveMe(G"];
472 Actor6 <= Actor53 [label="RemoveMe(G"];
473 Actor6 <= Actor46 [label="RemoveMe(G"];
474 Actor6 <= Actor34 [label="RemoveMe(G"];
475 Actor6 <= Actor69 [label="RemoveMe(G"];
476 Actor6 <= Actor75 [label="RemoveMe(G"];
477 Actor6 <= Actor2 [label="RemoveMe(G"];
478 Actor6 <= Actor51 [label="RemoveMe(G"];
479 Actor6 <= Actor25 [label="RemoveMe(G"];
480 Actor6 <= Actor18 [label="RemoveMe(G"];
481 Actor6 <= Actor39 [label="RemoveMe(G"];
482 Actor6 <= Actor62 [label="RemoveMe(G"];
483 Actor6 <= Actor6 [label="Remind"];
484 Actor6 => Actor85 [label="Rumor"];
485 Actor6 => Actor6 [label="Remind"];
486 Actor6 <= Actor45 [label="RemoveMe(G"];
487 Actor6 <= Actor47 [label="RemoveMe(G"];
488 Actor6 <= Actor67 [label="RemoveMe(G"];
489 Actor6 <= Actor33 [label="RemoveMe(G"];
490 Actor6 <= Actor65 [label="RemoveMe(G"];
491 Actor6 <= Actor71 [label="RemoveMe(G"];
492 Actor6 <= Actor73 [label="RemoveMe(G"];
493 Actor6 <= Actor64 [label="RemoveMe(G"];
494 Actor6 <= Actor6 [label="Remind"];
495 Actor6 => Actor77 [label="Rumor"];
496 Actor6 => Actor6 [label="Remind"];
497 Actor6 <= Actor6 [label="Remind"];
498 Actor6 => Actor29 [label="Rumor"];
499 Actor6 => Actor6 [label="Remind"];
500 Actor6 <= Actor66 [label="RemoveMe(G"];
501 Actor6 <= Actor82 [label="RemoveMe(G"];
521 Actor6 <= Actor4 [label="RemoveMe(G"];
522 Actor6 <= Actor100 [label="RemoveMe(G"];
523 Actor6 <= Actor83 [label="RemoveMe(G"];
524 Actor6 <= Actor14 [label="RemoveMe(G"];
525 Actor6 <= Actor20 [label="RemoveMe(G"];
526 Actor6 <= Actor52 [label="RemoveMe(G"];
527 Actor6 <= Actor78 [label="RemoveMe(G"];
528 Actor6 <= Actor54 [label="RemoveMe(G"];
529 Actor6 <= Actor85 [label="RemoveMe(G"];
530 Actor6 <= Actor86 [label="RemoveMe(G"];
531 Actor6 <= Actor87 [label="RemoveMe(G"];
532 Actor6 <= Actor89 [label="RemoveMe(G"];
533 Actor6 <= Actor6 [label="Remind"];
534 Actor6 => Actor31 [label="Rumor"];
535 Actor6 => Actor6 [label="Remind"];
536 Actor6 <= Actor96 [label="RemoveMe(G"];
537 Actor6 <= Actor92 [label="RemoveMe(G"];
538 Actor6 <= Actor49 [label="RemoveMe(G"];
539 Actor6 <= Actor6 [label="Remind"];
540 Actor6 => Actor26 [label="Rumor"];
541 Actor6 => Actor6 [label="Remind"];
542 Actor6 <= Actor6 [label="Remind"];
543 Actor6 => Actor29 [label="Rumor"];
544 Actor6 => Actor6 [label="Remind"];
545 Actor6 <= Actor6 [label="Remind"];
546 Actor6 => Actor50 [label="Rumor"];
547 Actor6 => Actor6 [label="Remind"];
548 Actor6 <= Actor6 [label="Remind"];
549 Actor6 => Actor80 [label="Rumor"];
550 Actor6 => Actor6 [label="Remind"];
551 Actor6 <= Actor6 [label="Remind"];
552 Actor6 => Actor29 [label="Rumor"];
553 Actor6 => Actor6 [label="Remind"];
554 Actor6 <= Actor6 [label="Remind"];
555 Actor6 => Actor48 [label="Rumor"];
556 Actor6 => Actor6 [label="Remind"];
557 Actor6 <= Actor6 [label="Remind"];
558 Actor6 => Actor50 [label="Rumor"];
559 Actor6 => Actor6 [label="Remind"];
560 Actor6 <= Actor6 [label="Remind"];
561 Actor6 => Actor3 [label="Rumor"];
562 Actor6 => Actor6 [label="Remind"];
563 Actor6 <= Actor91 [label="RemoveMe(G"];
564 Actor6 <= Actor6 [label="Remind"];
565 Actor6 => Actor19 [label="Rumor"];
566 Actor6 => Actor6 [label="Remind"];
567 Actor6 <= Actor6 [label="Remind"];
568 Actor6 => Actor17 [label="Rumor"];
569 Actor6 => Actor6 [label="Remind"];
570 Actor6 <= Actor6 [label="Remind"];
571 Actor6 => Actor40 [label="Rumor"];
572 Actor6 => Actor6 [label="Remind"];
573 Actor6 <= Actor6 [label="Remind"];
574 Actor6 => Actor48 [label="Rumor"];
575 Actor6 => Actor6 [label="Remind"];
576 Actor6 <= Actor6 [label="Remind"];
577 Actor6 => Actor60 [label="Rumor"];
578 Actor6 => Actor6 [label="Remind"];
579 Actor6 <= Actor6 [label="Remind"];
580 Actor6 => Actor44 [label="Rumor"];
581 Actor6 => Actor6 [label="Remind"];
582 Actor6 <= Actor6 [label="Remind"];
583 Actor6 => Actor80 [label="Rumor"];
584 Actor6 => Actor6 [label="Remind"];
585 Actor6 <= Actor6 [label="Remind"];
586 Actor6 => Actor60 [label="Rumor"];
587 Actor6 => Actor6 [label="Remind"];
588 Actor6 <= Actor6 [label="Remind"];
589 Actor6 => Actor22 [label="Rumor"];
590 Actor6 => Actor6 [label="Remind"];
591 Actor6 <= Actor6 [label="Remind"];
592 Actor6 => Actor26 [label="Rumor"];
593 Actor6 => Actor6 [label="Remind"];
594 Actor6 <= Actor6 [label="Remind"];
595 Actor6 => Actor60 [label="Rumor"];
596 Actor6 => Actor6 [label="Remind"];
597 Actor6 <= Actor6 [label="Remind"];
598 Actor6 => Actor19 [label="Rumor"];
599 Actor6 => Actor6 [label="Remind"];
600 Actor6 <= Actor6 [label="Remind"];
601 Actor6 => Actor50 [label="Rumor"];
602 Actor6 => Actor6 [label="Remind"];
603 Actor6 <= Actor6 [label="Remind"];
604 Actor6 => Actor26 [label="Rumor"];
605 Actor6 => Actor6 [label="Remind"];
606 Actor6 <= Actor6 [label="Remind"];
607 Actor6 => Actor80 [label="Rumor"];
608 Actor6 => Actor6 [label="Remind"];
609 Actor6 <= Actor6 [label="Remind"];
610 Actor6 => Actor77 [label="Rumor"];
611 Actor6 => Actor6 [label="Remind"];
612 Actor6 <= Actor6 [label="Remind"];
613 Actor6 => Actor68 [label="Rumor"];
614 Actor6 => Actor6 [label="Remind"];
615 Actor6 <= Actor6 [label="Remind"];
616 Actor6 => Actor95 [label="Rumor"];
617 Actor6 => Actor6 [label="Remind"];
618 Actor6 <= Actor6 [label="Remind"];
619 Actor6 => Actor77 [label="Rumor"];
620 Actor6 => Actor6 [label="Remind"];
621 Actor6 <= Actor6 [label="Remind"];
622 Actor6 => Actor74 [label="Rumor"];
623 Actor6 => Actor6 [label="Remind"];
624 Actor6 <= Actor6 [label="Remind"];
625 Actor6 => Actor22 [label="Rumor"];
626 Actor6 => Actor6 [label="Remind"];
627 Actor6 <= Actor6 [label="Remind"];
628 Actor6 => Actor56 [label="Rumor"];
629 Actor6 => Actor6 [label="Remind"];
630 Actor6 <= Actor6 [label="Remind"];
631 Actor6 => Actor80 [label="Rumor"];
632 Actor6 => Actor6 [label="Remind"];
633 Actor6 <= Actor6 [label="Remind"];
634 Actor6 => Actor22 [label="Rumor"];
635 Actor6 => Actor6 [label="Remind"];
636 Actor6 <= Actor6 [label="Remind"];
637 Actor6 => Actor68 [label="Rumor"];
638 Actor6 => Actor6 [label="Remind"];
639 Actor6 <= Actor6 [label="Remind"];
640 Actor6 => Actor9 [label="Rumor"];
641 Actor6 => Actor6 [label="Remind"];
642 Actor6 <= Actor6 [label="Remind"];
643 Actor6 => Actor43 [label="Rumor"];
644 Actor6 => Actor6 [label="Remind"];
645 Actor6 <= Actor6 [label="Remind"];
646 Actor6 => Actor61 [label="Rumor"];
647 Actor6 => Actor6 [label="Remind"];
648 Actor6 <= Actor6 [label="Remind"];
649 Actor6 => Actor60 [label="Rumor"];
650 Actor6 => Actor6 [label="Remind"];
651 Actor6 <= Actor6 [label="Remind"];
652 Actor6 => Actor22 [label="Rumor"];
653 Actor6 => Actor6 [label="Remind"];
654 Actor6 <= Actor6 [label="Remind"];
655 Actor6 => Actor48 [label="Rumor"];
656 Actor6 => Actor6 [label="Remind"];
657 Actor6 <= Actor6 [label="Remind"];
658 Actor6 => Actor80 [label="Rumor"];
659 Actor6 => Actor6 [label="Remind"];
660 Actor6 <= Actor6 [label="Remind"];
661 Actor6 => Actor77 [label="Rumor"];
662 Actor6 => Actor6 [label="Remind"];
663 Actor6 <= Actor6 [label="Remind"];
664 Actor6 => Actor29 [label="Rumor"];
665 Actor6 => Actor6 [label="Remind"];
666 Actor6 <= Actor6 [label="Remind"];
667 Actor6 => Actor23 [label="Rumor"];
668 Actor6 => Actor6 [label="Remind"];
669 Actor6 <= Actor6 [label="Remind"];
670 Actor6 => Actor61 [label="Rumor"];
671 Actor6 => Actor6 [label="Remind"];
672 Actor6 <= Actor6 [label="Remind"];
673 Actor6 => Actor68 [label="Rumor"];
674 Actor6 => Actor6 [label="Remind"];
675 Actor6 <= Actor6 [label="Remind"];
676 Actor6 => Actor48 [label="Rumor"];
677 Actor6 => Actor6 [label="Remind"];
678 Actor6 <= Actor6 [label="Remind"];
679 Actor6 => Actor9 [label="Rumor"];
680 Actor6 => Actor6 [label="Remind"];
681 Actor6 <= Actor6 [label="Remind"];
682 Actor6 => Actor44 [label="Rumor"];
683 Actor6 => Actor6 [label="Remind"];
684 Actor6 <= Actor6 [label="Remind"];
685 Actor6 => Actor44 [label="Rumor"];
686 Actor6 => Actor6 [label="Remind"];
687 Actor6 <= Actor6 [label="Remind"];
688 Actor6 => Actor50 [label="Rumor"];
689 Actor6 => Actor6 [label="Remind"];
690 Actor6 <= Actor6 [label="Remind"];
691 Actor6 => Actor17 [label="Rumor"];
692 Actor6 => Actor6 [label="Remind"];
693 Actor6 <= Actor6 [label="Remind"];
694 Actor6 => Actor19 [label="Rumor"];
695 Actor6 => Actor6 [label="Remind"];
696 Actor6 <= Actor6 [label="Remind"];
697 Actor6 => Actor44 [label="Rumor"];
698 Actor6 => Actor6 [label="Remind"];
699 Actor6 <= Actor6 [label="Remind"];
700 Actor6 => Actor9 [label="Rumor"];
701 Actor6 => Actor6 [label="Remind"];
702 Actor6 <= Actor6 [label="Remind"];
703 Actor6 => Actor17 [label="Rumor"];
704 Actor6 => Actor6 [label="Remind"];
705 Actor6 <= Actor6 [label="Remind"];
706 Actor6 => Actor19 [label="Rumor"];
707 Actor6 => Actor6 [label="Remind"];
708 Actor6 <= Actor6 [label="Remind"];
709 Actor6 => Actor50 [label="Rumor"];
710 Actor6 => Actor6 [label="Remind"];
711 Actor6 <= Actor6 [label="Remind"];
712 Actor6 => Actor60 [label="Rumor"];
713 Actor6 => Actor6 [label="Remind"];
714 Actor6 <= Actor6 [label="Remind"];
715 Actor6 => Actor23 [label="Rumor"];
716 Actor6 => Actor6 [label="Remind"];
717 Actor6 <= Actor6 [label="Remind"];
718 Actor6 => Actor44 [label="Rumor"];
719 Actor6 => Actor6 [label="Remind"];
720 Actor6 <= Actor6 [label="Remind"];
721 Actor6 => Actor30 [label="Rumor"];
722 Actor6 => Actor6 [label="Remind"];
723 Actor6 <= Actor6 [label="Remind"];
724 Actor6 => Actor9 [label="Rumor"];
725 Actor6 => Actor6 [label="Remind"];
726 Actor6 <= Actor6 [label="Remind"];
727 Actor6 => Actor43 [label="Rumor"];
728 Actor6 => Actor6 [label="Remind"];
729 Actor6 <= Actor6 [label="Remind"];
730 Actor6 => Actor77 [label="Rumor"];
731 Actor6 => Actor6 [label="Remind"];
732 Actor6 <= Actor6 [label="Remind"];
733 Actor6 => Actor30 [label="Rumor"];
734 Actor6 => Actor6 [label="Remind"];
735 Actor6 <= Actor6 [label="Remind"];
736 Actor6 => Actor50 [label="Rumor"];
737 Actor6 => Actor6 [label="Remind"];
738 Actor6 <= Actor6 [label="Remind"];
739 Actor6 => Actor50 [label="Rumor"];
740 Actor6 => Actor6 [label="Remind"];
741 Actor6 <= Actor6 [label="Remind"];
742 Actor6 => Actor31 [label="Rumor"];
743 Actor6 => Actor6 [label="Remind"];
744 Actor6 <= Actor6 [label="Remind"];
745 Actor6 => Actor77 [label="Rumor"];
746 Actor6 => Actor6 [label="Remind"];
747 Actor6 <= Actor6 [label="Remind"];
748 Actor6 => Actor30 [label="Rumor"];
749 Actor6 => Actor6 [label="Remind"];
750 Actor6 <= Actor6 [label="Remind"];
751 Actor6 => Actor31 [label="Rumor"];
752 Actor6 => Actor6 [label="Remind"];
753 Actor6 <= Actor6 [label="Remind"];
754 Actor6 => Actor95 [label="Rumor"];
755 Actor6 => Actor6 [label="Remind"];
756 Actor6 <= Actor6 [label="Remind"];
757 Actor6 => Actor19 [label="Rumor"];
758 Actor6 => Actor6 [label="Remind"];
759 Actor6 <= Actor6 [label="Remind"];
760 Actor6 => Actor48 [label="Rumor"];
761 Actor6 => Actor6 [label="Remind"];
762 Actor6 <= Actor6 [label="Remind"];
763 Actor6 => Actor44 [label="Rumor"];
764 Actor6 => Actor6 [label="Remind"];
765 Actor6 <= Actor6 [label="Remind"];
766 Actor6 => Actor77 [label="Rumor"];
767 Actor6 => Actor6 [label="Remind"];
768 Actor6 <= Actor6 [label="Remind"];
769 Actor6 => Actor9 [label="Rumor"];
770 Actor6 => Actor6 [label="Remind"];
771 Actor6 <= Actor6 [label="Remind"];
772 Actor6 => Actor29 [label="Rumor"];
773 Actor6 => Actor6 [label="Remind"];
774 Actor6 <= Actor6 [label="Remind"];
775 Actor6 => Actor40 [label="Rumor"];
776 Actor6 => Actor6 [label="Remind"];
777 Actor6 <= Actor6 [label="Remind"];
778 Actor6 => Actor30 [label="Rumor"];
779 Actor6 => Actor6 [label="Remind"];
780 Actor6 <= Actor6 [label="Remind"];
781 Actor6 => Actor60 [label="Rumor"];
782 Actor6 => Actor6 [label="Remind"];
783 Actor6 <= Actor6 [label="Remind"];
784 Actor6 => Actor9 [label="Rumor"];
785 Actor6 => Actor6 [label="Remind"];
786 Actor6 <= Actor6 [label="Remind"];
787 Actor6 => Actor23 [label="Rumor"];
788 Actor6 => Actor6 [label="Remind"];
789 Actor6 <= Actor6 [label="Remind"];
790 Actor6 => Actor3 [label="Rumor"];
791 Actor6 => Actor6 [label="Remind"];
792 Actor6 <= Actor6 [label="Remind"];
793 Actor6 => Actor80 [label="Rumor"];
794 Actor6 => Actor6 [label="Remind"];
795 Actor6 <= Actor6 [label="Remind"];
796 Actor6 => Actor22 [label="Rumor"];
797 Actor6 => Actor6 [label="Remind"];
798 Actor6 <= Actor6 [label="Remind"];
799 Actor6 => Actor22 [label="Rumor"];
800 Actor6 => Actor6 [label="Remind"];
801 Actor6 <= Actor6 [label="Remind"];
802 Actor6 => Actor68 [label="Rumor"];
803 Actor6 => Actor6 [label="Remind"];
804 Actor6 <= Actor6 [label="Remind"];
805 Actor6 => Actor22 [label="Rumor"];
806 Actor6 => Actor6 [label="Remind"];
807 Actor6 <= Actor6 [label="Remind"];
808 Actor6 => Actor40 [label="Rumor"];
809 Actor6 => Actor6 [label="Remind"];
810 Actor6 <= Actor6 [label="Remind"];
811 Actor6 => Actor74 [label="Rumor"];
812 Actor6 => Actor6 [label="Remind"];
813 Actor6 <= Actor6 [label="Remind"];
814 Actor6 => Actor29 [label="Rumor"];
815 Actor6 => Actor6 [label="Remind"];
816 Actor6 <= Actor6 [label="Remind"];
817 Actor6 => Actor30 [label="Rumor"];
818 Actor6 => Actor6 [label="Remind"];
819 Actor6 <= Actor6 [label="Remind"];
820 Actor6 => Actor95 [label="Rumor"];
821 Actor6 => Actor6 [label="Remind"];
822 Actor6 <= Actor6 [label="Remind"];
823 Actor6 => Actor60 [label="Rumor"];
824 Actor6 => Actor6 [label="Remind"];
825 Actor6 <= Actor6 [label="Remind"];
826 Actor6 => Actor3 [label="Rumor"];
827 Actor6 => Actor6 [label="Remind"];
828 Actor6 <= Actor6 [label="Remind"];
829 Actor6 => Actor3 [label="Rumor"];
830 Actor6 => Actor6 [label="Remind"];
831 Actor6 <= Actor6 [label="Remind"];
832 Actor6 => Actor77 [label="Rumor"];
833 Actor6 => Actor6 [label="Remind"];
834 Actor6 <= Actor6 [label="Remind"];
835 Actor6 => Actor61 [label="Rumor"];
836 Actor6 => Actor6 [label="Remind"];
837 Actor6 <= Actor6 [label="Remind"];
838 Actor6 => Actor50 [label="Rumor"];
839 Actor6 => Actor6 [label="Remind"];
840 Actor6 <= Actor6 [label="Remind"];
841 Actor6 => Actor74 [label="Rumor"];
842 Actor6 => Actor6 [label="Remind"];
843 Actor6 <= Actor6 [label="Remind"];
844 Actor6 => Actor17 [label="Rumor"];
845 Actor6 => Actor6 [label="Remind"];
846 Actor6 <= Actor6 [label="Remind"];
847 Actor6 => Actor77 [label="Rumor"];
848 Actor6 => Actor6 [label="Remind"];
849 Actor6 <= Actor9 [label="RemoveMe(G"];
850 Actor6 <= Actor68 [label="RemoveMe(G"];
851 Actor6 <= Actor50 [label="RemoveMe(G"];
852 Actor6 <= Actor74 [label="RemoveMe(G"];
853 Actor6 <= Actor77 [label="RemoveMe(G"];
854 Actor6 <= Actor3 [label="RemoveMe(G"];
855 Actor6 <= Actor31 [label="RemoveMe(G"];
856 Actor6 <= Actor23 [label="RemoveMe(G"];
857 Actor6 <= Actor26 [label="RemoveMe(G"];
858 Actor6 <= Actor6 [label="Remind"];
859 Actor6 => Actor29 [label="Rumor"];
860 Actor6 => Actor6 [label="Remind"];
861 Actor6 <= Actor6 [label="Remind"];
862 Actor6 => Actor56 [label="Rumor"];
863 Actor6 => Actor6 [label="Remind"];
864 Actor6 <= Actor6 [label="Remind"];
865 Actor6 => Actor95 [label="Rumor"];
866 Actor6 => Actor6 [label="Remind"];
867 Actor6 <= Actor6 [label="Remind"];
868 Actor6 => Actor56 [label="Rumor"];
869 Actor6 => Actor6 [label="Remind"];
870 Actor6 <= Actor6 [label="Remind"];
871 Actor6 => Actor22 [label="Rumor"];
872 Actor6 => Actor6 [label="Remind"];
873 Actor6 <= Actor6 [label="Remind"];
874 Actor6 => Actor80 [label="Rumor"];
875 Actor6 => Actor6 [label="Remind"];
876 Actor6 <= Actor60 [label="RemoveMe(G"];
877 Actor6 <= Actor61 [label="RemoveMe(G"];
878 Actor6 <= Actor44 [label="RemoveMe(G"];
879 Actor6 <= Actor19 [label="RemoveMe(G"];
880 Actor6 <= Actor43 [label="RemoveMe(G"];
881 Actor6 <= Actor40 [label="RemoveMe(G"];
882 Actor6 <= Actor48 [label="RemoveMe(G"];
883 Actor6 <= Actor56 [label="RemoveMe(G"];
884 Actor6 <= Actor95 [label="RemoveMe(G"];
885 Actor6 <= Actor80 [label="RemoveMe(G"];
886 Actor6 <= Actor6 [label="Remind"];
887 Actor6 => Actor17 [label="Rumor"];
888 Actor6 => Actor6 [label="Remind"];
889 Actor6 <= Actor22 [label="RemoveMe(G"];
890 Actor6 <= Actor6 [label="Remind"];
891 Actor6 => Actor17 [label="Rumor"];
892 Actor6 => Actor6 [label="Remind"];
893 Actor6 <= Actor6 [label="Remind"];
894 Actor6 => Actor17 [label="Rumor"];
895 Actor6 => Actor6 [label="Remind"];
896 Actor6 <= Actor6 [label="Remind"];
897 Actor6 => Actor29 [label="Rumor"];
898 Actor6 => Actor6 [label="Remind"];
899 Actor6 <= Actor6 [label="Remind"];
900 Actor6 => Actor30 [label="Rumor"];
901 Actor6 => Actor6 [label="Remind"];
902 Actor6 <= Actor6 [label="Remind"];
903 Actor6 => Actor30 [label="Rumor"];
904 Actor6 => Actor6 [label="Remind"];
905 Actor6 <= Actor6 [label="Remind"];
906 Actor6 => Actor17 [label="Rumor"];
907 Actor6 => Actor6 [label="Remind"];
908 Actor6 <= Actor6 [label="Remind"];
909 Actor6 => Actor17 [label="Rumor"];
910 Actor6 => Actor6 [label="Remind"];
911 Actor6 <= Actor6 [label="Remind"];
912 Actor6 => Actor29 [label="Rumor"];
913 Actor6 => Actor6 [label="Remind"];
914 Actor6 <= Actor6 [label="Remind"];
915 Actor6 => Actor29 [label="Rumor"];
916 Actor6 => Actor6 [label="Remind"];
917 Actor6 <= Actor6 [label="Remind"];
918 Actor6 => Actor30 [label="Rumor"];
919 Actor6 => Actor6 [label="Remind"];
920 Actor6 <= Actor6 [label="Remind"];
921 Actor6 => Actor29 [label="Rumor"];
922 Actor6 => Actor6 [label="Remind"];
923 Actor6 <= Actor6 [label="Remind"];
924 Actor6 => Actor29 [label="Rumor"];
925 Actor6 => Actor6 [label="Remind"];
926 Actor6 <= Actor6 [label="Remind"];
927 Actor6 => Actor17 [label="Rumor"];
928 Actor6 => Actor6 [label="Remind"];
929 Actor6 <= Actor6 [label="Remind"];
930 Actor6 => Actor29 [label="Rumor"];
931 Actor6 => Actor6 [label="Remind"];
932 Actor6 <= Actor6 [label="Remind"];
933 Actor6 => Actor17 [label="Rumor"];
934 Actor6 => Actor6 [label="Remind"];
935 Actor6 <= Actor6 [label="Remind"];
936 Actor6 => Actor29 [label="Rumor"];
937 Actor6 => Actor6 [label="Remind"];
938 Actor6 <= Actor6 [label="Remind"];
939 Actor6 => Actor17 [label="Rumor"];
940 Actor6 => Actor6 [label="Remind"];
941 Actor6 <= Actor17 [label="RemoveMe(G"];
942 Actor6 <= Actor6 [label="Remind"];
943 Actor6 => Actor30 [label="Rumor"];
944 Actor6 => Actor6 [label="Remind"];
945 Actor6 <= Actor6 [label="Remind"];
946 Actor6 => Actor29 [label="Rumor"];
947 Actor6 => Actor6 [label="Remind"];
948 Actor6 <= Actor6 [label="Remind"];
949 Actor6 => Actor30 [label="Rumor"];
950 Actor6 => Actor6 [label="Remind"];
951 Actor6 <= Actor6 [label="Remind"];
952 Actor6 => Actor29 [label="Rumor"];
953 Actor6 => Actor6 [label="Remind"];
954 Actor6 <= Actor6 [label="Remind"];
955 Actor6 => Actor30 [label="Rumor"];
956 Actor6 => Actor6 [label="Remind"];
957 Actor6 <= Actor6 [label="Remind"];
958 Actor6 => Actor30 [label="Rumor"];
959 Actor6 => Actor6 [label="Remind"];
960 Actor6 <= Actor6 [label="Remind"];
961 Actor6 => Actor29 [label="Rumor"];
962 Actor6 => Actor6 [label="Remind"];
963 Actor6 <= Actor6 [label="Remind"];
964 Actor6 => Actor30 [label="Rumor"];
965 Actor6 => Actor6 [label="Remind"];
966 Actor6 <= Actor6 [label="Remind"];
967 Actor6 => Actor30 [label="Rumor"];
968 Actor6 => Actor6 [label="Remind"];
969 Actor6 <= Actor6 [label="Remind"];
970 Actor6 => Actor29 [label="Rumor"];
971 Actor6 => Actor6 [label="Remind"];
972 Actor6 <= Actor6 [label="Remind"];
973 Actor6 => Actor30 [label="Rumor"];
974 Actor6 => Actor6 [label="Remind"];
975 Actor6 <= Actor6 [label="Remind"];
976 Actor6 => Actor29 [label="Rumor"];
977 Actor6 => Actor6 [label="Remind"];
978 Actor6 <= Actor6 [label="Remind"];
979 Actor6 => Actor30 [label="Rumor"];
980 Actor6 => Actor6 [label="Remind"];
981 Actor6 <= Actor6 [label="Remind"];
982 Actor6 => Actor29 [label="Rumor"];
983 Actor6 => Actor6 [label="Remind"];
984 Actor6 <= Actor6 [label="Remind"];
985 Actor6 => Actor29 [label="Rumor"];
986 Actor6 => Actor6 [label="Remind"];
987 Actor6 <= Actor6 [label="Remind"];
988 Actor6 => Actor30 [label="Rumor"];
989 Actor6 => Actor6 [label="Remind"];
990 Actor6 <= Actor6 [label="Remind"];
991 Actor6 => Actor30 [label="Rumor"];
992 Actor6 => Actor6 [label="Remind"];
993 Actor6 <= Actor6 [label="Remind"];
994 Actor6 => Actor30 [label="Rumor"];
995 Actor6 => Actor6 [label="Remind"];
996 Actor6 <= Actor6 [label="Remind"];
997 Actor6 => Actor30 [label="Rumor"];
998 Actor6 => Actor6 [label="Remind"];
999 Actor6 <= Actor6 [label="Remind"];
1000 Actor6 => Actor29 [label="Rumor"];
1001 Actor6 => Actor6 [label="Remind"];
1002 Actor6 <= Actor6 [label="Remind"];
1003 Actor6 => Actor30 [label="Rumor"];
1004 Actor6 => Actor6 [label="Remind"];
1005 Actor6 <= Actor6 [label="Remind"];
1006 Actor6 => Actor30 [label="Rumor"];
1007 Actor6 => Actor6 [label="Remind"];
1008 Actor6 <= Actor6 [label="Remind"];
1009 Actor6 => Actor29 [label="Rumor"];
1010 Actor6 => Actor6 [label="Remind"];
1011 Actor6 <= Actor6 [label="Remind"];
1012 Actor6 => Actor29 [label="Rumor"];
1013 Actor6 => Actor6 [label="Remind"];
1014 Actor6 <= Actor6 [label="Remind"];
1015 Actor6 => Actor30 [label="Rumor"];
1016 Actor6 => Actor6 [label="Remind"];
1017 Actor6 <= Actor6 [label="Remind"];
1018 Actor6 => Actor30 [label="Rumor"];
1019 Actor6 => Actor6 [label="Remind"];
1020 Actor6 <= Actor6 [label="Remind"];
1021 Actor6 => Actor30 [label="Rumor"];
1022 Actor6 => Actor6 [label="Remind"];
1023 Actor6 <= Actor6 [label="Remind"];
1024 Actor6 => Actor30 [label="Rumor"];
1025 Actor6 => Actor6 [label="Remind"];
1026 Actor6 <= Actor6 [label="Remind"];
1027 Actor6 => Actor30 [label="Rumor"];
1028 Actor6 => Actor6 [label="Remind"];
1029 Actor6 <= Actor6 [label="Remind"];
1030 Actor6 => Actor29 [label="Rumor"];
1031 Actor6 => Actor6 [label="Remind"];
1032 Actor6 <= Actor6 [label="Remind"];
1033 Actor6 => Actor30 [label="Rumor"];
1034 Actor6 => Actor6 [label="Remind"];
1035 Actor6 <= Actor6 [label="Remind"];
1036 Actor6 => Actor30 [label="Rumor"];
1037 Actor6 => Actor6 [label="Remind"];
1038 Actor6 <= Actor6 [label="Remind"];
1039 Actor6 => Actor29 [label="Rumor"];
1040 Actor6 => Actor6 [label="Remind"];
1041 Actor6 <= Actor6 [label="Remind"];
1042 Actor6 => Actor30 [label="Rumor"];
1043 Actor6 => Actor6 [label="Remind"];
1044 Actor6 <= Actor6 [label="Remind"];
1045 Actor6 => Actor29 [label="Rumor"];
1046 Actor6 => Actor6 [label="Remind"];
1047 Actor6 <= Actor29 [label="RemoveMe(G"];
1048 Actor6 <= Actor6 [label="Remind"];
1049 Actor6 => Actor30 [label="Rumor"];
1050 Actor6 => Actor6 [label="Remind"];
1051 Actor6 <= Actor30 [label="RemoveMe(G"];
1052 Actor6 => Actor0 [label="NoNeighbor"];
1053 Actor6 => Actor0 [label="Finish"];
1054 Actor6 <= Actor6 [label="Remind"];
1061 Actor6 <= Actor0 [label="ShutDown"];
