60 Actor60 <= Actor0 [label="Set(Master"];
179 Actor60 <= Actor42 [label="RemoveMe(G"];
219 Actor60 <= Actor24 [label="RemoveMe(G"];
220 Actor60 <= Actor90 [label="RemoveMe(G"];
221 Actor60 <= Actor63 [label="RemoveMe(G"];
263 Actor60 <= Actor95 [label="Rumor"];
264 Actor60 => Actor75 [label="Rumor"];
265 Actor60 => Actor60 [label="Remind"];
281 Actor60 <= Actor95 [label="Rumor"];
282 Actor60 => Actor1 [label="RemoveMe(G"];
283 Actor60 => Actor2 [label="RemoveMe(G"];
284 Actor60 => Actor3 [label="RemoveMe(G"];
285 Actor60 => Actor4 [label="RemoveMe(G"];
286 Actor60 => Actor5 [label="RemoveMe(G"];
287 Actor60 => Actor6 [label="RemoveMe(G"];
288 Actor60 => Actor7 [label="RemoveMe(G"];
289 Actor60 => Actor8 [label="RemoveMe(G"];
290 Actor60 => Actor9 [label="RemoveMe(G"];
291 Actor60 => Actor10 [label="RemoveMe(G"];
292 Actor60 => Actor11 [label="RemoveMe(G"];
293 Actor60 => Actor12 [label="RemoveMe(G"];
294 Actor60 => Actor13 [label="RemoveMe(G"];
295 Actor60 => Actor14 [label="RemoveMe(G"];
296 Actor60 => Actor15 [label="RemoveMe(G"];
297 Actor60 => Actor16 [label="RemoveMe(G"];
298 Actor60 => Actor17 [label="RemoveMe(G"];
299 Actor60 => Actor18 [label="RemoveMe(G"];
300 Actor60 => Actor19 [label="RemoveMe(G"];
301 Actor60 => Actor20 [label="RemoveMe(G"];
302 Actor60 => Actor21 [label="RemoveMe(G"];
303 Actor60 => Actor22 [label="RemoveMe(G"];
304 Actor60 => Actor23 [label="RemoveMe(G"];
305 Actor60 => Actor25 [label="RemoveMe(G"];
306 Actor60 => Actor26 [label="RemoveMe(G"];
307 Actor60 => Actor27 [label="RemoveMe(G"];
308 Actor60 => Actor28 [label="RemoveMe(G"];
309 Actor60 => Actor29 [label="RemoveMe(G"];
310 Actor60 => Actor30 [label="RemoveMe(G"];
311 Actor60 => Actor31 [label="RemoveMe(G"];
312 Actor60 => Actor32 [label="RemoveMe(G"];
313 Actor60 => Actor33 [label="RemoveMe(G"];
314 Actor60 => Actor34 [label="RemoveMe(G"];
315 Actor60 => Actor35 [label="RemoveMe(G"];
316 Actor60 => Actor36 [label="RemoveMe(G"];
317 Actor60 => Actor37 [label="RemoveMe(G"];
318 Actor60 => Actor38 [label="RemoveMe(G"];
319 Actor60 => Actor39 [label="RemoveMe(G"];
320 Actor60 => Actor40 [label="RemoveMe(G"];
321 Actor60 => Actor41 [label="RemoveMe(G"];
322 Actor60 => Actor43 [label="RemoveMe(G"];
323 Actor60 => Actor44 [label="RemoveMe(G"];
324 Actor60 => Actor45 [label="RemoveMe(G"];
325 Actor60 => Actor46 [label="RemoveMe(G"];
326 Actor60 => Actor47 [label="RemoveMe(G"];
327 Actor60 => Actor48 [label="RemoveMe(G"];
328 Actor60 => Actor49 [label="RemoveMe(G"];
329 Actor60 => Actor50 [label="RemoveMe(G"];
330 Actor60 => Actor51 [label="RemoveMe(G"];
331 Actor60 => Actor52 [label="RemoveMe(G"];
332 Actor60 => Actor53 [label="RemoveMe(G"];
333 Actor60 => Actor54 [label="RemoveMe(G"];
334 Actor60 => Actor55 [label="RemoveMe(G"];
335 Actor60 => Actor56 [label="RemoveMe(G"];
336 Actor60 => Actor57 [label="RemoveMe(G"];
337 Actor60 => Actor58 [label="RemoveMe(G"];
338 Actor60 => Actor59 [label="RemoveMe(G"];
339 Actor60 => Actor61 [label="RemoveMe(G"];
340 Actor60 => Actor62 [label="RemoveMe(G"];
341 Actor60 => Actor64 [label="RemoveMe(G"];
342 Actor60 => Actor65 [label="RemoveMe(G"];
343 Actor60 => Actor66 [label="RemoveMe(G"];
344 Actor60 => Actor67 [label="RemoveMe(G"];
345 Actor60 => Actor68 [label="RemoveMe(G"];
346 Actor60 => Actor69 [label="RemoveMe(G"];
347 Actor60 => Actor70 [label="RemoveMe(G"];
348 Actor60 => Actor71 [label="RemoveMe(G"];
349 Actor60 => Actor72 [label="RemoveMe(G"];
350 Actor60 => Actor73 [label="RemoveMe(G"];
351 Actor60 => Actor74 [label="RemoveMe(G"];
352 Actor60 => Actor75 [label="RemoveMe(G"];
353 Actor60 => Actor76 [label="RemoveMe(G"];
354 Actor60 => Actor77 [label="RemoveMe(G"];
355 Actor60 => Actor78 [label="RemoveMe(G"];
356 Actor60 => Actor79 [label="RemoveMe(G"];
357 Actor60 => Actor80 [label="RemoveMe(G"];
358 Actor60 => Actor81 [label="RemoveMe(G"];
359 Actor60 => Actor82 [label="RemoveMe(G"];
360 Actor60 => Actor83 [label="RemoveMe(G"];
361 Actor60 => Actor84 [label="RemoveMe(G"];
362 Actor60 => Actor85 [label="RemoveMe(G"];
363 Actor60 => Actor86 [label="RemoveMe(G"];
364 Actor60 => Actor87 [label="RemoveMe(G"];
365 Actor60 => Actor88 [label="RemoveMe(G"];
366 Actor60 => Actor89 [label="RemoveMe(G"];
367 Actor60 => Actor91 [label="RemoveMe(G"];
368 Actor60 => Actor92 [label="RemoveMe(G"];
369 Actor60 => Actor93 [label="RemoveMe(G"];
370 Actor60 => Actor94 [label="RemoveMe(G"];
371 Actor60 => Actor95 [label="RemoveMe(G"];
372 Actor60 => Actor96 [label="RemoveMe(G"];
373 Actor60 => Actor97 [label="RemoveMe(G"];
374 Actor60 => Actor98 [label="RemoveMe(G"];
375 Actor60 => Actor99 [label="RemoveMe(G"];
376 Actor60 => Actor100 [label="RemoveMe(G"];
377 Actor60 => Actor0 [label="Finish"];
378 Actor60 <= Actor58 [label="RemoveMe(G"];
379 Actor60 <= Actor95 [label="Rumor"];
380 Actor60 <= Actor94 [label="RemoveMe(G"];
381 Actor60 <= Actor12 [label="RemoveMe(G"];
382 Actor60 <= Actor70 [label="RemoveMe(G"];
383 Actor60 <= Actor16 [label="RemoveMe(G"];
384 Actor60 <= Actor9 [label="Rumor"];
385 Actor60 <= Actor5 [label="RemoveMe(G"];
386 Actor60 <= Actor10 [label="RemoveMe(G"];
387 Actor60 <= Actor59 [label="RemoveMe(G"];
407 Actor60 <= Actor37 [label="RemoveMe(G"];
408 Actor60 <= Actor6 [label="Rumor"];
409 Actor60 <= Actor88 [label="RemoveMe(G"];
410 Actor60 <= Actor99 [label="RemoveMe(G"];
411 Actor60 <= Actor84 [label="RemoveMe(G"];
412 Actor60 <= Actor93 [label="RemoveMe(G"];
413 Actor60 <= Actor1 [label="RemoveMe(G"];
414 Actor60 <= Actor97 [label="RemoveMe(G"];
415 Actor60 <= Actor27 [label="RemoveMe(G"];
416 Actor60 <= Actor11 [label="RemoveMe(G"];
417 Actor60 <= Actor76 [label="RemoveMe(G"];
418 Actor60 <= Actor32 [label="RemoveMe(G"];
419 Actor60 <= Actor8 [label="RemoveMe(G"];
420 Actor60 <= Actor28 [label="RemoveMe(G"];
424 Actor60 <= Actor72 [label="RemoveMe(G"];
425 Actor60 <= Actor57 [label="RemoveMe(G"];
426 Actor60 <= Actor7 [label="RemoveMe(G"];
427 Actor60 <= Actor98 [label="RemoveMe(G"];
428 Actor60 <= Actor41 [label="RemoveMe(G"];
429 Actor60 <= Actor81 [label="RemoveMe(G"];
430 Actor60 <= Actor36 [label="RemoveMe(G"];
445 Actor60 <= Actor13 [label="RemoveMe(G"];
446 Actor60 <= Actor21 [label="RemoveMe(G"];
447 Actor60 <= Actor35 [label="RemoveMe(G"];
448 Actor60 <= Actor38 [label="RemoveMe(G"];
449 Actor60 <= Actor15 [label="RemoveMe(G"];
450 Actor60 <= Actor55 [label="RemoveMe(G"];
451 Actor60 <= Actor79 [label="RemoveMe(G"];
452 Actor60 <= Actor34 [label="RemoveMe(G"];
453 Actor60 <= Actor69 [label="RemoveMe(G"];
454 Actor60 <= Actor53 [label="RemoveMe(G"];
455 Actor60 <= Actor46 [label="RemoveMe(G"];
456 Actor60 <= Actor75 [label="RemoveMe(G"];
457 Actor60 <= Actor2 [label="RemoveMe(G"];
458 Actor60 <= Actor51 [label="RemoveMe(G"];
459 Actor60 <= Actor25 [label="RemoveMe(G"];
460 Actor60 <= Actor18 [label="RemoveMe(G"];
461 Actor60 <= Actor39 [label="RemoveMe(G"];
462 Actor60 <= Actor45 [label="Rumor"];
478 Actor60 <= Actor45 [label="RemoveMe(G"];
479 Actor60 <= Actor47 [label="RemoveMe(G"];
480 Actor60 <= Actor62 [label="RemoveMe(G"];
481 Actor60 <= Actor19 [label="Rumor"];
482 Actor60 <= Actor67 [label="RemoveMe(G"];
506 Actor60 <= Actor33 [label="RemoveMe(G"];
507 Actor60 <= Actor71 [label="RemoveMe(G"];
508 Actor60 <= Actor73 [label="RemoveMe(G"];
509 Actor60 <= Actor64 [label="RemoveMe(G"];
510 Actor60 <= Actor66 [label="RemoveMe(G"];
511 Actor60 <= Actor65 [label="RemoveMe(G"];
512 Actor60 <= Actor82 [label="RemoveMe(G"];
543 Actor60 <= Actor4 [label="RemoveMe(G"];
544 Actor60 <= Actor100 [label="RemoveMe(G"];
545 Actor60 <= Actor14 [label="RemoveMe(G"];
546 Actor60 <= Actor20 [label="RemoveMe(G"];
547 Actor60 <= Actor52 [label="RemoveMe(G"];
548 Actor60 <= Actor78 [label="RemoveMe(G"];
549 Actor60 <= Actor54 [label="RemoveMe(G"];
550 Actor60 <= Actor83 [label="RemoveMe(G"];
551 Actor60 <= Actor85 [label="RemoveMe(G"];
552 Actor60 <= Actor86 [label="RemoveMe(G"];
553 Actor60 <= Actor87 [label="RemoveMe(G"];
554 Actor60 <= Actor89 [label="Rumor"];
555 Actor60 <= Actor89 [label="RemoveMe(G"];
556 Actor60 <= Actor92 [label="RemoveMe(G"];
557 Actor60 <= Actor96 [label="RemoveMe(G"];
558 Actor60 <= Actor49 [label="RemoveMe(G"];
578 Actor60 <= Actor6 [label="Rumor"];
587 Actor60 <= Actor6 [label="Rumor"];
588 Actor60 <= Actor91 [label="RemoveMe(G"];
596 Actor60 <= Actor6 [label="Rumor"];
650 Actor60 <= Actor6 [label="Rumor"];
713 Actor60 <= Actor6 [label="Rumor"];
782 Actor60 <= Actor6 [label="Rumor"];
824 Actor60 <= Actor6 [label="Rumor"];
825 Actor60 <= Actor9 [label="RemoveMe(G"];
826 Actor60 <= Actor68 [label="RemoveMe(G"];
827 Actor60 <= Actor50 [label="RemoveMe(G"];
828 Actor60 <= Actor77 [label="RemoveMe(G"];
829 Actor60 <= Actor74 [label="RemoveMe(G"];
830 Actor60 <= Actor3 [label="RemoveMe(G"];
831 Actor60 <= Actor31 [label="RemoveMe(G"];
832 Actor60 <= Actor26 [label="RemoveMe(G"];
833 Actor60 <= Actor23 [label="RemoveMe(G"];
834 Actor60 <= Actor60 [label="Remind"];
835 Actor60 <= Actor61 [label="RemoveMe(G"];
836 Actor60 <= Actor44 [label="RemoveMe(G"];
837 Actor60 <= Actor19 [label="RemoveMe(G"];
838 Actor60 <= Actor40 [label="RemoveMe(G"];
839 Actor60 <= Actor48 [label="RemoveMe(G"];
840 Actor60 <= Actor56 [label="RemoveMe(G"];
841 Actor60 <= Actor43 [label="RemoveMe(G"];
842 Actor60 <= Actor95 [label="RemoveMe(G"];
843 Actor60 <= Actor80 [label="RemoveMe(G"];
844 Actor60 <= Actor22 [label="RemoveMe(G"];
845 Actor60 <= Actor17 [label="RemoveMe(G"];
846 Actor60 <= Actor29 [label="RemoveMe(G"];
847 Actor60 <= Actor30 [label="RemoveMe(G"];
1115 Actor60 <= Actor0 [label="ShutDown"];
