61 Actor61 <= Actor0 [label="Set(Master"];
180 Actor61 <= Actor42 [label="RemoveMe(G"];
220 Actor61 <= Actor24 [label="RemoveMe(G"];
221 Actor61 <= Actor90 [label="RemoveMe(G"];
222 Actor61 <= Actor63 [label="RemoveMe(G"];
284 Actor61 <= Actor95 [label="Rumor"];
285 Actor61 => Actor65 [label="Rumor"];
286 Actor61 => Actor61 [label="Remind"];
287 Actor61 <= Actor58 [label="RemoveMe(G"];
288 Actor61 <= Actor94 [label="RemoveMe(G"];
289 Actor61 <= Actor12 [label="RemoveMe(G"];
290 Actor61 <= Actor70 [label="RemoveMe(G"];
291 Actor61 <= Actor16 [label="RemoveMe(G"];
292 Actor61 <= Actor5 [label="RemoveMe(G"];
295 Actor61 <= Actor10 [label="RemoveMe(G"];
296 Actor61 <= Actor59 [label="RemoveMe(G"];
408 Actor61 <= Actor37 [label="RemoveMe(G"];
409 Actor61 <= Actor88 [label="RemoveMe(G"];
410 Actor61 <= Actor99 [label="RemoveMe(G"];
411 Actor61 <= Actor84 [label="RemoveMe(G"];
412 Actor61 <= Actor93 [label="RemoveMe(G"];
413 Actor61 <= Actor1 [label="RemoveMe(G"];
414 Actor61 <= Actor97 [label="Rumor"];
415 Actor61 => Actor2 [label="RemoveMe(G"];
416 Actor61 => Actor3 [label="RemoveMe(G"];
417 Actor61 => Actor4 [label="RemoveMe(G"];
418 Actor61 => Actor6 [label="RemoveMe(G"];
419 Actor61 => Actor7 [label="RemoveMe(G"];
420 Actor61 => Actor8 [label="RemoveMe(G"];
421 Actor61 => Actor9 [label="RemoveMe(G"];
422 Actor61 => Actor11 [label="RemoveMe(G"];
423 Actor61 => Actor13 [label="RemoveMe(G"];
424 Actor61 => Actor14 [label="RemoveMe(G"];
425 Actor61 => Actor15 [label="RemoveMe(G"];
426 Actor61 => Actor17 [label="RemoveMe(G"];
427 Actor61 => Actor18 [label="RemoveMe(G"];
428 Actor61 => Actor19 [label="RemoveMe(G"];
429 Actor61 => Actor20 [label="RemoveMe(G"];
430 Actor61 => Actor21 [label="RemoveMe(G"];
431 Actor61 => Actor22 [label="RemoveMe(G"];
432 Actor61 => Actor23 [label="RemoveMe(G"];
433 Actor61 => Actor25 [label="RemoveMe(G"];
434 Actor61 => Actor26 [label="RemoveMe(G"];
435 Actor61 => Actor27 [label="RemoveMe(G"];
436 Actor61 => Actor28 [label="RemoveMe(G"];
437 Actor61 => Actor29 [label="RemoveMe(G"];
438 Actor61 => Actor30 [label="RemoveMe(G"];
439 Actor61 => Actor31 [label="RemoveMe(G"];
440 Actor61 => Actor32 [label="RemoveMe(G"];
441 Actor61 => Actor33 [label="RemoveMe(G"];
442 Actor61 => Actor34 [label="RemoveMe(G"];
443 Actor61 => Actor35 [label="RemoveMe(G"];
444 Actor61 => Actor36 [label="RemoveMe(G"];
445 Actor61 => Actor38 [label="RemoveMe(G"];
446 Actor61 => Actor39 [label="RemoveMe(G"];
447 Actor61 => Actor40 [label="RemoveMe(G"];
448 Actor61 => Actor41 [label="RemoveMe(G"];
449 Actor61 => Actor43 [label="RemoveMe(G"];
450 Actor61 => Actor44 [label="RemoveMe(G"];
451 Actor61 => Actor45 [label="RemoveMe(G"];
452 Actor61 => Actor46 [label="RemoveMe(G"];
453 Actor61 => Actor47 [label="RemoveMe(G"];
454 Actor61 => Actor48 [label="RemoveMe(G"];
455 Actor61 => Actor49 [label="RemoveMe(G"];
456 Actor61 => Actor50 [label="RemoveMe(G"];
457 Actor61 => Actor51 [label="RemoveMe(G"];
458 Actor61 => Actor52 [label="RemoveMe(G"];
459 Actor61 => Actor53 [label="RemoveMe(G"];
460 Actor61 => Actor54 [label="RemoveMe(G"];
461 Actor61 => Actor55 [label="RemoveMe(G"];
462 Actor61 => Actor56 [label="RemoveMe(G"];
463 Actor61 => Actor57 [label="RemoveMe(G"];
464 Actor61 => Actor60 [label="RemoveMe(G"];
465 Actor61 => Actor62 [label="RemoveMe(G"];
466 Actor61 => Actor64 [label="RemoveMe(G"];
467 Actor61 => Actor65 [label="RemoveMe(G"];
468 Actor61 => Actor66 [label="RemoveMe(G"];
469 Actor61 => Actor67 [label="RemoveMe(G"];
470 Actor61 => Actor68 [label="RemoveMe(G"];
471 Actor61 => Actor69 [label="RemoveMe(G"];
472 Actor61 => Actor71 [label="RemoveMe(G"];
473 Actor61 => Actor72 [label="RemoveMe(G"];
474 Actor61 => Actor73 [label="RemoveMe(G"];
475 Actor61 => Actor74 [label="RemoveMe(G"];
476 Actor61 => Actor75 [label="RemoveMe(G"];
477 Actor61 => Actor76 [label="RemoveMe(G"];
478 Actor61 => Actor77 [label="RemoveMe(G"];
479 Actor61 => Actor78 [label="RemoveMe(G"];
480 Actor61 => Actor79 [label="RemoveMe(G"];
481 Actor61 => Actor80 [label="RemoveMe(G"];
482 Actor61 => Actor81 [label="RemoveMe(G"];
483 Actor61 => Actor82 [label="RemoveMe(G"];
484 Actor61 => Actor83 [label="RemoveMe(G"];
485 Actor61 => Actor85 [label="RemoveMe(G"];
486 Actor61 => Actor86 [label="RemoveMe(G"];
487 Actor61 => Actor87 [label="RemoveMe(G"];
488 Actor61 => Actor89 [label="RemoveMe(G"];
489 Actor61 => Actor91 [label="RemoveMe(G"];
490 Actor61 => Actor92 [label="RemoveMe(G"];
491 Actor61 => Actor95 [label="RemoveMe(G"];
492 Actor61 => Actor96 [label="RemoveMe(G"];
493 Actor61 => Actor97 [label="RemoveMe(G"];
494 Actor61 => Actor98 [label="RemoveMe(G"];
495 Actor61 => Actor100 [label="RemoveMe(G"];
496 Actor61 => Actor0 [label="Finish"];
497 Actor61 <= Actor97 [label="RemoveMe(G"];
498 Actor61 <= Actor27 [label="RemoveMe(G"];
499 Actor61 <= Actor11 [label="RemoveMe(G"];
500 Actor61 <= Actor76 [label="RemoveMe(G"];
501 Actor61 <= Actor32 [label="RemoveMe(G"];
502 Actor61 <= Actor8 [label="RemoveMe(G"];
503 Actor61 <= Actor28 [label="RemoveMe(G"];
504 Actor61 <= Actor72 [label="RemoveMe(G"];
505 Actor61 <= Actor57 [label="RemoveMe(G"];
506 Actor61 <= Actor7 [label="RemoveMe(G"];
507 Actor61 <= Actor98 [label="RemoveMe(G"];
508 Actor61 <= Actor81 [label="RemoveMe(G"];
509 Actor61 <= Actor36 [label="RemoveMe(G"];
510 Actor61 <= Actor41 [label="RemoveMe(G"];
511 Actor61 <= Actor13 [label="RemoveMe(G"];
512 Actor61 <= Actor21 [label="RemoveMe(G"];
513 Actor61 <= Actor35 [label="RemoveMe(G"];
514 Actor61 <= Actor38 [label="RemoveMe(G"];
515 Actor61 <= Actor15 [label="RemoveMe(G"];
516 Actor61 <= Actor55 [label="RemoveMe(G"];
517 Actor61 <= Actor79 [label="RemoveMe(G"];
518 Actor61 <= Actor34 [label="RemoveMe(G"];
519 Actor61 <= Actor69 [label="RemoveMe(G"];
520 Actor61 <= Actor53 [label="RemoveMe(G"];
521 Actor61 <= Actor46 [label="RemoveMe(G"];
522 Actor61 <= Actor75 [label="RemoveMe(G"];
523 Actor61 <= Actor2 [label="RemoveMe(G"];
524 Actor61 <= Actor51 [label="RemoveMe(G"];
525 Actor61 <= Actor25 [label="RemoveMe(G"];
526 Actor61 <= Actor18 [label="RemoveMe(G"];
527 Actor61 <= Actor39 [label="RemoveMe(G"];
528 Actor61 <= Actor19 [label="Rumor"];
529 Actor61 <= Actor19 [label="Rumor"];
530 Actor61 <= Actor45 [label="RemoveMe(G"];
531 Actor61 <= Actor47 [label="RemoveMe(G"];
532 Actor61 <= Actor62 [label="RemoveMe(G"];
533 Actor61 <= Actor61 [label="Remind"];
534 Actor61 <= Actor67 [label="RemoveMe(G"];
535 Actor61 <= Actor33 [label="RemoveMe(G"];
536 Actor61 <= Actor71 [label="RemoveMe(G"];
537 Actor61 <= Actor73 [label="RemoveMe(G"];
538 Actor61 <= Actor64 [label="RemoveMe(G"];
539 Actor61 <= Actor66 [label="RemoveMe(G"];
540 Actor61 <= Actor65 [label="RemoveMe(G"];
541 Actor61 <= Actor82 [label="RemoveMe(G"];
544 Actor61 <= Actor4 [label="RemoveMe(G"];
545 Actor61 <= Actor100 [label="RemoveMe(G"];
546 Actor61 <= Actor14 [label="RemoveMe(G"];
547 Actor61 <= Actor52 [label="RemoveMe(G"];
548 Actor61 <= Actor20 [label="RemoveMe(G"];
549 Actor61 <= Actor78 [label="RemoveMe(G"];
550 Actor61 <= Actor54 [label="RemoveMe(G"];
551 Actor61 <= Actor83 [label="RemoveMe(G"];
552 Actor61 <= Actor85 [label="RemoveMe(G"];
553 Actor61 <= Actor86 [label="RemoveMe(G"];
554 Actor61 <= Actor87 [label="RemoveMe(G"];
555 Actor61 <= Actor89 [label="RemoveMe(G"];
556 Actor61 <= Actor92 [label="RemoveMe(G"];
557 Actor61 <= Actor96 [label="RemoveMe(G"];
558 Actor61 <= Actor49 [label="RemoveMe(G"];
559 Actor61 <= Actor91 [label="RemoveMe(G"];
647 Actor61 <= Actor6 [label="Rumor"];
671 Actor61 <= Actor6 [label="Rumor"];
836 Actor61 <= Actor6 [label="Rumor"];
837 Actor61 <= Actor9 [label="RemoveMe(G"];
838 Actor61 <= Actor68 [label="RemoveMe(G"];
839 Actor61 <= Actor50 [label="RemoveMe(G"];
840 Actor61 <= Actor77 [label="RemoveMe(G"];
841 Actor61 <= Actor74 [label="RemoveMe(G"];
842 Actor61 <= Actor3 [label="RemoveMe(G"];
843 Actor61 <= Actor31 [label="RemoveMe(G"];
844 Actor61 <= Actor26 [label="RemoveMe(G"];
845 Actor61 <= Actor23 [label="RemoveMe(G"];
846 Actor61 <= Actor60 [label="RemoveMe(G"];
847 Actor61 <= Actor44 [label="RemoveMe(G"];
848 Actor61 <= Actor19 [label="RemoveMe(G"];
849 Actor61 <= Actor40 [label="RemoveMe(G"];
850 Actor61 <= Actor48 [label="RemoveMe(G"];
851 Actor61 <= Actor56 [label="RemoveMe(G"];
852 Actor61 <= Actor43 [label="RemoveMe(G"];
853 Actor61 <= Actor95 [label="RemoveMe(G"];
854 Actor61 <= Actor80 [label="RemoveMe(G"];
855 Actor61 <= Actor22 [label="RemoveMe(G"];
856 Actor61 <= Actor17 [label="RemoveMe(G"];
857 Actor61 <= Actor29 [label="RemoveMe(G"];
858 Actor61 <= Actor30 [label="RemoveMe(G"];
1116 Actor61 <= Actor0 [label="ShutDown"];
