62 Actor62 <= Actor0 [label="Set(Master"];
156 Actor62 <= Actor58 [label="Rumor"];
157 Actor62 => Actor71 [label="Rumor"];
158 Actor62 => Actor62 [label="Remind"];
181 Actor62 <= Actor42 [label="RemoveMe(G"];
182 Actor62 <= Actor95 [label="Rumor"];
183 Actor62 => Actor1 [label="RemoveMe(G"];
184 Actor62 => Actor2 [label="RemoveMe(G"];
185 Actor62 => Actor3 [label="RemoveMe(G"];
186 Actor62 => Actor4 [label="RemoveMe(G"];
187 Actor62 => Actor5 [label="RemoveMe(G"];
188 Actor62 => Actor6 [label="RemoveMe(G"];
189 Actor62 => Actor7 [label="RemoveMe(G"];
190 Actor62 => Actor8 [label="RemoveMe(G"];
191 Actor62 => Actor9 [label="RemoveMe(G"];
192 Actor62 => Actor10 [label="RemoveMe(G"];
193 Actor62 => Actor11 [label="RemoveMe(G"];
194 Actor62 => Actor12 [label="RemoveMe(G"];
195 Actor62 => Actor13 [label="RemoveMe(G"];
196 Actor62 => Actor14 [label="RemoveMe(G"];
197 Actor62 => Actor15 [label="RemoveMe(G"];
198 Actor62 => Actor16 [label="RemoveMe(G"];
199 Actor62 => Actor17 [label="RemoveMe(G"];
200 Actor62 => Actor18 [label="RemoveMe(G"];
201 Actor62 => Actor19 [label="RemoveMe(G"];
202 Actor62 => Actor20 [label="RemoveMe(G"];
203 Actor62 => Actor21 [label="RemoveMe(G"];
204 Actor62 => Actor22 [label="RemoveMe(G"];
205 Actor62 => Actor23 [label="RemoveMe(G"];
206 Actor62 => Actor24 [label="RemoveMe(G"];
207 Actor62 => Actor25 [label="RemoveMe(G"];
208 Actor62 => Actor26 [label="RemoveMe(G"];
209 Actor62 => Actor27 [label="RemoveMe(G"];
210 Actor62 => Actor28 [label="RemoveMe(G"];
211 Actor62 => Actor29 [label="RemoveMe(G"];
212 Actor62 => Actor30 [label="RemoveMe(G"];
213 Actor62 => Actor31 [label="RemoveMe(G"];
214 Actor62 => Actor32 [label="RemoveMe(G"];
215 Actor62 => Actor33 [label="RemoveMe(G"];
216 Actor62 => Actor34 [label="RemoveMe(G"];
217 Actor62 => Actor35 [label="RemoveMe(G"];
218 Actor62 => Actor36 [label="RemoveMe(G"];
219 Actor62 => Actor37 [label="RemoveMe(G"];
220 Actor62 => Actor38 [label="RemoveMe(G"];
221 Actor62 => Actor39 [label="RemoveMe(G"];
222 Actor62 => Actor40 [label="RemoveMe(G"];
223 Actor62 => Actor41 [label="RemoveMe(G"];
224 Actor62 => Actor43 [label="RemoveMe(G"];
225 Actor62 => Actor44 [label="RemoveMe(G"];
226 Actor62 => Actor45 [label="RemoveMe(G"];
227 Actor62 => Actor46 [label="RemoveMe(G"];
228 Actor62 => Actor47 [label="RemoveMe(G"];
229 Actor62 => Actor48 [label="RemoveMe(G"];
230 Actor62 => Actor49 [label="RemoveMe(G"];
231 Actor62 => Actor50 [label="RemoveMe(G"];
232 Actor62 => Actor51 [label="RemoveMe(G"];
233 Actor62 => Actor52 [label="RemoveMe(G"];
234 Actor62 => Actor53 [label="RemoveMe(G"];
235 Actor62 => Actor54 [label="RemoveMe(G"];
236 Actor62 => Actor55 [label="RemoveMe(G"];
237 Actor62 => Actor56 [label="RemoveMe(G"];
238 Actor62 => Actor57 [label="RemoveMe(G"];
239 Actor62 => Actor58 [label="RemoveMe(G"];
240 Actor62 => Actor59 [label="RemoveMe(G"];
241 Actor62 => Actor60 [label="RemoveMe(G"];
242 Actor62 => Actor61 [label="RemoveMe(G"];
243 Actor62 => Actor63 [label="RemoveMe(G"];
244 Actor62 => Actor64 [label="RemoveMe(G"];
245 Actor62 => Actor65 [label="RemoveMe(G"];
246 Actor62 => Actor66 [label="RemoveMe(G"];
247 Actor62 => Actor67 [label="RemoveMe(G"];
248 Actor62 => Actor68 [label="RemoveMe(G"];
249 Actor62 => Actor69 [label="RemoveMe(G"];
250 Actor62 => Actor70 [label="RemoveMe(G"];
251 Actor62 => Actor71 [label="RemoveMe(G"];
252 Actor62 => Actor72 [label="RemoveMe(G"];
253 Actor62 => Actor73 [label="RemoveMe(G"];
254 Actor62 => Actor74 [label="RemoveMe(G"];
255 Actor62 => Actor75 [label="RemoveMe(G"];
256 Actor62 => Actor76 [label="RemoveMe(G"];
257 Actor62 => Actor77 [label="RemoveMe(G"];
258 Actor62 => Actor78 [label="RemoveMe(G"];
259 Actor62 => Actor79 [label="RemoveMe(G"];
260 Actor62 => Actor80 [label="RemoveMe(G"];
261 Actor62 => Actor81 [label="RemoveMe(G"];
262 Actor62 => Actor82 [label="RemoveMe(G"];
263 Actor62 => Actor83 [label="RemoveMe(G"];
264 Actor62 => Actor84 [label="RemoveMe(G"];
265 Actor62 => Actor85 [label="RemoveMe(G"];
266 Actor62 => Actor86 [label="RemoveMe(G"];
267 Actor62 => Actor87 [label="RemoveMe(G"];
268 Actor62 => Actor88 [label="RemoveMe(G"];
269 Actor62 => Actor89 [label="RemoveMe(G"];
270 Actor62 => Actor90 [label="RemoveMe(G"];
271 Actor62 => Actor91 [label="RemoveMe(G"];
272 Actor62 => Actor92 [label="RemoveMe(G"];
273 Actor62 => Actor93 [label="RemoveMe(G"];
274 Actor62 => Actor94 [label="RemoveMe(G"];
275 Actor62 => Actor95 [label="RemoveMe(G"];
276 Actor62 => Actor96 [label="RemoveMe(G"];
277 Actor62 => Actor97 [label="RemoveMe(G"];
278 Actor62 => Actor98 [label="RemoveMe(G"];
279 Actor62 => Actor99 [label="RemoveMe(G"];
280 Actor62 => Actor100 [label="RemoveMe(G"];
281 Actor62 => Actor0 [label="Finish"];
282 Actor62 <= Actor24 [label="RemoveMe(G"];
283 Actor62 <= Actor90 [label="RemoveMe(G"];
284 Actor62 <= Actor63 [label="RemoveMe(G"];
285 Actor62 <= Actor88 [label="Rumor"];
286 Actor62 <= Actor58 [label="RemoveMe(G"];
287 Actor62 <= Actor94 [label="RemoveMe(G"];
288 Actor62 <= Actor12 [label="RemoveMe(G"];
289 Actor62 <= Actor70 [label="RemoveMe(G"];
290 Actor62 <= Actor16 [label="RemoveMe(G"];
291 Actor62 <= Actor5 [label="RemoveMe(G"];
296 Actor62 <= Actor10 [label="RemoveMe(G"];
297 Actor62 <= Actor59 [label="RemoveMe(G"];
409 Actor62 <= Actor37 [label="RemoveMe(G"];
410 Actor62 <= Actor88 [label="RemoveMe(G"];
411 Actor62 <= Actor99 [label="RemoveMe(G"];
412 Actor62 <= Actor84 [label="RemoveMe(G"];
413 Actor62 <= Actor93 [label="RemoveMe(G"];
414 Actor62 <= Actor1 [label="RemoveMe(G"];
415 Actor62 <= Actor97 [label="RemoveMe(G"];
416 Actor62 <= Actor27 [label="RemoveMe(G"];
417 Actor62 <= Actor11 [label="RemoveMe(G"];
418 Actor62 <= Actor76 [label="RemoveMe(G"];
419 Actor62 <= Actor32 [label="RemoveMe(G"];
420 Actor62 <= Actor8 [label="RemoveMe(G"];
421 Actor62 <= Actor28 [label="RemoveMe(G"];
426 Actor62 <= Actor72 [label="RemoveMe(G"];
427 Actor62 <= Actor57 [label="RemoveMe(G"];
428 Actor62 <= Actor7 [label="RemoveMe(G"];
429 Actor62 <= Actor98 [label="RemoveMe(G"];
430 Actor62 <= Actor81 [label="RemoveMe(G"];
431 Actor62 <= Actor36 [label="RemoveMe(G"];
432 Actor62 <= Actor41 [label="RemoveMe(G"];
447 Actor62 <= Actor13 [label="RemoveMe(G"];
448 Actor62 <= Actor21 [label="RemoveMe(G"];
449 Actor62 <= Actor35 [label="RemoveMe(G"];
450 Actor62 <= Actor38 [label="RemoveMe(G"];
451 Actor62 <= Actor15 [label="RemoveMe(G"];
452 Actor62 <= Actor55 [label="RemoveMe(G"];
453 Actor62 <= Actor79 [label="RemoveMe(G"];
454 Actor62 <= Actor34 [label="RemoveMe(G"];
455 Actor62 <= Actor69 [label="RemoveMe(G"];
456 Actor62 <= Actor53 [label="RemoveMe(G"];
457 Actor62 <= Actor46 [label="RemoveMe(G"];
458 Actor62 <= Actor75 [label="RemoveMe(G"];
459 Actor62 <= Actor2 [label="RemoveMe(G"];
460 Actor62 <= Actor51 [label="RemoveMe(G"];
461 Actor62 <= Actor25 [label="RemoveMe(G"];
462 Actor62 <= Actor18 [label="RemoveMe(G"];
463 Actor62 <= Actor39 [label="RemoveMe(G"];
464 Actor62 <= Actor62 [label="Remind"];
465 Actor62 <= Actor47 [label="RemoveMe(G"];
480 Actor62 <= Actor45 [label="RemoveMe(G"];
481 Actor62 <= Actor67 [label="RemoveMe(G"];
482 Actor62 <= Actor71 [label="RemoveMe(G"];
483 Actor62 <= Actor64 [label="RemoveMe(G"];
484 Actor62 <= Actor73 [label="RemoveMe(G"];
485 Actor62 <= Actor66 [label="RemoveMe(G"];
486 Actor62 <= Actor65 [label="RemoveMe(G"];
487 Actor62 <= Actor82 [label="RemoveMe(G"];
488 Actor62 <= Actor100 [label="RemoveMe(G"];
489 Actor62 <= Actor14 [label="RemoveMe(G"];
490 Actor62 <= Actor52 [label="RemoveMe(G"];
491 Actor62 <= Actor20 [label="RemoveMe(G"];
492 Actor62 <= Actor78 [label="RemoveMe(G"];
493 Actor62 <= Actor54 [label="RemoveMe(G"];
494 Actor62 <= Actor86 [label="RemoveMe(G"];
495 Actor62 <= Actor87 [label="RemoveMe(G"];
496 Actor62 <= Actor89 [label="RemoveMe(G"];
532 Actor62 <= Actor92 [label="RemoveMe(G"];
533 Actor62 <= Actor96 [label="RemoveMe(G"];
534 Actor62 <= Actor49 [label="RemoveMe(G"];
535 Actor62 <= Actor91 [label="RemoveMe(G"];
536 Actor62 <= Actor68 [label="RemoveMe(G"];
537 Actor62 <= Actor50 [label="RemoveMe(G"];
538 Actor62 <= Actor74 [label="RemoveMe(G"];
539 Actor62 <= Actor3 [label="RemoveMe(G"];
540 Actor62 <= Actor31 [label="RemoveMe(G"];
541 Actor62 <= Actor23 [label="RemoveMe(G"];
542 Actor62 <= Actor60 [label="RemoveMe(G"];
543 Actor62 <= Actor61 [label="RemoveMe(G"];
544 Actor62 <= Actor44 [label="RemoveMe(G"];
545 Actor62 <= Actor48 [label="RemoveMe(G"];
546 Actor62 <= Actor56 [label="RemoveMe(G"];
547 Actor62 <= Actor95 [label="RemoveMe(G"];
548 Actor62 <= Actor80 [label="RemoveMe(G"];
549 Actor62 <= Actor30 [label="RemoveMe(G"];
1117 Actor62 <= Actor0 [label="ShutDown"];
