63 Actor63 <= Actor0 [label="Set(Master"];
110 Actor63 <= Actor53 [label="Rumor"];
111 Actor63 => Actor1 [label="Rumor"];
112 Actor63 => Actor63 [label="Remind"];
113 Actor63 <= Actor63 [label="Remind"];
114 Actor63 => Actor1 [label="Rumor"];
115 Actor63 => Actor63 [label="Remind"];
116 Actor63 <= Actor63 [label="Remind"];
117 Actor63 => Actor97 [label="Rumor"];
118 Actor63 => Actor63 [label="Remind"];
119 Actor63 <= Actor63 [label="Remind"];
120 Actor63 => Actor28 [label="Rumor"];
121 Actor63 => Actor63 [label="Remind"];
128 Actor63 <= Actor53 [label="Rumor"];
129 Actor63 => Actor1 [label="RemoveMe(G"];
130 Actor63 => Actor2 [label="RemoveMe(G"];
131 Actor63 => Actor3 [label="RemoveMe(G"];
132 Actor63 => Actor4 [label="RemoveMe(G"];
133 Actor63 => Actor5 [label="RemoveMe(G"];
134 Actor63 => Actor6 [label="RemoveMe(G"];
135 Actor63 => Actor7 [label="RemoveMe(G"];
136 Actor63 => Actor8 [label="RemoveMe(G"];
137 Actor63 => Actor9 [label="RemoveMe(G"];
138 Actor63 => Actor10 [label="RemoveMe(G"];
139 Actor63 => Actor11 [label="RemoveMe(G"];
140 Actor63 => Actor12 [label="RemoveMe(G"];
141 Actor63 => Actor13 [label="RemoveMe(G"];
142 Actor63 => Actor14 [label="RemoveMe(G"];
143 Actor63 => Actor15 [label="RemoveMe(G"];
144 Actor63 => Actor16 [label="RemoveMe(G"];
145 Actor63 => Actor17 [label="RemoveMe(G"];
146 Actor63 => Actor18 [label="RemoveMe(G"];
147 Actor63 => Actor19 [label="RemoveMe(G"];
148 Actor63 => Actor20 [label="RemoveMe(G"];
149 Actor63 => Actor21 [label="RemoveMe(G"];
150 Actor63 => Actor22 [label="RemoveMe(G"];
151 Actor63 => Actor23 [label="RemoveMe(G"];
152 Actor63 => Actor24 [label="RemoveMe(G"];
153 Actor63 => Actor25 [label="RemoveMe(G"];
154 Actor63 => Actor26 [label="RemoveMe(G"];
155 Actor63 => Actor27 [label="RemoveMe(G"];
156 Actor63 => Actor28 [label="RemoveMe(G"];
157 Actor63 => Actor29 [label="RemoveMe(G"];
158 Actor63 => Actor30 [label="RemoveMe(G"];
159 Actor63 => Actor31 [label="RemoveMe(G"];
160 Actor63 => Actor32 [label="RemoveMe(G"];
161 Actor63 => Actor33 [label="RemoveMe(G"];
162 Actor63 => Actor34 [label="RemoveMe(G"];
163 Actor63 => Actor35 [label="RemoveMe(G"];
164 Actor63 => Actor36 [label="RemoveMe(G"];
165 Actor63 => Actor37 [label="RemoveMe(G"];
166 Actor63 => Actor38 [label="RemoveMe(G"];
167 Actor63 => Actor39 [label="RemoveMe(G"];
168 Actor63 => Actor40 [label="RemoveMe(G"];
169 Actor63 => Actor41 [label="RemoveMe(G"];
170 Actor63 => Actor42 [label="RemoveMe(G"];
171 Actor63 => Actor43 [label="RemoveMe(G"];
172 Actor63 => Actor44 [label="RemoveMe(G"];
173 Actor63 => Actor45 [label="RemoveMe(G"];
174 Actor63 => Actor46 [label="RemoveMe(G"];
175 Actor63 => Actor47 [label="RemoveMe(G"];
176 Actor63 => Actor48 [label="RemoveMe(G"];
177 Actor63 => Actor49 [label="RemoveMe(G"];
178 Actor63 => Actor50 [label="RemoveMe(G"];
179 Actor63 => Actor51 [label="RemoveMe(G"];
180 Actor63 => Actor52 [label="RemoveMe(G"];
181 Actor63 => Actor53 [label="RemoveMe(G"];
182 Actor63 => Actor54 [label="RemoveMe(G"];
183 Actor63 => Actor55 [label="RemoveMe(G"];
184 Actor63 => Actor56 [label="RemoveMe(G"];
185 Actor63 => Actor57 [label="RemoveMe(G"];
186 Actor63 => Actor58 [label="RemoveMe(G"];
187 Actor63 => Actor59 [label="RemoveMe(G"];
188 Actor63 => Actor60 [label="RemoveMe(G"];
189 Actor63 => Actor61 [label="RemoveMe(G"];
190 Actor63 => Actor62 [label="RemoveMe(G"];
191 Actor63 => Actor64 [label="RemoveMe(G"];
192 Actor63 => Actor65 [label="RemoveMe(G"];
193 Actor63 => Actor66 [label="RemoveMe(G"];
194 Actor63 => Actor67 [label="RemoveMe(G"];
195 Actor63 => Actor68 [label="RemoveMe(G"];
196 Actor63 => Actor69 [label="RemoveMe(G"];
197 Actor63 => Actor70 [label="RemoveMe(G"];
198 Actor63 => Actor71 [label="RemoveMe(G"];
199 Actor63 => Actor72 [label="RemoveMe(G"];
200 Actor63 => Actor73 [label="RemoveMe(G"];
201 Actor63 => Actor74 [label="RemoveMe(G"];
202 Actor63 => Actor75 [label="RemoveMe(G"];
203 Actor63 => Actor76 [label="RemoveMe(G"];
204 Actor63 => Actor77 [label="RemoveMe(G"];
205 Actor63 => Actor78 [label="RemoveMe(G"];
206 Actor63 => Actor79 [label="RemoveMe(G"];
207 Actor63 => Actor80 [label="RemoveMe(G"];
208 Actor63 => Actor81 [label="RemoveMe(G"];
209 Actor63 => Actor82 [label="RemoveMe(G"];
210 Actor63 => Actor83 [label="RemoveMe(G"];
211 Actor63 => Actor84 [label="RemoveMe(G"];
212 Actor63 => Actor85 [label="RemoveMe(G"];
213 Actor63 => Actor86 [label="RemoveMe(G"];
214 Actor63 => Actor87 [label="RemoveMe(G"];
215 Actor63 => Actor88 [label="RemoveMe(G"];
216 Actor63 => Actor89 [label="RemoveMe(G"];
217 Actor63 => Actor90 [label="RemoveMe(G"];
218 Actor63 => Actor91 [label="RemoveMe(G"];
219 Actor63 => Actor92 [label="RemoveMe(G"];
220 Actor63 => Actor93 [label="RemoveMe(G"];
221 Actor63 => Actor94 [label="RemoveMe(G"];
222 Actor63 => Actor95 [label="RemoveMe(G"];
223 Actor63 => Actor96 [label="RemoveMe(G"];
224 Actor63 => Actor97 [label="RemoveMe(G"];
225 Actor63 => Actor98 [label="RemoveMe(G"];
226 Actor63 => Actor99 [label="RemoveMe(G"];
227 Actor63 => Actor100 [label="RemoveMe(G"];
228 Actor63 => Actor0 [label="Finish"];
229 Actor63 <= Actor63 [label="Remind"];
230 Actor63 <= Actor42 [label="RemoveMe(G"];
231 Actor63 <= Actor95 [label="Rumor"];
232 Actor63 <= Actor24 [label="RemoveMe(G"];
233 Actor63 <= Actor90 [label="RemoveMe(G"];
234 Actor63 <= Actor58 [label="RemoveMe(G"];
235 Actor63 <= Actor70 [label="RemoveMe(G"];
236 Actor63 <= Actor16 [label="RemoveMe(G"];
237 Actor63 <= Actor94 [label="RemoveMe(G"];
238 Actor63 <= Actor5 [label="RemoveMe(G"];
239 Actor63 <= Actor59 [label="RemoveMe(G"];
240 Actor63 <= Actor88 [label="RemoveMe(G"];
306 Actor63 <= Actor84 [label="RemoveMe(G"];
307 Actor63 <= Actor93 [label="RemoveMe(G"];
308 Actor63 <= Actor1 [label="RemoveMe(G"];
309 Actor63 <= Actor97 [label="RemoveMe(G"];
310 Actor63 <= Actor76 [label="RemoveMe(G"];
311 Actor63 <= Actor32 [label="RemoveMe(G"];
312 Actor63 <= Actor28 [label="RemoveMe(G"];
313 Actor63 <= Actor57 [label="RemoveMe(G"];
314 Actor63 <= Actor7 [label="RemoveMe(G"];
340 Actor63 <= Actor98 [label="RemoveMe(G"];
358 Actor63 <= Actor81 [label="RemoveMe(G"];
359 Actor63 <= Actor41 [label="RemoveMe(G"];
360 Actor63 <= Actor38 [label="RemoveMe(G"];
361 Actor63 <= Actor15 [label="RemoveMe(G"];
362 Actor63 <= Actor55 [label="RemoveMe(G"];
363 Actor63 <= Actor79 [label="RemoveMe(G"];
364 Actor63 <= Actor34 [label="RemoveMe(G"];
365 Actor63 <= Actor69 [label="RemoveMe(G"];
366 Actor63 <= Actor53 [label="RemoveMe(G"];
367 Actor63 <= Actor46 [label="RemoveMe(G"];
368 Actor63 <= Actor75 [label="RemoveMe(G"];
369 Actor63 <= Actor51 [label="RemoveMe(G"];
370 Actor63 <= Actor25 [label="RemoveMe(G"];
371 Actor63 <= Actor62 [label="RemoveMe(G"];
372 Actor63 <= Actor67 [label="RemoveMe(G"];
373 Actor63 <= Actor71 [label="RemoveMe(G"];
374 Actor63 <= Actor66 [label="RemoveMe(G"];
375 Actor63 <= Actor65 [label="RemoveMe(G"];
379 Actor63 <= Actor86 [label="RemoveMe(G"];
380 Actor63 <= Actor87 [label="RemoveMe(G"];
381 Actor63 <= Actor89 [label="RemoveMe(G"];
382 Actor63 <= Actor49 [label="RemoveMe(G"];
383 Actor63 <= Actor68 [label="RemoveMe(G"];
1118 Actor63 <= Actor0 [label="ShutDown"];
