64 Actor64 <= Actor0 [label="Set(Master"];
183 Actor64 <= Actor42 [label="RemoveMe(G"];
223 Actor64 <= Actor24 [label="RemoveMe(G"];
224 Actor64 <= Actor90 [label="RemoveMe(G"];
225 Actor64 <= Actor63 [label="RemoveMe(G"];
227 Actor64 <= Actor58 [label="RemoveMe(G"];
234 Actor64 <= Actor12 [label="RemoveMe(G"];
235 Actor64 <= Actor70 [label="RemoveMe(G"];
236 Actor64 <= Actor16 [label="RemoveMe(G"];
237 Actor64 <= Actor94 [label="RemoveMe(G"];
238 Actor64 <= Actor5 [label="RemoveMe(G"];
297 Actor64 <= Actor10 [label="RemoveMe(G"];
410 Actor64 <= Actor37 [label="RemoveMe(G"];
411 Actor64 <= Actor59 [label="RemoveMe(G"];
412 Actor64 <= Actor88 [label="RemoveMe(G"];
413 Actor64 <= Actor99 [label="RemoveMe(G"];
414 Actor64 <= Actor84 [label="RemoveMe(G"];
415 Actor64 <= Actor93 [label="RemoveMe(G"];
416 Actor64 <= Actor1 [label="RemoveMe(G"];
417 Actor64 <= Actor97 [label="RemoveMe(G"];
418 Actor64 <= Actor27 [label="RemoveMe(G"];
419 Actor64 <= Actor11 [label="RemoveMe(G"];
420 Actor64 <= Actor76 [label="RemoveMe(G"];
421 Actor64 <= Actor8 [label="RemoveMe(G"];
422 Actor64 <= Actor32 [label="RemoveMe(G"];
423 Actor64 <= Actor28 [label="RemoveMe(G"];
427 Actor64 <= Actor72 [label="RemoveMe(G"];
428 Actor64 <= Actor57 [label="RemoveMe(G"];
429 Actor64 <= Actor7 [label="RemoveMe(G"];
430 Actor64 <= Actor98 [label="RemoveMe(G"];
431 Actor64 <= Actor36 [label="Rumor"];
432 Actor64 => Actor65 [label="Rumor"];
433 Actor64 => Actor64 [label="Remind"];
434 Actor64 <= Actor81 [label="RemoveMe(G"];
435 Actor64 <= Actor36 [label="RemoveMe(G"];
436 Actor64 <= Actor41 [label="RemoveMe(G"];
437 Actor64 <= Actor21 [label="Rumor"];
438 Actor64 => Actor2 [label="RemoveMe(G"];
439 Actor64 => Actor3 [label="RemoveMe(G"];
440 Actor64 => Actor4 [label="RemoveMe(G"];
441 Actor64 => Actor6 [label="RemoveMe(G"];
442 Actor64 => Actor9 [label="RemoveMe(G"];
443 Actor64 => Actor13 [label="RemoveMe(G"];
444 Actor64 => Actor14 [label="RemoveMe(G"];
445 Actor64 => Actor15 [label="RemoveMe(G"];
446 Actor64 => Actor17 [label="RemoveMe(G"];
447 Actor64 => Actor18 [label="RemoveMe(G"];
448 Actor64 => Actor19 [label="RemoveMe(G"];
449 Actor64 => Actor20 [label="RemoveMe(G"];
450 Actor64 => Actor21 [label="RemoveMe(G"];
451 Actor64 => Actor22 [label="RemoveMe(G"];
452 Actor64 => Actor23 [label="RemoveMe(G"];
453 Actor64 => Actor25 [label="RemoveMe(G"];
454 Actor64 => Actor26 [label="RemoveMe(G"];
455 Actor64 => Actor29 [label="RemoveMe(G"];
456 Actor64 => Actor30 [label="RemoveMe(G"];
457 Actor64 => Actor31 [label="RemoveMe(G"];
458 Actor64 => Actor33 [label="RemoveMe(G"];
459 Actor64 => Actor34 [label="RemoveMe(G"];
460 Actor64 => Actor35 [label="RemoveMe(G"];
461 Actor64 => Actor38 [label="RemoveMe(G"];
462 Actor64 => Actor39 [label="RemoveMe(G"];
463 Actor64 => Actor40 [label="RemoveMe(G"];
464 Actor64 => Actor43 [label="RemoveMe(G"];
465 Actor64 => Actor44 [label="RemoveMe(G"];
466 Actor64 => Actor45 [label="RemoveMe(G"];
467 Actor64 => Actor46 [label="RemoveMe(G"];
468 Actor64 => Actor47 [label="RemoveMe(G"];
469 Actor64 => Actor48 [label="RemoveMe(G"];
470 Actor64 => Actor49 [label="RemoveMe(G"];
471 Actor64 => Actor50 [label="RemoveMe(G"];
472 Actor64 => Actor51 [label="RemoveMe(G"];
473 Actor64 => Actor52 [label="RemoveMe(G"];
474 Actor64 => Actor53 [label="RemoveMe(G"];
475 Actor64 => Actor54 [label="RemoveMe(G"];
476 Actor64 => Actor55 [label="RemoveMe(G"];
477 Actor64 => Actor56 [label="RemoveMe(G"];
478 Actor64 => Actor60 [label="RemoveMe(G"];
479 Actor64 => Actor61 [label="RemoveMe(G"];
480 Actor64 => Actor62 [label="RemoveMe(G"];
481 Actor64 => Actor65 [label="RemoveMe(G"];
482 Actor64 => Actor66 [label="RemoveMe(G"];
483 Actor64 => Actor67 [label="RemoveMe(G"];
484 Actor64 => Actor68 [label="RemoveMe(G"];
485 Actor64 => Actor69 [label="RemoveMe(G"];
486 Actor64 => Actor71 [label="RemoveMe(G"];
487 Actor64 => Actor73 [label="RemoveMe(G"];
488 Actor64 => Actor74 [label="RemoveMe(G"];
489 Actor64 => Actor75 [label="RemoveMe(G"];
490 Actor64 => Actor77 [label="RemoveMe(G"];
491 Actor64 => Actor78 [label="RemoveMe(G"];
492 Actor64 => Actor79 [label="RemoveMe(G"];
493 Actor64 => Actor80 [label="RemoveMe(G"];
494 Actor64 => Actor82 [label="RemoveMe(G"];
495 Actor64 => Actor83 [label="RemoveMe(G"];
496 Actor64 => Actor85 [label="RemoveMe(G"];
497 Actor64 => Actor86 [label="RemoveMe(G"];
498 Actor64 => Actor87 [label="RemoveMe(G"];
499 Actor64 => Actor89 [label="RemoveMe(G"];
500 Actor64 => Actor91 [label="RemoveMe(G"];
501 Actor64 => Actor92 [label="RemoveMe(G"];
502 Actor64 => Actor95 [label="RemoveMe(G"];
503 Actor64 => Actor96 [label="RemoveMe(G"];
504 Actor64 => Actor100 [label="RemoveMe(G"];
505 Actor64 => Actor0 [label="Finish"];
506 Actor64 <= Actor13 [label="RemoveMe(G"];
507 Actor64 <= Actor21 [label="RemoveMe(G"];
508 Actor64 <= Actor35 [label="RemoveMe(G"];
509 Actor64 <= Actor38 [label="RemoveMe(G"];
510 Actor64 <= Actor15 [label="RemoveMe(G"];
511 Actor64 <= Actor55 [label="RemoveMe(G"];
512 Actor64 <= Actor79 [label="RemoveMe(G"];
513 Actor64 <= Actor34 [label="RemoveMe(G"];
514 Actor64 <= Actor69 [label="RemoveMe(G"];
515 Actor64 <= Actor53 [label="RemoveMe(G"];
516 Actor64 <= Actor46 [label="RemoveMe(G"];
517 Actor64 <= Actor75 [label="RemoveMe(G"];
518 Actor64 <= Actor2 [label="RemoveMe(G"];
519 Actor64 <= Actor51 [label="RemoveMe(G"];
520 Actor64 <= Actor25 [label="RemoveMe(G"];
521 Actor64 <= Actor18 [label="RemoveMe(G"];
522 Actor64 <= Actor39 [label="RemoveMe(G"];
523 Actor64 <= Actor47 [label="RemoveMe(G"];
524 Actor64 <= Actor45 [label="RemoveMe(G"];
525 Actor64 <= Actor62 [label="RemoveMe(G"];
526 Actor64 <= Actor67 [label="RemoveMe(G"];
527 Actor64 <= Actor33 [label="RemoveMe(G"];
528 Actor64 <= Actor64 [label="Remind"];
529 Actor64 <= Actor71 [label="RemoveMe(G"];
530 Actor64 <= Actor73 [label="RemoveMe(G"];
531 Actor64 <= Actor66 [label="RemoveMe(G"];
532 Actor64 <= Actor65 [label="RemoveMe(G"];
533 Actor64 <= Actor82 [label="RemoveMe(G"];
545 Actor64 <= Actor4 [label="RemoveMe(G"];
546 Actor64 <= Actor100 [label="RemoveMe(G"];
547 Actor64 <= Actor14 [label="RemoveMe(G"];
548 Actor64 <= Actor52 [label="RemoveMe(G"];
549 Actor64 <= Actor20 [label="RemoveMe(G"];
550 Actor64 <= Actor78 [label="RemoveMe(G"];
551 Actor64 <= Actor54 [label="RemoveMe(G"];
552 Actor64 <= Actor83 [label="RemoveMe(G"];
553 Actor64 <= Actor86 [label="RemoveMe(G"];
554 Actor64 <= Actor87 [label="RemoveMe(G"];
555 Actor64 <= Actor89 [label="RemoveMe(G"];
556 Actor64 <= Actor92 [label="RemoveMe(G"];
557 Actor64 <= Actor96 [label="RemoveMe(G"];
558 Actor64 <= Actor49 [label="RemoveMe(G"];
559 Actor64 <= Actor91 [label="RemoveMe(G"];
560 Actor64 <= Actor68 [label="RemoveMe(G"];
561 Actor64 <= Actor50 [label="RemoveMe(G"];
562 Actor64 <= Actor74 [label="RemoveMe(G"];
563 Actor64 <= Actor3 [label="RemoveMe(G"];
564 Actor64 <= Actor31 [label="RemoveMe(G"];
565 Actor64 <= Actor23 [label="RemoveMe(G"];
566 Actor64 <= Actor60 [label="RemoveMe(G"];
567 Actor64 <= Actor61 [label="RemoveMe(G"];
568 Actor64 <= Actor44 [label="RemoveMe(G"];
569 Actor64 <= Actor48 [label="RemoveMe(G"];
570 Actor64 <= Actor56 [label="RemoveMe(G"];
571 Actor64 <= Actor95 [label="RemoveMe(G"];
572 Actor64 <= Actor80 [label="RemoveMe(G"];
573 Actor64 <= Actor30 [label="RemoveMe(G"];
1119 Actor64 <= Actor0 [label="ShutDown"];
