65 Actor65 <= Actor0 [label="Set(Master"];
184 Actor65 <= Actor42 [label="RemoveMe(G"];
224 Actor65 <= Actor24 [label="RemoveMe(G"];
225 Actor65 <= Actor90 [label="RemoveMe(G"];
226 Actor65 <= Actor95 [label="Rumor"];
227 Actor65 => Actor39 [label="Rumor"];
228 Actor65 => Actor65 [label="Remind"];
229 Actor65 <= Actor58 [label="RemoveMe(G"];
299 Actor65 <= Actor56 [label="Rumor"];
300 Actor65 => Actor1 [label="RemoveMe(G"];
301 Actor65 => Actor2 [label="RemoveMe(G"];
302 Actor65 => Actor3 [label="RemoveMe(G"];
303 Actor65 => Actor4 [label="RemoveMe(G"];
304 Actor65 => Actor5 [label="RemoveMe(G"];
305 Actor65 => Actor6 [label="RemoveMe(G"];
306 Actor65 => Actor7 [label="RemoveMe(G"];
307 Actor65 => Actor8 [label="RemoveMe(G"];
308 Actor65 => Actor9 [label="RemoveMe(G"];
309 Actor65 => Actor10 [label="RemoveMe(G"];
310 Actor65 => Actor11 [label="RemoveMe(G"];
311 Actor65 => Actor12 [label="RemoveMe(G"];
312 Actor65 => Actor13 [label="RemoveMe(G"];
313 Actor65 => Actor14 [label="RemoveMe(G"];
314 Actor65 => Actor15 [label="RemoveMe(G"];
315 Actor65 => Actor16 [label="RemoveMe(G"];
316 Actor65 => Actor17 [label="RemoveMe(G"];
317 Actor65 => Actor18 [label="RemoveMe(G"];
318 Actor65 => Actor19 [label="RemoveMe(G"];
319 Actor65 => Actor20 [label="RemoveMe(G"];
320 Actor65 => Actor21 [label="RemoveMe(G"];
321 Actor65 => Actor22 [label="RemoveMe(G"];
322 Actor65 => Actor23 [label="RemoveMe(G"];
323 Actor65 => Actor25 [label="RemoveMe(G"];
324 Actor65 => Actor26 [label="RemoveMe(G"];
325 Actor65 => Actor27 [label="RemoveMe(G"];
326 Actor65 => Actor28 [label="RemoveMe(G"];
327 Actor65 => Actor29 [label="RemoveMe(G"];
328 Actor65 => Actor30 [label="RemoveMe(G"];
329 Actor65 => Actor31 [label="RemoveMe(G"];
330 Actor65 => Actor32 [label="RemoveMe(G"];
331 Actor65 => Actor33 [label="RemoveMe(G"];
332 Actor65 => Actor34 [label="RemoveMe(G"];
333 Actor65 => Actor35 [label="RemoveMe(G"];
334 Actor65 => Actor36 [label="RemoveMe(G"];
335 Actor65 => Actor37 [label="RemoveMe(G"];
336 Actor65 => Actor38 [label="RemoveMe(G"];
337 Actor65 => Actor39 [label="RemoveMe(G"];
338 Actor65 => Actor40 [label="RemoveMe(G"];
339 Actor65 => Actor41 [label="RemoveMe(G"];
340 Actor65 => Actor43 [label="RemoveMe(G"];
341 Actor65 => Actor44 [label="RemoveMe(G"];
342 Actor65 => Actor45 [label="RemoveMe(G"];
343 Actor65 => Actor46 [label="RemoveMe(G"];
344 Actor65 => Actor47 [label="RemoveMe(G"];
345 Actor65 => Actor48 [label="RemoveMe(G"];
346 Actor65 => Actor49 [label="RemoveMe(G"];
347 Actor65 => Actor50 [label="RemoveMe(G"];
348 Actor65 => Actor51 [label="RemoveMe(G"];
349 Actor65 => Actor52 [label="RemoveMe(G"];
350 Actor65 => Actor53 [label="RemoveMe(G"];
351 Actor65 => Actor54 [label="RemoveMe(G"];
352 Actor65 => Actor55 [label="RemoveMe(G"];
353 Actor65 => Actor56 [label="RemoveMe(G"];
354 Actor65 => Actor57 [label="RemoveMe(G"];
355 Actor65 => Actor59 [label="RemoveMe(G"];
356 Actor65 => Actor60 [label="RemoveMe(G"];
357 Actor65 => Actor61 [label="RemoveMe(G"];
358 Actor65 => Actor62 [label="RemoveMe(G"];
359 Actor65 => Actor63 [label="RemoveMe(G"];
360 Actor65 => Actor64 [label="RemoveMe(G"];
361 Actor65 => Actor66 [label="RemoveMe(G"];
362 Actor65 => Actor67 [label="RemoveMe(G"];
363 Actor65 => Actor68 [label="RemoveMe(G"];
364 Actor65 => Actor69 [label="RemoveMe(G"];
365 Actor65 => Actor70 [label="RemoveMe(G"];
366 Actor65 => Actor71 [label="RemoveMe(G"];
367 Actor65 => Actor72 [label="RemoveMe(G"];
368 Actor65 => Actor73 [label="RemoveMe(G"];
369 Actor65 => Actor74 [label="RemoveMe(G"];
370 Actor65 => Actor75 [label="RemoveMe(G"];
371 Actor65 => Actor76 [label="RemoveMe(G"];
372 Actor65 => Actor77 [label="RemoveMe(G"];
373 Actor65 => Actor78 [label="RemoveMe(G"];
374 Actor65 => Actor79 [label="RemoveMe(G"];
375 Actor65 => Actor80 [label="RemoveMe(G"];
376 Actor65 => Actor81 [label="RemoveMe(G"];
377 Actor65 => Actor82 [label="RemoveMe(G"];
378 Actor65 => Actor83 [label="RemoveMe(G"];
379 Actor65 => Actor84 [label="RemoveMe(G"];
380 Actor65 => Actor85 [label="RemoveMe(G"];
381 Actor65 => Actor86 [label="RemoveMe(G"];
382 Actor65 => Actor87 [label="RemoveMe(G"];
383 Actor65 => Actor88 [label="RemoveMe(G"];
384 Actor65 => Actor89 [label="RemoveMe(G"];
385 Actor65 => Actor91 [label="RemoveMe(G"];
386 Actor65 => Actor92 [label="RemoveMe(G"];
387 Actor65 => Actor93 [label="RemoveMe(G"];
388 Actor65 => Actor94 [label="RemoveMe(G"];
389 Actor65 => Actor95 [label="RemoveMe(G"];
390 Actor65 => Actor96 [label="RemoveMe(G"];
391 Actor65 => Actor97 [label="RemoveMe(G"];
392 Actor65 => Actor98 [label="RemoveMe(G"];
393 Actor65 => Actor99 [label="RemoveMe(G"];
394 Actor65 => Actor100 [label="RemoveMe(G"];
395 Actor65 => Actor0 [label="Finish"];
396 Actor65 <= Actor63 [label="RemoveMe(G"];
397 Actor65 <= Actor12 [label="RemoveMe(G"];
398 Actor65 <= Actor70 [label="RemoveMe(G"];
399 Actor65 <= Actor16 [label="RemoveMe(G"];
400 Actor65 <= Actor94 [label="RemoveMe(G"];
401 Actor65 <= Actor5 [label="RemoveMe(G"];
402 Actor65 <= Actor10 [label="RemoveMe(G"];
411 Actor65 <= Actor37 [label="RemoveMe(G"];
412 Actor65 <= Actor59 [label="RemoveMe(G"];
413 Actor65 <= Actor88 [label="RemoveMe(G"];
414 Actor65 <= Actor99 [label="RemoveMe(G"];
415 Actor65 <= Actor84 [label="RemoveMe(G"];
416 Actor65 <= Actor93 [label="RemoveMe(G"];
417 Actor65 <= Actor1 [label="RemoveMe(G"];
418 Actor65 <= Actor95 [label="Rumor"];
419 Actor65 <= Actor97 [label="RemoveMe(G"];
420 Actor65 <= Actor27 [label="RemoveMe(G"];
421 Actor65 <= Actor11 [label="RemoveMe(G"];
422 Actor65 <= Actor76 [label="RemoveMe(G"];
423 Actor65 <= Actor8 [label="RemoveMe(G"];
424 Actor65 <= Actor32 [label="RemoveMe(G"];
425 Actor65 <= Actor28 [label="RemoveMe(G"];
428 Actor65 <= Actor72 [label="RemoveMe(G"];
429 Actor65 <= Actor57 [label="RemoveMe(G"];
430 Actor65 <= Actor7 [label="RemoveMe(G"];
431 Actor65 <= Actor98 [label="RemoveMe(G"];
432 Actor65 <= Actor81 [label="RemoveMe(G"];
433 Actor65 <= Actor36 [label="RemoveMe(G"];
434 Actor65 <= Actor41 [label="RemoveMe(G"];
449 Actor65 <= Actor13 [label="RemoveMe(G"];
450 Actor65 <= Actor21 [label="RemoveMe(G"];
451 Actor65 <= Actor35 [label="RemoveMe(G"];
452 Actor65 <= Actor38 [label="RemoveMe(G"];
453 Actor65 <= Actor15 [label="RemoveMe(G"];
454 Actor65 <= Actor55 [label="RemoveMe(G"];
455 Actor65 <= Actor79 [label="RemoveMe(G"];
456 Actor65 <= Actor34 [label="RemoveMe(G"];
457 Actor65 <= Actor69 [label="RemoveMe(G"];
458 Actor65 <= Actor53 [label="RemoveMe(G"];
459 Actor65 <= Actor46 [label="RemoveMe(G"];
460 Actor65 <= Actor75 [label="RemoveMe(G"];
461 Actor65 <= Actor2 [label="RemoveMe(G"];
462 Actor65 <= Actor51 [label="RemoveMe(G"];
463 Actor65 <= Actor25 [label="RemoveMe(G"];
464 Actor65 <= Actor18 [label="RemoveMe(G"];
465 Actor65 <= Actor39 [label="RemoveMe(G"];
466 Actor65 <= Actor47 [label="RemoveMe(G"];
482 Actor65 <= Actor45 [label="RemoveMe(G"];
483 Actor65 <= Actor62 [label="RemoveMe(G"];
484 Actor65 <= Actor61 [label="Rumor"];
485 Actor65 <= Actor67 [label="RemoveMe(G"];
509 Actor65 <= Actor33 [label="RemoveMe(G"];
510 Actor65 <= Actor65 [label="Remind"];
511 Actor65 <= Actor64 [label="Rumor"];
512 Actor65 <= Actor71 [label="RemoveMe(G"];
513 Actor65 <= Actor64 [label="RemoveMe(G"];
514 Actor65 <= Actor73 [label="RemoveMe(G"];
515 Actor65 <= Actor66 [label="RemoveMe(G"];
516 Actor65 <= Actor82 [label="RemoveMe(G"];
546 Actor65 <= Actor4 [label="RemoveMe(G"];
547 Actor65 <= Actor100 [label="RemoveMe(G"];
548 Actor65 <= Actor14 [label="RemoveMe(G"];
549 Actor65 <= Actor52 [label="RemoveMe(G"];
550 Actor65 <= Actor20 [label="RemoveMe(G"];
551 Actor65 <= Actor78 [label="RemoveMe(G"];
552 Actor65 <= Actor54 [label="RemoveMe(G"];
553 Actor65 <= Actor83 [label="RemoveMe(G"];
554 Actor65 <= Actor85 [label="RemoveMe(G"];
555 Actor65 <= Actor86 [label="RemoveMe(G"];
556 Actor65 <= Actor87 [label="RemoveMe(G"];
557 Actor65 <= Actor89 [label="RemoveMe(G"];
558 Actor65 <= Actor92 [label="RemoveMe(G"];
559 Actor65 <= Actor96 [label="RemoveMe(G"];
560 Actor65 <= Actor49 [label="RemoveMe(G"];
561 Actor65 <= Actor91 [label="RemoveMe(G"];
562 Actor65 <= Actor68 [label="RemoveMe(G"];
563 Actor65 <= Actor50 [label="RemoveMe(G"];
564 Actor65 <= Actor77 [label="RemoveMe(G"];
565 Actor65 <= Actor74 [label="RemoveMe(G"];
566 Actor65 <= Actor3 [label="RemoveMe(G"];
567 Actor65 <= Actor31 [label="RemoveMe(G"];
568 Actor65 <= Actor23 [label="RemoveMe(G"];
569 Actor65 <= Actor60 [label="RemoveMe(G"];
570 Actor65 <= Actor61 [label="RemoveMe(G"];
571 Actor65 <= Actor44 [label="RemoveMe(G"];
572 Actor65 <= Actor48 [label="RemoveMe(G"];
573 Actor65 <= Actor56 [label="RemoveMe(G"];
574 Actor65 <= Actor95 [label="RemoveMe(G"];
575 Actor65 <= Actor80 [label="RemoveMe(G"];
576 Actor65 <= Actor30 [label="RemoveMe(G"];
1120 Actor65 <= Actor0 [label="ShutDown"];
