66 Actor66 <= Actor0 [label="Set(Master"];
176 Actor66 <= Actor53 [label="Rumor"];
177 Actor66 => Actor97 [label="Rumor"];
178 Actor66 => Actor66 [label="Remind"];
179 Actor66 <= Actor72 [label="Rumor"];
180 Actor66 => Actor1 [label="RemoveMe(G"];
181 Actor66 => Actor2 [label="RemoveMe(G"];
182 Actor66 => Actor3 [label="RemoveMe(G"];
183 Actor66 => Actor4 [label="RemoveMe(G"];
184 Actor66 => Actor5 [label="RemoveMe(G"];
185 Actor66 => Actor6 [label="RemoveMe(G"];
186 Actor66 => Actor7 [label="RemoveMe(G"];
187 Actor66 => Actor8 [label="RemoveMe(G"];
188 Actor66 => Actor9 [label="RemoveMe(G"];
189 Actor66 => Actor10 [label="RemoveMe(G"];
190 Actor66 => Actor11 [label="RemoveMe(G"];
191 Actor66 => Actor12 [label="RemoveMe(G"];
192 Actor66 => Actor13 [label="RemoveMe(G"];
193 Actor66 => Actor14 [label="RemoveMe(G"];
194 Actor66 => Actor15 [label="RemoveMe(G"];
195 Actor66 => Actor16 [label="RemoveMe(G"];
196 Actor66 => Actor17 [label="RemoveMe(G"];
197 Actor66 => Actor18 [label="RemoveMe(G"];
198 Actor66 => Actor19 [label="RemoveMe(G"];
199 Actor66 => Actor20 [label="RemoveMe(G"];
200 Actor66 => Actor21 [label="RemoveMe(G"];
201 Actor66 => Actor22 [label="RemoveMe(G"];
202 Actor66 => Actor23 [label="RemoveMe(G"];
203 Actor66 => Actor24 [label="RemoveMe(G"];
204 Actor66 => Actor25 [label="RemoveMe(G"];
205 Actor66 => Actor26 [label="RemoveMe(G"];
206 Actor66 => Actor27 [label="RemoveMe(G"];
207 Actor66 => Actor28 [label="RemoveMe(G"];
208 Actor66 => Actor29 [label="RemoveMe(G"];
209 Actor66 => Actor30 [label="RemoveMe(G"];
210 Actor66 => Actor31 [label="RemoveMe(G"];
211 Actor66 => Actor32 [label="RemoveMe(G"];
212 Actor66 => Actor33 [label="RemoveMe(G"];
213 Actor66 => Actor34 [label="RemoveMe(G"];
214 Actor66 => Actor35 [label="RemoveMe(G"];
215 Actor66 => Actor36 [label="RemoveMe(G"];
216 Actor66 => Actor37 [label="RemoveMe(G"];
217 Actor66 => Actor38 [label="RemoveMe(G"];
218 Actor66 => Actor39 [label="RemoveMe(G"];
219 Actor66 => Actor40 [label="RemoveMe(G"];
220 Actor66 => Actor41 [label="RemoveMe(G"];
221 Actor66 => Actor42 [label="RemoveMe(G"];
222 Actor66 => Actor43 [label="RemoveMe(G"];
223 Actor66 => Actor44 [label="RemoveMe(G"];
224 Actor66 => Actor45 [label="RemoveMe(G"];
225 Actor66 => Actor46 [label="RemoveMe(G"];
226 Actor66 => Actor47 [label="RemoveMe(G"];
227 Actor66 => Actor48 [label="RemoveMe(G"];
228 Actor66 => Actor49 [label="RemoveMe(G"];
229 Actor66 => Actor50 [label="RemoveMe(G"];
230 Actor66 => Actor51 [label="RemoveMe(G"];
231 Actor66 => Actor52 [label="RemoveMe(G"];
232 Actor66 => Actor53 [label="RemoveMe(G"];
233 Actor66 => Actor54 [label="RemoveMe(G"];
234 Actor66 => Actor55 [label="RemoveMe(G"];
235 Actor66 => Actor56 [label="RemoveMe(G"];
236 Actor66 => Actor57 [label="RemoveMe(G"];
237 Actor66 => Actor58 [label="RemoveMe(G"];
238 Actor66 => Actor59 [label="RemoveMe(G"];
239 Actor66 => Actor60 [label="RemoveMe(G"];
240 Actor66 => Actor61 [label="RemoveMe(G"];
241 Actor66 => Actor62 [label="RemoveMe(G"];
242 Actor66 => Actor63 [label="RemoveMe(G"];
243 Actor66 => Actor64 [label="RemoveMe(G"];
244 Actor66 => Actor65 [label="RemoveMe(G"];
245 Actor66 => Actor67 [label="RemoveMe(G"];
246 Actor66 => Actor68 [label="RemoveMe(G"];
247 Actor66 => Actor69 [label="RemoveMe(G"];
248 Actor66 => Actor70 [label="RemoveMe(G"];
249 Actor66 => Actor71 [label="RemoveMe(G"];
250 Actor66 => Actor72 [label="RemoveMe(G"];
251 Actor66 => Actor73 [label="RemoveMe(G"];
252 Actor66 => Actor74 [label="RemoveMe(G"];
253 Actor66 => Actor75 [label="RemoveMe(G"];
254 Actor66 => Actor76 [label="RemoveMe(G"];
255 Actor66 => Actor77 [label="RemoveMe(G"];
256 Actor66 => Actor78 [label="RemoveMe(G"];
257 Actor66 => Actor79 [label="RemoveMe(G"];
258 Actor66 => Actor80 [label="RemoveMe(G"];
259 Actor66 => Actor81 [label="RemoveMe(G"];
260 Actor66 => Actor82 [label="RemoveMe(G"];
261 Actor66 => Actor83 [label="RemoveMe(G"];
262 Actor66 => Actor84 [label="RemoveMe(G"];
263 Actor66 => Actor85 [label="RemoveMe(G"];
264 Actor66 => Actor86 [label="RemoveMe(G"];
265 Actor66 => Actor87 [label="RemoveMe(G"];
266 Actor66 => Actor88 [label="RemoveMe(G"];
267 Actor66 => Actor89 [label="RemoveMe(G"];
268 Actor66 => Actor90 [label="RemoveMe(G"];
269 Actor66 => Actor91 [label="RemoveMe(G"];
270 Actor66 => Actor92 [label="RemoveMe(G"];
271 Actor66 => Actor93 [label="RemoveMe(G"];
272 Actor66 => Actor94 [label="RemoveMe(G"];
273 Actor66 => Actor95 [label="RemoveMe(G"];
274 Actor66 => Actor96 [label="RemoveMe(G"];
275 Actor66 => Actor97 [label="RemoveMe(G"];
276 Actor66 => Actor98 [label="RemoveMe(G"];
277 Actor66 => Actor99 [label="RemoveMe(G"];
278 Actor66 => Actor100 [label="RemoveMe(G"];
279 Actor66 => Actor0 [label="Finish"];
280 Actor66 <= Actor42 [label="RemoveMe(G"];
281 Actor66 <= Actor24 [label="RemoveMe(G"];
282 Actor66 <= Actor90 [label="RemoveMe(G"];
283 Actor66 <= Actor58 [label="RemoveMe(G"];
284 Actor66 <= Actor63 [label="RemoveMe(G"];
285 Actor66 <= Actor12 [label="RemoveMe(G"];
286 Actor66 <= Actor70 [label="RemoveMe(G"];
287 Actor66 <= Actor16 [label="RemoveMe(G"];
288 Actor66 <= Actor94 [label="RemoveMe(G"];
289 Actor66 <= Actor5 [label="RemoveMe(G"];
299 Actor66 <= Actor10 [label="RemoveMe(G"];
412 Actor66 <= Actor37 [label="RemoveMe(G"];
413 Actor66 <= Actor59 [label="RemoveMe(G"];
414 Actor66 <= Actor88 [label="RemoveMe(G"];
415 Actor66 <= Actor99 [label="RemoveMe(G"];
416 Actor66 <= Actor84 [label="RemoveMe(G"];
417 Actor66 <= Actor93 [label="RemoveMe(G"];
418 Actor66 <= Actor1 [label="RemoveMe(G"];
419 Actor66 <= Actor97 [label="RemoveMe(G"];
420 Actor66 <= Actor27 [label="RemoveMe(G"];
421 Actor66 <= Actor11 [label="RemoveMe(G"];
422 Actor66 <= Actor76 [label="RemoveMe(G"];
423 Actor66 <= Actor8 [label="RemoveMe(G"];
424 Actor66 <= Actor32 [label="RemoveMe(G"];
425 Actor66 <= Actor28 [label="RemoveMe(G"];
429 Actor66 <= Actor72 [label="RemoveMe(G"];
430 Actor66 <= Actor57 [label="RemoveMe(G"];
431 Actor66 <= Actor7 [label="RemoveMe(G"];
432 Actor66 <= Actor98 [label="RemoveMe(G"];
433 Actor66 <= Actor81 [label="RemoveMe(G"];
434 Actor66 <= Actor36 [label="RemoveMe(G"];
435 Actor66 <= Actor41 [label="RemoveMe(G"];
436 Actor66 <= Actor66 [label="Remind"];
450 Actor66 <= Actor13 [label="RemoveMe(G"];
451 Actor66 <= Actor21 [label="RemoveMe(G"];
452 Actor66 <= Actor35 [label="RemoveMe(G"];
453 Actor66 <= Actor38 [label="RemoveMe(G"];
454 Actor66 <= Actor15 [label="RemoveMe(G"];
455 Actor66 <= Actor55 [label="RemoveMe(G"];
456 Actor66 <= Actor79 [label="RemoveMe(G"];
457 Actor66 <= Actor34 [label="RemoveMe(G"];
458 Actor66 <= Actor69 [label="RemoveMe(G"];
459 Actor66 <= Actor53 [label="RemoveMe(G"];
460 Actor66 <= Actor46 [label="RemoveMe(G"];
461 Actor66 <= Actor75 [label="RemoveMe(G"];
462 Actor66 <= Actor2 [label="RemoveMe(G"];
463 Actor66 <= Actor51 [label="RemoveMe(G"];
464 Actor66 <= Actor25 [label="RemoveMe(G"];
465 Actor66 <= Actor18 [label="RemoveMe(G"];
466 Actor66 <= Actor39 [label="RemoveMe(G"];
467 Actor66 <= Actor47 [label="RemoveMe(G"];
483 Actor66 <= Actor45 [label="RemoveMe(G"];
484 Actor66 <= Actor62 [label="RemoveMe(G"];
485 Actor66 <= Actor19 [label="Rumor"];
486 Actor66 <= Actor67 [label="RemoveMe(G"];
510 Actor66 <= Actor33 [label="RemoveMe(G"];
511 Actor66 <= Actor71 [label="RemoveMe(G"];
512 Actor66 <= Actor64 [label="RemoveMe(G"];
513 Actor66 <= Actor73 [label="RemoveMe(G"];
514 Actor66 <= Actor65 [label="RemoveMe(G"];
515 Actor66 <= Actor82 [label="Rumor"];
516 Actor66 <= Actor82 [label="RemoveMe(G"];
547 Actor66 <= Actor4 [label="RemoveMe(G"];
548 Actor66 <= Actor100 [label="RemoveMe(G"];
549 Actor66 <= Actor14 [label="RemoveMe(G"];
550 Actor66 <= Actor52 [label="RemoveMe(G"];
551 Actor66 <= Actor20 [label="RemoveMe(G"];
552 Actor66 <= Actor78 [label="RemoveMe(G"];
553 Actor66 <= Actor54 [label="RemoveMe(G"];
554 Actor66 <= Actor83 [label="RemoveMe(G"];
555 Actor66 <= Actor85 [label="RemoveMe(G"];
556 Actor66 <= Actor86 [label="RemoveMe(G"];
557 Actor66 <= Actor87 [label="RemoveMe(G"];
558 Actor66 <= Actor89 [label="RemoveMe(G"];
559 Actor66 <= Actor92 [label="RemoveMe(G"];
560 Actor66 <= Actor96 [label="RemoveMe(G"];
561 Actor66 <= Actor49 [label="RemoveMe(G"];
562 Actor66 <= Actor91 [label="RemoveMe(G"];
563 Actor66 <= Actor68 [label="RemoveMe(G"];
564 Actor66 <= Actor50 [label="RemoveMe(G"];
565 Actor66 <= Actor77 [label="RemoveMe(G"];
566 Actor66 <= Actor74 [label="RemoveMe(G"];
567 Actor66 <= Actor3 [label="RemoveMe(G"];
568 Actor66 <= Actor31 [label="RemoveMe(G"];
569 Actor66 <= Actor23 [label="RemoveMe(G"];
570 Actor66 <= Actor60 [label="RemoveMe(G"];
571 Actor66 <= Actor61 [label="RemoveMe(G"];
572 Actor66 <= Actor44 [label="RemoveMe(G"];
573 Actor66 <= Actor48 [label="RemoveMe(G"];
574 Actor66 <= Actor56 [label="RemoveMe(G"];
575 Actor66 <= Actor95 [label="RemoveMe(G"];
576 Actor66 <= Actor80 [label="RemoveMe(G"];
577 Actor66 <= Actor30 [label="RemoveMe(G"];
1121 Actor66 <= Actor0 [label="ShutDown"];
