67 Actor67 <= Actor0 [label="Set(Master"];
186 Actor67 <= Actor42 [label="RemoveMe(G"];
187 Actor67 <= Actor95 [label="Rumor"];
188 Actor67 => Actor33 [label="Rumor"];
189 Actor67 => Actor67 [label="Remind"];
226 Actor67 <= Actor24 [label="RemoveMe(G"];
227 Actor67 <= Actor90 [label="RemoveMe(G"];
243 Actor67 <= Actor56 [label="Rumor"];
244 Actor67 => Actor1 [label="RemoveMe(G"];
245 Actor67 => Actor2 [label="RemoveMe(G"];
246 Actor67 => Actor3 [label="RemoveMe(G"];
247 Actor67 => Actor4 [label="RemoveMe(G"];
248 Actor67 => Actor5 [label="RemoveMe(G"];
249 Actor67 => Actor6 [label="RemoveMe(G"];
250 Actor67 => Actor7 [label="RemoveMe(G"];
251 Actor67 => Actor8 [label="RemoveMe(G"];
252 Actor67 => Actor9 [label="RemoveMe(G"];
253 Actor67 => Actor10 [label="RemoveMe(G"];
254 Actor67 => Actor11 [label="RemoveMe(G"];
255 Actor67 => Actor12 [label="RemoveMe(G"];
256 Actor67 => Actor13 [label="RemoveMe(G"];
257 Actor67 => Actor14 [label="RemoveMe(G"];
258 Actor67 => Actor15 [label="RemoveMe(G"];
259 Actor67 => Actor16 [label="RemoveMe(G"];
260 Actor67 => Actor17 [label="RemoveMe(G"];
261 Actor67 => Actor18 [label="RemoveMe(G"];
262 Actor67 => Actor19 [label="RemoveMe(G"];
263 Actor67 => Actor20 [label="RemoveMe(G"];
264 Actor67 => Actor21 [label="RemoveMe(G"];
265 Actor67 => Actor22 [label="RemoveMe(G"];
266 Actor67 => Actor23 [label="RemoveMe(G"];
267 Actor67 => Actor25 [label="RemoveMe(G"];
268 Actor67 => Actor26 [label="RemoveMe(G"];
269 Actor67 => Actor27 [label="RemoveMe(G"];
270 Actor67 => Actor28 [label="RemoveMe(G"];
271 Actor67 => Actor29 [label="RemoveMe(G"];
272 Actor67 => Actor30 [label="RemoveMe(G"];
273 Actor67 => Actor31 [label="RemoveMe(G"];
274 Actor67 => Actor32 [label="RemoveMe(G"];
275 Actor67 => Actor33 [label="RemoveMe(G"];
276 Actor67 => Actor34 [label="RemoveMe(G"];
277 Actor67 => Actor35 [label="RemoveMe(G"];
278 Actor67 => Actor36 [label="RemoveMe(G"];
279 Actor67 => Actor37 [label="RemoveMe(G"];
280 Actor67 => Actor38 [label="RemoveMe(G"];
281 Actor67 => Actor39 [label="RemoveMe(G"];
282 Actor67 => Actor40 [label="RemoveMe(G"];
283 Actor67 => Actor41 [label="RemoveMe(G"];
284 Actor67 => Actor43 [label="RemoveMe(G"];
285 Actor67 => Actor44 [label="RemoveMe(G"];
286 Actor67 => Actor45 [label="RemoveMe(G"];
287 Actor67 => Actor46 [label="RemoveMe(G"];
288 Actor67 => Actor47 [label="RemoveMe(G"];
289 Actor67 => Actor48 [label="RemoveMe(G"];
290 Actor67 => Actor49 [label="RemoveMe(G"];
291 Actor67 => Actor50 [label="RemoveMe(G"];
292 Actor67 => Actor51 [label="RemoveMe(G"];
293 Actor67 => Actor52 [label="RemoveMe(G"];
294 Actor67 => Actor53 [label="RemoveMe(G"];
295 Actor67 => Actor54 [label="RemoveMe(G"];
296 Actor67 => Actor55 [label="RemoveMe(G"];
297 Actor67 => Actor56 [label="RemoveMe(G"];
298 Actor67 => Actor57 [label="RemoveMe(G"];
299 Actor67 => Actor58 [label="RemoveMe(G"];
300 Actor67 => Actor59 [label="RemoveMe(G"];
301 Actor67 => Actor60 [label="RemoveMe(G"];
302 Actor67 => Actor61 [label="RemoveMe(G"];
303 Actor67 => Actor62 [label="RemoveMe(G"];
304 Actor67 => Actor63 [label="RemoveMe(G"];
305 Actor67 => Actor64 [label="RemoveMe(G"];
306 Actor67 => Actor65 [label="RemoveMe(G"];
307 Actor67 => Actor66 [label="RemoveMe(G"];
308 Actor67 => Actor68 [label="RemoveMe(G"];
309 Actor67 => Actor69 [label="RemoveMe(G"];
310 Actor67 => Actor70 [label="RemoveMe(G"];
311 Actor67 => Actor71 [label="RemoveMe(G"];
312 Actor67 => Actor72 [label="RemoveMe(G"];
313 Actor67 => Actor73 [label="RemoveMe(G"];
314 Actor67 => Actor74 [label="RemoveMe(G"];
315 Actor67 => Actor75 [label="RemoveMe(G"];
316 Actor67 => Actor76 [label="RemoveMe(G"];
317 Actor67 => Actor77 [label="RemoveMe(G"];
318 Actor67 => Actor78 [label="RemoveMe(G"];
319 Actor67 => Actor79 [label="RemoveMe(G"];
320 Actor67 => Actor80 [label="RemoveMe(G"];
321 Actor67 => Actor81 [label="RemoveMe(G"];
322 Actor67 => Actor82 [label="RemoveMe(G"];
323 Actor67 => Actor83 [label="RemoveMe(G"];
324 Actor67 => Actor84 [label="RemoveMe(G"];
325 Actor67 => Actor85 [label="RemoveMe(G"];
326 Actor67 => Actor86 [label="RemoveMe(G"];
327 Actor67 => Actor87 [label="RemoveMe(G"];
328 Actor67 => Actor88 [label="RemoveMe(G"];
329 Actor67 => Actor89 [label="RemoveMe(G"];
330 Actor67 => Actor91 [label="RemoveMe(G"];
331 Actor67 => Actor92 [label="RemoveMe(G"];
332 Actor67 => Actor93 [label="RemoveMe(G"];
333 Actor67 => Actor94 [label="RemoveMe(G"];
334 Actor67 => Actor95 [label="RemoveMe(G"];
335 Actor67 => Actor96 [label="RemoveMe(G"];
336 Actor67 => Actor97 [label="RemoveMe(G"];
337 Actor67 => Actor98 [label="RemoveMe(G"];
338 Actor67 => Actor99 [label="RemoveMe(G"];
339 Actor67 => Actor100 [label="RemoveMe(G"];
340 Actor67 => Actor0 [label="Finish"];
341 Actor67 <= Actor56 [label="Rumor"];
342 Actor67 <= Actor58 [label="RemoveMe(G"];
343 Actor67 <= Actor63 [label="RemoveMe(G"];
344 Actor67 <= Actor12 [label="RemoveMe(G"];
345 Actor67 <= Actor70 [label="RemoveMe(G"];
346 Actor67 <= Actor16 [label="RemoveMe(G"];
347 Actor67 <= Actor94 [label="RemoveMe(G"];
348 Actor67 <= Actor5 [label="RemoveMe(G"];
349 Actor67 <= Actor59 [label="RemoveMe(G"];
350 Actor67 <= Actor88 [label="RemoveMe(G"];
351 Actor67 <= Actor99 [label="RemoveMe(G"];
352 Actor67 <= Actor84 [label="RemoveMe(G"];
353 Actor67 <= Actor10 [label="RemoveMe(G"];
354 Actor67 <= Actor93 [label="RemoveMe(G"];
355 Actor67 <= Actor1 [label="RemoveMe(G"];
356 Actor67 <= Actor97 [label="RemoveMe(G"];
357 Actor67 <= Actor27 [label="RemoveMe(G"];
358 Actor67 <= Actor11 [label="RemoveMe(G"];
413 Actor67 <= Actor37 [label="RemoveMe(G"];
414 Actor67 <= Actor76 [label="RemoveMe(G"];
419 Actor67 <= Actor8 [label="RemoveMe(G"];
420 Actor67 <= Actor32 [label="RemoveMe(G"];
421 Actor67 <= Actor28 [label="RemoveMe(G"];
430 Actor67 <= Actor72 [label="RemoveMe(G"];
431 Actor67 <= Actor57 [label="RemoveMe(G"];
432 Actor67 <= Actor7 [label="RemoveMe(G"];
433 Actor67 <= Actor98 [label="RemoveMe(G"];
434 Actor67 <= Actor81 [label="RemoveMe(G"];
435 Actor67 <= Actor36 [label="RemoveMe(G"];
451 Actor67 <= Actor13 [label="RemoveMe(G"];
452 Actor67 <= Actor21 [label="RemoveMe(G"];
453 Actor67 <= Actor35 [label="RemoveMe(G"];
454 Actor67 <= Actor38 [label="RemoveMe(G"];
455 Actor67 <= Actor15 [label="RemoveMe(G"];
456 Actor67 <= Actor55 [label="RemoveMe(G"];
457 Actor67 <= Actor41 [label="RemoveMe(G"];
460 Actor67 <= Actor29 [label="Rumor"];
461 Actor67 <= Actor79 [label="RemoveMe(G"];
462 Actor67 <= Actor34 [label="RemoveMe(G"];
463 Actor67 <= Actor69 [label="RemoveMe(G"];
464 Actor67 <= Actor53 [label="RemoveMe(G"];
465 Actor67 <= Actor46 [label="RemoveMe(G"];
466 Actor67 <= Actor75 [label="RemoveMe(G"];
467 Actor67 <= Actor2 [label="RemoveMe(G"];
468 Actor67 <= Actor51 [label="RemoveMe(G"];
469 Actor67 <= Actor25 [label="RemoveMe(G"];
470 Actor67 <= Actor18 [label="RemoveMe(G"];
471 Actor67 <= Actor39 [label="RemoveMe(G"];
472 Actor67 <= Actor47 [label="RemoveMe(G"];
484 Actor67 <= Actor45 [label="RemoveMe(G"];
485 Actor67 <= Actor62 [label="RemoveMe(G"];
486 Actor67 <= Actor67 [label="Remind"];
511 Actor67 <= Actor33 [label="RemoveMe(G"];
512 Actor67 <= Actor71 [label="RemoveMe(G"];
513 Actor67 <= Actor64 [label="RemoveMe(G"];
514 Actor67 <= Actor73 [label="RemoveMe(G"];
515 Actor67 <= Actor66 [label="RemoveMe(G"];
516 Actor67 <= Actor65 [label="RemoveMe(G"];
517 Actor67 <= Actor82 [label="RemoveMe(G"];
518 Actor67 <= Actor100 [label="RemoveMe(G"];
519 Actor67 <= Actor14 [label="RemoveMe(G"];
520 Actor67 <= Actor52 [label="RemoveMe(G"];
521 Actor67 <= Actor20 [label="RemoveMe(G"];
522 Actor67 <= Actor78 [label="RemoveMe(G"];
523 Actor67 <= Actor54 [label="RemoveMe(G"];
532 Actor67 <= Actor83 [label="RemoveMe(G"];
533 Actor67 <= Actor86 [label="RemoveMe(G"];
534 Actor67 <= Actor87 [label="RemoveMe(G"];
535 Actor67 <= Actor89 [label="RemoveMe(G"];
536 Actor67 <= Actor92 [label="RemoveMe(G"];
537 Actor67 <= Actor96 [label="RemoveMe(G"];
538 Actor67 <= Actor49 [label="RemoveMe(G"];
539 Actor67 <= Actor91 [label="RemoveMe(G"];
540 Actor67 <= Actor68 [label="RemoveMe(G"];
541 Actor67 <= Actor50 [label="RemoveMe(G"];
542 Actor67 <= Actor74 [label="RemoveMe(G"];
543 Actor67 <= Actor3 [label="RemoveMe(G"];
544 Actor67 <= Actor31 [label="RemoveMe(G"];
545 Actor67 <= Actor23 [label="RemoveMe(G"];
546 Actor67 <= Actor60 [label="RemoveMe(G"];
547 Actor67 <= Actor61 [label="RemoveMe(G"];
548 Actor67 <= Actor44 [label="RemoveMe(G"];
549 Actor67 <= Actor48 [label="RemoveMe(G"];
550 Actor67 <= Actor56 [label="RemoveMe(G"];
551 Actor67 <= Actor95 [label="RemoveMe(G"];
552 Actor67 <= Actor80 [label="RemoveMe(G"];
553 Actor67 <= Actor30 [label="RemoveMe(G"];
1122 Actor67 <= Actor0 [label="ShutDown"];
