68 Actor68 <= Actor0 [label="Set(Master"];
187 Actor68 <= Actor42 [label="RemoveMe(G"];
188 Actor68 <= Actor95 [label="Rumor"];
189 Actor68 => Actor90 [label="Rumor"];
190 Actor68 => Actor68 [label="Remind"];
227 Actor68 <= Actor24 [label="RemoveMe(G"];
228 Actor68 <= Actor56 [label="Rumor"];
229 Actor68 => Actor1 [label="RemoveMe(G"];
230 Actor68 => Actor2 [label="RemoveMe(G"];
231 Actor68 => Actor3 [label="RemoveMe(G"];
232 Actor68 => Actor4 [label="RemoveMe(G"];
233 Actor68 => Actor5 [label="RemoveMe(G"];
234 Actor68 => Actor6 [label="RemoveMe(G"];
235 Actor68 => Actor7 [label="RemoveMe(G"];
236 Actor68 => Actor8 [label="RemoveMe(G"];
237 Actor68 => Actor9 [label="RemoveMe(G"];
238 Actor68 => Actor10 [label="RemoveMe(G"];
239 Actor68 => Actor11 [label="RemoveMe(G"];
240 Actor68 => Actor12 [label="RemoveMe(G"];
241 Actor68 => Actor13 [label="RemoveMe(G"];
242 Actor68 => Actor14 [label="RemoveMe(G"];
243 Actor68 => Actor15 [label="RemoveMe(G"];
244 Actor68 => Actor16 [label="RemoveMe(G"];
245 Actor68 => Actor17 [label="RemoveMe(G"];
246 Actor68 => Actor18 [label="RemoveMe(G"];
247 Actor68 => Actor19 [label="RemoveMe(G"];
248 Actor68 => Actor20 [label="RemoveMe(G"];
249 Actor68 => Actor21 [label="RemoveMe(G"];
250 Actor68 => Actor22 [label="RemoveMe(G"];
251 Actor68 => Actor23 [label="RemoveMe(G"];
252 Actor68 => Actor25 [label="RemoveMe(G"];
253 Actor68 => Actor26 [label="RemoveMe(G"];
254 Actor68 => Actor27 [label="RemoveMe(G"];
255 Actor68 => Actor28 [label="RemoveMe(G"];
256 Actor68 => Actor29 [label="RemoveMe(G"];
257 Actor68 => Actor30 [label="RemoveMe(G"];
258 Actor68 => Actor31 [label="RemoveMe(G"];
259 Actor68 => Actor32 [label="RemoveMe(G"];
260 Actor68 => Actor33 [label="RemoveMe(G"];
261 Actor68 => Actor34 [label="RemoveMe(G"];
262 Actor68 => Actor35 [label="RemoveMe(G"];
263 Actor68 => Actor36 [label="RemoveMe(G"];
264 Actor68 => Actor37 [label="RemoveMe(G"];
265 Actor68 => Actor38 [label="RemoveMe(G"];
266 Actor68 => Actor39 [label="RemoveMe(G"];
267 Actor68 => Actor40 [label="RemoveMe(G"];
268 Actor68 => Actor41 [label="RemoveMe(G"];
269 Actor68 => Actor43 [label="RemoveMe(G"];
270 Actor68 => Actor44 [label="RemoveMe(G"];
271 Actor68 => Actor45 [label="RemoveMe(G"];
272 Actor68 => Actor46 [label="RemoveMe(G"];
273 Actor68 => Actor47 [label="RemoveMe(G"];
274 Actor68 => Actor48 [label="RemoveMe(G"];
275 Actor68 => Actor49 [label="RemoveMe(G"];
276 Actor68 => Actor50 [label="RemoveMe(G"];
277 Actor68 => Actor51 [label="RemoveMe(G"];
278 Actor68 => Actor52 [label="RemoveMe(G"];
279 Actor68 => Actor53 [label="RemoveMe(G"];
280 Actor68 => Actor54 [label="RemoveMe(G"];
281 Actor68 => Actor55 [label="RemoveMe(G"];
282 Actor68 => Actor56 [label="RemoveMe(G"];
283 Actor68 => Actor57 [label="RemoveMe(G"];
284 Actor68 => Actor58 [label="RemoveMe(G"];
285 Actor68 => Actor59 [label="RemoveMe(G"];
286 Actor68 => Actor60 [label="RemoveMe(G"];
287 Actor68 => Actor61 [label="RemoveMe(G"];
288 Actor68 => Actor62 [label="RemoveMe(G"];
289 Actor68 => Actor63 [label="RemoveMe(G"];
290 Actor68 => Actor64 [label="RemoveMe(G"];
291 Actor68 => Actor65 [label="RemoveMe(G"];
292 Actor68 => Actor66 [label="RemoveMe(G"];
293 Actor68 => Actor67 [label="RemoveMe(G"];
294 Actor68 => Actor69 [label="RemoveMe(G"];
295 Actor68 => Actor70 [label="RemoveMe(G"];
296 Actor68 => Actor71 [label="RemoveMe(G"];
297 Actor68 => Actor72 [label="RemoveMe(G"];
298 Actor68 => Actor73 [label="RemoveMe(G"];
299 Actor68 => Actor74 [label="RemoveMe(G"];
300 Actor68 => Actor75 [label="RemoveMe(G"];
301 Actor68 => Actor76 [label="RemoveMe(G"];
302 Actor68 => Actor77 [label="RemoveMe(G"];
303 Actor68 => Actor78 [label="RemoveMe(G"];
304 Actor68 => Actor79 [label="RemoveMe(G"];
305 Actor68 => Actor80 [label="RemoveMe(G"];
306 Actor68 => Actor81 [label="RemoveMe(G"];
307 Actor68 => Actor82 [label="RemoveMe(G"];
308 Actor68 => Actor83 [label="RemoveMe(G"];
309 Actor68 => Actor84 [label="RemoveMe(G"];
310 Actor68 => Actor85 [label="RemoveMe(G"];
311 Actor68 => Actor86 [label="RemoveMe(G"];
312 Actor68 => Actor87 [label="RemoveMe(G"];
313 Actor68 => Actor88 [label="RemoveMe(G"];
314 Actor68 => Actor89 [label="RemoveMe(G"];
315 Actor68 => Actor90 [label="RemoveMe(G"];
316 Actor68 => Actor91 [label="RemoveMe(G"];
317 Actor68 => Actor92 [label="RemoveMe(G"];
318 Actor68 => Actor93 [label="RemoveMe(G"];
319 Actor68 => Actor94 [label="RemoveMe(G"];
320 Actor68 => Actor95 [label="RemoveMe(G"];
321 Actor68 => Actor96 [label="RemoveMe(G"];
322 Actor68 => Actor97 [label="RemoveMe(G"];
323 Actor68 => Actor98 [label="RemoveMe(G"];
324 Actor68 => Actor99 [label="RemoveMe(G"];
325 Actor68 => Actor100 [label="RemoveMe(G"];
326 Actor68 => Actor0 [label="Finish"];
327 Actor68 <= Actor58 [label="RemoveMe(G"];
328 Actor68 <= Actor95 [label="Rumor"];
329 Actor68 <= Actor63 [label="RemoveMe(G"];
330 Actor68 <= Actor90 [label="RemoveMe(G"];
331 Actor68 <= Actor12 [label="RemoveMe(G"];
332 Actor68 <= Actor70 [label="RemoveMe(G"];
333 Actor68 <= Actor16 [label="RemoveMe(G"];
334 Actor68 <= Actor94 [label="RemoveMe(G"];
335 Actor68 <= Actor5 [label="RemoveMe(G"];
336 Actor68 <= Actor88 [label="RemoveMe(G"];
337 Actor68 <= Actor59 [label="RemoveMe(G"];
339 Actor68 <= Actor99 [label="RemoveMe(G"];
340 Actor68 <= Actor84 [label="RemoveMe(G"];
341 Actor68 <= Actor10 [label="RemoveMe(G"];
342 Actor68 <= Actor93 [label="RemoveMe(G"];
343 Actor68 <= Actor1 [label="RemoveMe(G"];
344 Actor68 <= Actor97 [label="RemoveMe(G"];
345 Actor68 <= Actor27 [label="RemoveMe(G"];
346 Actor68 <= Actor11 [label="RemoveMe(G"];
414 Actor68 <= Actor37 [label="RemoveMe(G"];
415 Actor68 <= Actor76 [label="RemoveMe(G"];
420 Actor68 <= Actor8 [label="RemoveMe(G"];
421 Actor68 <= Actor32 [label="RemoveMe(G"];
422 Actor68 <= Actor28 [label="RemoveMe(G"];
431 Actor68 <= Actor72 [label="RemoveMe(G"];
432 Actor68 <= Actor57 [label="RemoveMe(G"];
433 Actor68 <= Actor7 [label="RemoveMe(G"];
434 Actor68 <= Actor98 [label="RemoveMe(G"];
435 Actor68 <= Actor81 [label="RemoveMe(G"];
436 Actor68 <= Actor36 [label="RemoveMe(G"];
452 Actor68 <= Actor13 [label="RemoveMe(G"];
453 Actor68 <= Actor21 [label="RemoveMe(G"];
454 Actor68 <= Actor35 [label="RemoveMe(G"];
455 Actor68 <= Actor38 [label="RemoveMe(G"];
456 Actor68 <= Actor15 [label="RemoveMe(G"];
457 Actor68 <= Actor55 [label="RemoveMe(G"];
458 Actor68 <= Actor41 [label="RemoveMe(G"];
459 Actor68 <= Actor79 [label="RemoveMe(G"];
460 Actor68 <= Actor34 [label="RemoveMe(G"];
461 Actor68 <= Actor69 [label="RemoveMe(G"];
462 Actor68 <= Actor53 [label="RemoveMe(G"];
463 Actor68 <= Actor46 [label="RemoveMe(G"];
464 Actor68 <= Actor75 [label="RemoveMe(G"];
465 Actor68 <= Actor2 [label="RemoveMe(G"];
466 Actor68 <= Actor51 [label="RemoveMe(G"];
467 Actor68 <= Actor25 [label="RemoveMe(G"];
468 Actor68 <= Actor18 [label="RemoveMe(G"];
469 Actor68 <= Actor39 [label="RemoveMe(G"];
470 Actor68 <= Actor47 [label="RemoveMe(G"];
485 Actor68 <= Actor45 [label="RemoveMe(G"];
486 Actor68 <= Actor62 [label="RemoveMe(G"];
487 Actor68 <= Actor67 [label="RemoveMe(G"];
512 Actor68 <= Actor33 [label="RemoveMe(G"];
513 Actor68 <= Actor71 [label="RemoveMe(G"];
514 Actor68 <= Actor64 [label="RemoveMe(G"];
515 Actor68 <= Actor73 [label="RemoveMe(G"];
516 Actor68 <= Actor66 [label="RemoveMe(G"];
517 Actor68 <= Actor65 [label="RemoveMe(G"];
518 Actor68 <= Actor68 [label="Remind"];
519 Actor68 <= Actor82 [label="RemoveMe(G"];
548 Actor68 <= Actor4 [label="RemoveMe(G"];
549 Actor68 <= Actor100 [label="RemoveMe(G"];
550 Actor68 <= Actor14 [label="RemoveMe(G"];
551 Actor68 <= Actor52 [label="RemoveMe(G"];
552 Actor68 <= Actor20 [label="RemoveMe(G"];
553 Actor68 <= Actor78 [label="RemoveMe(G"];
554 Actor68 <= Actor83 [label="RemoveMe(G"];
555 Actor68 <= Actor85 [label="RemoveMe(G"];
556 Actor68 <= Actor54 [label="RemoveMe(G"];
557 Actor68 <= Actor86 [label="RemoveMe(G"];
558 Actor68 <= Actor87 [label="RemoveMe(G"];
559 Actor68 <= Actor89 [label="RemoveMe(G"];
560 Actor68 <= Actor92 [label="RemoveMe(G"];
561 Actor68 <= Actor96 [label="RemoveMe(G"];
562 Actor68 <= Actor49 [label="RemoveMe(G"];
563 Actor68 <= Actor91 [label="RemoveMe(G"];
614 Actor68 <= Actor6 [label="Rumor"];
638 Actor68 <= Actor6 [label="Rumor"];
674 Actor68 <= Actor6 [label="Rumor"];
803 Actor68 <= Actor6 [label="Rumor"];
804 Actor68 <= Actor9 [label="RemoveMe(G"];
805 Actor68 <= Actor50 [label="RemoveMe(G"];
806 Actor68 <= Actor77 [label="RemoveMe(G"];
807 Actor68 <= Actor74 [label="RemoveMe(G"];
808 Actor68 <= Actor3 [label="RemoveMe(G"];
809 Actor68 <= Actor31 [label="RemoveMe(G"];
810 Actor68 <= Actor26 [label="RemoveMe(G"];
811 Actor68 <= Actor23 [label="RemoveMe(G"];
812 Actor68 <= Actor60 [label="RemoveMe(G"];
813 Actor68 <= Actor61 [label="RemoveMe(G"];
814 Actor68 <= Actor44 [label="RemoveMe(G"];
815 Actor68 <= Actor19 [label="RemoveMe(G"];
816 Actor68 <= Actor40 [label="RemoveMe(G"];
817 Actor68 <= Actor48 [label="RemoveMe(G"];
818 Actor68 <= Actor56 [label="RemoveMe(G"];
819 Actor68 <= Actor43 [label="RemoveMe(G"];
820 Actor68 <= Actor95 [label="RemoveMe(G"];
821 Actor68 <= Actor80 [label="RemoveMe(G"];
822 Actor68 <= Actor22 [label="RemoveMe(G"];
823 Actor68 <= Actor17 [label="RemoveMe(G"];
824 Actor68 <= Actor29 [label="RemoveMe(G"];
825 Actor68 <= Actor30 [label="RemoveMe(G"];
1123 Actor68 <= Actor0 [label="ShutDown"];
