69 Actor69 <= Actor0 [label="Set(Master"];
141 Actor69 <= Actor3 [label="Rumor"];
142 Actor69 => Actor34 [label="Rumor"];
143 Actor69 => Actor69 [label="Remind"];
188 Actor69 <= Actor42 [label="RemoveMe(G"];
228 Actor69 <= Actor24 [label="RemoveMe(G"];
232 Actor69 <= Actor58 [label="RemoveMe(G"];
302 Actor69 <= Actor56 [label="Rumor"];
303 Actor69 => Actor1 [label="RemoveMe(G"];
304 Actor69 => Actor2 [label="RemoveMe(G"];
305 Actor69 => Actor3 [label="RemoveMe(G"];
306 Actor69 => Actor4 [label="RemoveMe(G"];
307 Actor69 => Actor5 [label="RemoveMe(G"];
308 Actor69 => Actor6 [label="RemoveMe(G"];
309 Actor69 => Actor7 [label="RemoveMe(G"];
310 Actor69 => Actor8 [label="RemoveMe(G"];
311 Actor69 => Actor9 [label="RemoveMe(G"];
312 Actor69 => Actor10 [label="RemoveMe(G"];
313 Actor69 => Actor11 [label="RemoveMe(G"];
314 Actor69 => Actor12 [label="RemoveMe(G"];
315 Actor69 => Actor13 [label="RemoveMe(G"];
316 Actor69 => Actor14 [label="RemoveMe(G"];
317 Actor69 => Actor15 [label="RemoveMe(G"];
318 Actor69 => Actor16 [label="RemoveMe(G"];
319 Actor69 => Actor17 [label="RemoveMe(G"];
320 Actor69 => Actor18 [label="RemoveMe(G"];
321 Actor69 => Actor19 [label="RemoveMe(G"];
322 Actor69 => Actor20 [label="RemoveMe(G"];
323 Actor69 => Actor21 [label="RemoveMe(G"];
324 Actor69 => Actor22 [label="RemoveMe(G"];
325 Actor69 => Actor23 [label="RemoveMe(G"];
326 Actor69 => Actor25 [label="RemoveMe(G"];
327 Actor69 => Actor26 [label="RemoveMe(G"];
328 Actor69 => Actor27 [label="RemoveMe(G"];
329 Actor69 => Actor28 [label="RemoveMe(G"];
330 Actor69 => Actor29 [label="RemoveMe(G"];
331 Actor69 => Actor30 [label="RemoveMe(G"];
332 Actor69 => Actor31 [label="RemoveMe(G"];
333 Actor69 => Actor32 [label="RemoveMe(G"];
334 Actor69 => Actor33 [label="RemoveMe(G"];
335 Actor69 => Actor34 [label="RemoveMe(G"];
336 Actor69 => Actor35 [label="RemoveMe(G"];
337 Actor69 => Actor36 [label="RemoveMe(G"];
338 Actor69 => Actor37 [label="RemoveMe(G"];
339 Actor69 => Actor38 [label="RemoveMe(G"];
340 Actor69 => Actor39 [label="RemoveMe(G"];
341 Actor69 => Actor40 [label="RemoveMe(G"];
342 Actor69 => Actor41 [label="RemoveMe(G"];
343 Actor69 => Actor43 [label="RemoveMe(G"];
344 Actor69 => Actor44 [label="RemoveMe(G"];
345 Actor69 => Actor45 [label="RemoveMe(G"];
346 Actor69 => Actor46 [label="RemoveMe(G"];
347 Actor69 => Actor47 [label="RemoveMe(G"];
348 Actor69 => Actor48 [label="RemoveMe(G"];
349 Actor69 => Actor49 [label="RemoveMe(G"];
350 Actor69 => Actor50 [label="RemoveMe(G"];
351 Actor69 => Actor51 [label="RemoveMe(G"];
352 Actor69 => Actor52 [label="RemoveMe(G"];
353 Actor69 => Actor53 [label="RemoveMe(G"];
354 Actor69 => Actor54 [label="RemoveMe(G"];
355 Actor69 => Actor55 [label="RemoveMe(G"];
356 Actor69 => Actor56 [label="RemoveMe(G"];
357 Actor69 => Actor57 [label="RemoveMe(G"];
358 Actor69 => Actor59 [label="RemoveMe(G"];
359 Actor69 => Actor60 [label="RemoveMe(G"];
360 Actor69 => Actor61 [label="RemoveMe(G"];
361 Actor69 => Actor62 [label="RemoveMe(G"];
362 Actor69 => Actor63 [label="RemoveMe(G"];
363 Actor69 => Actor64 [label="RemoveMe(G"];
364 Actor69 => Actor65 [label="RemoveMe(G"];
365 Actor69 => Actor66 [label="RemoveMe(G"];
366 Actor69 => Actor67 [label="RemoveMe(G"];
367 Actor69 => Actor68 [label="RemoveMe(G"];
368 Actor69 => Actor70 [label="RemoveMe(G"];
369 Actor69 => Actor71 [label="RemoveMe(G"];
370 Actor69 => Actor72 [label="RemoveMe(G"];
371 Actor69 => Actor73 [label="RemoveMe(G"];
372 Actor69 => Actor74 [label="RemoveMe(G"];
373 Actor69 => Actor75 [label="RemoveMe(G"];
374 Actor69 => Actor76 [label="RemoveMe(G"];
375 Actor69 => Actor77 [label="RemoveMe(G"];
376 Actor69 => Actor78 [label="RemoveMe(G"];
377 Actor69 => Actor79 [label="RemoveMe(G"];
378 Actor69 => Actor80 [label="RemoveMe(G"];
379 Actor69 => Actor81 [label="RemoveMe(G"];
380 Actor69 => Actor82 [label="RemoveMe(G"];
381 Actor69 => Actor83 [label="RemoveMe(G"];
382 Actor69 => Actor84 [label="RemoveMe(G"];
383 Actor69 => Actor85 [label="RemoveMe(G"];
384 Actor69 => Actor86 [label="RemoveMe(G"];
385 Actor69 => Actor87 [label="RemoveMe(G"];
386 Actor69 => Actor88 [label="RemoveMe(G"];
387 Actor69 => Actor89 [label="RemoveMe(G"];
388 Actor69 => Actor90 [label="RemoveMe(G"];
389 Actor69 => Actor91 [label="RemoveMe(G"];
390 Actor69 => Actor92 [label="RemoveMe(G"];
391 Actor69 => Actor93 [label="RemoveMe(G"];
392 Actor69 => Actor94 [label="RemoveMe(G"];
393 Actor69 => Actor95 [label="RemoveMe(G"];
394 Actor69 => Actor96 [label="RemoveMe(G"];
395 Actor69 => Actor97 [label="RemoveMe(G"];
396 Actor69 => Actor98 [label="RemoveMe(G"];
397 Actor69 => Actor99 [label="RemoveMe(G"];
398 Actor69 => Actor100 [label="RemoveMe(G"];
399 Actor69 => Actor0 [label="Finish"];
400 Actor69 <= Actor63 [label="RemoveMe(G"];
401 Actor69 <= Actor90 [label="RemoveMe(G"];
402 Actor69 <= Actor12 [label="RemoveMe(G"];
403 Actor69 <= Actor70 [label="RemoveMe(G"];
404 Actor69 <= Actor16 [label="RemoveMe(G"];
405 Actor69 <= Actor94 [label="RemoveMe(G"];
406 Actor69 <= Actor5 [label="RemoveMe(G"];
407 Actor69 <= Actor88 [label="RemoveMe(G"];
408 Actor69 <= Actor59 [label="RemoveMe(G"];
409 Actor69 <= Actor99 [label="RemoveMe(G"];
410 Actor69 <= Actor84 [label="RemoveMe(G"];
433 Actor69 <= Actor6 [label="Rumor"];
434 Actor69 <= Actor10 [label="RemoveMe(G"];
435 Actor69 <= Actor93 [label="Rumor"];
436 Actor69 <= Actor93 [label="RemoveMe(G"];
437 Actor69 <= Actor1 [label="RemoveMe(G"];
438 Actor69 <= Actor97 [label="RemoveMe(G"];
439 Actor69 <= Actor27 [label="RemoveMe(G"];
440 Actor69 <= Actor11 [label="RemoveMe(G"];
441 Actor69 <= Actor37 [label="RemoveMe(G"];
442 Actor69 <= Actor76 [label="RemoveMe(G"];
443 Actor69 <= Actor8 [label="RemoveMe(G"];
444 Actor69 <= Actor32 [label="RemoveMe(G"];
445 Actor69 <= Actor28 [label="RemoveMe(G"];
446 Actor69 <= Actor72 [label="RemoveMe(G"];
447 Actor69 <= Actor57 [label="RemoveMe(G"];
448 Actor69 <= Actor7 [label="RemoveMe(G"];
449 Actor69 <= Actor98 [label="RemoveMe(G"];
450 Actor69 <= Actor81 [label="RemoveMe(G"];
451 Actor69 <= Actor36 [label="RemoveMe(G"];
453 Actor69 <= Actor13 [label="RemoveMe(G"];
454 Actor69 <= Actor21 [label="RemoveMe(G"];
455 Actor69 <= Actor35 [label="RemoveMe(G"];
456 Actor69 <= Actor38 [label="RemoveMe(G"];
457 Actor69 <= Actor15 [label="RemoveMe(G"];
458 Actor69 <= Actor55 [label="RemoveMe(G"];
459 Actor69 <= Actor41 [label="RemoveMe(G"];
460 Actor69 <= Actor79 [label="RemoveMe(G"];
461 Actor69 <= Actor69 [label="Remind"];
462 Actor69 <= Actor34 [label="RemoveMe(G"];
463 Actor69 <= Actor53 [label="RemoveMe(G"];
464 Actor69 <= Actor46 [label="RemoveMe(G"];
465 Actor69 <= Actor75 [label="RemoveMe(G"];
466 Actor69 <= Actor2 [label="RemoveMe(G"];
467 Actor69 <= Actor51 [label="RemoveMe(G"];
468 Actor69 <= Actor25 [label="RemoveMe(G"];
469 Actor69 <= Actor18 [label="RemoveMe(G"];
470 Actor69 <= Actor39 [label="RemoveMe(G"];
471 Actor69 <= Actor47 [label="RemoveMe(G"];
486 Actor69 <= Actor45 [label="RemoveMe(G"];
487 Actor69 <= Actor62 [label="RemoveMe(G"];
488 Actor69 <= Actor67 [label="RemoveMe(G"];
489 Actor69 <= Actor71 [label="RemoveMe(G"];
490 Actor69 <= Actor64 [label="RemoveMe(G"];
491 Actor69 <= Actor73 [label="RemoveMe(G"];
492 Actor69 <= Actor66 [label="RemoveMe(G"];
493 Actor69 <= Actor65 [label="RemoveMe(G"];
494 Actor69 <= Actor82 [label="RemoveMe(G"];
495 Actor69 <= Actor100 [label="RemoveMe(G"];
496 Actor69 <= Actor14 [label="RemoveMe(G"];
497 Actor69 <= Actor52 [label="RemoveMe(G"];
498 Actor69 <= Actor20 [label="RemoveMe(G"];
499 Actor69 <= Actor78 [label="RemoveMe(G"];
500 Actor69 <= Actor54 [label="RemoveMe(G"];
501 Actor69 <= Actor86 [label="RemoveMe(G"];
502 Actor69 <= Actor87 [label="RemoveMe(G"];
503 Actor69 <= Actor89 [label="RemoveMe(G"];
538 Actor69 <= Actor92 [label="RemoveMe(G"];
539 Actor69 <= Actor96 [label="RemoveMe(G"];
540 Actor69 <= Actor49 [label="RemoveMe(G"];
541 Actor69 <= Actor91 [label="RemoveMe(G"];
542 Actor69 <= Actor68 [label="RemoveMe(G"];
543 Actor69 <= Actor50 [label="RemoveMe(G"];
544 Actor69 <= Actor74 [label="RemoveMe(G"];
545 Actor69 <= Actor3 [label="RemoveMe(G"];
546 Actor69 <= Actor31 [label="RemoveMe(G"];
547 Actor69 <= Actor23 [label="RemoveMe(G"];
548 Actor69 <= Actor60 [label="RemoveMe(G"];
549 Actor69 <= Actor61 [label="RemoveMe(G"];
550 Actor69 <= Actor44 [label="RemoveMe(G"];
551 Actor69 <= Actor48 [label="RemoveMe(G"];
552 Actor69 <= Actor56 [label="RemoveMe(G"];
553 Actor69 <= Actor95 [label="RemoveMe(G"];
554 Actor69 <= Actor30 [label="RemoveMe(G"];
1124 Actor69 <= Actor0 [label="ShutDown"];
