7 Actor7 <= Actor0 [label="Set(Master"];
155 Actor7 <= Actor53 [label="Rumor"];
156 Actor7 => Actor73 [label="Rumor"];
157 Actor7 => Actor7 [label="Remind"];
167 Actor7 <= Actor53 [label="Rumor"];
168 Actor7 => Actor1 [label="RemoveMe(G"];
169 Actor7 => Actor2 [label="RemoveMe(G"];
170 Actor7 => Actor3 [label="RemoveMe(G"];
171 Actor7 => Actor4 [label="RemoveMe(G"];
172 Actor7 => Actor5 [label="RemoveMe(G"];
173 Actor7 => Actor6 [label="RemoveMe(G"];
174 Actor7 => Actor8 [label="RemoveMe(G"];
175 Actor7 => Actor9 [label="RemoveMe(G"];
176 Actor7 => Actor10 [label="RemoveMe(G"];
177 Actor7 => Actor11 [label="RemoveMe(G"];
178 Actor7 => Actor12 [label="RemoveMe(G"];
179 Actor7 => Actor13 [label="RemoveMe(G"];
180 Actor7 => Actor14 [label="RemoveMe(G"];
181 Actor7 => Actor15 [label="RemoveMe(G"];
182 Actor7 => Actor16 [label="RemoveMe(G"];
183 Actor7 => Actor17 [label="RemoveMe(G"];
184 Actor7 => Actor18 [label="RemoveMe(G"];
185 Actor7 => Actor19 [label="RemoveMe(G"];
186 Actor7 => Actor20 [label="RemoveMe(G"];
187 Actor7 => Actor21 [label="RemoveMe(G"];
188 Actor7 => Actor22 [label="RemoveMe(G"];
189 Actor7 => Actor23 [label="RemoveMe(G"];
190 Actor7 => Actor24 [label="RemoveMe(G"];
191 Actor7 => Actor25 [label="RemoveMe(G"];
192 Actor7 => Actor26 [label="RemoveMe(G"];
193 Actor7 => Actor27 [label="RemoveMe(G"];
194 Actor7 => Actor28 [label="RemoveMe(G"];
195 Actor7 => Actor29 [label="RemoveMe(G"];
196 Actor7 => Actor30 [label="RemoveMe(G"];
197 Actor7 => Actor31 [label="RemoveMe(G"];
198 Actor7 => Actor32 [label="RemoveMe(G"];
199 Actor7 => Actor33 [label="RemoveMe(G"];
200 Actor7 => Actor34 [label="RemoveMe(G"];
201 Actor7 => Actor35 [label="RemoveMe(G"];
202 Actor7 => Actor36 [label="RemoveMe(G"];
203 Actor7 => Actor37 [label="RemoveMe(G"];
204 Actor7 => Actor38 [label="RemoveMe(G"];
205 Actor7 => Actor39 [label="RemoveMe(G"];
206 Actor7 => Actor40 [label="RemoveMe(G"];
207 Actor7 => Actor41 [label="RemoveMe(G"];
208 Actor7 => Actor42 [label="RemoveMe(G"];
209 Actor7 => Actor43 [label="RemoveMe(G"];
210 Actor7 => Actor44 [label="RemoveMe(G"];
211 Actor7 => Actor45 [label="RemoveMe(G"];
212 Actor7 => Actor46 [label="RemoveMe(G"];
213 Actor7 => Actor47 [label="RemoveMe(G"];
214 Actor7 => Actor48 [label="RemoveMe(G"];
215 Actor7 => Actor49 [label="RemoveMe(G"];
216 Actor7 => Actor50 [label="RemoveMe(G"];
217 Actor7 => Actor51 [label="RemoveMe(G"];
218 Actor7 => Actor52 [label="RemoveMe(G"];
219 Actor7 => Actor53 [label="RemoveMe(G"];
220 Actor7 => Actor54 [label="RemoveMe(G"];
221 Actor7 => Actor55 [label="RemoveMe(G"];
222 Actor7 => Actor56 [label="RemoveMe(G"];
223 Actor7 => Actor57 [label="RemoveMe(G"];
224 Actor7 => Actor58 [label="RemoveMe(G"];
225 Actor7 => Actor59 [label="RemoveMe(G"];
226 Actor7 => Actor60 [label="RemoveMe(G"];
227 Actor7 => Actor61 [label="RemoveMe(G"];
228 Actor7 => Actor62 [label="RemoveMe(G"];
229 Actor7 => Actor63 [label="RemoveMe(G"];
230 Actor7 => Actor64 [label="RemoveMe(G"];
231 Actor7 => Actor65 [label="RemoveMe(G"];
232 Actor7 => Actor66 [label="RemoveMe(G"];
233 Actor7 => Actor67 [label="RemoveMe(G"];
234 Actor7 => Actor68 [label="RemoveMe(G"];
235 Actor7 => Actor69 [label="RemoveMe(G"];
236 Actor7 => Actor70 [label="RemoveMe(G"];
237 Actor7 => Actor71 [label="RemoveMe(G"];
238 Actor7 => Actor72 [label="RemoveMe(G"];
239 Actor7 => Actor73 [label="RemoveMe(G"];
240 Actor7 => Actor74 [label="RemoveMe(G"];
241 Actor7 => Actor75 [label="RemoveMe(G"];
242 Actor7 => Actor76 [label="RemoveMe(G"];
243 Actor7 => Actor77 [label="RemoveMe(G"];
244 Actor7 => Actor78 [label="RemoveMe(G"];
245 Actor7 => Actor79 [label="RemoveMe(G"];
246 Actor7 => Actor80 [label="RemoveMe(G"];
247 Actor7 => Actor81 [label="RemoveMe(G"];
248 Actor7 => Actor82 [label="RemoveMe(G"];
249 Actor7 => Actor83 [label="RemoveMe(G"];
250 Actor7 => Actor84 [label="RemoveMe(G"];
251 Actor7 => Actor85 [label="RemoveMe(G"];
252 Actor7 => Actor86 [label="RemoveMe(G"];
253 Actor7 => Actor87 [label="RemoveMe(G"];
254 Actor7 => Actor88 [label="RemoveMe(G"];
255 Actor7 => Actor89 [label="RemoveMe(G"];
256 Actor7 => Actor90 [label="RemoveMe(G"];
257 Actor7 => Actor91 [label="RemoveMe(G"];
258 Actor7 => Actor92 [label="RemoveMe(G"];
259 Actor7 => Actor93 [label="RemoveMe(G"];
260 Actor7 => Actor94 [label="RemoveMe(G"];
261 Actor7 => Actor95 [label="RemoveMe(G"];
262 Actor7 => Actor96 [label="RemoveMe(G"];
263 Actor7 => Actor97 [label="RemoveMe(G"];
264 Actor7 => Actor98 [label="RemoveMe(G"];
265 Actor7 => Actor99 [label="RemoveMe(G"];
266 Actor7 => Actor100 [label="RemoveMe(G"];
267 Actor7 => Actor0 [label="Finish"];
268 Actor7 <= Actor42 [label="RemoveMe(G"];
269 Actor7 <= Actor63 [label="RemoveMe(G"];
270 Actor7 <= Actor94 [label="Rumor"];
271 Actor7 <= Actor94 [label="RemoveMe(G"];
272 Actor7 <= Actor24 [label="RemoveMe(G"];
273 Actor7 <= Actor90 [label="RemoveMe(G"];
274 Actor7 <= Actor58 [label="RemoveMe(G"];
275 Actor7 <= Actor88 [label="RemoveMe(G"];
314 Actor7 <= Actor56 [label="Rumor"];
315 Actor7 <= Actor70 [label="RemoveMe(G"];
316 Actor7 <= Actor5 [label="RemoveMe(G"];
317 Actor7 <= Actor12 [label="RemoveMe(G"];
318 Actor7 <= Actor16 [label="RemoveMe(G"];
358 Actor7 <= Actor37 [label="RemoveMe(G"];
359 Actor7 <= Actor10 [label="RemoveMe(G"];
360 Actor7 <= Actor84 [label="RemoveMe(G"];
361 Actor7 <= Actor59 [label="RemoveMe(G"];
362 Actor7 <= Actor99 [label="RemoveMe(G"];
376 Actor7 <= Actor6 [label="Rumor"];
377 Actor7 <= Actor93 [label="RemoveMe(G"];
378 Actor7 <= Actor1 [label="RemoveMe(G"];
379 Actor7 <= Actor97 [label="RemoveMe(G"];
380 Actor7 <= Actor27 [label="RemoveMe(G"];
381 Actor7 <= Actor32 [label="RemoveMe(G"];
382 Actor7 <= Actor11 [label="RemoveMe(G"];
383 Actor7 <= Actor76 [label="RemoveMe(G"];
384 Actor7 <= Actor13 [label="Rumor"];
385 Actor7 <= Actor28 [label="RemoveMe(G"];
386 Actor7 <= Actor8 [label="RemoveMe(G"];
387 Actor7 <= Actor15 [label="RemoveMe(G"];
388 Actor7 <= Actor81 [label="RemoveMe(G"];
389 Actor7 <= Actor72 [label="RemoveMe(G"];
390 Actor7 <= Actor57 [label="RemoveMe(G"];
391 Actor7 <= Actor7 [label="Remind"];
392 Actor7 <= Actor98 [label="RemoveMe(G"];
393 Actor7 <= Actor41 [label="RemoveMe(G"];
394 Actor7 <= Actor38 [label="RemoveMe(G"];
395 Actor7 <= Actor18 [label="Rumor"];
396 Actor7 <= Actor36 [label="RemoveMe(G"];
397 Actor7 <= Actor31 [label="Rumor"];
401 Actor7 <= Actor13 [label="RemoveMe(G"];
402 Actor7 <= Actor21 [label="RemoveMe(G"];
403 Actor7 <= Actor35 [label="RemoveMe(G"];
404 Actor7 <= Actor79 [label="RemoveMe(G"];
405 Actor7 <= Actor55 [label="RemoveMe(G"];
406 Actor7 <= Actor53 [label="RemoveMe(G"];
407 Actor7 <= Actor46 [label="RemoveMe(G"];
408 Actor7 <= Actor34 [label="RemoveMe(G"];
409 Actor7 <= Actor69 [label="RemoveMe(G"];
410 Actor7 <= Actor75 [label="RemoveMe(G"];
411 Actor7 <= Actor2 [label="RemoveMe(G"];
412 Actor7 <= Actor51 [label="RemoveMe(G"];
413 Actor7 <= Actor25 [label="RemoveMe(G"];
414 Actor7 <= Actor18 [label="RemoveMe(G"];
415 Actor7 <= Actor39 [label="RemoveMe(G"];
416 Actor7 <= Actor62 [label="RemoveMe(G"];
434 Actor7 <= Actor45 [label="RemoveMe(G"];
435 Actor7 <= Actor47 [label="RemoveMe(G"];
436 Actor7 <= Actor67 [label="RemoveMe(G"];
437 Actor7 <= Actor65 [label="RemoveMe(G"];
438 Actor7 <= Actor71 [label="RemoveMe(G"];
441 Actor7 <= Actor73 [label="RemoveMe(G"];
442 Actor7 <= Actor66 [label="RemoveMe(G"];
443 Actor7 <= Actor82 [label="RemoveMe(G"];
444 Actor7 <= Actor100 [label="RemoveMe(G"];
445 Actor7 <= Actor14 [label="RemoveMe(G"];
446 Actor7 <= Actor52 [label="RemoveMe(G"];
447 Actor7 <= Actor78 [label="RemoveMe(G"];
448 Actor7 <= Actor54 [label="RemoveMe(G"];
449 Actor7 <= Actor86 [label="RemoveMe(G"];
450 Actor7 <= Actor87 [label="RemoveMe(G"];
451 Actor7 <= Actor89 [label="RemoveMe(G"];
452 Actor7 <= Actor96 [label="RemoveMe(G"];
453 Actor7 <= Actor49 [label="RemoveMe(G"];
454 Actor7 <= Actor91 [label="RemoveMe(G"];
455 Actor7 <= Actor68 [label="RemoveMe(G"];
456 Actor7 <= Actor74 [label="RemoveMe(G"];
457 Actor7 <= Actor3 [label="RemoveMe(G"];
458 Actor7 <= Actor31 [label="RemoveMe(G"];
459 Actor7 <= Actor23 [label="RemoveMe(G"];
460 Actor7 <= Actor60 [label="RemoveMe(G"];
461 Actor7 <= Actor61 [label="RemoveMe(G"];
462 Actor7 <= Actor56 [label="RemoveMe(G"];
1062 Actor7 <= Actor0 [label="ShutDown"];
