70 Actor70 <= Actor0 [label="Set(Master"];
108 Actor70 <= Actor58 [label="Rumor"];
109 Actor70 => Actor72 [label="Rumor"];
110 Actor70 => Actor70 [label="Remind"];
111 Actor70 <= Actor70 [label="Remind"];
112 Actor70 => Actor21 [label="Rumor"];
113 Actor70 => Actor70 [label="Remind"];
130 Actor70 <= Actor72 [label="Rumor"];
131 Actor70 => Actor1 [label="RemoveMe(G"];
132 Actor70 => Actor2 [label="RemoveMe(G"];
133 Actor70 => Actor3 [label="RemoveMe(G"];
134 Actor70 => Actor4 [label="RemoveMe(G"];
135 Actor70 => Actor5 [label="RemoveMe(G"];
136 Actor70 => Actor6 [label="RemoveMe(G"];
137 Actor70 => Actor7 [label="RemoveMe(G"];
138 Actor70 => Actor8 [label="RemoveMe(G"];
139 Actor70 => Actor9 [label="RemoveMe(G"];
140 Actor70 => Actor10 [label="RemoveMe(G"];
141 Actor70 => Actor11 [label="RemoveMe(G"];
142 Actor70 => Actor12 [label="RemoveMe(G"];
143 Actor70 => Actor13 [label="RemoveMe(G"];
144 Actor70 => Actor14 [label="RemoveMe(G"];
145 Actor70 => Actor15 [label="RemoveMe(G"];
146 Actor70 => Actor16 [label="RemoveMe(G"];
147 Actor70 => Actor17 [label="RemoveMe(G"];
148 Actor70 => Actor18 [label="RemoveMe(G"];
149 Actor70 => Actor19 [label="RemoveMe(G"];
150 Actor70 => Actor20 [label="RemoveMe(G"];
151 Actor70 => Actor21 [label="RemoveMe(G"];
152 Actor70 => Actor22 [label="RemoveMe(G"];
153 Actor70 => Actor23 [label="RemoveMe(G"];
154 Actor70 => Actor24 [label="RemoveMe(G"];
155 Actor70 => Actor25 [label="RemoveMe(G"];
156 Actor70 => Actor26 [label="RemoveMe(G"];
157 Actor70 => Actor27 [label="RemoveMe(G"];
158 Actor70 => Actor28 [label="RemoveMe(G"];
159 Actor70 => Actor29 [label="RemoveMe(G"];
160 Actor70 => Actor30 [label="RemoveMe(G"];
161 Actor70 => Actor31 [label="RemoveMe(G"];
162 Actor70 => Actor32 [label="RemoveMe(G"];
163 Actor70 => Actor33 [label="RemoveMe(G"];
164 Actor70 => Actor34 [label="RemoveMe(G"];
165 Actor70 => Actor35 [label="RemoveMe(G"];
166 Actor70 => Actor36 [label="RemoveMe(G"];
167 Actor70 => Actor37 [label="RemoveMe(G"];
168 Actor70 => Actor38 [label="RemoveMe(G"];
169 Actor70 => Actor39 [label="RemoveMe(G"];
170 Actor70 => Actor40 [label="RemoveMe(G"];
171 Actor70 => Actor41 [label="RemoveMe(G"];
172 Actor70 => Actor42 [label="RemoveMe(G"];
173 Actor70 => Actor43 [label="RemoveMe(G"];
174 Actor70 => Actor44 [label="RemoveMe(G"];
175 Actor70 => Actor45 [label="RemoveMe(G"];
176 Actor70 => Actor46 [label="RemoveMe(G"];
177 Actor70 => Actor47 [label="RemoveMe(G"];
178 Actor70 => Actor48 [label="RemoveMe(G"];
179 Actor70 => Actor49 [label="RemoveMe(G"];
180 Actor70 => Actor50 [label="RemoveMe(G"];
181 Actor70 => Actor51 [label="RemoveMe(G"];
182 Actor70 => Actor52 [label="RemoveMe(G"];
183 Actor70 => Actor53 [label="RemoveMe(G"];
184 Actor70 => Actor54 [label="RemoveMe(G"];
185 Actor70 => Actor55 [label="RemoveMe(G"];
186 Actor70 => Actor56 [label="RemoveMe(G"];
187 Actor70 => Actor57 [label="RemoveMe(G"];
188 Actor70 => Actor58 [label="RemoveMe(G"];
189 Actor70 => Actor59 [label="RemoveMe(G"];
190 Actor70 => Actor60 [label="RemoveMe(G"];
191 Actor70 => Actor61 [label="RemoveMe(G"];
192 Actor70 => Actor62 [label="RemoveMe(G"];
193 Actor70 => Actor63 [label="RemoveMe(G"];
194 Actor70 => Actor64 [label="RemoveMe(G"];
195 Actor70 => Actor65 [label="RemoveMe(G"];
196 Actor70 => Actor66 [label="RemoveMe(G"];
197 Actor70 => Actor67 [label="RemoveMe(G"];
198 Actor70 => Actor68 [label="RemoveMe(G"];
199 Actor70 => Actor69 [label="RemoveMe(G"];
200 Actor70 => Actor71 [label="RemoveMe(G"];
201 Actor70 => Actor72 [label="RemoveMe(G"];
202 Actor70 => Actor73 [label="RemoveMe(G"];
203 Actor70 => Actor74 [label="RemoveMe(G"];
204 Actor70 => Actor75 [label="RemoveMe(G"];
205 Actor70 => Actor76 [label="RemoveMe(G"];
206 Actor70 => Actor77 [label="RemoveMe(G"];
207 Actor70 => Actor78 [label="RemoveMe(G"];
208 Actor70 => Actor79 [label="RemoveMe(G"];
209 Actor70 => Actor80 [label="RemoveMe(G"];
210 Actor70 => Actor81 [label="RemoveMe(G"];
211 Actor70 => Actor82 [label="RemoveMe(G"];
212 Actor70 => Actor83 [label="RemoveMe(G"];
213 Actor70 => Actor84 [label="RemoveMe(G"];
214 Actor70 => Actor85 [label="RemoveMe(G"];
215 Actor70 => Actor86 [label="RemoveMe(G"];
216 Actor70 => Actor87 [label="RemoveMe(G"];
217 Actor70 => Actor88 [label="RemoveMe(G"];
218 Actor70 => Actor89 [label="RemoveMe(G"];
219 Actor70 => Actor90 [label="RemoveMe(G"];
220 Actor70 => Actor91 [label="RemoveMe(G"];
221 Actor70 => Actor92 [label="RemoveMe(G"];
222 Actor70 => Actor93 [label="RemoveMe(G"];
223 Actor70 => Actor94 [label="RemoveMe(G"];
224 Actor70 => Actor95 [label="RemoveMe(G"];
225 Actor70 => Actor96 [label="RemoveMe(G"];
226 Actor70 => Actor97 [label="RemoveMe(G"];
227 Actor70 => Actor98 [label="RemoveMe(G"];
228 Actor70 => Actor99 [label="RemoveMe(G"];
229 Actor70 => Actor100 [label="RemoveMe(G"];
230 Actor70 => Actor0 [label="Finish"];
231 Actor70 <= Actor42 [label="RemoveMe(G"];
232 Actor70 <= Actor24 [label="RemoveMe(G"];
269 Actor70 <= Actor56 [label="Rumor"];
270 Actor70 <= Actor58 [label="RemoveMe(G"];
271 Actor70 <= Actor63 [label="RemoveMe(G"];
272 Actor70 <= Actor70 [label="Remind"];
273 Actor70 <= Actor90 [label="RemoveMe(G"];
274 Actor70 <= Actor12 [label="RemoveMe(G"];
275 Actor70 <= Actor16 [label="RemoveMe(G"];
276 Actor70 <= Actor94 [label="RemoveMe(G"];
277 Actor70 <= Actor5 [label="RemoveMe(G"];
278 Actor70 <= Actor88 [label="RemoveMe(G"];
313 Actor70 <= Actor84 [label="RemoveMe(G"];
314 Actor70 <= Actor59 [label="RemoveMe(G"];
315 Actor70 <= Actor10 [label="RemoveMe(G"];
316 Actor70 <= Actor93 [label="RemoveMe(G"];
317 Actor70 <= Actor1 [label="RemoveMe(G"];
318 Actor70 <= Actor97 [label="RemoveMe(G"];
326 Actor70 <= Actor27 [label="RemoveMe(G"];
327 Actor70 <= Actor11 [label="RemoveMe(G"];
416 Actor70 <= Actor37 [label="RemoveMe(G"];
417 Actor70 <= Actor76 [label="RemoveMe(G"];
418 Actor70 <= Actor32 [label="RemoveMe(G"];
419 Actor70 <= Actor28 [label="RemoveMe(G"];
420 Actor70 <= Actor57 [label="RemoveMe(G"];
421 Actor70 <= Actor7 [label="RemoveMe(G"];
422 Actor70 <= Actor98 [label="RemoveMe(G"];
423 Actor70 <= Actor81 [label="RemoveMe(G"];
424 Actor70 <= Actor36 [label="RemoveMe(G"];
425 Actor70 <= Actor21 [label="RemoveMe(G"];
426 Actor70 <= Actor35 [label="RemoveMe(G"];
427 Actor70 <= Actor38 [label="RemoveMe(G"];
428 Actor70 <= Actor15 [label="RemoveMe(G"];
429 Actor70 <= Actor55 [label="RemoveMe(G"];
430 Actor70 <= Actor41 [label="RemoveMe(G"];
431 Actor70 <= Actor79 [label="RemoveMe(G"];
432 Actor70 <= Actor69 [label="RemoveMe(G"];
433 Actor70 <= Actor53 [label="RemoveMe(G"];
434 Actor70 <= Actor34 [label="RemoveMe(G"];
435 Actor70 <= Actor46 [label="RemoveMe(G"];
436 Actor70 <= Actor75 [label="RemoveMe(G"];
437 Actor70 <= Actor2 [label="RemoveMe(G"];
438 Actor70 <= Actor51 [label="RemoveMe(G"];
439 Actor70 <= Actor25 [label="RemoveMe(G"];
440 Actor70 <= Actor18 [label="RemoveMe(G"];
441 Actor70 <= Actor62 [label="RemoveMe(G"];
442 Actor70 <= Actor67 [label="RemoveMe(G"];
443 Actor70 <= Actor71 [label="RemoveMe(G"];
444 Actor70 <= Actor66 [label="RemoveMe(G"];
445 Actor70 <= Actor65 [label="RemoveMe(G"];
446 Actor70 <= Actor82 [label="RemoveMe(G"];
447 Actor70 <= Actor14 [label="RemoveMe(G"];
448 Actor70 <= Actor52 [label="RemoveMe(G"];
449 Actor70 <= Actor86 [label="RemoveMe(G"];
450 Actor70 <= Actor87 [label="RemoveMe(G"];
451 Actor70 <= Actor89 [label="RemoveMe(G"];
452 Actor70 <= Actor49 [label="RemoveMe(G"];
453 Actor70 <= Actor68 [label="RemoveMe(G"];
454 Actor70 <= Actor3 [label="RemoveMe(G"];
455 Actor70 <= Actor60 [label="RemoveMe(G"];
1125 Actor70 <= Actor0 [label="ShutDown"];
