71 Actor71 <= Actor0 [label="Set(Master"];
190 Actor71 <= Actor42 [label="RemoveMe(G"];
230 Actor71 <= Actor24 [label="RemoveMe(G"];
296 Actor71 <= Actor95 [label="Rumor"];
297 Actor71 => Actor3 [label="Rumor"];
298 Actor71 => Actor71 [label="Remind"];
299 Actor71 <= Actor58 [label="RemoveMe(G"];
311 Actor71 <= Actor56 [label="Rumor"];
312 Actor71 => Actor1 [label="RemoveMe(G"];
313 Actor71 => Actor2 [label="RemoveMe(G"];
314 Actor71 => Actor3 [label="RemoveMe(G"];
315 Actor71 => Actor4 [label="RemoveMe(G"];
316 Actor71 => Actor5 [label="RemoveMe(G"];
317 Actor71 => Actor6 [label="RemoveMe(G"];
318 Actor71 => Actor7 [label="RemoveMe(G"];
319 Actor71 => Actor8 [label="RemoveMe(G"];
320 Actor71 => Actor9 [label="RemoveMe(G"];
321 Actor71 => Actor10 [label="RemoveMe(G"];
322 Actor71 => Actor11 [label="RemoveMe(G"];
323 Actor71 => Actor12 [label="RemoveMe(G"];
324 Actor71 => Actor13 [label="RemoveMe(G"];
325 Actor71 => Actor14 [label="RemoveMe(G"];
326 Actor71 => Actor15 [label="RemoveMe(G"];
327 Actor71 => Actor16 [label="RemoveMe(G"];
328 Actor71 => Actor17 [label="RemoveMe(G"];
329 Actor71 => Actor18 [label="RemoveMe(G"];
330 Actor71 => Actor19 [label="RemoveMe(G"];
331 Actor71 => Actor20 [label="RemoveMe(G"];
332 Actor71 => Actor21 [label="RemoveMe(G"];
333 Actor71 => Actor22 [label="RemoveMe(G"];
334 Actor71 => Actor23 [label="RemoveMe(G"];
335 Actor71 => Actor25 [label="RemoveMe(G"];
336 Actor71 => Actor26 [label="RemoveMe(G"];
337 Actor71 => Actor27 [label="RemoveMe(G"];
338 Actor71 => Actor28 [label="RemoveMe(G"];
339 Actor71 => Actor29 [label="RemoveMe(G"];
340 Actor71 => Actor30 [label="RemoveMe(G"];
341 Actor71 => Actor31 [label="RemoveMe(G"];
342 Actor71 => Actor32 [label="RemoveMe(G"];
343 Actor71 => Actor33 [label="RemoveMe(G"];
344 Actor71 => Actor34 [label="RemoveMe(G"];
345 Actor71 => Actor35 [label="RemoveMe(G"];
346 Actor71 => Actor36 [label="RemoveMe(G"];
347 Actor71 => Actor37 [label="RemoveMe(G"];
348 Actor71 => Actor38 [label="RemoveMe(G"];
349 Actor71 => Actor39 [label="RemoveMe(G"];
350 Actor71 => Actor40 [label="RemoveMe(G"];
351 Actor71 => Actor41 [label="RemoveMe(G"];
352 Actor71 => Actor43 [label="RemoveMe(G"];
353 Actor71 => Actor44 [label="RemoveMe(G"];
354 Actor71 => Actor45 [label="RemoveMe(G"];
355 Actor71 => Actor46 [label="RemoveMe(G"];
356 Actor71 => Actor47 [label="RemoveMe(G"];
357 Actor71 => Actor48 [label="RemoveMe(G"];
358 Actor71 => Actor49 [label="RemoveMe(G"];
359 Actor71 => Actor50 [label="RemoveMe(G"];
360 Actor71 => Actor51 [label="RemoveMe(G"];
361 Actor71 => Actor52 [label="RemoveMe(G"];
362 Actor71 => Actor53 [label="RemoveMe(G"];
363 Actor71 => Actor54 [label="RemoveMe(G"];
364 Actor71 => Actor55 [label="RemoveMe(G"];
365 Actor71 => Actor56 [label="RemoveMe(G"];
366 Actor71 => Actor57 [label="RemoveMe(G"];
367 Actor71 => Actor59 [label="RemoveMe(G"];
368 Actor71 => Actor60 [label="RemoveMe(G"];
369 Actor71 => Actor61 [label="RemoveMe(G"];
370 Actor71 => Actor62 [label="RemoveMe(G"];
371 Actor71 => Actor63 [label="RemoveMe(G"];
372 Actor71 => Actor64 [label="RemoveMe(G"];
373 Actor71 => Actor65 [label="RemoveMe(G"];
374 Actor71 => Actor66 [label="RemoveMe(G"];
375 Actor71 => Actor67 [label="RemoveMe(G"];
376 Actor71 => Actor68 [label="RemoveMe(G"];
377 Actor71 => Actor69 [label="RemoveMe(G"];
378 Actor71 => Actor70 [label="RemoveMe(G"];
379 Actor71 => Actor72 [label="RemoveMe(G"];
380 Actor71 => Actor73 [label="RemoveMe(G"];
381 Actor71 => Actor74 [label="RemoveMe(G"];
382 Actor71 => Actor75 [label="RemoveMe(G"];
383 Actor71 => Actor76 [label="RemoveMe(G"];
384 Actor71 => Actor77 [label="RemoveMe(G"];
385 Actor71 => Actor78 [label="RemoveMe(G"];
386 Actor71 => Actor79 [label="RemoveMe(G"];
387 Actor71 => Actor80 [label="RemoveMe(G"];
388 Actor71 => Actor81 [label="RemoveMe(G"];
389 Actor71 => Actor82 [label="RemoveMe(G"];
390 Actor71 => Actor83 [label="RemoveMe(G"];
391 Actor71 => Actor84 [label="RemoveMe(G"];
392 Actor71 => Actor85 [label="RemoveMe(G"];
393 Actor71 => Actor86 [label="RemoveMe(G"];
394 Actor71 => Actor87 [label="RemoveMe(G"];
395 Actor71 => Actor88 [label="RemoveMe(G"];
396 Actor71 => Actor89 [label="RemoveMe(G"];
397 Actor71 => Actor90 [label="RemoveMe(G"];
398 Actor71 => Actor91 [label="RemoveMe(G"];
399 Actor71 => Actor92 [label="RemoveMe(G"];
400 Actor71 => Actor93 [label="RemoveMe(G"];
401 Actor71 => Actor94 [label="RemoveMe(G"];
402 Actor71 => Actor95 [label="RemoveMe(G"];
403 Actor71 => Actor96 [label="RemoveMe(G"];
404 Actor71 => Actor97 [label="RemoveMe(G"];
405 Actor71 => Actor98 [label="RemoveMe(G"];
406 Actor71 => Actor99 [label="RemoveMe(G"];
407 Actor71 => Actor100 [label="RemoveMe(G"];
408 Actor71 => Actor0 [label="Finish"];
409 Actor71 <= Actor63 [label="RemoveMe(G"];
410 Actor71 <= Actor90 [label="RemoveMe(G"];
411 Actor71 <= Actor12 [label="RemoveMe(G"];
412 Actor71 <= Actor70 [label="RemoveMe(G"];
413 Actor71 <= Actor16 [label="RemoveMe(G"];
414 Actor71 <= Actor94 [label="RemoveMe(G"];
415 Actor71 <= Actor5 [label="RemoveMe(G"];
416 Actor71 <= Actor88 [label="RemoveMe(G"];
417 Actor71 <= Actor99 [label="RemoveMe(G"];
418 Actor71 <= Actor84 [label="RemoveMe(G"];
419 Actor71 <= Actor59 [label="RemoveMe(G"];
420 Actor71 <= Actor10 [label="RemoveMe(G"];
421 Actor71 <= Actor93 [label="RemoveMe(G"];
422 Actor71 <= Actor1 [label="RemoveMe(G"];
423 Actor71 <= Actor97 [label="RemoveMe(G"];
424 Actor71 <= Actor27 [label="RemoveMe(G"];
425 Actor71 <= Actor11 [label="RemoveMe(G"];
426 Actor71 <= Actor37 [label="RemoveMe(G"];
427 Actor71 <= Actor76 [label="RemoveMe(G"];
428 Actor71 <= Actor8 [label="RemoveMe(G"];
429 Actor71 <= Actor32 [label="RemoveMe(G"];
430 Actor71 <= Actor28 [label="RemoveMe(G"];
433 Actor71 <= Actor72 [label="RemoveMe(G"];
434 Actor71 <= Actor57 [label="RemoveMe(G"];
435 Actor71 <= Actor7 [label="RemoveMe(G"];
436 Actor71 <= Actor98 [label="RemoveMe(G"];
437 Actor71 <= Actor81 [label="RemoveMe(G"];
438 Actor71 <= Actor36 [label="RemoveMe(G"];
454 Actor71 <= Actor13 [label="RemoveMe(G"];
455 Actor71 <= Actor21 [label="RemoveMe(G"];
456 Actor71 <= Actor35 [label="RemoveMe(G"];
457 Actor71 <= Actor38 [label="RemoveMe(G"];
458 Actor71 <= Actor15 [label="RemoveMe(G"];
459 Actor71 <= Actor55 [label="RemoveMe(G"];
460 Actor71 <= Actor41 [label="RemoveMe(G"];
461 Actor71 <= Actor79 [label="RemoveMe(G"];
507 Actor71 <= Actor29 [label="Rumor"];
508 Actor71 <= Actor69 [label="RemoveMe(G"];
509 Actor71 <= Actor53 [label="RemoveMe(G"];
510 Actor71 <= Actor34 [label="RemoveMe(G"];
511 Actor71 <= Actor46 [label="RemoveMe(G"];
512 Actor71 <= Actor75 [label="RemoveMe(G"];
513 Actor71 <= Actor2 [label="RemoveMe(G"];
514 Actor71 <= Actor51 [label="RemoveMe(G"];
515 Actor71 <= Actor25 [label="RemoveMe(G"];
516 Actor71 <= Actor18 [label="RemoveMe(G"];
517 Actor71 <= Actor62 [label="Rumor"];
518 Actor71 <= Actor39 [label="RemoveMe(G"];
519 Actor71 <= Actor19 [label="Rumor"];
520 Actor71 <= Actor47 [label="RemoveMe(G"];
521 Actor71 <= Actor45 [label="RemoveMe(G"];
522 Actor71 <= Actor62 [label="RemoveMe(G"];
523 Actor71 <= Actor67 [label="RemoveMe(G"];
524 Actor71 <= Actor33 [label="RemoveMe(G"];
525 Actor71 <= Actor71 [label="Remind"];
526 Actor71 <= Actor64 [label="RemoveMe(G"];
527 Actor71 <= Actor73 [label="RemoveMe(G"];
528 Actor71 <= Actor66 [label="RemoveMe(G"];
529 Actor71 <= Actor65 [label="RemoveMe(G"];
530 Actor71 <= Actor82 [label="RemoveMe(G"];
549 Actor71 <= Actor4 [label="RemoveMe(G"];
550 Actor71 <= Actor100 [label="RemoveMe(G"];
551 Actor71 <= Actor14 [label="RemoveMe(G"];
552 Actor71 <= Actor52 [label="RemoveMe(G"];
553 Actor71 <= Actor20 [label="RemoveMe(G"];
554 Actor71 <= Actor78 [label="RemoveMe(G"];
555 Actor71 <= Actor83 [label="RemoveMe(G"];
556 Actor71 <= Actor54 [label="RemoveMe(G"];
557 Actor71 <= Actor86 [label="RemoveMe(G"];
558 Actor71 <= Actor87 [label="RemoveMe(G"];
559 Actor71 <= Actor89 [label="RemoveMe(G"];
560 Actor71 <= Actor92 [label="RemoveMe(G"];
561 Actor71 <= Actor96 [label="RemoveMe(G"];
562 Actor71 <= Actor49 [label="RemoveMe(G"];
563 Actor71 <= Actor91 [label="RemoveMe(G"];
564 Actor71 <= Actor68 [label="RemoveMe(G"];
565 Actor71 <= Actor50 [label="RemoveMe(G"];
566 Actor71 <= Actor74 [label="RemoveMe(G"];
567 Actor71 <= Actor3 [label="RemoveMe(G"];
568 Actor71 <= Actor31 [label="RemoveMe(G"];
569 Actor71 <= Actor23 [label="RemoveMe(G"];
570 Actor71 <= Actor60 [label="RemoveMe(G"];
571 Actor71 <= Actor61 [label="RemoveMe(G"];
572 Actor71 <= Actor44 [label="RemoveMe(G"];
573 Actor71 <= Actor48 [label="RemoveMe(G"];
574 Actor71 <= Actor56 [label="RemoveMe(G"];
575 Actor71 <= Actor95 [label="RemoveMe(G"];
576 Actor71 <= Actor80 [label="RemoveMe(G"];
577 Actor71 <= Actor30 [label="RemoveMe(G"];
1126 Actor71 <= Actor0 [label="ShutDown"];
