72 Actor72 <= Actor0 [label="Set(Master"];
110 Actor72 <= Actor70 [label="Rumor"];
111 Actor72 => Actor90 [label="Rumor"];
112 Actor72 => Actor72 [label="Remind"];
113 Actor72 <= Actor72 [label="Remind"];
114 Actor72 => Actor41 [label="Rumor"];
115 Actor72 => Actor72 [label="Remind"];
116 Actor72 <= Actor72 [label="Remind"];
117 Actor72 => Actor25 [label="Rumor"];
118 Actor72 => Actor72 [label="Remind"];
119 Actor72 <= Actor72 [label="Remind"];
120 Actor72 => Actor59 [label="Rumor"];
121 Actor72 => Actor72 [label="Remind"];
122 Actor72 <= Actor72 [label="Remind"];
123 Actor72 => Actor66 [label="Rumor"];
124 Actor72 => Actor72 [label="Remind"];
125 Actor72 <= Actor72 [label="Remind"];
126 Actor72 => Actor94 [label="Rumor"];
127 Actor72 => Actor72 [label="Remind"];
128 Actor72 <= Actor72 [label="Remind"];
129 Actor72 => Actor70 [label="Rumor"];
130 Actor72 => Actor72 [label="Remind"];
131 Actor72 <= Actor72 [label="Remind"];
132 Actor72 => Actor81 [label="Rumor"];
133 Actor72 => Actor72 [label="Remind"];
191 Actor72 <= Actor42 [label="RemoveMe(G"];
231 Actor72 <= Actor24 [label="RemoveMe(G"];
235 Actor72 <= Actor58 [label="RemoveMe(G"];
236 Actor72 <= Actor63 [label="RemoveMe(G"];
237 Actor72 <= Actor90 [label="RemoveMe(G"];
242 Actor72 <= Actor12 [label="RemoveMe(G"];
243 Actor72 <= Actor70 [label="RemoveMe(G"];
244 Actor72 <= Actor16 [label="RemoveMe(G"];
245 Actor72 <= Actor94 [label="RemoveMe(G"];
246 Actor72 <= Actor5 [label="RemoveMe(G"];
249 Actor72 <= Actor88 [label="RemoveMe(G"];
369 Actor72 <= Actor6 [label="Rumor"];
370 Actor72 => Actor1 [label="RemoveMe(G"];
371 Actor72 => Actor2 [label="RemoveMe(G"];
372 Actor72 => Actor3 [label="RemoveMe(G"];
373 Actor72 => Actor4 [label="RemoveMe(G"];
374 Actor72 => Actor6 [label="RemoveMe(G"];
375 Actor72 => Actor7 [label="RemoveMe(G"];
376 Actor72 => Actor8 [label="RemoveMe(G"];
377 Actor72 => Actor9 [label="RemoveMe(G"];
378 Actor72 => Actor10 [label="RemoveMe(G"];
379 Actor72 => Actor11 [label="RemoveMe(G"];
380 Actor72 => Actor13 [label="RemoveMe(G"];
381 Actor72 => Actor14 [label="RemoveMe(G"];
382 Actor72 => Actor15 [label="RemoveMe(G"];
383 Actor72 => Actor17 [label="RemoveMe(G"];
384 Actor72 => Actor18 [label="RemoveMe(G"];
385 Actor72 => Actor19 [label="RemoveMe(G"];
386 Actor72 => Actor20 [label="RemoveMe(G"];
387 Actor72 => Actor21 [label="RemoveMe(G"];
388 Actor72 => Actor22 [label="RemoveMe(G"];
389 Actor72 => Actor23 [label="RemoveMe(G"];
390 Actor72 => Actor25 [label="RemoveMe(G"];
391 Actor72 => Actor26 [label="RemoveMe(G"];
392 Actor72 => Actor27 [label="RemoveMe(G"];
393 Actor72 => Actor28 [label="RemoveMe(G"];
394 Actor72 => Actor29 [label="RemoveMe(G"];
395 Actor72 => Actor30 [label="RemoveMe(G"];
396 Actor72 => Actor31 [label="RemoveMe(G"];
397 Actor72 => Actor32 [label="RemoveMe(G"];
398 Actor72 => Actor33 [label="RemoveMe(G"];
399 Actor72 => Actor34 [label="RemoveMe(G"];
400 Actor72 => Actor35 [label="RemoveMe(G"];
401 Actor72 => Actor36 [label="RemoveMe(G"];
402 Actor72 => Actor37 [label="RemoveMe(G"];
403 Actor72 => Actor38 [label="RemoveMe(G"];
404 Actor72 => Actor39 [label="RemoveMe(G"];
405 Actor72 => Actor40 [label="RemoveMe(G"];
406 Actor72 => Actor41 [label="RemoveMe(G"];
407 Actor72 => Actor43 [label="RemoveMe(G"];
408 Actor72 => Actor44 [label="RemoveMe(G"];
409 Actor72 => Actor45 [label="RemoveMe(G"];
410 Actor72 => Actor46 [label="RemoveMe(G"];
411 Actor72 => Actor47 [label="RemoveMe(G"];
412 Actor72 => Actor48 [label="RemoveMe(G"];
413 Actor72 => Actor49 [label="RemoveMe(G"];
414 Actor72 => Actor50 [label="RemoveMe(G"];
415 Actor72 => Actor51 [label="RemoveMe(G"];
416 Actor72 => Actor52 [label="RemoveMe(G"];
417 Actor72 => Actor53 [label="RemoveMe(G"];
418 Actor72 => Actor54 [label="RemoveMe(G"];
419 Actor72 => Actor55 [label="RemoveMe(G"];
420 Actor72 => Actor56 [label="RemoveMe(G"];
421 Actor72 => Actor57 [label="RemoveMe(G"];
422 Actor72 => Actor59 [label="RemoveMe(G"];
423 Actor72 => Actor60 [label="RemoveMe(G"];
424 Actor72 => Actor61 [label="RemoveMe(G"];
425 Actor72 => Actor62 [label="RemoveMe(G"];
426 Actor72 => Actor64 [label="RemoveMe(G"];
427 Actor72 => Actor65 [label="RemoveMe(G"];
428 Actor72 => Actor66 [label="RemoveMe(G"];
429 Actor72 => Actor67 [label="RemoveMe(G"];
430 Actor72 => Actor68 [label="RemoveMe(G"];
431 Actor72 => Actor69 [label="RemoveMe(G"];
432 Actor72 => Actor71 [label="RemoveMe(G"];
433 Actor72 => Actor73 [label="RemoveMe(G"];
434 Actor72 => Actor74 [label="RemoveMe(G"];
435 Actor72 => Actor75 [label="RemoveMe(G"];
436 Actor72 => Actor76 [label="RemoveMe(G"];
437 Actor72 => Actor77 [label="RemoveMe(G"];
438 Actor72 => Actor78 [label="RemoveMe(G"];
439 Actor72 => Actor79 [label="RemoveMe(G"];
440 Actor72 => Actor80 [label="RemoveMe(G"];
441 Actor72 => Actor81 [label="RemoveMe(G"];
442 Actor72 => Actor82 [label="RemoveMe(G"];
443 Actor72 => Actor83 [label="RemoveMe(G"];
444 Actor72 => Actor84 [label="RemoveMe(G"];
445 Actor72 => Actor85 [label="RemoveMe(G"];
446 Actor72 => Actor86 [label="RemoveMe(G"];
447 Actor72 => Actor87 [label="RemoveMe(G"];
448 Actor72 => Actor89 [label="RemoveMe(G"];
449 Actor72 => Actor91 [label="RemoveMe(G"];
450 Actor72 => Actor92 [label="RemoveMe(G"];
451 Actor72 => Actor93 [label="RemoveMe(G"];
452 Actor72 => Actor95 [label="RemoveMe(G"];
453 Actor72 => Actor96 [label="RemoveMe(G"];
454 Actor72 => Actor97 [label="RemoveMe(G"];
455 Actor72 => Actor98 [label="RemoveMe(G"];
456 Actor72 => Actor99 [label="RemoveMe(G"];
457 Actor72 => Actor100 [label="RemoveMe(G"];
458 Actor72 => Actor0 [label="Finish"];
459 Actor72 <= Actor99 [label="RemoveMe(G"];
460 Actor72 <= Actor84 [label="RemoveMe(G"];
461 Actor72 <= Actor59 [label="RemoveMe(G"];
462 Actor72 <= Actor10 [label="RemoveMe(G"];
463 Actor72 <= Actor93 [label="RemoveMe(G"];
464 Actor72 <= Actor1 [label="RemoveMe(G"];
465 Actor72 <= Actor97 [label="RemoveMe(G"];
466 Actor72 <= Actor27 [label="RemoveMe(G"];
467 Actor72 <= Actor11 [label="RemoveMe(G"];
468 Actor72 <= Actor72 [label="Remind"];
469 Actor72 <= Actor37 [label="RemoveMe(G"];
470 Actor72 <= Actor76 [label="RemoveMe(G"];
471 Actor72 <= Actor8 [label="RemoveMe(G"];
472 Actor72 <= Actor32 [label="RemoveMe(G"];
473 Actor72 <= Actor57 [label="Rumor"];
474 Actor72 <= Actor28 [label="RemoveMe(G"];
475 Actor72 <= Actor57 [label="RemoveMe(G"];
476 Actor72 <= Actor7 [label="RemoveMe(G"];
477 Actor72 <= Actor98 [label="RemoveMe(G"];
478 Actor72 <= Actor81 [label="RemoveMe(G"];
479 Actor72 <= Actor36 [label="RemoveMe(G"];
480 Actor72 <= Actor13 [label="RemoveMe(G"];
481 Actor72 <= Actor21 [label="RemoveMe(G"];
482 Actor72 <= Actor35 [label="RemoveMe(G"];
483 Actor72 <= Actor38 [label="RemoveMe(G"];
484 Actor72 <= Actor15 [label="RemoveMe(G"];
485 Actor72 <= Actor55 [label="RemoveMe(G"];
486 Actor72 <= Actor41 [label="RemoveMe(G"];
487 Actor72 <= Actor79 [label="RemoveMe(G"];
488 Actor72 <= Actor69 [label="RemoveMe(G"];
489 Actor72 <= Actor53 [label="RemoveMe(G"];
490 Actor72 <= Actor34 [label="RemoveMe(G"];
491 Actor72 <= Actor46 [label="RemoveMe(G"];
492 Actor72 <= Actor75 [label="RemoveMe(G"];
493 Actor72 <= Actor2 [label="RemoveMe(G"];
494 Actor72 <= Actor51 [label="RemoveMe(G"];
495 Actor72 <= Actor25 [label="RemoveMe(G"];
496 Actor72 <= Actor18 [label="RemoveMe(G"];
497 Actor72 <= Actor39 [label="RemoveMe(G"];
498 Actor72 <= Actor47 [label="RemoveMe(G"];
499 Actor72 <= Actor45 [label="RemoveMe(G"];
500 Actor72 <= Actor62 [label="RemoveMe(G"];
501 Actor72 <= Actor67 [label="RemoveMe(G"];
502 Actor72 <= Actor71 [label="RemoveMe(G"];
503 Actor72 <= Actor66 [label="RemoveMe(G"];
504 Actor72 <= Actor65 [label="RemoveMe(G"];
505 Actor72 <= Actor82 [label="RemoveMe(G"];
506 Actor72 <= Actor100 [label="RemoveMe(G"];
507 Actor72 <= Actor14 [label="RemoveMe(G"];
508 Actor72 <= Actor52 [label="RemoveMe(G"];
509 Actor72 <= Actor78 [label="RemoveMe(G"];
510 Actor72 <= Actor54 [label="RemoveMe(G"];
511 Actor72 <= Actor86 [label="Rumor"];
512 Actor72 <= Actor86 [label="RemoveMe(G"];
513 Actor72 <= Actor87 [label="RemoveMe(G"];
514 Actor72 <= Actor89 [label="RemoveMe(G"];
515 Actor72 <= Actor96 [label="RemoveMe(G"];
516 Actor72 <= Actor49 [label="RemoveMe(G"];
517 Actor72 <= Actor91 [label="RemoveMe(G"];
518 Actor72 <= Actor68 [label="RemoveMe(G"];
519 Actor72 <= Actor74 [label="RemoveMe(G"];
520 Actor72 <= Actor3 [label="RemoveMe(G"];
521 Actor72 <= Actor31 [label="RemoveMe(G"];
522 Actor72 <= Actor23 [label="RemoveMe(G"];
523 Actor72 <= Actor60 [label="RemoveMe(G"];
524 Actor72 <= Actor61 [label="RemoveMe(G"];
525 Actor72 <= Actor56 [label="RemoveMe(G"];
1127 Actor72 <= Actor0 [label="ShutDown"];
