73 Actor73 <= Actor0 [label="Set(Master"];
192 Actor73 <= Actor42 [label="RemoveMe(G"];
232 Actor73 <= Actor24 [label="RemoveMe(G"];
236 Actor73 <= Actor58 [label="RemoveMe(G"];
237 Actor73 <= Actor63 [label="RemoveMe(G"];
238 Actor73 <= Actor90 [label="RemoveMe(G"];
243 Actor73 <= Actor12 [label="RemoveMe(G"];
244 Actor73 <= Actor70 [label="RemoveMe(G"];
245 Actor73 <= Actor16 [label="RemoveMe(G"];
246 Actor73 <= Actor94 [label="RemoveMe(G"];
247 Actor73 <= Actor5 [label="RemoveMe(G"];
250 Actor73 <= Actor88 [label="RemoveMe(G"];
343 Actor73 <= Actor99 [label="RemoveMe(G"];
344 Actor73 <= Actor84 [label="RemoveMe(G"];
345 Actor73 <= Actor59 [label="RemoveMe(G"];
346 Actor73 <= Actor10 [label="RemoveMe(G"];
347 Actor73 <= Actor93 [label="RemoveMe(G"];
348 Actor73 <= Actor1 [label="RemoveMe(G"];
349 Actor73 <= Actor97 [label="RemoveMe(G"];
350 Actor73 <= Actor27 [label="RemoveMe(G"];
351 Actor73 <= Actor11 [label="RemoveMe(G"];
352 Actor73 <= Actor28 [label="Rumor"];
353 Actor73 => Actor55 [label="Rumor"];
354 Actor73 => Actor73 [label="Remind"];
419 Actor73 <= Actor37 [label="RemoveMe(G"];
420 Actor73 <= Actor76 [label="RemoveMe(G"];
424 Actor73 <= Actor8 [label="RemoveMe(G"];
425 Actor73 <= Actor32 [label="RemoveMe(G"];
426 Actor73 <= Actor28 [label="RemoveMe(G"];
434 Actor73 <= Actor72 [label="RemoveMe(G"];
435 Actor73 <= Actor7 [label="Rumor"];
436 Actor73 => Actor2 [label="RemoveMe(G"];
437 Actor73 => Actor3 [label="RemoveMe(G"];
438 Actor73 => Actor4 [label="RemoveMe(G"];
439 Actor73 => Actor6 [label="RemoveMe(G"];
440 Actor73 => Actor7 [label="RemoveMe(G"];
441 Actor73 => Actor9 [label="RemoveMe(G"];
442 Actor73 => Actor13 [label="RemoveMe(G"];
443 Actor73 => Actor14 [label="RemoveMe(G"];
444 Actor73 => Actor15 [label="RemoveMe(G"];
445 Actor73 => Actor17 [label="RemoveMe(G"];
446 Actor73 => Actor18 [label="RemoveMe(G"];
447 Actor73 => Actor19 [label="RemoveMe(G"];
448 Actor73 => Actor20 [label="RemoveMe(G"];
449 Actor73 => Actor21 [label="RemoveMe(G"];
450 Actor73 => Actor22 [label="RemoveMe(G"];
451 Actor73 => Actor23 [label="RemoveMe(G"];
452 Actor73 => Actor25 [label="RemoveMe(G"];
453 Actor73 => Actor26 [label="RemoveMe(G"];
454 Actor73 => Actor29 [label="RemoveMe(G"];
455 Actor73 => Actor30 [label="RemoveMe(G"];
456 Actor73 => Actor31 [label="RemoveMe(G"];
457 Actor73 => Actor33 [label="RemoveMe(G"];
458 Actor73 => Actor34 [label="RemoveMe(G"];
459 Actor73 => Actor35 [label="RemoveMe(G"];
460 Actor73 => Actor36 [label="RemoveMe(G"];
461 Actor73 => Actor38 [label="RemoveMe(G"];
462 Actor73 => Actor39 [label="RemoveMe(G"];
463 Actor73 => Actor40 [label="RemoveMe(G"];
464 Actor73 => Actor41 [label="RemoveMe(G"];
465 Actor73 => Actor43 [label="RemoveMe(G"];
466 Actor73 => Actor44 [label="RemoveMe(G"];
467 Actor73 => Actor45 [label="RemoveMe(G"];
468 Actor73 => Actor46 [label="RemoveMe(G"];
469 Actor73 => Actor47 [label="RemoveMe(G"];
470 Actor73 => Actor48 [label="RemoveMe(G"];
471 Actor73 => Actor49 [label="RemoveMe(G"];
472 Actor73 => Actor50 [label="RemoveMe(G"];
473 Actor73 => Actor51 [label="RemoveMe(G"];
474 Actor73 => Actor52 [label="RemoveMe(G"];
475 Actor73 => Actor53 [label="RemoveMe(G"];
476 Actor73 => Actor54 [label="RemoveMe(G"];
477 Actor73 => Actor55 [label="RemoveMe(G"];
478 Actor73 => Actor56 [label="RemoveMe(G"];
479 Actor73 => Actor57 [label="RemoveMe(G"];
480 Actor73 => Actor60 [label="RemoveMe(G"];
481 Actor73 => Actor61 [label="RemoveMe(G"];
482 Actor73 => Actor62 [label="RemoveMe(G"];
483 Actor73 => Actor64 [label="RemoveMe(G"];
484 Actor73 => Actor65 [label="RemoveMe(G"];
485 Actor73 => Actor66 [label="RemoveMe(G"];
486 Actor73 => Actor67 [label="RemoveMe(G"];
487 Actor73 => Actor68 [label="RemoveMe(G"];
488 Actor73 => Actor69 [label="RemoveMe(G"];
489 Actor73 => Actor71 [label="RemoveMe(G"];
490 Actor73 => Actor74 [label="RemoveMe(G"];
491 Actor73 => Actor75 [label="RemoveMe(G"];
492 Actor73 => Actor77 [label="RemoveMe(G"];
493 Actor73 => Actor78 [label="RemoveMe(G"];
494 Actor73 => Actor79 [label="RemoveMe(G"];
495 Actor73 => Actor80 [label="RemoveMe(G"];
496 Actor73 => Actor81 [label="RemoveMe(G"];
497 Actor73 => Actor82 [label="RemoveMe(G"];
498 Actor73 => Actor83 [label="RemoveMe(G"];
499 Actor73 => Actor85 [label="RemoveMe(G"];
500 Actor73 => Actor86 [label="RemoveMe(G"];
501 Actor73 => Actor87 [label="RemoveMe(G"];
502 Actor73 => Actor89 [label="RemoveMe(G"];
503 Actor73 => Actor91 [label="RemoveMe(G"];
504 Actor73 => Actor92 [label="RemoveMe(G"];
505 Actor73 => Actor95 [label="RemoveMe(G"];
506 Actor73 => Actor96 [label="RemoveMe(G"];
507 Actor73 => Actor98 [label="RemoveMe(G"];
508 Actor73 => Actor100 [label="RemoveMe(G"];
509 Actor73 => Actor0 [label="Finish"];
510 Actor73 <= Actor57 [label="RemoveMe(G"];
511 Actor73 <= Actor7 [label="RemoveMe(G"];
512 Actor73 <= Actor98 [label="RemoveMe(G"];
513 Actor73 <= Actor81 [label="RemoveMe(G"];
514 Actor73 <= Actor36 [label="RemoveMe(G"];
515 Actor73 <= Actor13 [label="RemoveMe(G"];
516 Actor73 <= Actor21 [label="RemoveMe(G"];
517 Actor73 <= Actor35 [label="RemoveMe(G"];
518 Actor73 <= Actor38 [label="RemoveMe(G"];
519 Actor73 <= Actor15 [label="RemoveMe(G"];
520 Actor73 <= Actor29 [label="Rumor"];
521 Actor73 <= Actor55 [label="RemoveMe(G"];
522 Actor73 <= Actor41 [label="RemoveMe(G"];
523 Actor73 <= Actor29 [label="Rumor"];
524 Actor73 <= Actor79 [label="RemoveMe(G"];
525 Actor73 <= Actor69 [label="RemoveMe(G"];
526 Actor73 <= Actor53 [label="RemoveMe(G"];
527 Actor73 <= Actor34 [label="RemoveMe(G"];
528 Actor73 <= Actor46 [label="RemoveMe(G"];
529 Actor73 <= Actor75 [label="RemoveMe(G"];
530 Actor73 <= Actor2 [label="RemoveMe(G"];
531 Actor73 <= Actor51 [label="RemoveMe(G"];
532 Actor73 <= Actor25 [label="RemoveMe(G"];
533 Actor73 <= Actor18 [label="RemoveMe(G"];
534 Actor73 <= Actor39 [label="RemoveMe(G"];
535 Actor73 <= Actor47 [label="RemoveMe(G"];
536 Actor73 <= Actor45 [label="RemoveMe(G"];
537 Actor73 <= Actor62 [label="RemoveMe(G"];
538 Actor73 <= Actor67 [label="RemoveMe(G"];
539 Actor73 <= Actor33 [label="RemoveMe(G"];
540 Actor73 <= Actor73 [label="Remind"];
541 Actor73 <= Actor71 [label="RemoveMe(G"];
542 Actor73 <= Actor64 [label="RemoveMe(G"];
543 Actor73 <= Actor66 [label="RemoveMe(G"];
544 Actor73 <= Actor65 [label="RemoveMe(G"];
545 Actor73 <= Actor82 [label="RemoveMe(G"];
550 Actor73 <= Actor4 [label="RemoveMe(G"];
551 Actor73 <= Actor100 [label="RemoveMe(G"];
552 Actor73 <= Actor14 [label="RemoveMe(G"];
553 Actor73 <= Actor20 [label="RemoveMe(G"];
554 Actor73 <= Actor78 [label="RemoveMe(G"];
555 Actor73 <= Actor83 [label="RemoveMe(G"];
556 Actor73 <= Actor85 [label="RemoveMe(G"];
557 Actor73 <= Actor54 [label="RemoveMe(G"];
558 Actor73 <= Actor86 [label="RemoveMe(G"];
559 Actor73 <= Actor87 [label="RemoveMe(G"];
560 Actor73 <= Actor89 [label="RemoveMe(G"];
561 Actor73 <= Actor92 [label="RemoveMe(G"];
562 Actor73 <= Actor52 [label="RemoveMe(G"];
563 Actor73 <= Actor96 [label="RemoveMe(G"];
564 Actor73 <= Actor49 [label="RemoveMe(G"];
565 Actor73 <= Actor91 [label="RemoveMe(G"];
566 Actor73 <= Actor68 [label="RemoveMe(G"];
567 Actor73 <= Actor50 [label="RemoveMe(G"];
568 Actor73 <= Actor74 [label="RemoveMe(G"];
569 Actor73 <= Actor3 [label="RemoveMe(G"];
570 Actor73 <= Actor31 [label="RemoveMe(G"];
571 Actor73 <= Actor23 [label="RemoveMe(G"];
572 Actor73 <= Actor60 [label="RemoveMe(G"];
573 Actor73 <= Actor61 [label="RemoveMe(G"];
574 Actor73 <= Actor44 [label="RemoveMe(G"];
575 Actor73 <= Actor48 [label="RemoveMe(G"];
576 Actor73 <= Actor56 [label="RemoveMe(G"];
577 Actor73 <= Actor95 [label="RemoveMe(G"];
578 Actor73 <= Actor80 [label="RemoveMe(G"];
579 Actor73 <= Actor30 [label="RemoveMe(G"];
1128 Actor73 <= Actor0 [label="ShutDown"];
