74 Actor74 <= Actor0 [label="Set(Master"];
193 Actor74 <= Actor42 [label="RemoveMe(G"];
233 Actor74 <= Actor24 [label="RemoveMe(G"];
278 Actor74 <= Actor95 [label="Rumor"];
279 Actor74 => Actor76 [label="Rumor"];
280 Actor74 => Actor74 [label="Remind"];
281 Actor74 <= Actor58 [label="RemoveMe(G"];
282 Actor74 <= Actor63 [label="RemoveMe(G"];
283 Actor74 <= Actor90 [label="RemoveMe(G"];
284 Actor74 <= Actor12 [label="RemoveMe(G"];
285 Actor74 <= Actor70 [label="RemoveMe(G"];
286 Actor74 <= Actor16 [label="RemoveMe(G"];
287 Actor74 <= Actor94 [label="RemoveMe(G"];
288 Actor74 <= Actor5 [label="RemoveMe(G"];
289 Actor74 <= Actor88 [label="RemoveMe(G"];
344 Actor74 <= Actor99 [label="RemoveMe(G"];
345 Actor74 <= Actor84 [label="RemoveMe(G"];
346 Actor74 <= Actor59 [label="RemoveMe(G"];
347 Actor74 <= Actor10 [label="RemoveMe(G"];
348 Actor74 <= Actor93 [label="RemoveMe(G"];
349 Actor74 <= Actor1 [label="RemoveMe(G"];
350 Actor74 <= Actor97 [label="RemoveMe(G"];
351 Actor74 <= Actor27 [label="RemoveMe(G"];
352 Actor74 <= Actor14 [label="Rumor"];
353 Actor74 => Actor2 [label="RemoveMe(G"];
354 Actor74 => Actor3 [label="RemoveMe(G"];
355 Actor74 => Actor4 [label="RemoveMe(G"];
356 Actor74 => Actor6 [label="RemoveMe(G"];
357 Actor74 => Actor7 [label="RemoveMe(G"];
358 Actor74 => Actor8 [label="RemoveMe(G"];
359 Actor74 => Actor9 [label="RemoveMe(G"];
360 Actor74 => Actor11 [label="RemoveMe(G"];
361 Actor74 => Actor13 [label="RemoveMe(G"];
362 Actor74 => Actor14 [label="RemoveMe(G"];
363 Actor74 => Actor15 [label="RemoveMe(G"];
364 Actor74 => Actor17 [label="RemoveMe(G"];
365 Actor74 => Actor18 [label="RemoveMe(G"];
366 Actor74 => Actor19 [label="RemoveMe(G"];
367 Actor74 => Actor20 [label="RemoveMe(G"];
368 Actor74 => Actor21 [label="RemoveMe(G"];
369 Actor74 => Actor22 [label="RemoveMe(G"];
370 Actor74 => Actor23 [label="RemoveMe(G"];
371 Actor74 => Actor25 [label="RemoveMe(G"];
372 Actor74 => Actor26 [label="RemoveMe(G"];
373 Actor74 => Actor28 [label="RemoveMe(G"];
374 Actor74 => Actor29 [label="RemoveMe(G"];
375 Actor74 => Actor30 [label="RemoveMe(G"];
376 Actor74 => Actor31 [label="RemoveMe(G"];
377 Actor74 => Actor32 [label="RemoveMe(G"];
378 Actor74 => Actor33 [label="RemoveMe(G"];
379 Actor74 => Actor34 [label="RemoveMe(G"];
380 Actor74 => Actor35 [label="RemoveMe(G"];
381 Actor74 => Actor36 [label="RemoveMe(G"];
382 Actor74 => Actor37 [label="RemoveMe(G"];
383 Actor74 => Actor38 [label="RemoveMe(G"];
384 Actor74 => Actor39 [label="RemoveMe(G"];
385 Actor74 => Actor40 [label="RemoveMe(G"];
386 Actor74 => Actor41 [label="RemoveMe(G"];
387 Actor74 => Actor43 [label="RemoveMe(G"];
388 Actor74 => Actor44 [label="RemoveMe(G"];
389 Actor74 => Actor45 [label="RemoveMe(G"];
390 Actor74 => Actor46 [label="RemoveMe(G"];
391 Actor74 => Actor47 [label="RemoveMe(G"];
392 Actor74 => Actor48 [label="RemoveMe(G"];
393 Actor74 => Actor49 [label="RemoveMe(G"];
394 Actor74 => Actor50 [label="RemoveMe(G"];
395 Actor74 => Actor51 [label="RemoveMe(G"];
396 Actor74 => Actor52 [label="RemoveMe(G"];
397 Actor74 => Actor53 [label="RemoveMe(G"];
398 Actor74 => Actor54 [label="RemoveMe(G"];
399 Actor74 => Actor55 [label="RemoveMe(G"];
400 Actor74 => Actor56 [label="RemoveMe(G"];
401 Actor74 => Actor57 [label="RemoveMe(G"];
402 Actor74 => Actor60 [label="RemoveMe(G"];
403 Actor74 => Actor61 [label="RemoveMe(G"];
404 Actor74 => Actor62 [label="RemoveMe(G"];
405 Actor74 => Actor64 [label="RemoveMe(G"];
406 Actor74 => Actor65 [label="RemoveMe(G"];
407 Actor74 => Actor66 [label="RemoveMe(G"];
408 Actor74 => Actor67 [label="RemoveMe(G"];
409 Actor74 => Actor68 [label="RemoveMe(G"];
410 Actor74 => Actor69 [label="RemoveMe(G"];
411 Actor74 => Actor71 [label="RemoveMe(G"];
412 Actor74 => Actor72 [label="RemoveMe(G"];
413 Actor74 => Actor73 [label="RemoveMe(G"];
414 Actor74 => Actor75 [label="RemoveMe(G"];
415 Actor74 => Actor76 [label="RemoveMe(G"];
416 Actor74 => Actor77 [label="RemoveMe(G"];
417 Actor74 => Actor78 [label="RemoveMe(G"];
418 Actor74 => Actor79 [label="RemoveMe(G"];
419 Actor74 => Actor80 [label="RemoveMe(G"];
420 Actor74 => Actor81 [label="RemoveMe(G"];
421 Actor74 => Actor82 [label="RemoveMe(G"];
422 Actor74 => Actor83 [label="RemoveMe(G"];
423 Actor74 => Actor85 [label="RemoveMe(G"];
424 Actor74 => Actor86 [label="RemoveMe(G"];
425 Actor74 => Actor87 [label="RemoveMe(G"];
426 Actor74 => Actor89 [label="RemoveMe(G"];
427 Actor74 => Actor91 [label="RemoveMe(G"];
428 Actor74 => Actor92 [label="RemoveMe(G"];
429 Actor74 => Actor95 [label="RemoveMe(G"];
430 Actor74 => Actor96 [label="RemoveMe(G"];
431 Actor74 => Actor98 [label="RemoveMe(G"];
432 Actor74 => Actor100 [label="RemoveMe(G"];
433 Actor74 => Actor0 [label="Finish"];
434 Actor74 <= Actor11 [label="RemoveMe(G"];
435 Actor74 <= Actor37 [label="RemoveMe(G"];
436 Actor74 <= Actor76 [label="RemoveMe(G"];
437 Actor74 <= Actor32 [label="RemoveMe(G"];
438 Actor74 <= Actor28 [label="RemoveMe(G"];
439 Actor74 <= Actor72 [label="RemoveMe(G"];
440 Actor74 <= Actor57 [label="RemoveMe(G"];
441 Actor74 <= Actor29 [label="Rumor"];
442 Actor74 <= Actor7 [label="RemoveMe(G"];
443 Actor74 <= Actor98 [label="RemoveMe(G"];
444 Actor74 <= Actor8 [label="RemoveMe(G"];
445 Actor74 <= Actor81 [label="RemoveMe(G"];
446 Actor74 <= Actor36 [label="RemoveMe(G"];
457 Actor74 <= Actor13 [label="RemoveMe(G"];
458 Actor74 <= Actor21 [label="RemoveMe(G"];
459 Actor74 <= Actor35 [label="RemoveMe(G"];
460 Actor74 <= Actor38 [label="RemoveMe(G"];
461 Actor74 <= Actor15 [label="RemoveMe(G"];
462 Actor74 <= Actor55 [label="RemoveMe(G"];
463 Actor74 <= Actor41 [label="RemoveMe(G"];
464 Actor74 <= Actor79 [label="RemoveMe(G"];
465 Actor74 <= Actor69 [label="RemoveMe(G"];
466 Actor74 <= Actor53 [label="RemoveMe(G"];
467 Actor74 <= Actor34 [label="RemoveMe(G"];
468 Actor74 <= Actor2 [label="Rumor"];
469 Actor74 <= Actor46 [label="RemoveMe(G"];
470 Actor74 <= Actor75 [label="RemoveMe(G"];
471 Actor74 <= Actor2 [label="RemoveMe(G"];
472 Actor74 <= Actor51 [label="RemoveMe(G"];
473 Actor74 <= Actor25 [label="RemoveMe(G"];
474 Actor74 <= Actor18 [label="RemoveMe(G"];
475 Actor74 <= Actor39 [label="RemoveMe(G"];
476 Actor74 <= Actor47 [label="RemoveMe(G"];
490 Actor74 <= Actor45 [label="RemoveMe(G"];
491 Actor74 <= Actor62 [label="RemoveMe(G"];
492 Actor74 <= Actor19 [label="Rumor"];
493 Actor74 <= Actor67 [label="RemoveMe(G"];
515 Actor74 <= Actor33 [label="RemoveMe(G"];
516 Actor74 <= Actor71 [label="RemoveMe(G"];
517 Actor74 <= Actor64 [label="RemoveMe(G"];
518 Actor74 <= Actor73 [label="RemoveMe(G"];
519 Actor74 <= Actor74 [label="Remind"];
520 Actor74 <= Actor66 [label="RemoveMe(G"];
521 Actor74 <= Actor65 [label="RemoveMe(G"];
522 Actor74 <= Actor82 [label="RemoveMe(G"];
523 Actor74 <= Actor4 [label="Rumor"];
551 Actor74 <= Actor4 [label="RemoveMe(G"];
552 Actor74 <= Actor100 [label="RemoveMe(G"];
553 Actor74 <= Actor14 [label="RemoveMe(G"];
554 Actor74 <= Actor20 [label="RemoveMe(G"];
555 Actor74 <= Actor54 [label="Rumor"];
556 Actor74 <= Actor78 [label="RemoveMe(G"];
557 Actor74 <= Actor83 [label="RemoveMe(G"];
558 Actor74 <= Actor85 [label="RemoveMe(G"];
559 Actor74 <= Actor54 [label="RemoveMe(G"];
560 Actor74 <= Actor86 [label="RemoveMe(G"];
561 Actor74 <= Actor87 [label="RemoveMe(G"];
562 Actor74 <= Actor89 [label="RemoveMe(G"];
563 Actor74 <= Actor92 [label="RemoveMe(G"];
564 Actor74 <= Actor52 [label="RemoveMe(G"];
565 Actor74 <= Actor96 [label="RemoveMe(G"];
566 Actor74 <= Actor49 [label="RemoveMe(G"];
567 Actor74 <= Actor91 [label="RemoveMe(G"];
623 Actor74 <= Actor6 [label="Rumor"];
812 Actor74 <= Actor6 [label="Rumor"];
842 Actor74 <= Actor6 [label="Rumor"];
843 Actor74 <= Actor9 [label="RemoveMe(G"];
844 Actor74 <= Actor68 [label="RemoveMe(G"];
845 Actor74 <= Actor50 [label="RemoveMe(G"];
846 Actor74 <= Actor77 [label="RemoveMe(G"];
847 Actor74 <= Actor3 [label="RemoveMe(G"];
848 Actor74 <= Actor31 [label="RemoveMe(G"];
849 Actor74 <= Actor26 [label="RemoveMe(G"];
850 Actor74 <= Actor23 [label="RemoveMe(G"];
851 Actor74 <= Actor60 [label="RemoveMe(G"];
852 Actor74 <= Actor61 [label="RemoveMe(G"];
853 Actor74 <= Actor44 [label="RemoveMe(G"];
854 Actor74 <= Actor19 [label="RemoveMe(G"];
855 Actor74 <= Actor40 [label="RemoveMe(G"];
856 Actor74 <= Actor48 [label="RemoveMe(G"];
857 Actor74 <= Actor56 [label="RemoveMe(G"];
858 Actor74 <= Actor43 [label="RemoveMe(G"];
859 Actor74 <= Actor95 [label="RemoveMe(G"];
860 Actor74 <= Actor80 [label="RemoveMe(G"];
861 Actor74 <= Actor22 [label="RemoveMe(G"];
862 Actor74 <= Actor17 [label="RemoveMe(G"];
863 Actor74 <= Actor29 [label="RemoveMe(G"];
864 Actor74 <= Actor30 [label="RemoveMe(G"];
1129 Actor74 <= Actor0 [label="ShutDown"];
