75 Actor75 <= Actor0 [label="Set(Master"];
141 Actor75 <= Actor58 [label="Rumor"];
142 Actor75 => Actor8 [label="Rumor"];
143 Actor75 => Actor75 [label="Remind"];
182 Actor75 <= Actor53 [label="Rumor"];
183 Actor75 => Actor1 [label="RemoveMe(G"];
184 Actor75 => Actor2 [label="RemoveMe(G"];
185 Actor75 => Actor3 [label="RemoveMe(G"];
186 Actor75 => Actor4 [label="RemoveMe(G"];
187 Actor75 => Actor5 [label="RemoveMe(G"];
188 Actor75 => Actor6 [label="RemoveMe(G"];
189 Actor75 => Actor7 [label="RemoveMe(G"];
190 Actor75 => Actor8 [label="RemoveMe(G"];
191 Actor75 => Actor9 [label="RemoveMe(G"];
192 Actor75 => Actor10 [label="RemoveMe(G"];
193 Actor75 => Actor11 [label="RemoveMe(G"];
194 Actor75 => Actor12 [label="RemoveMe(G"];
195 Actor75 => Actor13 [label="RemoveMe(G"];
196 Actor75 => Actor14 [label="RemoveMe(G"];
197 Actor75 => Actor15 [label="RemoveMe(G"];
198 Actor75 => Actor16 [label="RemoveMe(G"];
199 Actor75 => Actor17 [label="RemoveMe(G"];
200 Actor75 => Actor18 [label="RemoveMe(G"];
201 Actor75 => Actor19 [label="RemoveMe(G"];
202 Actor75 => Actor20 [label="RemoveMe(G"];
203 Actor75 => Actor21 [label="RemoveMe(G"];
204 Actor75 => Actor22 [label="RemoveMe(G"];
205 Actor75 => Actor23 [label="RemoveMe(G"];
206 Actor75 => Actor24 [label="RemoveMe(G"];
207 Actor75 => Actor25 [label="RemoveMe(G"];
208 Actor75 => Actor26 [label="RemoveMe(G"];
209 Actor75 => Actor27 [label="RemoveMe(G"];
210 Actor75 => Actor28 [label="RemoveMe(G"];
211 Actor75 => Actor29 [label="RemoveMe(G"];
212 Actor75 => Actor30 [label="RemoveMe(G"];
213 Actor75 => Actor31 [label="RemoveMe(G"];
214 Actor75 => Actor32 [label="RemoveMe(G"];
215 Actor75 => Actor33 [label="RemoveMe(G"];
216 Actor75 => Actor34 [label="RemoveMe(G"];
217 Actor75 => Actor35 [label="RemoveMe(G"];
218 Actor75 => Actor36 [label="RemoveMe(G"];
219 Actor75 => Actor37 [label="RemoveMe(G"];
220 Actor75 => Actor38 [label="RemoveMe(G"];
221 Actor75 => Actor39 [label="RemoveMe(G"];
222 Actor75 => Actor40 [label="RemoveMe(G"];
223 Actor75 => Actor41 [label="RemoveMe(G"];
224 Actor75 => Actor42 [label="RemoveMe(G"];
225 Actor75 => Actor43 [label="RemoveMe(G"];
226 Actor75 => Actor44 [label="RemoveMe(G"];
227 Actor75 => Actor45 [label="RemoveMe(G"];
228 Actor75 => Actor46 [label="RemoveMe(G"];
229 Actor75 => Actor47 [label="RemoveMe(G"];
230 Actor75 => Actor48 [label="RemoveMe(G"];
231 Actor75 => Actor49 [label="RemoveMe(G"];
232 Actor75 => Actor50 [label="RemoveMe(G"];
233 Actor75 => Actor51 [label="RemoveMe(G"];
234 Actor75 => Actor52 [label="RemoveMe(G"];
235 Actor75 => Actor53 [label="RemoveMe(G"];
236 Actor75 => Actor54 [label="RemoveMe(G"];
237 Actor75 => Actor55 [label="RemoveMe(G"];
238 Actor75 => Actor56 [label="RemoveMe(G"];
239 Actor75 => Actor57 [label="RemoveMe(G"];
240 Actor75 => Actor58 [label="RemoveMe(G"];
241 Actor75 => Actor59 [label="RemoveMe(G"];
242 Actor75 => Actor60 [label="RemoveMe(G"];
243 Actor75 => Actor61 [label="RemoveMe(G"];
244 Actor75 => Actor62 [label="RemoveMe(G"];
245 Actor75 => Actor63 [label="RemoveMe(G"];
246 Actor75 => Actor64 [label="RemoveMe(G"];
247 Actor75 => Actor65 [label="RemoveMe(G"];
248 Actor75 => Actor66 [label="RemoveMe(G"];
249 Actor75 => Actor67 [label="RemoveMe(G"];
250 Actor75 => Actor68 [label="RemoveMe(G"];
251 Actor75 => Actor69 [label="RemoveMe(G"];
252 Actor75 => Actor70 [label="RemoveMe(G"];
253 Actor75 => Actor71 [label="RemoveMe(G"];
254 Actor75 => Actor72 [label="RemoveMe(G"];
255 Actor75 => Actor73 [label="RemoveMe(G"];
256 Actor75 => Actor74 [label="RemoveMe(G"];
257 Actor75 => Actor76 [label="RemoveMe(G"];
258 Actor75 => Actor77 [label="RemoveMe(G"];
259 Actor75 => Actor78 [label="RemoveMe(G"];
260 Actor75 => Actor79 [label="RemoveMe(G"];
261 Actor75 => Actor80 [label="RemoveMe(G"];
262 Actor75 => Actor81 [label="RemoveMe(G"];
263 Actor75 => Actor82 [label="RemoveMe(G"];
264 Actor75 => Actor83 [label="RemoveMe(G"];
265 Actor75 => Actor84 [label="RemoveMe(G"];
266 Actor75 => Actor85 [label="RemoveMe(G"];
267 Actor75 => Actor86 [label="RemoveMe(G"];
268 Actor75 => Actor87 [label="RemoveMe(G"];
269 Actor75 => Actor88 [label="RemoveMe(G"];
270 Actor75 => Actor89 [label="RemoveMe(G"];
271 Actor75 => Actor90 [label="RemoveMe(G"];
272 Actor75 => Actor91 [label="RemoveMe(G"];
273 Actor75 => Actor92 [label="RemoveMe(G"];
274 Actor75 => Actor93 [label="RemoveMe(G"];
275 Actor75 => Actor94 [label="RemoveMe(G"];
276 Actor75 => Actor95 [label="RemoveMe(G"];
277 Actor75 => Actor96 [label="RemoveMe(G"];
278 Actor75 => Actor97 [label="RemoveMe(G"];
279 Actor75 => Actor98 [label="RemoveMe(G"];
280 Actor75 => Actor99 [label="RemoveMe(G"];
281 Actor75 => Actor100 [label="RemoveMe(G"];
282 Actor75 => Actor0 [label="Finish"];
283 Actor75 <= Actor42 [label="RemoveMe(G"];
284 Actor75 <= Actor24 [label="RemoveMe(G"];
285 Actor75 <= Actor58 [label="RemoveMe(G"];
286 Actor75 <= Actor63 [label="RemoveMe(G"];
287 Actor75 <= Actor90 [label="RemoveMe(G"];
288 Actor75 <= Actor12 [label="RemoveMe(G"];
289 Actor75 <= Actor70 [label="RemoveMe(G"];
290 Actor75 <= Actor16 [label="RemoveMe(G"];
291 Actor75 <= Actor94 [label="RemoveMe(G"];
292 Actor75 <= Actor5 [label="RemoveMe(G"];
293 Actor75 <= Actor88 [label="RemoveMe(G"];
345 Actor75 <= Actor99 [label="RemoveMe(G"];
346 Actor75 <= Actor84 [label="RemoveMe(G"];
347 Actor75 <= Actor59 [label="RemoveMe(G"];
348 Actor75 <= Actor10 [label="RemoveMe(G"];
349 Actor75 <= Actor93 [label="RemoveMe(G"];
350 Actor75 <= Actor1 [label="RemoveMe(G"];
351 Actor75 <= Actor97 [label="RemoveMe(G"];
352 Actor75 <= Actor27 [label="RemoveMe(G"];
353 Actor75 <= Actor11 [label="RemoveMe(G"];
421 Actor75 <= Actor37 [label="RemoveMe(G"];
422 Actor75 <= Actor76 [label="RemoveMe(G"];
423 Actor75 <= Actor32 [label="RemoveMe(G"];
424 Actor75 <= Actor28 [label="RemoveMe(G"];
436 Actor75 <= Actor72 [label="RemoveMe(G"];
437 Actor75 <= Actor57 [label="RemoveMe(G"];
438 Actor75 <= Actor7 [label="RemoveMe(G"];
439 Actor75 <= Actor98 [label="RemoveMe(G"];
440 Actor75 <= Actor8 [label="RemoveMe(G"];
441 Actor75 <= Actor81 [label="RemoveMe(G"];
442 Actor75 <= Actor36 [label="RemoveMe(G"];
458 Actor75 <= Actor13 [label="RemoveMe(G"];
459 Actor75 <= Actor21 [label="RemoveMe(G"];
460 Actor75 <= Actor35 [label="RemoveMe(G"];
461 Actor75 <= Actor38 [label="RemoveMe(G"];
462 Actor75 <= Actor15 [label="RemoveMe(G"];
463 Actor75 <= Actor55 [label="RemoveMe(G"];
464 Actor75 <= Actor79 [label="RemoveMe(G"];
465 Actor75 <= Actor69 [label="RemoveMe(G"];
466 Actor75 <= Actor53 [label="RemoveMe(G"];
467 Actor75 <= Actor41 [label="RemoveMe(G"];
468 Actor75 <= Actor34 [label="RemoveMe(G"];
469 Actor75 <= Actor75 [label="Remind"];
470 Actor75 <= Actor46 [label="RemoveMe(G"];
471 Actor75 <= Actor2 [label="RemoveMe(G"];
472 Actor75 <= Actor51 [label="RemoveMe(G"];
473 Actor75 <= Actor25 [label="RemoveMe(G"];
474 Actor75 <= Actor18 [label="RemoveMe(G"];
475 Actor75 <= Actor39 [label="RemoveMe(G"];
476 Actor75 <= Actor47 [label="RemoveMe(G"];
491 Actor75 <= Actor45 [label="RemoveMe(G"];
492 Actor75 <= Actor62 [label="RemoveMe(G"];
493 Actor75 <= Actor67 [label="RemoveMe(G"];
494 Actor75 <= Actor71 [label="RemoveMe(G"];
495 Actor75 <= Actor64 [label="RemoveMe(G"];
496 Actor75 <= Actor73 [label="RemoveMe(G"];
497 Actor75 <= Actor66 [label="RemoveMe(G"];
498 Actor75 <= Actor65 [label="RemoveMe(G"];
499 Actor75 <= Actor82 [label="RemoveMe(G"];
500 Actor75 <= Actor100 [label="RemoveMe(G"];
501 Actor75 <= Actor14 [label="RemoveMe(G"];
502 Actor75 <= Actor20 [label="RemoveMe(G"];
503 Actor75 <= Actor78 [label="RemoveMe(G"];
504 Actor75 <= Actor54 [label="RemoveMe(G"];
505 Actor75 <= Actor86 [label="RemoveMe(G"];
506 Actor75 <= Actor87 [label="RemoveMe(G"];
507 Actor75 <= Actor89 [label="RemoveMe(G"];
542 Actor75 <= Actor92 [label="RemoveMe(G"];
543 Actor75 <= Actor52 [label="RemoveMe(G"];
544 Actor75 <= Actor96 [label="RemoveMe(G"];
545 Actor75 <= Actor49 [label="RemoveMe(G"];
546 Actor75 <= Actor91 [label="RemoveMe(G"];
547 Actor75 <= Actor68 [label="RemoveMe(G"];
548 Actor75 <= Actor50 [label="RemoveMe(G"];
549 Actor75 <= Actor74 [label="RemoveMe(G"];
550 Actor75 <= Actor3 [label="RemoveMe(G"];
551 Actor75 <= Actor31 [label="RemoveMe(G"];
552 Actor75 <= Actor23 [label="RemoveMe(G"];
553 Actor75 <= Actor60 [label="Rumor"];
554 Actor75 <= Actor60 [label="RemoveMe(G"];
555 Actor75 <= Actor61 [label="RemoveMe(G"];
556 Actor75 <= Actor44 [label="RemoveMe(G"];
557 Actor75 <= Actor48 [label="RemoveMe(G"];
558 Actor75 <= Actor56 [label="RemoveMe(G"];
559 Actor75 <= Actor95 [label="RemoveMe(G"];
560 Actor75 <= Actor30 [label="RemoveMe(G"];
1130 Actor75 <= Actor0 [label="ShutDown"];
