76 Actor76 <= Actor0 [label="Set(Master"];
140 Actor76 <= Actor53 [label="Rumor"];
141 Actor76 => Actor57 [label="Rumor"];
142 Actor76 => Actor76 [label="Remind"];
143 Actor76 <= Actor5 [label="Rumor"];
144 Actor76 => Actor1 [label="RemoveMe(G"];
145 Actor76 => Actor2 [label="RemoveMe(G"];
146 Actor76 => Actor3 [label="RemoveMe(G"];
147 Actor76 => Actor4 [label="RemoveMe(G"];
148 Actor76 => Actor5 [label="RemoveMe(G"];
149 Actor76 => Actor6 [label="RemoveMe(G"];
150 Actor76 => Actor7 [label="RemoveMe(G"];
151 Actor76 => Actor8 [label="RemoveMe(G"];
152 Actor76 => Actor9 [label="RemoveMe(G"];
153 Actor76 => Actor10 [label="RemoveMe(G"];
154 Actor76 => Actor11 [label="RemoveMe(G"];
155 Actor76 => Actor12 [label="RemoveMe(G"];
156 Actor76 => Actor13 [label="RemoveMe(G"];
157 Actor76 => Actor14 [label="RemoveMe(G"];
158 Actor76 => Actor15 [label="RemoveMe(G"];
159 Actor76 => Actor16 [label="RemoveMe(G"];
160 Actor76 => Actor17 [label="RemoveMe(G"];
161 Actor76 => Actor18 [label="RemoveMe(G"];
162 Actor76 => Actor19 [label="RemoveMe(G"];
163 Actor76 => Actor20 [label="RemoveMe(G"];
164 Actor76 => Actor21 [label="RemoveMe(G"];
165 Actor76 => Actor22 [label="RemoveMe(G"];
166 Actor76 => Actor23 [label="RemoveMe(G"];
167 Actor76 => Actor24 [label="RemoveMe(G"];
168 Actor76 => Actor25 [label="RemoveMe(G"];
169 Actor76 => Actor26 [label="RemoveMe(G"];
170 Actor76 => Actor27 [label="RemoveMe(G"];
171 Actor76 => Actor28 [label="RemoveMe(G"];
172 Actor76 => Actor29 [label="RemoveMe(G"];
173 Actor76 => Actor30 [label="RemoveMe(G"];
174 Actor76 => Actor31 [label="RemoveMe(G"];
175 Actor76 => Actor32 [label="RemoveMe(G"];
176 Actor76 => Actor33 [label="RemoveMe(G"];
177 Actor76 => Actor34 [label="RemoveMe(G"];
178 Actor76 => Actor35 [label="RemoveMe(G"];
179 Actor76 => Actor36 [label="RemoveMe(G"];
180 Actor76 => Actor37 [label="RemoveMe(G"];
181 Actor76 => Actor38 [label="RemoveMe(G"];
182 Actor76 => Actor39 [label="RemoveMe(G"];
183 Actor76 => Actor40 [label="RemoveMe(G"];
184 Actor76 => Actor41 [label="RemoveMe(G"];
185 Actor76 => Actor42 [label="RemoveMe(G"];
186 Actor76 => Actor43 [label="RemoveMe(G"];
187 Actor76 => Actor44 [label="RemoveMe(G"];
188 Actor76 => Actor45 [label="RemoveMe(G"];
189 Actor76 => Actor46 [label="RemoveMe(G"];
190 Actor76 => Actor47 [label="RemoveMe(G"];
191 Actor76 => Actor48 [label="RemoveMe(G"];
192 Actor76 => Actor49 [label="RemoveMe(G"];
193 Actor76 => Actor50 [label="RemoveMe(G"];
194 Actor76 => Actor51 [label="RemoveMe(G"];
195 Actor76 => Actor52 [label="RemoveMe(G"];
196 Actor76 => Actor53 [label="RemoveMe(G"];
197 Actor76 => Actor54 [label="RemoveMe(G"];
198 Actor76 => Actor55 [label="RemoveMe(G"];
199 Actor76 => Actor56 [label="RemoveMe(G"];
200 Actor76 => Actor57 [label="RemoveMe(G"];
201 Actor76 => Actor58 [label="RemoveMe(G"];
202 Actor76 => Actor59 [label="RemoveMe(G"];
203 Actor76 => Actor60 [label="RemoveMe(G"];
204 Actor76 => Actor61 [label="RemoveMe(G"];
205 Actor76 => Actor62 [label="RemoveMe(G"];
206 Actor76 => Actor63 [label="RemoveMe(G"];
207 Actor76 => Actor64 [label="RemoveMe(G"];
208 Actor76 => Actor65 [label="RemoveMe(G"];
209 Actor76 => Actor66 [label="RemoveMe(G"];
210 Actor76 => Actor67 [label="RemoveMe(G"];
211 Actor76 => Actor68 [label="RemoveMe(G"];
212 Actor76 => Actor69 [label="RemoveMe(G"];
213 Actor76 => Actor70 [label="RemoveMe(G"];
214 Actor76 => Actor71 [label="RemoveMe(G"];
215 Actor76 => Actor72 [label="RemoveMe(G"];
216 Actor76 => Actor73 [label="RemoveMe(G"];
217 Actor76 => Actor74 [label="RemoveMe(G"];
218 Actor76 => Actor75 [label="RemoveMe(G"];
219 Actor76 => Actor77 [label="RemoveMe(G"];
220 Actor76 => Actor78 [label="RemoveMe(G"];
221 Actor76 => Actor79 [label="RemoveMe(G"];
222 Actor76 => Actor80 [label="RemoveMe(G"];
223 Actor76 => Actor81 [label="RemoveMe(G"];
224 Actor76 => Actor82 [label="RemoveMe(G"];
225 Actor76 => Actor83 [label="RemoveMe(G"];
226 Actor76 => Actor84 [label="RemoveMe(G"];
227 Actor76 => Actor85 [label="RemoveMe(G"];
228 Actor76 => Actor86 [label="RemoveMe(G"];
229 Actor76 => Actor87 [label="RemoveMe(G"];
230 Actor76 => Actor88 [label="RemoveMe(G"];
231 Actor76 => Actor89 [label="RemoveMe(G"];
232 Actor76 => Actor90 [label="RemoveMe(G"];
233 Actor76 => Actor91 [label="RemoveMe(G"];
234 Actor76 => Actor92 [label="RemoveMe(G"];
235 Actor76 => Actor93 [label="RemoveMe(G"];
236 Actor76 => Actor94 [label="RemoveMe(G"];
237 Actor76 => Actor95 [label="RemoveMe(G"];
238 Actor76 => Actor96 [label="RemoveMe(G"];
239 Actor76 => Actor97 [label="RemoveMe(G"];
240 Actor76 => Actor98 [label="RemoveMe(G"];
241 Actor76 => Actor99 [label="RemoveMe(G"];
242 Actor76 => Actor100 [label="RemoveMe(G"];
243 Actor76 => Actor0 [label="Finish"];
244 Actor76 <= Actor42 [label="RemoveMe(G"];
245 Actor76 <= Actor24 [label="RemoveMe(G"];
246 Actor76 <= Actor58 [label="RemoveMe(G"];
247 Actor76 <= Actor63 [label="RemoveMe(G"];
248 Actor76 <= Actor90 [label="RemoveMe(G"];
249 Actor76 <= Actor12 [label="RemoveMe(G"];
250 Actor76 <= Actor70 [label="RemoveMe(G"];
251 Actor76 <= Actor16 [label="RemoveMe(G"];
252 Actor76 <= Actor10 [label="Rumor"];
253 Actor76 <= Actor94 [label="RemoveMe(G"];
254 Actor76 <= Actor5 [label="RemoveMe(G"];
255 Actor76 <= Actor88 [label="RemoveMe(G"];
346 Actor76 <= Actor99 [label="RemoveMe(G"];
347 Actor76 <= Actor84 [label="RemoveMe(G"];
348 Actor76 <= Actor59 [label="RemoveMe(G"];
349 Actor76 <= Actor10 [label="RemoveMe(G"];
350 Actor76 <= Actor93 [label="RemoveMe(G"];
351 Actor76 <= Actor1 [label="RemoveMe(G"];
352 Actor76 <= Actor97 [label="RemoveMe(G"];
353 Actor76 <= Actor27 [label="RemoveMe(G"];
354 Actor76 <= Actor11 [label="RemoveMe(G"];
355 Actor76 <= Actor76 [label="Remind"];
422 Actor76 <= Actor37 [label="RemoveMe(G"];
423 Actor76 <= Actor32 [label="RemoveMe(G"];
424 Actor76 <= Actor28 [label="RemoveMe(G"];
437 Actor76 <= Actor72 [label="RemoveMe(G"];
438 Actor76 <= Actor57 [label="RemoveMe(G"];
439 Actor76 <= Actor7 [label="RemoveMe(G"];
440 Actor76 <= Actor98 [label="RemoveMe(G"];
441 Actor76 <= Actor8 [label="RemoveMe(G"];
442 Actor76 <= Actor81 [label="RemoveMe(G"];
443 Actor76 <= Actor36 [label="RemoveMe(G"];
459 Actor76 <= Actor13 [label="RemoveMe(G"];
460 Actor76 <= Actor21 [label="RemoveMe(G"];
461 Actor76 <= Actor35 [label="RemoveMe(G"];
462 Actor76 <= Actor38 [label="RemoveMe(G"];
463 Actor76 <= Actor15 [label="RemoveMe(G"];
464 Actor76 <= Actor55 [label="RemoveMe(G"];
465 Actor76 <= Actor79 [label="RemoveMe(G"];
466 Actor76 <= Actor69 [label="RemoveMe(G"];
467 Actor76 <= Actor53 [label="RemoveMe(G"];
468 Actor76 <= Actor41 [label="RemoveMe(G"];
469 Actor76 <= Actor34 [label="RemoveMe(G"];
470 Actor76 <= Actor46 [label="RemoveMe(G"];
471 Actor76 <= Actor75 [label="RemoveMe(G"];
472 Actor76 <= Actor2 [label="RemoveMe(G"];
473 Actor76 <= Actor51 [label="RemoveMe(G"];
474 Actor76 <= Actor25 [label="RemoveMe(G"];
475 Actor76 <= Actor18 [label="RemoveMe(G"];
476 Actor76 <= Actor39 [label="RemoveMe(G"];
477 Actor76 <= Actor47 [label="RemoveMe(G"];
492 Actor76 <= Actor45 [label="RemoveMe(G"];
493 Actor76 <= Actor62 [label="RemoveMe(G"];
494 Actor76 <= Actor67 [label="RemoveMe(G"];
495 Actor76 <= Actor71 [label="RemoveMe(G"];
496 Actor76 <= Actor74 [label="Rumor"];
497 Actor76 <= Actor66 [label="RemoveMe(G"];
498 Actor76 <= Actor65 [label="RemoveMe(G"];
499 Actor76 <= Actor82 [label="RemoveMe(G"];
500 Actor76 <= Actor100 [label="RemoveMe(G"];
501 Actor76 <= Actor14 [label="RemoveMe(G"];
502 Actor76 <= Actor78 [label="RemoveMe(G"];
503 Actor76 <= Actor54 [label="RemoveMe(G"];
504 Actor76 <= Actor86 [label="RemoveMe(G"];
505 Actor76 <= Actor87 [label="RemoveMe(G"];
506 Actor76 <= Actor89 [label="RemoveMe(G"];
507 Actor76 <= Actor52 [label="RemoveMe(G"];
508 Actor76 <= Actor96 [label="RemoveMe(G"];
509 Actor76 <= Actor49 [label="RemoveMe(G"];
510 Actor76 <= Actor91 [label="RemoveMe(G"];
511 Actor76 <= Actor68 [label="RemoveMe(G"];
512 Actor76 <= Actor74 [label="RemoveMe(G"];
513 Actor76 <= Actor3 [label="RemoveMe(G"];
514 Actor76 <= Actor31 [label="RemoveMe(G"];
515 Actor76 <= Actor23 [label="RemoveMe(G"];
516 Actor76 <= Actor60 [label="RemoveMe(G"];
517 Actor76 <= Actor61 [label="RemoveMe(G"];
518 Actor76 <= Actor56 [label="RemoveMe(G"];
1131 Actor76 <= Actor0 [label="ShutDown"];
