77 Actor77 <= Actor0 [label="Set(Master"];
196 Actor77 <= Actor42 [label="RemoveMe(G"];
236 Actor77 <= Actor24 [label="RemoveMe(G"];
237 Actor77 <= Actor63 [label="RemoveMe(G"];
240 Actor77 <= Actor58 [label="RemoveMe(G"];
241 Actor77 <= Actor90 [label="RemoveMe(G"];
247 Actor77 <= Actor12 [label="RemoveMe(G"];
248 Actor77 <= Actor70 [label="RemoveMe(G"];
249 Actor77 <= Actor16 [label="RemoveMe(G"];
250 Actor77 <= Actor94 [label="RemoveMe(G"];
251 Actor77 <= Actor5 [label="RemoveMe(G"];
254 Actor77 <= Actor88 [label="RemoveMe(G"];
347 Actor77 <= Actor99 [label="RemoveMe(G"];
348 Actor77 <= Actor84 [label="RemoveMe(G"];
349 Actor77 <= Actor59 [label="RemoveMe(G"];
350 Actor77 <= Actor10 [label="RemoveMe(G"];
351 Actor77 <= Actor93 [label="RemoveMe(G"];
352 Actor77 <= Actor1 [label="RemoveMe(G"];
353 Actor77 <= Actor97 [label="RemoveMe(G"];
354 Actor77 <= Actor27 [label="RemoveMe(G"];
355 Actor77 <= Actor11 [label="RemoveMe(G"];
423 Actor77 <= Actor37 [label="RemoveMe(G"];
424 Actor77 <= Actor76 [label="RemoveMe(G"];
425 Actor77 <= Actor32 [label="RemoveMe(G"];
426 Actor77 <= Actor28 [label="RemoveMe(G"];
438 Actor77 <= Actor72 [label="RemoveMe(G"];
439 Actor77 <= Actor57 [label="RemoveMe(G"];
440 Actor77 <= Actor7 [label="RemoveMe(G"];
441 Actor77 <= Actor98 [label="RemoveMe(G"];
442 Actor77 <= Actor8 [label="RemoveMe(G"];
443 Actor77 <= Actor81 [label="RemoveMe(G"];
444 Actor77 <= Actor36 [label="RemoveMe(G"];
460 Actor77 <= Actor13 [label="RemoveMe(G"];
461 Actor77 <= Actor21 [label="RemoveMe(G"];
462 Actor77 <= Actor35 [label="RemoveMe(G"];
463 Actor77 <= Actor38 [label="RemoveMe(G"];
464 Actor77 <= Actor15 [label="RemoveMe(G"];
465 Actor77 <= Actor55 [label="RemoveMe(G"];
466 Actor77 <= Actor79 [label="RemoveMe(G"];
510 Actor77 <= Actor29 [label="Rumor"];
511 Actor77 => Actor3 [label="Rumor"];
512 Actor77 => Actor77 [label="Remind"];
513 Actor77 <= Actor69 [label="RemoveMe(G"];
514 Actor77 <= Actor53 [label="RemoveMe(G"];
515 Actor77 <= Actor41 [label="RemoveMe(G"];
516 Actor77 <= Actor34 [label="RemoveMe(G"];
517 Actor77 <= Actor46 [label="RemoveMe(G"];
518 Actor77 <= Actor75 [label="RemoveMe(G"];
519 Actor77 <= Actor2 [label="RemoveMe(G"];
520 Actor77 <= Actor51 [label="RemoveMe(G"];
521 Actor77 <= Actor25 [label="RemoveMe(G"];
522 Actor77 <= Actor18 [label="RemoveMe(G"];
523 Actor77 <= Actor39 [label="RemoveMe(G"];
524 Actor77 <= Actor47 [label="RemoveMe(G"];
525 Actor77 <= Actor45 [label="RemoveMe(G"];
526 Actor77 <= Actor62 [label="RemoveMe(G"];
527 Actor77 <= Actor67 [label="RemoveMe(G"];
528 Actor77 <= Actor33 [label="RemoveMe(G"];
529 Actor77 <= Actor71 [label="RemoveMe(G"];
530 Actor77 <= Actor64 [label="RemoveMe(G"];
531 Actor77 <= Actor73 [label="RemoveMe(G"];
532 Actor77 <= Actor6 [label="Rumor"];
533 Actor77 => Actor3 [label="RemoveMe(G"];
534 Actor77 => Actor4 [label="RemoveMe(G"];
535 Actor77 => Actor6 [label="RemoveMe(G"];
536 Actor77 => Actor9 [label="RemoveMe(G"];
537 Actor77 => Actor14 [label="RemoveMe(G"];
538 Actor77 => Actor17 [label="RemoveMe(G"];
539 Actor77 => Actor19 [label="RemoveMe(G"];
540 Actor77 => Actor20 [label="RemoveMe(G"];
541 Actor77 => Actor22 [label="RemoveMe(G"];
542 Actor77 => Actor23 [label="RemoveMe(G"];
543 Actor77 => Actor26 [label="RemoveMe(G"];
544 Actor77 => Actor29 [label="RemoveMe(G"];
545 Actor77 => Actor30 [label="RemoveMe(G"];
546 Actor77 => Actor31 [label="RemoveMe(G"];
547 Actor77 => Actor40 [label="RemoveMe(G"];
548 Actor77 => Actor43 [label="RemoveMe(G"];
549 Actor77 => Actor44 [label="RemoveMe(G"];
550 Actor77 => Actor48 [label="RemoveMe(G"];
551 Actor77 => Actor49 [label="RemoveMe(G"];
552 Actor77 => Actor50 [label="RemoveMe(G"];
553 Actor77 => Actor52 [label="RemoveMe(G"];
554 Actor77 => Actor54 [label="RemoveMe(G"];
555 Actor77 => Actor56 [label="RemoveMe(G"];
556 Actor77 => Actor60 [label="RemoveMe(G"];
557 Actor77 => Actor61 [label="RemoveMe(G"];
558 Actor77 => Actor65 [label="RemoveMe(G"];
559 Actor77 => Actor66 [label="RemoveMe(G"];
560 Actor77 => Actor68 [label="RemoveMe(G"];
561 Actor77 => Actor74 [label="RemoveMe(G"];
562 Actor77 => Actor78 [label="RemoveMe(G"];
563 Actor77 => Actor80 [label="RemoveMe(G"];
564 Actor77 => Actor82 [label="RemoveMe(G"];
565 Actor77 => Actor83 [label="RemoveMe(G"];
566 Actor77 => Actor85 [label="RemoveMe(G"];
567 Actor77 => Actor86 [label="RemoveMe(G"];
568 Actor77 => Actor87 [label="RemoveMe(G"];
569 Actor77 => Actor89 [label="RemoveMe(G"];
570 Actor77 => Actor91 [label="RemoveMe(G"];
571 Actor77 => Actor92 [label="RemoveMe(G"];
572 Actor77 => Actor95 [label="RemoveMe(G"];
573 Actor77 => Actor96 [label="RemoveMe(G"];
574 Actor77 => Actor100 [label="RemoveMe(G"];
575 Actor77 => Actor0 [label="Finish"];
576 Actor77 <= Actor66 [label="RemoveMe(G"];
577 Actor77 <= Actor65 [label="RemoveMe(G"];
578 Actor77 <= Actor82 [label="RemoveMe(G"];
579 Actor77 <= Actor4 [label="RemoveMe(G"];
580 Actor77 <= Actor100 [label="RemoveMe(G"];
581 Actor77 <= Actor14 [label="RemoveMe(G"];
582 Actor77 <= Actor20 [label="RemoveMe(G"];
583 Actor77 <= Actor78 [label="RemoveMe(G"];
584 Actor77 <= Actor83 [label="RemoveMe(G"];
585 Actor77 <= Actor85 [label="RemoveMe(G"];
586 Actor77 <= Actor54 [label="RemoveMe(G"];
587 Actor77 <= Actor86 [label="RemoveMe(G"];
588 Actor77 <= Actor87 [label="RemoveMe(G"];
589 Actor77 <= Actor89 [label="RemoveMe(G"];
590 Actor77 <= Actor92 [label="RemoveMe(G"];
591 Actor77 <= Actor52 [label="RemoveMe(G"];
592 Actor77 <= Actor96 [label="RemoveMe(G"];
593 Actor77 <= Actor49 [label="RemoveMe(G"];
594 Actor77 <= Actor91 [label="RemoveMe(G"];
611 Actor77 <= Actor6 [label="Rumor"];
620 Actor77 <= Actor6 [label="Rumor"];
662 Actor77 <= Actor6 [label="Rumor"];
731 Actor77 <= Actor6 [label="Rumor"];
746 Actor77 <= Actor6 [label="Rumor"];
767 Actor77 <= Actor6 [label="Rumor"];
833 Actor77 <= Actor6 [label="Rumor"];
848 Actor77 <= Actor6 [label="Rumor"];
849 Actor77 <= Actor9 [label="RemoveMe(G"];
850 Actor77 <= Actor68 [label="RemoveMe(G"];
851 Actor77 <= Actor77 [label="Remind"];
852 Actor77 <= Actor50 [label="RemoveMe(G"];
853 Actor77 <= Actor74 [label="RemoveMe(G"];
854 Actor77 <= Actor3 [label="RemoveMe(G"];
855 Actor77 <= Actor31 [label="RemoveMe(G"];
856 Actor77 <= Actor26 [label="RemoveMe(G"];
857 Actor77 <= Actor23 [label="RemoveMe(G"];
858 Actor77 <= Actor60 [label="RemoveMe(G"];
859 Actor77 <= Actor61 [label="RemoveMe(G"];
860 Actor77 <= Actor44 [label="RemoveMe(G"];
861 Actor77 <= Actor17 [label="Rumor"];
862 Actor77 <= Actor19 [label="RemoveMe(G"];
863 Actor77 <= Actor40 [label="RemoveMe(G"];
864 Actor77 <= Actor48 [label="RemoveMe(G"];
865 Actor77 <= Actor56 [label="RemoveMe(G"];
866 Actor77 <= Actor43 [label="RemoveMe(G"];
867 Actor77 <= Actor95 [label="RemoveMe(G"];
868 Actor77 <= Actor80 [label="RemoveMe(G"];
869 Actor77 <= Actor22 [label="RemoveMe(G"];
870 Actor77 <= Actor17 [label="RemoveMe(G"];
871 Actor77 <= Actor29 [label="RemoveMe(G"];
872 Actor77 <= Actor30 [label="RemoveMe(G"];
1132 Actor77 <= Actor0 [label="ShutDown"];
