78 Actor78 <= Actor0 [label="Set(Master"];
197 Actor78 <= Actor42 [label="RemoveMe(G"];
237 Actor78 <= Actor24 [label="RemoveMe(G"];
287 Actor78 <= Actor56 [label="Rumor"];
288 Actor78 => Actor85 [label="Rumor"];
289 Actor78 => Actor78 [label="Remind"];
290 Actor78 <= Actor63 [label="RemoveMe(G"];
291 Actor78 <= Actor58 [label="RemoveMe(G"];
292 Actor78 <= Actor90 [label="RemoveMe(G"];
293 Actor78 <= Actor12 [label="RemoveMe(G"];
294 Actor78 <= Actor70 [label="RemoveMe(G"];
295 Actor78 <= Actor16 [label="RemoveMe(G"];
296 Actor78 <= Actor94 [label="RemoveMe(G"];
297 Actor78 <= Actor5 [label="RemoveMe(G"];
298 Actor78 <= Actor88 [label="RemoveMe(G"];
348 Actor78 <= Actor99 [label="RemoveMe(G"];
397 Actor78 <= Actor6 [label="Rumor"];
398 Actor78 => Actor1 [label="RemoveMe(G"];
399 Actor78 => Actor2 [label="RemoveMe(G"];
400 Actor78 => Actor3 [label="RemoveMe(G"];
401 Actor78 => Actor4 [label="RemoveMe(G"];
402 Actor78 => Actor6 [label="RemoveMe(G"];
403 Actor78 => Actor7 [label="RemoveMe(G"];
404 Actor78 => Actor8 [label="RemoveMe(G"];
405 Actor78 => Actor9 [label="RemoveMe(G"];
406 Actor78 => Actor10 [label="RemoveMe(G"];
407 Actor78 => Actor11 [label="RemoveMe(G"];
408 Actor78 => Actor13 [label="RemoveMe(G"];
409 Actor78 => Actor14 [label="RemoveMe(G"];
410 Actor78 => Actor15 [label="RemoveMe(G"];
411 Actor78 => Actor17 [label="RemoveMe(G"];
412 Actor78 => Actor18 [label="RemoveMe(G"];
413 Actor78 => Actor19 [label="RemoveMe(G"];
414 Actor78 => Actor20 [label="RemoveMe(G"];
415 Actor78 => Actor21 [label="RemoveMe(G"];
416 Actor78 => Actor22 [label="RemoveMe(G"];
417 Actor78 => Actor23 [label="RemoveMe(G"];
418 Actor78 => Actor25 [label="RemoveMe(G"];
419 Actor78 => Actor26 [label="RemoveMe(G"];
420 Actor78 => Actor27 [label="RemoveMe(G"];
421 Actor78 => Actor28 [label="RemoveMe(G"];
422 Actor78 => Actor29 [label="RemoveMe(G"];
423 Actor78 => Actor30 [label="RemoveMe(G"];
424 Actor78 => Actor31 [label="RemoveMe(G"];
425 Actor78 => Actor32 [label="RemoveMe(G"];
426 Actor78 => Actor33 [label="RemoveMe(G"];
427 Actor78 => Actor34 [label="RemoveMe(G"];
428 Actor78 => Actor35 [label="RemoveMe(G"];
429 Actor78 => Actor36 [label="RemoveMe(G"];
430 Actor78 => Actor37 [label="RemoveMe(G"];
431 Actor78 => Actor38 [label="RemoveMe(G"];
432 Actor78 => Actor39 [label="RemoveMe(G"];
433 Actor78 => Actor40 [label="RemoveMe(G"];
434 Actor78 => Actor41 [label="RemoveMe(G"];
435 Actor78 => Actor43 [label="RemoveMe(G"];
436 Actor78 => Actor44 [label="RemoveMe(G"];
437 Actor78 => Actor45 [label="RemoveMe(G"];
438 Actor78 => Actor46 [label="RemoveMe(G"];
439 Actor78 => Actor47 [label="RemoveMe(G"];
440 Actor78 => Actor48 [label="RemoveMe(G"];
441 Actor78 => Actor49 [label="RemoveMe(G"];
442 Actor78 => Actor50 [label="RemoveMe(G"];
443 Actor78 => Actor51 [label="RemoveMe(G"];
444 Actor78 => Actor52 [label="RemoveMe(G"];
445 Actor78 => Actor53 [label="RemoveMe(G"];
446 Actor78 => Actor54 [label="RemoveMe(G"];
447 Actor78 => Actor55 [label="RemoveMe(G"];
448 Actor78 => Actor56 [label="RemoveMe(G"];
449 Actor78 => Actor57 [label="RemoveMe(G"];
450 Actor78 => Actor59 [label="RemoveMe(G"];
451 Actor78 => Actor60 [label="RemoveMe(G"];
452 Actor78 => Actor61 [label="RemoveMe(G"];
453 Actor78 => Actor62 [label="RemoveMe(G"];
454 Actor78 => Actor64 [label="RemoveMe(G"];
455 Actor78 => Actor65 [label="RemoveMe(G"];
456 Actor78 => Actor66 [label="RemoveMe(G"];
457 Actor78 => Actor67 [label="RemoveMe(G"];
458 Actor78 => Actor68 [label="RemoveMe(G"];
459 Actor78 => Actor69 [label="RemoveMe(G"];
460 Actor78 => Actor71 [label="RemoveMe(G"];
461 Actor78 => Actor72 [label="RemoveMe(G"];
462 Actor78 => Actor73 [label="RemoveMe(G"];
463 Actor78 => Actor74 [label="RemoveMe(G"];
464 Actor78 => Actor75 [label="RemoveMe(G"];
465 Actor78 => Actor76 [label="RemoveMe(G"];
466 Actor78 => Actor77 [label="RemoveMe(G"];
467 Actor78 => Actor79 [label="RemoveMe(G"];
468 Actor78 => Actor80 [label="RemoveMe(G"];
469 Actor78 => Actor81 [label="RemoveMe(G"];
470 Actor78 => Actor82 [label="RemoveMe(G"];
471 Actor78 => Actor83 [label="RemoveMe(G"];
472 Actor78 => Actor84 [label="RemoveMe(G"];
473 Actor78 => Actor85 [label="RemoveMe(G"];
474 Actor78 => Actor86 [label="RemoveMe(G"];
475 Actor78 => Actor87 [label="RemoveMe(G"];
476 Actor78 => Actor89 [label="RemoveMe(G"];
477 Actor78 => Actor91 [label="RemoveMe(G"];
478 Actor78 => Actor92 [label="RemoveMe(G"];
479 Actor78 => Actor93 [label="RemoveMe(G"];
480 Actor78 => Actor95 [label="RemoveMe(G"];
481 Actor78 => Actor96 [label="RemoveMe(G"];
482 Actor78 => Actor97 [label="RemoveMe(G"];
483 Actor78 => Actor98 [label="RemoveMe(G"];
484 Actor78 => Actor100 [label="RemoveMe(G"];
485 Actor78 => Actor0 [label="Finish"];
486 Actor78 <= Actor84 [label="RemoveMe(G"];
487 Actor78 <= Actor59 [label="RemoveMe(G"];
488 Actor78 <= Actor10 [label="RemoveMe(G"];
489 Actor78 <= Actor93 [label="RemoveMe(G"];
490 Actor78 <= Actor1 [label="RemoveMe(G"];
491 Actor78 <= Actor97 [label="RemoveMe(G"];
492 Actor78 <= Actor27 [label="RemoveMe(G"];
493 Actor78 <= Actor11 [label="RemoveMe(G"];
494 Actor78 <= Actor37 [label="RemoveMe(G"];
495 Actor78 <= Actor76 [label="RemoveMe(G"];
496 Actor78 <= Actor32 [label="RemoveMe(G"];
497 Actor78 <= Actor28 [label="RemoveMe(G"];
498 Actor78 <= Actor72 [label="RemoveMe(G"];
499 Actor78 <= Actor57 [label="RemoveMe(G"];
500 Actor78 <= Actor7 [label="RemoveMe(G"];
501 Actor78 <= Actor98 [label="RemoveMe(G"];
502 Actor78 <= Actor8 [label="RemoveMe(G"];
503 Actor78 <= Actor81 [label="RemoveMe(G"];
504 Actor78 <= Actor36 [label="RemoveMe(G"];
505 Actor78 <= Actor13 [label="RemoveMe(G"];
506 Actor78 <= Actor21 [label="RemoveMe(G"];
507 Actor78 <= Actor35 [label="RemoveMe(G"];
508 Actor78 <= Actor38 [label="RemoveMe(G"];
509 Actor78 <= Actor15 [label="RemoveMe(G"];
510 Actor78 <= Actor29 [label="Rumor"];
511 Actor78 <= Actor79 [label="RemoveMe(G"];
512 Actor78 <= Actor53 [label="RemoveMe(G"];
513 Actor78 <= Actor55 [label="RemoveMe(G"];
514 Actor78 <= Actor69 [label="RemoveMe(G"];
515 Actor78 <= Actor41 [label="RemoveMe(G"];
516 Actor78 <= Actor34 [label="RemoveMe(G"];
517 Actor78 <= Actor46 [label="RemoveMe(G"];
518 Actor78 <= Actor75 [label="RemoveMe(G"];
519 Actor78 <= Actor2 [label="RemoveMe(G"];
520 Actor78 <= Actor51 [label="RemoveMe(G"];
521 Actor78 <= Actor25 [label="RemoveMe(G"];
522 Actor78 <= Actor18 [label="RemoveMe(G"];
523 Actor78 <= Actor39 [label="RemoveMe(G"];
524 Actor78 <= Actor47 [label="RemoveMe(G"];
525 Actor78 <= Actor45 [label="RemoveMe(G"];
526 Actor78 <= Actor62 [label="RemoveMe(G"];
527 Actor78 <= Actor67 [label="RemoveMe(G"];
528 Actor78 <= Actor33 [label="RemoveMe(G"];
529 Actor78 <= Actor71 [label="RemoveMe(G"];
530 Actor78 <= Actor64 [label="RemoveMe(G"];
531 Actor78 <= Actor73 [label="RemoveMe(G"];
532 Actor78 <= Actor66 [label="RemoveMe(G"];
533 Actor78 <= Actor78 [label="Remind"];
534 Actor78 <= Actor65 [label="RemoveMe(G"];
535 Actor78 <= Actor82 [label="RemoveMe(G"];
553 Actor78 <= Actor4 [label="RemoveMe(G"];
554 Actor78 <= Actor100 [label="RemoveMe(G"];
555 Actor78 <= Actor14 [label="RemoveMe(G"];
556 Actor78 <= Actor20 [label="RemoveMe(G"];
557 Actor78 <= Actor83 [label="RemoveMe(G"];
558 Actor78 <= Actor43 [label="Rumor"];
559 Actor78 <= Actor85 [label="RemoveMe(G"];
560 Actor78 <= Actor54 [label="RemoveMe(G"];
561 Actor78 <= Actor86 [label="RemoveMe(G"];
562 Actor78 <= Actor87 [label="RemoveMe(G"];
563 Actor78 <= Actor89 [label="RemoveMe(G"];
564 Actor78 <= Actor92 [label="RemoveMe(G"];
565 Actor78 <= Actor52 [label="RemoveMe(G"];
566 Actor78 <= Actor96 [label="RemoveMe(G"];
567 Actor78 <= Actor49 [label="RemoveMe(G"];
568 Actor78 <= Actor91 [label="RemoveMe(G"];
569 Actor78 <= Actor68 [label="RemoveMe(G"];
570 Actor78 <= Actor50 [label="RemoveMe(G"];
571 Actor78 <= Actor77 [label="RemoveMe(G"];
572 Actor78 <= Actor74 [label="RemoveMe(G"];
573 Actor78 <= Actor3 [label="RemoveMe(G"];
574 Actor78 <= Actor31 [label="RemoveMe(G"];
575 Actor78 <= Actor23 [label="RemoveMe(G"];
576 Actor78 <= Actor60 [label="RemoveMe(G"];
577 Actor78 <= Actor61 [label="RemoveMe(G"];
578 Actor78 <= Actor44 [label="RemoveMe(G"];
579 Actor78 <= Actor48 [label="RemoveMe(G"];
580 Actor78 <= Actor56 [label="RemoveMe(G"];
581 Actor78 <= Actor95 [label="RemoveMe(G"];
582 Actor78 <= Actor80 [label="RemoveMe(G"];
583 Actor78 <= Actor30 [label="RemoveMe(G"];
1133 Actor78 <= Actor0 [label="ShutDown"];
