79 Actor79 <= Actor0 [label="Set(Master"];
132 Actor79 <= Actor58 [label="Rumor"];
133 Actor79 => Actor5 [label="Rumor"];
134 Actor79 => Actor79 [label="Remind"];
198 Actor79 <= Actor42 [label="RemoveMe(G"];
238 Actor79 <= Actor24 [label="RemoveMe(G"];
263 Actor79 <= Actor56 [label="Rumor"];
264 Actor79 => Actor1 [label="RemoveMe(G"];
265 Actor79 => Actor2 [label="RemoveMe(G"];
266 Actor79 => Actor3 [label="RemoveMe(G"];
267 Actor79 => Actor4 [label="RemoveMe(G"];
268 Actor79 => Actor5 [label="RemoveMe(G"];
269 Actor79 => Actor6 [label="RemoveMe(G"];
270 Actor79 => Actor7 [label="RemoveMe(G"];
271 Actor79 => Actor8 [label="RemoveMe(G"];
272 Actor79 => Actor9 [label="RemoveMe(G"];
273 Actor79 => Actor10 [label="RemoveMe(G"];
274 Actor79 => Actor11 [label="RemoveMe(G"];
275 Actor79 => Actor12 [label="RemoveMe(G"];
276 Actor79 => Actor13 [label="RemoveMe(G"];
277 Actor79 => Actor14 [label="RemoveMe(G"];
278 Actor79 => Actor15 [label="RemoveMe(G"];
279 Actor79 => Actor16 [label="RemoveMe(G"];
280 Actor79 => Actor17 [label="RemoveMe(G"];
281 Actor79 => Actor18 [label="RemoveMe(G"];
282 Actor79 => Actor19 [label="RemoveMe(G"];
283 Actor79 => Actor20 [label="RemoveMe(G"];
284 Actor79 => Actor21 [label="RemoveMe(G"];
285 Actor79 => Actor22 [label="RemoveMe(G"];
286 Actor79 => Actor23 [label="RemoveMe(G"];
287 Actor79 => Actor25 [label="RemoveMe(G"];
288 Actor79 => Actor26 [label="RemoveMe(G"];
289 Actor79 => Actor27 [label="RemoveMe(G"];
290 Actor79 => Actor28 [label="RemoveMe(G"];
291 Actor79 => Actor29 [label="RemoveMe(G"];
292 Actor79 => Actor30 [label="RemoveMe(G"];
293 Actor79 => Actor31 [label="RemoveMe(G"];
294 Actor79 => Actor32 [label="RemoveMe(G"];
295 Actor79 => Actor33 [label="RemoveMe(G"];
296 Actor79 => Actor34 [label="RemoveMe(G"];
297 Actor79 => Actor35 [label="RemoveMe(G"];
298 Actor79 => Actor36 [label="RemoveMe(G"];
299 Actor79 => Actor37 [label="RemoveMe(G"];
300 Actor79 => Actor38 [label="RemoveMe(G"];
301 Actor79 => Actor39 [label="RemoveMe(G"];
302 Actor79 => Actor40 [label="RemoveMe(G"];
303 Actor79 => Actor41 [label="RemoveMe(G"];
304 Actor79 => Actor43 [label="RemoveMe(G"];
305 Actor79 => Actor44 [label="RemoveMe(G"];
306 Actor79 => Actor45 [label="RemoveMe(G"];
307 Actor79 => Actor46 [label="RemoveMe(G"];
308 Actor79 => Actor47 [label="RemoveMe(G"];
309 Actor79 => Actor48 [label="RemoveMe(G"];
310 Actor79 => Actor49 [label="RemoveMe(G"];
311 Actor79 => Actor50 [label="RemoveMe(G"];
312 Actor79 => Actor51 [label="RemoveMe(G"];
313 Actor79 => Actor52 [label="RemoveMe(G"];
314 Actor79 => Actor53 [label="RemoveMe(G"];
315 Actor79 => Actor54 [label="RemoveMe(G"];
316 Actor79 => Actor55 [label="RemoveMe(G"];
317 Actor79 => Actor56 [label="RemoveMe(G"];
318 Actor79 => Actor57 [label="RemoveMe(G"];
319 Actor79 => Actor58 [label="RemoveMe(G"];
320 Actor79 => Actor59 [label="RemoveMe(G"];
321 Actor79 => Actor60 [label="RemoveMe(G"];
322 Actor79 => Actor61 [label="RemoveMe(G"];
323 Actor79 => Actor62 [label="RemoveMe(G"];
324 Actor79 => Actor63 [label="RemoveMe(G"];
325 Actor79 => Actor64 [label="RemoveMe(G"];
326 Actor79 => Actor65 [label="RemoveMe(G"];
327 Actor79 => Actor66 [label="RemoveMe(G"];
328 Actor79 => Actor67 [label="RemoveMe(G"];
329 Actor79 => Actor68 [label="RemoveMe(G"];
330 Actor79 => Actor69 [label="RemoveMe(G"];
331 Actor79 => Actor70 [label="RemoveMe(G"];
332 Actor79 => Actor71 [label="RemoveMe(G"];
333 Actor79 => Actor72 [label="RemoveMe(G"];
334 Actor79 => Actor73 [label="RemoveMe(G"];
335 Actor79 => Actor74 [label="RemoveMe(G"];
336 Actor79 => Actor75 [label="RemoveMe(G"];
337 Actor79 => Actor76 [label="RemoveMe(G"];
338 Actor79 => Actor77 [label="RemoveMe(G"];
339 Actor79 => Actor78 [label="RemoveMe(G"];
340 Actor79 => Actor80 [label="RemoveMe(G"];
341 Actor79 => Actor81 [label="RemoveMe(G"];
342 Actor79 => Actor82 [label="RemoveMe(G"];
343 Actor79 => Actor83 [label="RemoveMe(G"];
344 Actor79 => Actor84 [label="RemoveMe(G"];
345 Actor79 => Actor85 [label="RemoveMe(G"];
346 Actor79 => Actor86 [label="RemoveMe(G"];
347 Actor79 => Actor87 [label="RemoveMe(G"];
348 Actor79 => Actor88 [label="RemoveMe(G"];
349 Actor79 => Actor89 [label="RemoveMe(G"];
350 Actor79 => Actor90 [label="RemoveMe(G"];
351 Actor79 => Actor91 [label="RemoveMe(G"];
352 Actor79 => Actor92 [label="RemoveMe(G"];
353 Actor79 => Actor93 [label="RemoveMe(G"];
354 Actor79 => Actor94 [label="RemoveMe(G"];
355 Actor79 => Actor95 [label="RemoveMe(G"];
356 Actor79 => Actor96 [label="RemoveMe(G"];
357 Actor79 => Actor97 [label="RemoveMe(G"];
358 Actor79 => Actor98 [label="RemoveMe(G"];
359 Actor79 => Actor99 [label="RemoveMe(G"];
360 Actor79 => Actor100 [label="RemoveMe(G"];
361 Actor79 => Actor0 [label="Finish"];
362 Actor79 <= Actor56 [label="Rumor"];
363 Actor79 <= Actor63 [label="RemoveMe(G"];
364 Actor79 <= Actor58 [label="RemoveMe(G"];
365 Actor79 <= Actor90 [label="RemoveMe(G"];
366 Actor79 <= Actor12 [label="RemoveMe(G"];
367 Actor79 <= Actor70 [label="RemoveMe(G"];
368 Actor79 <= Actor16 [label="RemoveMe(G"];
369 Actor79 <= Actor94 [label="RemoveMe(G"];
370 Actor79 <= Actor5 [label="RemoveMe(G"];
371 Actor79 <= Actor88 [label="RemoveMe(G"];
372 Actor79 <= Actor99 [label="RemoveMe(G"];
373 Actor79 <= Actor84 [label="RemoveMe(G"];
374 Actor79 <= Actor59 [label="RemoveMe(G"];
375 Actor79 <= Actor10 [label="RemoveMe(G"];
376 Actor79 <= Actor93 [label="RemoveMe(G"];
377 Actor79 <= Actor1 [label="RemoveMe(G"];
378 Actor79 <= Actor97 [label="RemoveMe(G"];
379 Actor79 <= Actor27 [label="RemoveMe(G"];
380 Actor79 <= Actor11 [label="RemoveMe(G"];
425 Actor79 <= Actor37 [label="RemoveMe(G"];
426 Actor79 <= Actor76 [label="RemoveMe(G"];
427 Actor79 <= Actor32 [label="RemoveMe(G"];
428 Actor79 <= Actor28 [label="RemoveMe(G"];
440 Actor79 <= Actor72 [label="RemoveMe(G"];
441 Actor79 <= Actor57 [label="RemoveMe(G"];
442 Actor79 <= Actor7 [label="RemoveMe(G"];
443 Actor79 <= Actor98 [label="RemoveMe(G"];
444 Actor79 <= Actor8 [label="RemoveMe(G"];
445 Actor79 <= Actor81 [label="RemoveMe(G"];
446 Actor79 <= Actor36 [label="RemoveMe(G"];
462 Actor79 <= Actor13 [label="RemoveMe(G"];
463 Actor79 <= Actor21 [label="RemoveMe(G"];
464 Actor79 <= Actor79 [label="Remind"];
465 Actor79 <= Actor35 [label="RemoveMe(G"];
466 Actor79 <= Actor38 [label="RemoveMe(G"];
467 Actor79 <= Actor15 [label="RemoveMe(G"];
468 Actor79 <= Actor53 [label="RemoveMe(G"];
469 Actor79 <= Actor55 [label="RemoveMe(G"];
470 Actor79 <= Actor69 [label="RemoveMe(G"];
471 Actor79 <= Actor41 [label="RemoveMe(G"];
472 Actor79 <= Actor34 [label="RemoveMe(G"];
473 Actor79 <= Actor46 [label="RemoveMe(G"];
474 Actor79 <= Actor75 [label="RemoveMe(G"];
475 Actor79 <= Actor2 [label="RemoveMe(G"];
476 Actor79 <= Actor51 [label="RemoveMe(G"];
477 Actor79 <= Actor25 [label="RemoveMe(G"];
478 Actor79 <= Actor18 [label="RemoveMe(G"];
479 Actor79 <= Actor39 [label="Rumor"];
480 Actor79 <= Actor39 [label="RemoveMe(G"];
481 Actor79 <= Actor47 [label="RemoveMe(G"];
495 Actor79 <= Actor45 [label="RemoveMe(G"];
496 Actor79 <= Actor62 [label="RemoveMe(G"];
497 Actor79 <= Actor67 [label="RemoveMe(G"];
498 Actor79 <= Actor71 [label="RemoveMe(G"];
499 Actor79 <= Actor64 [label="RemoveMe(G"];
500 Actor79 <= Actor73 [label="RemoveMe(G"];
501 Actor79 <= Actor66 [label="RemoveMe(G"];
502 Actor79 <= Actor65 [label="RemoveMe(G"];
503 Actor79 <= Actor82 [label="RemoveMe(G"];
504 Actor79 <= Actor100 [label="RemoveMe(G"];
505 Actor79 <= Actor14 [label="RemoveMe(G"];
506 Actor79 <= Actor78 [label="RemoveMe(G"];
507 Actor79 <= Actor54 [label="RemoveMe(G"];
508 Actor79 <= Actor86 [label="RemoveMe(G"];
509 Actor79 <= Actor87 [label="RemoveMe(G"];
510 Actor79 <= Actor89 [label="RemoveMe(G"];
545 Actor79 <= Actor92 [label="RemoveMe(G"];
546 Actor79 <= Actor52 [label="RemoveMe(G"];
547 Actor79 <= Actor96 [label="RemoveMe(G"];
548 Actor79 <= Actor49 [label="RemoveMe(G"];
549 Actor79 <= Actor91 [label="Rumor"];
550 Actor79 <= Actor91 [label="RemoveMe(G"];
551 Actor79 <= Actor68 [label="RemoveMe(G"];
552 Actor79 <= Actor50 [label="RemoveMe(G"];
553 Actor79 <= Actor74 [label="RemoveMe(G"];
554 Actor79 <= Actor3 [label="RemoveMe(G"];
555 Actor79 <= Actor31 [label="RemoveMe(G"];
556 Actor79 <= Actor23 [label="RemoveMe(G"];
557 Actor79 <= Actor60 [label="RemoveMe(G"];
558 Actor79 <= Actor61 [label="RemoveMe(G"];
559 Actor79 <= Actor44 [label="RemoveMe(G"];
560 Actor79 <= Actor48 [label="RemoveMe(G"];
561 Actor79 <= Actor56 [label="RemoveMe(G"];
562 Actor79 <= Actor95 [label="RemoveMe(G"];
563 Actor79 <= Actor30 [label="RemoveMe(G"];
1134 Actor79 <= Actor0 [label="ShutDown"];
