8 Actor8 <= Actor0 [label="Set(Master"];
143 Actor8 <= Actor53 [label="Rumor"];
144 Actor8 => Actor99 [label="Rumor"];
145 Actor8 => Actor8 [label="Remind"];
146 Actor8 <= Actor42 [label="RemoveMe(G"];
147 Actor8 <= Actor63 [label="RemoveMe(G"];
168 Actor8 <= Actor24 [label="RemoveMe(G"];
169 Actor8 <= Actor90 [label="RemoveMe(G"];
172 Actor8 <= Actor58 [label="RemoveMe(G"];
185 Actor8 <= Actor88 [label="RemoveMe(G"];
186 Actor8 <= Actor94 [label="RemoveMe(G"];
187 Actor8 <= Actor70 [label="RemoveMe(G"];
188 Actor8 <= Actor5 [label="RemoveMe(G"];
189 Actor8 <= Actor12 [label="RemoveMe(G"];
190 Actor8 <= Actor16 [label="RemoveMe(G"];
359 Actor8 <= Actor37 [label="RemoveMe(G"];
360 Actor8 <= Actor10 [label="RemoveMe(G"];
361 Actor8 <= Actor59 [label="Rumor"];
362 Actor8 => Actor1 [label="RemoveMe(G"];
363 Actor8 => Actor2 [label="RemoveMe(G"];
364 Actor8 => Actor3 [label="RemoveMe(G"];
365 Actor8 => Actor4 [label="RemoveMe(G"];
366 Actor8 => Actor6 [label="RemoveMe(G"];
367 Actor8 => Actor7 [label="RemoveMe(G"];
368 Actor8 => Actor9 [label="RemoveMe(G"];
369 Actor8 => Actor11 [label="RemoveMe(G"];
370 Actor8 => Actor13 [label="RemoveMe(G"];
371 Actor8 => Actor14 [label="RemoveMe(G"];
372 Actor8 => Actor15 [label="RemoveMe(G"];
373 Actor8 => Actor17 [label="RemoveMe(G"];
374 Actor8 => Actor18 [label="RemoveMe(G"];
375 Actor8 => Actor19 [label="RemoveMe(G"];
376 Actor8 => Actor20 [label="RemoveMe(G"];
377 Actor8 => Actor21 [label="RemoveMe(G"];
378 Actor8 => Actor22 [label="RemoveMe(G"];
379 Actor8 => Actor23 [label="RemoveMe(G"];
380 Actor8 => Actor25 [label="RemoveMe(G"];
381 Actor8 => Actor26 [label="RemoveMe(G"];
382 Actor8 => Actor27 [label="RemoveMe(G"];
383 Actor8 => Actor28 [label="RemoveMe(G"];
384 Actor8 => Actor29 [label="RemoveMe(G"];
385 Actor8 => Actor30 [label="RemoveMe(G"];
386 Actor8 => Actor31 [label="RemoveMe(G"];
387 Actor8 => Actor32 [label="RemoveMe(G"];
388 Actor8 => Actor33 [label="RemoveMe(G"];
389 Actor8 => Actor34 [label="RemoveMe(G"];
390 Actor8 => Actor35 [label="RemoveMe(G"];
391 Actor8 => Actor36 [label="RemoveMe(G"];
392 Actor8 => Actor38 [label="RemoveMe(G"];
393 Actor8 => Actor39 [label="RemoveMe(G"];
394 Actor8 => Actor40 [label="RemoveMe(G"];
395 Actor8 => Actor41 [label="RemoveMe(G"];
396 Actor8 => Actor43 [label="RemoveMe(G"];
397 Actor8 => Actor44 [label="RemoveMe(G"];
398 Actor8 => Actor45 [label="RemoveMe(G"];
399 Actor8 => Actor46 [label="RemoveMe(G"];
400 Actor8 => Actor47 [label="RemoveMe(G"];
401 Actor8 => Actor48 [label="RemoveMe(G"];
402 Actor8 => Actor49 [label="RemoveMe(G"];
403 Actor8 => Actor50 [label="RemoveMe(G"];
404 Actor8 => Actor51 [label="RemoveMe(G"];
405 Actor8 => Actor52 [label="RemoveMe(G"];
406 Actor8 => Actor53 [label="RemoveMe(G"];
407 Actor8 => Actor54 [label="RemoveMe(G"];
408 Actor8 => Actor55 [label="RemoveMe(G"];
409 Actor8 => Actor56 [label="RemoveMe(G"];
410 Actor8 => Actor57 [label="RemoveMe(G"];
411 Actor8 => Actor59 [label="RemoveMe(G"];
412 Actor8 => Actor60 [label="RemoveMe(G"];
413 Actor8 => Actor61 [label="RemoveMe(G"];
414 Actor8 => Actor62 [label="RemoveMe(G"];
415 Actor8 => Actor64 [label="RemoveMe(G"];
416 Actor8 => Actor65 [label="RemoveMe(G"];
417 Actor8 => Actor66 [label="RemoveMe(G"];
418 Actor8 => Actor67 [label="RemoveMe(G"];
419 Actor8 => Actor68 [label="RemoveMe(G"];
420 Actor8 => Actor69 [label="RemoveMe(G"];
421 Actor8 => Actor71 [label="RemoveMe(G"];
422 Actor8 => Actor72 [label="RemoveMe(G"];
423 Actor8 => Actor73 [label="RemoveMe(G"];
424 Actor8 => Actor74 [label="RemoveMe(G"];
425 Actor8 => Actor75 [label="RemoveMe(G"];
426 Actor8 => Actor76 [label="RemoveMe(G"];
427 Actor8 => Actor77 [label="RemoveMe(G"];
428 Actor8 => Actor78 [label="RemoveMe(G"];
429 Actor8 => Actor79 [label="RemoveMe(G"];
430 Actor8 => Actor80 [label="RemoveMe(G"];
431 Actor8 => Actor81 [label="RemoveMe(G"];
432 Actor8 => Actor82 [label="RemoveMe(G"];
433 Actor8 => Actor83 [label="RemoveMe(G"];
434 Actor8 => Actor84 [label="RemoveMe(G"];
435 Actor8 => Actor85 [label="RemoveMe(G"];
436 Actor8 => Actor86 [label="RemoveMe(G"];
437 Actor8 => Actor87 [label="RemoveMe(G"];
438 Actor8 => Actor89 [label="RemoveMe(G"];
439 Actor8 => Actor91 [label="RemoveMe(G"];
440 Actor8 => Actor92 [label="RemoveMe(G"];
441 Actor8 => Actor93 [label="RemoveMe(G"];
442 Actor8 => Actor95 [label="RemoveMe(G"];
443 Actor8 => Actor96 [label="RemoveMe(G"];
444 Actor8 => Actor97 [label="RemoveMe(G"];
445 Actor8 => Actor98 [label="RemoveMe(G"];
446 Actor8 => Actor99 [label="RemoveMe(G"];
447 Actor8 => Actor100 [label="RemoveMe(G"];
448 Actor8 => Actor0 [label="Finish"];
449 Actor8 <= Actor59 [label="RemoveMe(G"];
450 Actor8 <= Actor84 [label="RemoveMe(G"];
451 Actor8 <= Actor99 [label="RemoveMe(G"];
452 Actor8 <= Actor93 [label="RemoveMe(G"];
453 Actor8 <= Actor1 [label="RemoveMe(G"];
454 Actor8 <= Actor97 [label="RemoveMe(G"];
455 Actor8 <= Actor27 [label="RemoveMe(G"];
456 Actor8 <= Actor32 [label="RemoveMe(G"];
457 Actor8 <= Actor11 [label="RemoveMe(G"];
458 Actor8 <= Actor76 [label="RemoveMe(G"];
459 Actor8 <= Actor8 [label="Remind"];
460 Actor8 <= Actor28 [label="RemoveMe(G"];
461 Actor8 <= Actor15 [label="RemoveMe(G"];
462 Actor8 <= Actor81 [label="RemoveMe(G"];
463 Actor8 <= Actor72 [label="RemoveMe(G"];
464 Actor8 <= Actor57 [label="RemoveMe(G"];
465 Actor8 <= Actor7 [label="RemoveMe(G"];
466 Actor8 <= Actor98 [label="RemoveMe(G"];
467 Actor8 <= Actor41 [label="RemoveMe(G"];
468 Actor8 <= Actor38 [label="RemoveMe(G"];
469 Actor8 <= Actor36 [label="RemoveMe(G"];
470 Actor8 <= Actor13 [label="RemoveMe(G"];
471 Actor8 <= Actor21 [label="RemoveMe(G"];
472 Actor8 <= Actor35 [label="RemoveMe(G"];
473 Actor8 <= Actor79 [label="RemoveMe(G"];
474 Actor8 <= Actor55 [label="RemoveMe(G"];
475 Actor8 <= Actor53 [label="RemoveMe(G"];
476 Actor8 <= Actor46 [label="RemoveMe(G"];
477 Actor8 <= Actor34 [label="RemoveMe(G"];
478 Actor8 <= Actor69 [label="RemoveMe(G"];
479 Actor8 <= Actor75 [label="Rumor"];
480 Actor8 <= Actor75 [label="RemoveMe(G"];
481 Actor8 <= Actor2 [label="RemoveMe(G"];
482 Actor8 <= Actor51 [label="RemoveMe(G"];
483 Actor8 <= Actor25 [label="RemoveMe(G"];
484 Actor8 <= Actor18 [label="RemoveMe(G"];
485 Actor8 <= Actor39 [label="RemoveMe(G"];
486 Actor8 <= Actor62 [label="RemoveMe(G"];
487 Actor8 <= Actor45 [label="RemoveMe(G"];
488 Actor8 <= Actor47 [label="RemoveMe(G"];
489 Actor8 <= Actor67 [label="RemoveMe(G"];
490 Actor8 <= Actor65 [label="RemoveMe(G"];
491 Actor8 <= Actor71 [label="RemoveMe(G"];
492 Actor8 <= Actor66 [label="RemoveMe(G"];
493 Actor8 <= Actor82 [label="RemoveMe(G"];
494 Actor8 <= Actor100 [label="RemoveMe(G"];
495 Actor8 <= Actor14 [label="RemoveMe(G"];
496 Actor8 <= Actor52 [label="RemoveMe(G"];
497 Actor8 <= Actor78 [label="RemoveMe(G"];
498 Actor8 <= Actor54 [label="RemoveMe(G"];
499 Actor8 <= Actor86 [label="RemoveMe(G"];
500 Actor8 <= Actor87 [label="RemoveMe(G"];
501 Actor8 <= Actor89 [label="RemoveMe(G"];
502 Actor8 <= Actor96 [label="RemoveMe(G"];
503 Actor8 <= Actor49 [label="RemoveMe(G"];
504 Actor8 <= Actor91 [label="RemoveMe(G"];
505 Actor8 <= Actor68 [label="RemoveMe(G"];
506 Actor8 <= Actor74 [label="RemoveMe(G"];
507 Actor8 <= Actor3 [label="RemoveMe(G"];
508 Actor8 <= Actor31 [label="RemoveMe(G"];
509 Actor8 <= Actor23 [label="RemoveMe(G"];
510 Actor8 <= Actor60 [label="RemoveMe(G"];
511 Actor8 <= Actor61 [label="RemoveMe(G"];
512 Actor8 <= Actor56 [label="RemoveMe(G"];
1063 Actor8 <= Actor0 [label="ShutDown"];
