80 Actor80 <= Actor0 [label="Set(Master"];
199 Actor80 <= Actor42 [label="RemoveMe(G"];
239 Actor80 <= Actor24 [label="RemoveMe(G"];
240 Actor80 <= Actor63 [label="RemoveMe(G"];
243 Actor80 <= Actor58 [label="RemoveMe(G"];
244 Actor80 <= Actor90 [label="RemoveMe(G"];
250 Actor80 <= Actor12 [label="RemoveMe(G"];
251 Actor80 <= Actor70 [label="RemoveMe(G"];
252 Actor80 <= Actor16 [label="RemoveMe(G"];
253 Actor80 <= Actor94 [label="RemoveMe(G"];
254 Actor80 <= Actor5 [label="RemoveMe(G"];
257 Actor80 <= Actor88 [label="RemoveMe(G"];
350 Actor80 <= Actor99 [label="RemoveMe(G"];
351 Actor80 <= Actor84 [label="RemoveMe(G"];
352 Actor80 <= Actor59 [label="RemoveMe(G"];
353 Actor80 <= Actor10 [label="RemoveMe(G"];
354 Actor80 <= Actor93 [label="RemoveMe(G"];
355 Actor80 <= Actor1 [label="RemoveMe(G"];
356 Actor80 <= Actor97 [label="RemoveMe(G"];
357 Actor80 <= Actor27 [label="RemoveMe(G"];
358 Actor80 <= Actor11 [label="RemoveMe(G"];
426 Actor80 <= Actor37 [label="RemoveMe(G"];
427 Actor80 <= Actor76 [label="RemoveMe(G"];
428 Actor80 <= Actor32 [label="RemoveMe(G"];
429 Actor80 <= Actor28 [label="RemoveMe(G"];
441 Actor80 <= Actor72 [label="RemoveMe(G"];
442 Actor80 <= Actor57 [label="RemoveMe(G"];
443 Actor80 <= Actor7 [label="RemoveMe(G"];
444 Actor80 <= Actor98 [label="RemoveMe(G"];
445 Actor80 <= Actor8 [label="RemoveMe(G"];
446 Actor80 <= Actor36 [label="RemoveMe(G"];
447 Actor80 <= Actor81 [label="RemoveMe(G"];
463 Actor80 <= Actor13 [label="RemoveMe(G"];
464 Actor80 <= Actor21 [label="RemoveMe(G"];
465 Actor80 <= Actor35 [label="RemoveMe(G"];
466 Actor80 <= Actor38 [label="RemoveMe(G"];
467 Actor80 <= Actor15 [label="RemoveMe(G"];
481 Actor80 <= Actor29 [label="Rumor"];
482 Actor80 => Actor2 [label="Rumor"];
483 Actor80 => Actor80 [label="Remind"];
484 Actor80 <= Actor79 [label="RemoveMe(G"];
485 Actor80 <= Actor53 [label="RemoveMe(G"];
486 Actor80 <= Actor55 [label="RemoveMe(G"];
487 Actor80 <= Actor41 [label="RemoveMe(G"];
488 Actor80 <= Actor69 [label="RemoveMe(G"];
489 Actor80 <= Actor34 [label="RemoveMe(G"];
490 Actor80 <= Actor75 [label="RemoveMe(G"];
491 Actor80 <= Actor2 [label="RemoveMe(G"];
492 Actor80 <= Actor51 [label="RemoveMe(G"];
493 Actor80 <= Actor25 [label="RemoveMe(G"];
494 Actor80 <= Actor18 [label="RemoveMe(G"];
495 Actor80 <= Actor46 [label="RemoveMe(G"];
496 Actor80 <= Actor19 [label="Rumor"];
497 Actor80 => Actor3 [label="RemoveMe(G"];
498 Actor80 => Actor4 [label="RemoveMe(G"];
499 Actor80 => Actor6 [label="RemoveMe(G"];
500 Actor80 => Actor9 [label="RemoveMe(G"];
501 Actor80 => Actor14 [label="RemoveMe(G"];
502 Actor80 => Actor17 [label="RemoveMe(G"];
503 Actor80 => Actor19 [label="RemoveMe(G"];
504 Actor80 => Actor20 [label="RemoveMe(G"];
505 Actor80 => Actor22 [label="RemoveMe(G"];
506 Actor80 => Actor23 [label="RemoveMe(G"];
507 Actor80 => Actor26 [label="RemoveMe(G"];
508 Actor80 => Actor29 [label="RemoveMe(G"];
509 Actor80 => Actor30 [label="RemoveMe(G"];
510 Actor80 => Actor31 [label="RemoveMe(G"];
511 Actor80 => Actor33 [label="RemoveMe(G"];
512 Actor80 => Actor39 [label="RemoveMe(G"];
513 Actor80 => Actor40 [label="RemoveMe(G"];
514 Actor80 => Actor43 [label="RemoveMe(G"];
515 Actor80 => Actor44 [label="RemoveMe(G"];
516 Actor80 => Actor45 [label="RemoveMe(G"];
517 Actor80 => Actor47 [label="RemoveMe(G"];
518 Actor80 => Actor48 [label="RemoveMe(G"];
519 Actor80 => Actor49 [label="RemoveMe(G"];
520 Actor80 => Actor50 [label="RemoveMe(G"];
521 Actor80 => Actor52 [label="RemoveMe(G"];
522 Actor80 => Actor54 [label="RemoveMe(G"];
523 Actor80 => Actor56 [label="RemoveMe(G"];
524 Actor80 => Actor60 [label="RemoveMe(G"];
525 Actor80 => Actor61 [label="RemoveMe(G"];
526 Actor80 => Actor62 [label="RemoveMe(G"];
527 Actor80 => Actor64 [label="RemoveMe(G"];
528 Actor80 => Actor65 [label="RemoveMe(G"];
529 Actor80 => Actor66 [label="RemoveMe(G"];
530 Actor80 => Actor67 [label="RemoveMe(G"];
531 Actor80 => Actor68 [label="RemoveMe(G"];
532 Actor80 => Actor71 [label="RemoveMe(G"];
533 Actor80 => Actor73 [label="RemoveMe(G"];
534 Actor80 => Actor74 [label="RemoveMe(G"];
535 Actor80 => Actor77 [label="RemoveMe(G"];
536 Actor80 => Actor78 [label="RemoveMe(G"];
537 Actor80 => Actor82 [label="RemoveMe(G"];
538 Actor80 => Actor83 [label="RemoveMe(G"];
539 Actor80 => Actor85 [label="RemoveMe(G"];
540 Actor80 => Actor86 [label="RemoveMe(G"];
541 Actor80 => Actor87 [label="RemoveMe(G"];
542 Actor80 => Actor89 [label="RemoveMe(G"];
543 Actor80 => Actor91 [label="RemoveMe(G"];
544 Actor80 => Actor92 [label="RemoveMe(G"];
545 Actor80 => Actor95 [label="RemoveMe(G"];
546 Actor80 => Actor96 [label="RemoveMe(G"];
547 Actor80 => Actor100 [label="RemoveMe(G"];
548 Actor80 => Actor0 [label="Finish"];
549 Actor80 <= Actor39 [label="RemoveMe(G"];
550 Actor80 <= Actor47 [label="RemoveMe(G"];
551 Actor80 <= Actor45 [label="RemoveMe(G"];
552 Actor80 <= Actor62 [label="RemoveMe(G"];
553 Actor80 <= Actor19 [label="Rumor"];
554 Actor80 <= Actor67 [label="RemoveMe(G"];
555 Actor80 <= Actor33 [label="RemoveMe(G"];
556 Actor80 <= Actor71 [label="RemoveMe(G"];
557 Actor80 <= Actor64 [label="RemoveMe(G"];
558 Actor80 <= Actor73 [label="RemoveMe(G"];
559 Actor80 <= Actor66 [label="RemoveMe(G"];
560 Actor80 <= Actor65 [label="RemoveMe(G"];
561 Actor80 <= Actor82 [label="RemoveMe(G"];
562 Actor80 <= Actor4 [label="RemoveMe(G"];
563 Actor80 <= Actor100 [label="RemoveMe(G"];
564 Actor80 <= Actor14 [label="RemoveMe(G"];
565 Actor80 <= Actor20 [label="RemoveMe(G"];
566 Actor80 <= Actor78 [label="RemoveMe(G"];
567 Actor80 <= Actor83 [label="RemoveMe(G"];
568 Actor80 <= Actor85 [label="RemoveMe(G"];
569 Actor80 <= Actor54 [label="RemoveMe(G"];
570 Actor80 <= Actor86 [label="RemoveMe(G"];
571 Actor80 <= Actor87 [label="RemoveMe(G"];
572 Actor80 <= Actor89 [label="RemoveMe(G"];
573 Actor80 <= Actor92 [label="RemoveMe(G"];
574 Actor80 <= Actor52 [label="RemoveMe(G"];
575 Actor80 <= Actor96 [label="RemoveMe(G"];
576 Actor80 <= Actor49 [label="RemoveMe(G"];
577 Actor80 <= Actor6 [label="Rumor"];
584 Actor80 <= Actor6 [label="Rumor"];
585 Actor80 <= Actor91 [label="RemoveMe(G"];
586 Actor80 <= Actor80 [label="Remind"];
608 Actor80 <= Actor6 [label="Rumor"];
632 Actor80 <= Actor6 [label="Rumor"];
659 Actor80 <= Actor6 [label="Rumor"];
794 Actor80 <= Actor6 [label="Rumor"];
795 Actor80 <= Actor9 [label="RemoveMe(G"];
796 Actor80 <= Actor68 [label="RemoveMe(G"];
797 Actor80 <= Actor50 [label="RemoveMe(G"];
798 Actor80 <= Actor77 [label="RemoveMe(G"];
799 Actor80 <= Actor74 [label="RemoveMe(G"];
800 Actor80 <= Actor3 [label="RemoveMe(G"];
801 Actor80 <= Actor31 [label="RemoveMe(G"];
802 Actor80 <= Actor26 [label="RemoveMe(G"];
803 Actor80 <= Actor23 [label="RemoveMe(G"];
804 Actor80 <= Actor60 [label="RemoveMe(G"];
805 Actor80 <= Actor61 [label="RemoveMe(G"];
806 Actor80 <= Actor44 [label="RemoveMe(G"];
807 Actor80 <= Actor19 [label="RemoveMe(G"];
808 Actor80 <= Actor40 [label="RemoveMe(G"];
809 Actor80 <= Actor48 [label="RemoveMe(G"];
810 Actor80 <= Actor56 [label="RemoveMe(G"];
811 Actor80 <= Actor43 [label="RemoveMe(G"];
812 Actor80 <= Actor95 [label="RemoveMe(G"];
875 Actor80 <= Actor6 [label="Rumor"];
876 Actor80 <= Actor22 [label="RemoveMe(G"];
877 Actor80 <= Actor17 [label="RemoveMe(G"];
878 Actor80 <= Actor29 [label="RemoveMe(G"];
879 Actor80 <= Actor30 [label="RemoveMe(G"];
1135 Actor80 <= Actor0 [label="ShutDown"];
