81 Actor81 <= Actor0 [label="Set(Master"];
146 Actor81 <= Actor53 [label="Rumor"];
147 Actor81 => Actor14 [label="Rumor"];
148 Actor81 => Actor81 [label="Remind"];
200 Actor81 <= Actor42 [label="RemoveMe(G"];
240 Actor81 <= Actor24 [label="RemoveMe(G"];
296 Actor81 <= Actor56 [label="Rumor"];
297 Actor81 => Actor1 [label="RemoveMe(G"];
298 Actor81 => Actor2 [label="RemoveMe(G"];
299 Actor81 => Actor3 [label="RemoveMe(G"];
300 Actor81 => Actor4 [label="RemoveMe(G"];
301 Actor81 => Actor5 [label="RemoveMe(G"];
302 Actor81 => Actor6 [label="RemoveMe(G"];
303 Actor81 => Actor7 [label="RemoveMe(G"];
304 Actor81 => Actor8 [label="RemoveMe(G"];
305 Actor81 => Actor9 [label="RemoveMe(G"];
306 Actor81 => Actor10 [label="RemoveMe(G"];
307 Actor81 => Actor11 [label="RemoveMe(G"];
308 Actor81 => Actor12 [label="RemoveMe(G"];
309 Actor81 => Actor13 [label="RemoveMe(G"];
310 Actor81 => Actor14 [label="RemoveMe(G"];
311 Actor81 => Actor15 [label="RemoveMe(G"];
312 Actor81 => Actor16 [label="RemoveMe(G"];
313 Actor81 => Actor17 [label="RemoveMe(G"];
314 Actor81 => Actor18 [label="RemoveMe(G"];
315 Actor81 => Actor19 [label="RemoveMe(G"];
316 Actor81 => Actor20 [label="RemoveMe(G"];
317 Actor81 => Actor21 [label="RemoveMe(G"];
318 Actor81 => Actor22 [label="RemoveMe(G"];
319 Actor81 => Actor23 [label="RemoveMe(G"];
320 Actor81 => Actor25 [label="RemoveMe(G"];
321 Actor81 => Actor26 [label="RemoveMe(G"];
322 Actor81 => Actor27 [label="RemoveMe(G"];
323 Actor81 => Actor28 [label="RemoveMe(G"];
324 Actor81 => Actor29 [label="RemoveMe(G"];
325 Actor81 => Actor30 [label="RemoveMe(G"];
326 Actor81 => Actor31 [label="RemoveMe(G"];
327 Actor81 => Actor32 [label="RemoveMe(G"];
328 Actor81 => Actor33 [label="RemoveMe(G"];
329 Actor81 => Actor34 [label="RemoveMe(G"];
330 Actor81 => Actor35 [label="RemoveMe(G"];
331 Actor81 => Actor36 [label="RemoveMe(G"];
332 Actor81 => Actor37 [label="RemoveMe(G"];
333 Actor81 => Actor38 [label="RemoveMe(G"];
334 Actor81 => Actor39 [label="RemoveMe(G"];
335 Actor81 => Actor40 [label="RemoveMe(G"];
336 Actor81 => Actor41 [label="RemoveMe(G"];
337 Actor81 => Actor43 [label="RemoveMe(G"];
338 Actor81 => Actor44 [label="RemoveMe(G"];
339 Actor81 => Actor45 [label="RemoveMe(G"];
340 Actor81 => Actor46 [label="RemoveMe(G"];
341 Actor81 => Actor47 [label="RemoveMe(G"];
342 Actor81 => Actor48 [label="RemoveMe(G"];
343 Actor81 => Actor49 [label="RemoveMe(G"];
344 Actor81 => Actor50 [label="RemoveMe(G"];
345 Actor81 => Actor51 [label="RemoveMe(G"];
346 Actor81 => Actor52 [label="RemoveMe(G"];
347 Actor81 => Actor53 [label="RemoveMe(G"];
348 Actor81 => Actor54 [label="RemoveMe(G"];
349 Actor81 => Actor55 [label="RemoveMe(G"];
350 Actor81 => Actor56 [label="RemoveMe(G"];
351 Actor81 => Actor57 [label="RemoveMe(G"];
352 Actor81 => Actor58 [label="RemoveMe(G"];
353 Actor81 => Actor59 [label="RemoveMe(G"];
354 Actor81 => Actor60 [label="RemoveMe(G"];
355 Actor81 => Actor61 [label="RemoveMe(G"];
356 Actor81 => Actor62 [label="RemoveMe(G"];
357 Actor81 => Actor63 [label="RemoveMe(G"];
358 Actor81 => Actor64 [label="RemoveMe(G"];
359 Actor81 => Actor65 [label="RemoveMe(G"];
360 Actor81 => Actor66 [label="RemoveMe(G"];
361 Actor81 => Actor67 [label="RemoveMe(G"];
362 Actor81 => Actor68 [label="RemoveMe(G"];
363 Actor81 => Actor69 [label="RemoveMe(G"];
364 Actor81 => Actor70 [label="RemoveMe(G"];
365 Actor81 => Actor71 [label="RemoveMe(G"];
366 Actor81 => Actor72 [label="RemoveMe(G"];
367 Actor81 => Actor73 [label="RemoveMe(G"];
368 Actor81 => Actor74 [label="RemoveMe(G"];
369 Actor81 => Actor75 [label="RemoveMe(G"];
370 Actor81 => Actor76 [label="RemoveMe(G"];
371 Actor81 => Actor77 [label="RemoveMe(G"];
372 Actor81 => Actor78 [label="RemoveMe(G"];
373 Actor81 => Actor79 [label="RemoveMe(G"];
374 Actor81 => Actor80 [label="RemoveMe(G"];
375 Actor81 => Actor82 [label="RemoveMe(G"];
376 Actor81 => Actor83 [label="RemoveMe(G"];
377 Actor81 => Actor84 [label="RemoveMe(G"];
378 Actor81 => Actor85 [label="RemoveMe(G"];
379 Actor81 => Actor86 [label="RemoveMe(G"];
380 Actor81 => Actor87 [label="RemoveMe(G"];
381 Actor81 => Actor88 [label="RemoveMe(G"];
382 Actor81 => Actor89 [label="RemoveMe(G"];
383 Actor81 => Actor90 [label="RemoveMe(G"];
384 Actor81 => Actor91 [label="RemoveMe(G"];
385 Actor81 => Actor92 [label="RemoveMe(G"];
386 Actor81 => Actor93 [label="RemoveMe(G"];
387 Actor81 => Actor94 [label="RemoveMe(G"];
388 Actor81 => Actor95 [label="RemoveMe(G"];
389 Actor81 => Actor96 [label="RemoveMe(G"];
390 Actor81 => Actor97 [label="RemoveMe(G"];
391 Actor81 => Actor98 [label="RemoveMe(G"];
392 Actor81 => Actor99 [label="RemoveMe(G"];
393 Actor81 => Actor100 [label="RemoveMe(G"];
394 Actor81 => Actor0 [label="Finish"];
395 Actor81 <= Actor63 [label="RemoveMe(G"];
396 Actor81 <= Actor58 [label="RemoveMe(G"];
397 Actor81 <= Actor90 [label="RemoveMe(G"];
398 Actor81 <= Actor12 [label="RemoveMe(G"];
399 Actor81 <= Actor70 [label="RemoveMe(G"];
400 Actor81 <= Actor16 [label="RemoveMe(G"];
401 Actor81 <= Actor94 [label="RemoveMe(G"];
402 Actor81 <= Actor5 [label="RemoveMe(G"];
403 Actor81 <= Actor88 [label="RemoveMe(G"];
404 Actor81 <= Actor99 [label="RemoveMe(G"];
405 Actor81 <= Actor84 [label="RemoveMe(G"];
406 Actor81 <= Actor59 [label="RemoveMe(G"];
407 Actor81 <= Actor10 [label="RemoveMe(G"];
408 Actor81 <= Actor93 [label="RemoveMe(G"];
409 Actor81 <= Actor1 [label="RemoveMe(G"];
410 Actor81 <= Actor97 [label="RemoveMe(G"];
411 Actor81 <= Actor27 [label="RemoveMe(G"];
412 Actor81 <= Actor11 [label="RemoveMe(G"];
413 Actor81 <= Actor72 [label="Rumor"];
427 Actor81 <= Actor37 [label="RemoveMe(G"];
428 Actor81 <= Actor76 [label="RemoveMe(G"];
429 Actor81 <= Actor32 [label="RemoveMe(G"];
430 Actor81 <= Actor81 [label="Remind"];
431 Actor81 <= Actor28 [label="RemoveMe(G"];
442 Actor81 <= Actor72 [label="RemoveMe(G"];
443 Actor81 <= Actor57 [label="RemoveMe(G"];
444 Actor81 <= Actor7 [label="RemoveMe(G"];
445 Actor81 <= Actor98 [label="RemoveMe(G"];
446 Actor81 <= Actor8 [label="RemoveMe(G"];
447 Actor81 <= Actor36 [label="RemoveMe(G"];
464 Actor81 <= Actor13 [label="RemoveMe(G"];
465 Actor81 <= Actor21 [label="RemoveMe(G"];
466 Actor81 <= Actor35 [label="RemoveMe(G"];
467 Actor81 <= Actor38 [label="RemoveMe(G"];
468 Actor81 <= Actor15 [label="RemoveMe(G"];
469 Actor81 <= Actor79 [label="RemoveMe(G"];
470 Actor81 <= Actor53 [label="RemoveMe(G"];
471 Actor81 <= Actor55 [label="RemoveMe(G"];
472 Actor81 <= Actor69 [label="RemoveMe(G"];
473 Actor81 <= Actor41 [label="RemoveMe(G"];
474 Actor81 <= Actor34 [label="RemoveMe(G"];
475 Actor81 <= Actor75 [label="RemoveMe(G"];
476 Actor81 <= Actor2 [label="RemoveMe(G"];
477 Actor81 <= Actor51 [label="RemoveMe(G"];
478 Actor81 <= Actor25 [label="RemoveMe(G"];
479 Actor81 <= Actor18 [label="RemoveMe(G"];
480 Actor81 <= Actor46 [label="RemoveMe(G"];
481 Actor81 <= Actor39 [label="RemoveMe(G"];
482 Actor81 <= Actor47 [label="RemoveMe(G"];
497 Actor81 <= Actor45 [label="RemoveMe(G"];
498 Actor81 <= Actor62 [label="RemoveMe(G"];
499 Actor81 <= Actor67 [label="RemoveMe(G"];
500 Actor81 <= Actor71 [label="RemoveMe(G"];
501 Actor81 <= Actor73 [label="RemoveMe(G"];
502 Actor81 <= Actor66 [label="RemoveMe(G"];
503 Actor81 <= Actor65 [label="RemoveMe(G"];
504 Actor81 <= Actor82 [label="RemoveMe(G"];
505 Actor81 <= Actor50 [label="Rumor"];
506 Actor81 <= Actor100 [label="RemoveMe(G"];
507 Actor81 <= Actor14 [label="RemoveMe(G"];
508 Actor81 <= Actor78 [label="RemoveMe(G"];
509 Actor81 <= Actor54 [label="RemoveMe(G"];
510 Actor81 <= Actor86 [label="RemoveMe(G"];
511 Actor81 <= Actor87 [label="RemoveMe(G"];
512 Actor81 <= Actor89 [label="RemoveMe(G"];
513 Actor81 <= Actor52 [label="RemoveMe(G"];
514 Actor81 <= Actor96 [label="RemoveMe(G"];
515 Actor81 <= Actor49 [label="RemoveMe(G"];
516 Actor81 <= Actor91 [label="RemoveMe(G"];
517 Actor81 <= Actor68 [label="RemoveMe(G"];
518 Actor81 <= Actor74 [label="RemoveMe(G"];
519 Actor81 <= Actor3 [label="RemoveMe(G"];
520 Actor81 <= Actor31 [label="RemoveMe(G"];
521 Actor81 <= Actor23 [label="RemoveMe(G"];
522 Actor81 <= Actor60 [label="RemoveMe(G"];
523 Actor81 <= Actor61 [label="RemoveMe(G"];
524 Actor81 <= Actor56 [label="RemoveMe(G"];
1136 Actor81 <= Actor0 [label="ShutDown"];
