82 Actor82 <= Actor0 [label="Set(Master"];
201 Actor82 <= Actor42 [label="RemoveMe(G"];
202 Actor82 <= Actor56 [label="Rumor"];
203 Actor82 => Actor66 [label="Rumor"];
204 Actor82 => Actor82 [label="Remind"];
241 Actor82 <= Actor24 [label="RemoveMe(G"];
242 Actor82 <= Actor63 [label="RemoveMe(G"];
243 Actor82 <= Actor37 [label="Rumor"];
244 Actor82 => Actor1 [label="RemoveMe(G"];
245 Actor82 => Actor2 [label="RemoveMe(G"];
246 Actor82 => Actor3 [label="RemoveMe(G"];
247 Actor82 => Actor4 [label="RemoveMe(G"];
248 Actor82 => Actor5 [label="RemoveMe(G"];
249 Actor82 => Actor6 [label="RemoveMe(G"];
250 Actor82 => Actor7 [label="RemoveMe(G"];
251 Actor82 => Actor8 [label="RemoveMe(G"];
252 Actor82 => Actor9 [label="RemoveMe(G"];
253 Actor82 => Actor10 [label="RemoveMe(G"];
254 Actor82 => Actor11 [label="RemoveMe(G"];
255 Actor82 => Actor12 [label="RemoveMe(G"];
256 Actor82 => Actor13 [label="RemoveMe(G"];
257 Actor82 => Actor14 [label="RemoveMe(G"];
258 Actor82 => Actor15 [label="RemoveMe(G"];
259 Actor82 => Actor16 [label="RemoveMe(G"];
260 Actor82 => Actor17 [label="RemoveMe(G"];
261 Actor82 => Actor18 [label="RemoveMe(G"];
262 Actor82 => Actor19 [label="RemoveMe(G"];
263 Actor82 => Actor20 [label="RemoveMe(G"];
264 Actor82 => Actor21 [label="RemoveMe(G"];
265 Actor82 => Actor22 [label="RemoveMe(G"];
266 Actor82 => Actor23 [label="RemoveMe(G"];
267 Actor82 => Actor25 [label="RemoveMe(G"];
268 Actor82 => Actor26 [label="RemoveMe(G"];
269 Actor82 => Actor27 [label="RemoveMe(G"];
270 Actor82 => Actor28 [label="RemoveMe(G"];
271 Actor82 => Actor29 [label="RemoveMe(G"];
272 Actor82 => Actor30 [label="RemoveMe(G"];
273 Actor82 => Actor31 [label="RemoveMe(G"];
274 Actor82 => Actor32 [label="RemoveMe(G"];
275 Actor82 => Actor33 [label="RemoveMe(G"];
276 Actor82 => Actor34 [label="RemoveMe(G"];
277 Actor82 => Actor35 [label="RemoveMe(G"];
278 Actor82 => Actor36 [label="RemoveMe(G"];
279 Actor82 => Actor37 [label="RemoveMe(G"];
280 Actor82 => Actor38 [label="RemoveMe(G"];
281 Actor82 => Actor39 [label="RemoveMe(G"];
282 Actor82 => Actor40 [label="RemoveMe(G"];
283 Actor82 => Actor41 [label="RemoveMe(G"];
284 Actor82 => Actor43 [label="RemoveMe(G"];
285 Actor82 => Actor44 [label="RemoveMe(G"];
286 Actor82 => Actor45 [label="RemoveMe(G"];
287 Actor82 => Actor46 [label="RemoveMe(G"];
288 Actor82 => Actor47 [label="RemoveMe(G"];
289 Actor82 => Actor48 [label="RemoveMe(G"];
290 Actor82 => Actor49 [label="RemoveMe(G"];
291 Actor82 => Actor50 [label="RemoveMe(G"];
292 Actor82 => Actor51 [label="RemoveMe(G"];
293 Actor82 => Actor52 [label="RemoveMe(G"];
294 Actor82 => Actor53 [label="RemoveMe(G"];
295 Actor82 => Actor54 [label="RemoveMe(G"];
296 Actor82 => Actor55 [label="RemoveMe(G"];
297 Actor82 => Actor56 [label="RemoveMe(G"];
298 Actor82 => Actor57 [label="RemoveMe(G"];
299 Actor82 => Actor58 [label="RemoveMe(G"];
300 Actor82 => Actor59 [label="RemoveMe(G"];
301 Actor82 => Actor60 [label="RemoveMe(G"];
302 Actor82 => Actor61 [label="RemoveMe(G"];
303 Actor82 => Actor62 [label="RemoveMe(G"];
304 Actor82 => Actor64 [label="RemoveMe(G"];
305 Actor82 => Actor65 [label="RemoveMe(G"];
306 Actor82 => Actor66 [label="RemoveMe(G"];
307 Actor82 => Actor67 [label="RemoveMe(G"];
308 Actor82 => Actor68 [label="RemoveMe(G"];
309 Actor82 => Actor69 [label="RemoveMe(G"];
310 Actor82 => Actor70 [label="RemoveMe(G"];
311 Actor82 => Actor71 [label="RemoveMe(G"];
312 Actor82 => Actor72 [label="RemoveMe(G"];
313 Actor82 => Actor73 [label="RemoveMe(G"];
314 Actor82 => Actor74 [label="RemoveMe(G"];
315 Actor82 => Actor75 [label="RemoveMe(G"];
316 Actor82 => Actor76 [label="RemoveMe(G"];
317 Actor82 => Actor77 [label="RemoveMe(G"];
318 Actor82 => Actor78 [label="RemoveMe(G"];
319 Actor82 => Actor79 [label="RemoveMe(G"];
320 Actor82 => Actor80 [label="RemoveMe(G"];
321 Actor82 => Actor81 [label="RemoveMe(G"];
322 Actor82 => Actor83 [label="RemoveMe(G"];
323 Actor82 => Actor84 [label="RemoveMe(G"];
324 Actor82 => Actor85 [label="RemoveMe(G"];
325 Actor82 => Actor86 [label="RemoveMe(G"];
326 Actor82 => Actor87 [label="RemoveMe(G"];
327 Actor82 => Actor88 [label="RemoveMe(G"];
328 Actor82 => Actor89 [label="RemoveMe(G"];
329 Actor82 => Actor90 [label="RemoveMe(G"];
330 Actor82 => Actor91 [label="RemoveMe(G"];
331 Actor82 => Actor92 [label="RemoveMe(G"];
332 Actor82 => Actor93 [label="RemoveMe(G"];
333 Actor82 => Actor94 [label="RemoveMe(G"];
334 Actor82 => Actor95 [label="RemoveMe(G"];
335 Actor82 => Actor96 [label="RemoveMe(G"];
336 Actor82 => Actor97 [label="RemoveMe(G"];
337 Actor82 => Actor98 [label="RemoveMe(G"];
338 Actor82 => Actor99 [label="RemoveMe(G"];
339 Actor82 => Actor100 [label="RemoveMe(G"];
340 Actor82 => Actor0 [label="Finish"];
341 Actor82 <= Actor58 [label="RemoveMe(G"];
342 Actor82 <= Actor90 [label="RemoveMe(G"];
343 Actor82 <= Actor12 [label="RemoveMe(G"];
344 Actor82 <= Actor70 [label="RemoveMe(G"];
345 Actor82 <= Actor16 [label="RemoveMe(G"];
346 Actor82 <= Actor94 [label="RemoveMe(G"];
347 Actor82 <= Actor5 [label="RemoveMe(G"];
348 Actor82 <= Actor88 [label="RemoveMe(G"];
352 Actor82 <= Actor99 [label="RemoveMe(G"];
406 Actor82 <= Actor6 [label="Rumor"];
407 Actor82 <= Actor84 [label="RemoveMe(G"];
408 Actor82 <= Actor59 [label="RemoveMe(G"];
409 Actor82 <= Actor10 [label="RemoveMe(G"];
410 Actor82 <= Actor93 [label="RemoveMe(G"];
411 Actor82 <= Actor1 [label="RemoveMe(G"];
412 Actor82 <= Actor97 [label="RemoveMe(G"];
413 Actor82 <= Actor27 [label="RemoveMe(G"];
414 Actor82 <= Actor11 [label="RemoveMe(G"];
428 Actor82 <= Actor37 [label="RemoveMe(G"];
429 Actor82 <= Actor76 [label="RemoveMe(G"];
430 Actor82 <= Actor32 [label="RemoveMe(G"];
431 Actor82 <= Actor28 [label="RemoveMe(G"];
443 Actor82 <= Actor72 [label="RemoveMe(G"];
444 Actor82 <= Actor57 [label="RemoveMe(G"];
445 Actor82 <= Actor7 [label="RemoveMe(G"];
446 Actor82 <= Actor98 [label="RemoveMe(G"];
447 Actor82 <= Actor8 [label="RemoveMe(G"];
448 Actor82 <= Actor36 [label="RemoveMe(G"];
465 Actor82 <= Actor13 [label="RemoveMe(G"];
466 Actor82 <= Actor81 [label="RemoveMe(G"];
467 Actor82 <= Actor21 [label="RemoveMe(G"];
468 Actor82 <= Actor35 [label="RemoveMe(G"];
469 Actor82 <= Actor38 [label="RemoveMe(G"];
470 Actor82 <= Actor15 [label="RemoveMe(G"];
471 Actor82 <= Actor79 [label="RemoveMe(G"];
472 Actor82 <= Actor53 [label="RemoveMe(G"];
473 Actor82 <= Actor55 [label="RemoveMe(G"];
474 Actor82 <= Actor69 [label="RemoveMe(G"];
475 Actor82 <= Actor41 [label="RemoveMe(G"];
476 Actor82 <= Actor34 [label="RemoveMe(G"];
477 Actor82 <= Actor75 [label="RemoveMe(G"];
478 Actor82 <= Actor2 [label="RemoveMe(G"];
479 Actor82 <= Actor51 [label="RemoveMe(G"];
480 Actor82 <= Actor25 [label="RemoveMe(G"];
481 Actor82 <= Actor18 [label="RemoveMe(G"];
482 Actor82 <= Actor46 [label="RemoveMe(G"];
483 Actor82 <= Actor39 [label="RemoveMe(G"];
484 Actor82 <= Actor47 [label="RemoveMe(G"];
498 Actor82 <= Actor45 [label="RemoveMe(G"];
499 Actor82 <= Actor62 [label="RemoveMe(G"];
500 Actor82 <= Actor67 [label="RemoveMe(G"];
519 Actor82 <= Actor33 [label="RemoveMe(G"];
520 Actor82 <= Actor71 [label="RemoveMe(G"];
521 Actor82 <= Actor64 [label="RemoveMe(G"];
522 Actor82 <= Actor73 [label="RemoveMe(G"];
523 Actor82 <= Actor66 [label="RemoveMe(G"];
524 Actor82 <= Actor65 [label="RemoveMe(G"];
525 Actor82 <= Actor82 [label="Remind"];
555 Actor82 <= Actor4 [label="RemoveMe(G"];
556 Actor82 <= Actor100 [label="RemoveMe(G"];
557 Actor82 <= Actor14 [label="RemoveMe(G"];
558 Actor82 <= Actor20 [label="RemoveMe(G"];
559 Actor82 <= Actor78 [label="RemoveMe(G"];
560 Actor82 <= Actor83 [label="RemoveMe(G"];
561 Actor82 <= Actor85 [label="RemoveMe(G"];
562 Actor82 <= Actor54 [label="RemoveMe(G"];
563 Actor82 <= Actor86 [label="RemoveMe(G"];
564 Actor82 <= Actor87 [label="RemoveMe(G"];
565 Actor82 <= Actor89 [label="RemoveMe(G"];
566 Actor82 <= Actor96 [label="Rumor"];
567 Actor82 <= Actor92 [label="RemoveMe(G"];
568 Actor82 <= Actor52 [label="RemoveMe(G"];
569 Actor82 <= Actor96 [label="RemoveMe(G"];
570 Actor82 <= Actor49 [label="RemoveMe(G"];
571 Actor82 <= Actor91 [label="RemoveMe(G"];
572 Actor82 <= Actor68 [label="RemoveMe(G"];
573 Actor82 <= Actor50 [label="RemoveMe(G"];
574 Actor82 <= Actor77 [label="RemoveMe(G"];
575 Actor82 <= Actor74 [label="RemoveMe(G"];
576 Actor82 <= Actor29 [label="Rumor"];
577 Actor82 <= Actor3 [label="RemoveMe(G"];
578 Actor82 <= Actor31 [label="RemoveMe(G"];
579 Actor82 <= Actor23 [label="RemoveMe(G"];
580 Actor82 <= Actor60 [label="RemoveMe(G"];
581 Actor82 <= Actor61 [label="RemoveMe(G"];
582 Actor82 <= Actor44 [label="RemoveMe(G"];
583 Actor82 <= Actor48 [label="RemoveMe(G"];
584 Actor82 <= Actor56 [label="RemoveMe(G"];
585 Actor82 <= Actor95 [label="RemoveMe(G"];
586 Actor82 <= Actor80 [label="RemoveMe(G"];
587 Actor82 <= Actor30 [label="RemoveMe(G"];
1137 Actor82 <= Actor0 [label="ShutDown"];
