83 Actor83 <= Actor0 [label="Set(Master"];
202 Actor83 <= Actor42 [label="RemoveMe(G"];
242 Actor83 <= Actor24 [label="RemoveMe(G"];
243 Actor83 <= Actor63 [label="RemoveMe(G"];
246 Actor83 <= Actor58 [label="RemoveMe(G"];
247 Actor83 <= Actor90 [label="RemoveMe(G"];
253 Actor83 <= Actor12 [label="RemoveMe(G"];
254 Actor83 <= Actor70 [label="RemoveMe(G"];
255 Actor83 <= Actor16 [label="RemoveMe(G"];
256 Actor83 <= Actor94 [label="RemoveMe(G"];
257 Actor83 <= Actor5 [label="RemoveMe(G"];
260 Actor83 <= Actor88 [label="RemoveMe(G"];
353 Actor83 <= Actor99 [label="RemoveMe(G"];
354 Actor83 <= Actor84 [label="RemoveMe(G"];
355 Actor83 <= Actor59 [label="RemoveMe(G"];
356 Actor83 <= Actor10 [label="RemoveMe(G"];
357 Actor83 <= Actor93 [label="RemoveMe(G"];
358 Actor83 <= Actor95 [label="Rumor"];
359 Actor83 => Actor45 [label="Rumor"];
360 Actor83 => Actor83 [label="Remind"];
361 Actor83 <= Actor1 [label="RemoveMe(G"];
362 Actor83 <= Actor97 [label="RemoveMe(G"];
363 Actor83 <= Actor27 [label="RemoveMe(G"];
364 Actor83 <= Actor11 [label="RemoveMe(G"];
429 Actor83 <= Actor37 [label="RemoveMe(G"];
430 Actor83 <= Actor76 [label="RemoveMe(G"];
431 Actor83 <= Actor32 [label="RemoveMe(G"];
432 Actor83 <= Actor28 [label="RemoveMe(G"];
444 Actor83 <= Actor72 [label="RemoveMe(G"];
445 Actor83 <= Actor57 [label="RemoveMe(G"];
446 Actor83 <= Actor7 [label="RemoveMe(G"];
447 Actor83 <= Actor98 [label="RemoveMe(G"];
448 Actor83 <= Actor8 [label="RemoveMe(G"];
449 Actor83 <= Actor36 [label="RemoveMe(G"];
466 Actor83 <= Actor13 [label="RemoveMe(G"];
467 Actor83 <= Actor81 [label="RemoveMe(G"];
468 Actor83 <= Actor21 [label="RemoveMe(G"];
469 Actor83 <= Actor35 [label="RemoveMe(G"];
470 Actor83 <= Actor38 [label="RemoveMe(G"];
471 Actor83 <= Actor15 [label="RemoveMe(G"];
472 Actor83 <= Actor79 [label="RemoveMe(G"];
473 Actor83 <= Actor53 [label="RemoveMe(G"];
474 Actor83 <= Actor55 [label="RemoveMe(G"];
475 Actor83 <= Actor69 [label="RemoveMe(G"];
476 Actor83 <= Actor41 [label="RemoveMe(G"];
477 Actor83 <= Actor34 [label="RemoveMe(G"];
478 Actor83 <= Actor75 [label="RemoveMe(G"];
479 Actor83 <= Actor2 [label="RemoveMe(G"];
480 Actor83 <= Actor51 [label="RemoveMe(G"];
481 Actor83 <= Actor25 [label="RemoveMe(G"];
482 Actor83 <= Actor18 [label="RemoveMe(G"];
483 Actor83 <= Actor46 [label="RemoveMe(G"];
484 Actor83 <= Actor39 [label="RemoveMe(G"];
485 Actor83 <= Actor47 [label="RemoveMe(G"];
499 Actor83 <= Actor45 [label="RemoveMe(G"];
500 Actor83 <= Actor62 [label="RemoveMe(G"];
501 Actor83 <= Actor19 [label="Rumor"];
502 Actor83 => Actor3 [label="RemoveMe(G"];
503 Actor83 => Actor4 [label="RemoveMe(G"];
504 Actor83 => Actor6 [label="RemoveMe(G"];
505 Actor83 => Actor9 [label="RemoveMe(G"];
506 Actor83 => Actor14 [label="RemoveMe(G"];
507 Actor83 => Actor17 [label="RemoveMe(G"];
508 Actor83 => Actor19 [label="RemoveMe(G"];
509 Actor83 => Actor20 [label="RemoveMe(G"];
510 Actor83 => Actor22 [label="RemoveMe(G"];
511 Actor83 => Actor23 [label="RemoveMe(G"];
512 Actor83 => Actor26 [label="RemoveMe(G"];
513 Actor83 => Actor29 [label="RemoveMe(G"];
514 Actor83 => Actor30 [label="RemoveMe(G"];
515 Actor83 => Actor31 [label="RemoveMe(G"];
516 Actor83 => Actor33 [label="RemoveMe(G"];
517 Actor83 => Actor40 [label="RemoveMe(G"];
518 Actor83 => Actor43 [label="RemoveMe(G"];
519 Actor83 => Actor44 [label="RemoveMe(G"];
520 Actor83 => Actor48 [label="RemoveMe(G"];
521 Actor83 => Actor49 [label="RemoveMe(G"];
522 Actor83 => Actor50 [label="RemoveMe(G"];
523 Actor83 => Actor52 [label="RemoveMe(G"];
524 Actor83 => Actor54 [label="RemoveMe(G"];
525 Actor83 => Actor56 [label="RemoveMe(G"];
526 Actor83 => Actor60 [label="RemoveMe(G"];
527 Actor83 => Actor61 [label="RemoveMe(G"];
528 Actor83 => Actor64 [label="RemoveMe(G"];
529 Actor83 => Actor65 [label="RemoveMe(G"];
530 Actor83 => Actor66 [label="RemoveMe(G"];
531 Actor83 => Actor67 [label="RemoveMe(G"];
532 Actor83 => Actor68 [label="RemoveMe(G"];
533 Actor83 => Actor71 [label="RemoveMe(G"];
534 Actor83 => Actor73 [label="RemoveMe(G"];
535 Actor83 => Actor74 [label="RemoveMe(G"];
536 Actor83 => Actor77 [label="RemoveMe(G"];
537 Actor83 => Actor78 [label="RemoveMe(G"];
538 Actor83 => Actor80 [label="RemoveMe(G"];
539 Actor83 => Actor82 [label="RemoveMe(G"];
540 Actor83 => Actor85 [label="RemoveMe(G"];
541 Actor83 => Actor86 [label="RemoveMe(G"];
542 Actor83 => Actor87 [label="RemoveMe(G"];
543 Actor83 => Actor89 [label="RemoveMe(G"];
544 Actor83 => Actor91 [label="RemoveMe(G"];
545 Actor83 => Actor92 [label="RemoveMe(G"];
546 Actor83 => Actor95 [label="RemoveMe(G"];
547 Actor83 => Actor96 [label="RemoveMe(G"];
548 Actor83 => Actor100 [label="RemoveMe(G"];
549 Actor83 => Actor0 [label="Finish"];
550 Actor83 <= Actor67 [label="RemoveMe(G"];
551 Actor83 <= Actor33 [label="RemoveMe(G"];
552 Actor83 <= Actor71 [label="RemoveMe(G"];
553 Actor83 <= Actor64 [label="RemoveMe(G"];
554 Actor83 <= Actor73 [label="RemoveMe(G"];
555 Actor83 <= Actor66 [label="RemoveMe(G"];
556 Actor83 <= Actor65 [label="RemoveMe(G"];
557 Actor83 <= Actor82 [label="RemoveMe(G"];
558 Actor83 <= Actor4 [label="RemoveMe(G"];
559 Actor83 <= Actor100 [label="RemoveMe(G"];
560 Actor83 <= Actor83 [label="Remind"];
561 Actor83 <= Actor14 [label="RemoveMe(G"];
562 Actor83 <= Actor20 [label="RemoveMe(G"];
563 Actor83 <= Actor78 [label="RemoveMe(G"];
564 Actor83 <= Actor85 [label="RemoveMe(G"];
565 Actor83 <= Actor54 [label="RemoveMe(G"];
566 Actor83 <= Actor86 [label="RemoveMe(G"];
567 Actor83 <= Actor87 [label="RemoveMe(G"];
568 Actor83 <= Actor89 [label="RemoveMe(G"];
569 Actor83 <= Actor92 [label="RemoveMe(G"];
570 Actor83 <= Actor52 [label="RemoveMe(G"];
571 Actor83 <= Actor96 [label="RemoveMe(G"];
572 Actor83 <= Actor49 [label="RemoveMe(G"];
573 Actor83 <= Actor91 [label="RemoveMe(G"];
574 Actor83 <= Actor68 [label="RemoveMe(G"];
575 Actor83 <= Actor50 [label="RemoveMe(G"];
576 Actor83 <= Actor77 [label="RemoveMe(G"];
577 Actor83 <= Actor74 [label="RemoveMe(G"];
578 Actor83 <= Actor3 [label="RemoveMe(G"];
579 Actor83 <= Actor31 [label="RemoveMe(G"];
580 Actor83 <= Actor23 [label="RemoveMe(G"];
581 Actor83 <= Actor60 [label="RemoveMe(G"];
582 Actor83 <= Actor61 [label="RemoveMe(G"];
583 Actor83 <= Actor44 [label="RemoveMe(G"];
584 Actor83 <= Actor48 [label="RemoveMe(G"];
585 Actor83 <= Actor56 [label="RemoveMe(G"];
586 Actor83 <= Actor95 [label="RemoveMe(G"];
587 Actor83 <= Actor80 [label="RemoveMe(G"];
588 Actor83 <= Actor30 [label="RemoveMe(G"];
1138 Actor83 <= Actor0 [label="ShutDown"];
