84 Actor84 <= Actor0 [label="Set(Master"];
137 Actor84 <= Actor95 [label="Rumor"];
138 Actor84 => Actor36 [label="Rumor"];
139 Actor84 => Actor84 [label="Remind"];
203 Actor84 <= Actor42 [label="RemoveMe(G"];
243 Actor84 <= Actor24 [label="RemoveMe(G"];
244 Actor84 <= Actor37 [label="Rumor"];
245 Actor84 => Actor1 [label="RemoveMe(G"];
246 Actor84 => Actor2 [label="RemoveMe(G"];
247 Actor84 => Actor3 [label="RemoveMe(G"];
248 Actor84 => Actor4 [label="RemoveMe(G"];
249 Actor84 => Actor5 [label="RemoveMe(G"];
250 Actor84 => Actor6 [label="RemoveMe(G"];
251 Actor84 => Actor7 [label="RemoveMe(G"];
252 Actor84 => Actor8 [label="RemoveMe(G"];
253 Actor84 => Actor9 [label="RemoveMe(G"];
254 Actor84 => Actor10 [label="RemoveMe(G"];
255 Actor84 => Actor11 [label="RemoveMe(G"];
256 Actor84 => Actor12 [label="RemoveMe(G"];
257 Actor84 => Actor13 [label="RemoveMe(G"];
258 Actor84 => Actor14 [label="RemoveMe(G"];
259 Actor84 => Actor15 [label="RemoveMe(G"];
260 Actor84 => Actor16 [label="RemoveMe(G"];
261 Actor84 => Actor17 [label="RemoveMe(G"];
262 Actor84 => Actor18 [label="RemoveMe(G"];
263 Actor84 => Actor19 [label="RemoveMe(G"];
264 Actor84 => Actor20 [label="RemoveMe(G"];
265 Actor84 => Actor21 [label="RemoveMe(G"];
266 Actor84 => Actor22 [label="RemoveMe(G"];
267 Actor84 => Actor23 [label="RemoveMe(G"];
268 Actor84 => Actor25 [label="RemoveMe(G"];
269 Actor84 => Actor26 [label="RemoveMe(G"];
270 Actor84 => Actor27 [label="RemoveMe(G"];
271 Actor84 => Actor28 [label="RemoveMe(G"];
272 Actor84 => Actor29 [label="RemoveMe(G"];
273 Actor84 => Actor30 [label="RemoveMe(G"];
274 Actor84 => Actor31 [label="RemoveMe(G"];
275 Actor84 => Actor32 [label="RemoveMe(G"];
276 Actor84 => Actor33 [label="RemoveMe(G"];
277 Actor84 => Actor34 [label="RemoveMe(G"];
278 Actor84 => Actor35 [label="RemoveMe(G"];
279 Actor84 => Actor36 [label="RemoveMe(G"];
280 Actor84 => Actor37 [label="RemoveMe(G"];
281 Actor84 => Actor38 [label="RemoveMe(G"];
282 Actor84 => Actor39 [label="RemoveMe(G"];
283 Actor84 => Actor40 [label="RemoveMe(G"];
284 Actor84 => Actor41 [label="RemoveMe(G"];
285 Actor84 => Actor43 [label="RemoveMe(G"];
286 Actor84 => Actor44 [label="RemoveMe(G"];
287 Actor84 => Actor45 [label="RemoveMe(G"];
288 Actor84 => Actor46 [label="RemoveMe(G"];
289 Actor84 => Actor47 [label="RemoveMe(G"];
290 Actor84 => Actor48 [label="RemoveMe(G"];
291 Actor84 => Actor49 [label="RemoveMe(G"];
292 Actor84 => Actor50 [label="RemoveMe(G"];
293 Actor84 => Actor51 [label="RemoveMe(G"];
294 Actor84 => Actor52 [label="RemoveMe(G"];
295 Actor84 => Actor53 [label="RemoveMe(G"];
296 Actor84 => Actor54 [label="RemoveMe(G"];
297 Actor84 => Actor55 [label="RemoveMe(G"];
298 Actor84 => Actor56 [label="RemoveMe(G"];
299 Actor84 => Actor57 [label="RemoveMe(G"];
300 Actor84 => Actor58 [label="RemoveMe(G"];
301 Actor84 => Actor59 [label="RemoveMe(G"];
302 Actor84 => Actor60 [label="RemoveMe(G"];
303 Actor84 => Actor61 [label="RemoveMe(G"];
304 Actor84 => Actor62 [label="RemoveMe(G"];
305 Actor84 => Actor63 [label="RemoveMe(G"];
306 Actor84 => Actor64 [label="RemoveMe(G"];
307 Actor84 => Actor65 [label="RemoveMe(G"];
308 Actor84 => Actor66 [label="RemoveMe(G"];
309 Actor84 => Actor67 [label="RemoveMe(G"];
310 Actor84 => Actor68 [label="RemoveMe(G"];
311 Actor84 => Actor69 [label="RemoveMe(G"];
312 Actor84 => Actor70 [label="RemoveMe(G"];
313 Actor84 => Actor71 [label="RemoveMe(G"];
314 Actor84 => Actor72 [label="RemoveMe(G"];
315 Actor84 => Actor73 [label="RemoveMe(G"];
316 Actor84 => Actor74 [label="RemoveMe(G"];
317 Actor84 => Actor75 [label="RemoveMe(G"];
318 Actor84 => Actor76 [label="RemoveMe(G"];
319 Actor84 => Actor77 [label="RemoveMe(G"];
320 Actor84 => Actor78 [label="RemoveMe(G"];
321 Actor84 => Actor79 [label="RemoveMe(G"];
322 Actor84 => Actor80 [label="RemoveMe(G"];
323 Actor84 => Actor81 [label="RemoveMe(G"];
324 Actor84 => Actor82 [label="RemoveMe(G"];
325 Actor84 => Actor83 [label="RemoveMe(G"];
326 Actor84 => Actor85 [label="RemoveMe(G"];
327 Actor84 => Actor86 [label="RemoveMe(G"];
328 Actor84 => Actor87 [label="RemoveMe(G"];
329 Actor84 => Actor88 [label="RemoveMe(G"];
330 Actor84 => Actor89 [label="RemoveMe(G"];
331 Actor84 => Actor90 [label="RemoveMe(G"];
332 Actor84 => Actor91 [label="RemoveMe(G"];
333 Actor84 => Actor92 [label="RemoveMe(G"];
334 Actor84 => Actor93 [label="RemoveMe(G"];
335 Actor84 => Actor94 [label="RemoveMe(G"];
336 Actor84 => Actor95 [label="RemoveMe(G"];
337 Actor84 => Actor96 [label="RemoveMe(G"];
338 Actor84 => Actor97 [label="RemoveMe(G"];
339 Actor84 => Actor98 [label="RemoveMe(G"];
340 Actor84 => Actor99 [label="RemoveMe(G"];
341 Actor84 => Actor100 [label="RemoveMe(G"];
342 Actor84 => Actor0 [label="Finish"];
343 Actor84 <= Actor63 [label="RemoveMe(G"];
344 Actor84 <= Actor58 [label="RemoveMe(G"];
345 Actor84 <= Actor84 [label="Remind"];
346 Actor84 <= Actor90 [label="RemoveMe(G"];
347 Actor84 <= Actor12 [label="RemoveMe(G"];
348 Actor84 <= Actor70 [label="RemoveMe(G"];
349 Actor84 <= Actor16 [label="RemoveMe(G"];
350 Actor84 <= Actor94 [label="RemoveMe(G"];
351 Actor84 <= Actor5 [label="RemoveMe(G"];
352 Actor84 <= Actor88 [label="RemoveMe(G"];
354 Actor84 <= Actor99 [label="RemoveMe(G"];
355 Actor84 <= Actor59 [label="RemoveMe(G"];
356 Actor84 <= Actor10 [label="RemoveMe(G"];
357 Actor84 <= Actor93 [label="RemoveMe(G"];
358 Actor84 <= Actor1 [label="RemoveMe(G"];
359 Actor84 <= Actor97 [label="RemoveMe(G"];
360 Actor84 <= Actor27 [label="RemoveMe(G"];
361 Actor84 <= Actor11 [label="RemoveMe(G"];
430 Actor84 <= Actor37 [label="RemoveMe(G"];
431 Actor84 <= Actor76 [label="RemoveMe(G"];
432 Actor84 <= Actor32 [label="RemoveMe(G"];
433 Actor84 <= Actor28 [label="RemoveMe(G"];
445 Actor84 <= Actor72 [label="RemoveMe(G"];
446 Actor84 <= Actor57 [label="RemoveMe(G"];
447 Actor84 <= Actor7 [label="RemoveMe(G"];
448 Actor84 <= Actor98 [label="RemoveMe(G"];
449 Actor84 <= Actor8 [label="RemoveMe(G"];
450 Actor84 <= Actor36 [label="RemoveMe(G"];
451 Actor84 <= Actor81 [label="RemoveMe(G"];
452 Actor84 <= Actor21 [label="RemoveMe(G"];
453 Actor84 <= Actor35 [label="RemoveMe(G"];
454 Actor84 <= Actor15 [label="RemoveMe(G"];
455 Actor84 <= Actor38 [label="RemoveMe(G"];
456 Actor84 <= Actor79 [label="RemoveMe(G"];
457 Actor84 <= Actor53 [label="RemoveMe(G"];
458 Actor84 <= Actor55 [label="RemoveMe(G"];
459 Actor84 <= Actor69 [label="RemoveMe(G"];
460 Actor84 <= Actor41 [label="RemoveMe(G"];
461 Actor84 <= Actor34 [label="RemoveMe(G"];
462 Actor84 <= Actor75 [label="RemoveMe(G"];
463 Actor84 <= Actor2 [label="RemoveMe(G"];
464 Actor84 <= Actor51 [label="RemoveMe(G"];
465 Actor84 <= Actor25 [label="RemoveMe(G"];
466 Actor84 <= Actor18 [label="RemoveMe(G"];
467 Actor84 <= Actor46 [label="RemoveMe(G"];
468 Actor84 <= Actor62 [label="RemoveMe(G"];
469 Actor84 <= Actor67 [label="RemoveMe(G"];
470 Actor84 <= Actor71 [label="RemoveMe(G"];
471 Actor84 <= Actor66 [label="RemoveMe(G"];
472 Actor84 <= Actor65 [label="RemoveMe(G"];
473 Actor84 <= Actor82 [label="RemoveMe(G"];
474 Actor84 <= Actor14 [label="RemoveMe(G"];
475 Actor84 <= Actor78 [label="RemoveMe(G"];
476 Actor84 <= Actor86 [label="RemoveMe(G"];
477 Actor84 <= Actor87 [label="RemoveMe(G"];
478 Actor84 <= Actor89 [label="RemoveMe(G"];
479 Actor84 <= Actor52 [label="RemoveMe(G"];
480 Actor84 <= Actor96 [label="RemoveMe(G"];
481 Actor84 <= Actor49 [label="RemoveMe(G"];
482 Actor84 <= Actor91 [label="RemoveMe(G"];
483 Actor84 <= Actor68 [label="RemoveMe(G"];
484 Actor84 <= Actor3 [label="RemoveMe(G"];
485 Actor84 <= Actor60 [label="RemoveMe(G"];
1139 Actor84 <= Actor0 [label="ShutDown"];
