85 Actor85 <= Actor0 [label="Set(Master"];
204 Actor85 <= Actor42 [label="RemoveMe(G"];
244 Actor85 <= Actor24 [label="RemoveMe(G"];
245 Actor85 <= Actor63 [label="RemoveMe(G"];
248 Actor85 <= Actor58 [label="RemoveMe(G"];
249 Actor85 <= Actor90 [label="RemoveMe(G"];
255 Actor85 <= Actor12 [label="RemoveMe(G"];
256 Actor85 <= Actor70 [label="RemoveMe(G"];
257 Actor85 <= Actor16 [label="RemoveMe(G"];
258 Actor85 <= Actor94 [label="RemoveMe(G"];
259 Actor85 <= Actor5 [label="RemoveMe(G"];
262 Actor85 <= Actor88 [label="RemoveMe(G"];
355 Actor85 <= Actor99 [label="RemoveMe(G"];
356 Actor85 <= Actor84 [label="RemoveMe(G"];
357 Actor85 <= Actor59 [label="RemoveMe(G"];
358 Actor85 <= Actor10 [label="RemoveMe(G"];
359 Actor85 <= Actor93 [label="RemoveMe(G"];
360 Actor85 <= Actor1 [label="RemoveMe(G"];
361 Actor85 <= Actor97 [label="RemoveMe(G"];
362 Actor85 <= Actor27 [label="RemoveMe(G"];
363 Actor85 <= Actor11 [label="RemoveMe(G"];
364 Actor85 <= Actor76 [label="RemoveMe(G"];
431 Actor85 <= Actor37 [label="RemoveMe(G"];
432 Actor85 <= Actor32 [label="RemoveMe(G"];
433 Actor85 <= Actor28 [label="RemoveMe(G"];
446 Actor85 <= Actor72 [label="RemoveMe(G"];
447 Actor85 <= Actor57 [label="RemoveMe(G"];
448 Actor85 <= Actor7 [label="RemoveMe(G"];
449 Actor85 <= Actor98 [label="RemoveMe(G"];
450 Actor85 <= Actor8 [label="RemoveMe(G"];
451 Actor85 <= Actor36 [label="RemoveMe(G"];
467 Actor85 <= Actor13 [label="RemoveMe(G"];
468 Actor85 <= Actor21 [label="RemoveMe(G"];
469 Actor85 <= Actor81 [label="RemoveMe(G"];
470 Actor85 <= Actor35 [label="RemoveMe(G"];
471 Actor85 <= Actor15 [label="RemoveMe(G"];
472 Actor85 <= Actor38 [label="RemoveMe(G"];
473 Actor85 <= Actor79 [label="RemoveMe(G"];
474 Actor85 <= Actor53 [label="RemoveMe(G"];
475 Actor85 <= Actor55 [label="RemoveMe(G"];
476 Actor85 <= Actor69 [label="RemoveMe(G"];
477 Actor85 <= Actor41 [label="RemoveMe(G"];
478 Actor85 <= Actor34 [label="RemoveMe(G"];
479 Actor85 <= Actor75 [label="RemoveMe(G"];
480 Actor85 <= Actor2 [label="RemoveMe(G"];
481 Actor85 <= Actor51 [label="RemoveMe(G"];
482 Actor85 <= Actor26 [label="Rumor"];
483 Actor85 => Actor89 [label="Rumor"];
484 Actor85 => Actor85 [label="Remind"];
485 Actor85 <= Actor25 [label="RemoveMe(G"];
486 Actor85 <= Actor18 [label="RemoveMe(G"];
487 Actor85 <= Actor46 [label="RemoveMe(G"];
488 Actor85 <= Actor39 [label="RemoveMe(G"];
489 Actor85 <= Actor47 [label="RemoveMe(G"];
500 Actor85 <= Actor45 [label="RemoveMe(G"];
501 Actor85 <= Actor62 [label="RemoveMe(G"];
502 Actor85 <= Actor67 [label="RemoveMe(G"];
521 Actor85 <= Actor33 [label="RemoveMe(G"];
522 Actor85 <= Actor71 [label="RemoveMe(G"];
523 Actor85 <= Actor64 [label="RemoveMe(G"];
524 Actor85 <= Actor6 [label="Rumor"];
525 Actor85 => Actor3 [label="RemoveMe(G"];
526 Actor85 => Actor4 [label="RemoveMe(G"];
527 Actor85 => Actor6 [label="RemoveMe(G"];
528 Actor85 => Actor9 [label="RemoveMe(G"];
529 Actor85 => Actor14 [label="RemoveMe(G"];
530 Actor85 => Actor17 [label="RemoveMe(G"];
531 Actor85 => Actor19 [label="RemoveMe(G"];
532 Actor85 => Actor20 [label="RemoveMe(G"];
533 Actor85 => Actor22 [label="RemoveMe(G"];
534 Actor85 => Actor23 [label="RemoveMe(G"];
535 Actor85 => Actor26 [label="RemoveMe(G"];
536 Actor85 => Actor29 [label="RemoveMe(G"];
537 Actor85 => Actor30 [label="RemoveMe(G"];
538 Actor85 => Actor31 [label="RemoveMe(G"];
539 Actor85 => Actor40 [label="RemoveMe(G"];
540 Actor85 => Actor43 [label="RemoveMe(G"];
541 Actor85 => Actor44 [label="RemoveMe(G"];
542 Actor85 => Actor48 [label="RemoveMe(G"];
543 Actor85 => Actor49 [label="RemoveMe(G"];
544 Actor85 => Actor50 [label="RemoveMe(G"];
545 Actor85 => Actor52 [label="RemoveMe(G"];
546 Actor85 => Actor54 [label="RemoveMe(G"];
547 Actor85 => Actor56 [label="RemoveMe(G"];
548 Actor85 => Actor60 [label="RemoveMe(G"];
549 Actor85 => Actor61 [label="RemoveMe(G"];
550 Actor85 => Actor65 [label="RemoveMe(G"];
551 Actor85 => Actor66 [label="RemoveMe(G"];
552 Actor85 => Actor68 [label="RemoveMe(G"];
553 Actor85 => Actor73 [label="RemoveMe(G"];
554 Actor85 => Actor74 [label="RemoveMe(G"];
555 Actor85 => Actor77 [label="RemoveMe(G"];
556 Actor85 => Actor78 [label="RemoveMe(G"];
557 Actor85 => Actor80 [label="RemoveMe(G"];
558 Actor85 => Actor82 [label="RemoveMe(G"];
559 Actor85 => Actor83 [label="RemoveMe(G"];
560 Actor85 => Actor86 [label="RemoveMe(G"];
561 Actor85 => Actor87 [label="RemoveMe(G"];
562 Actor85 => Actor89 [label="RemoveMe(G"];
563 Actor85 => Actor91 [label="RemoveMe(G"];
564 Actor85 => Actor92 [label="RemoveMe(G"];
565 Actor85 => Actor95 [label="RemoveMe(G"];
566 Actor85 => Actor96 [label="RemoveMe(G"];
567 Actor85 => Actor100 [label="RemoveMe(G"];
568 Actor85 => Actor0 [label="Finish"];
569 Actor85 <= Actor73 [label="RemoveMe(G"];
570 Actor85 <= Actor66 [label="RemoveMe(G"];
571 Actor85 <= Actor78 [label="Rumor"];
572 Actor85 <= Actor65 [label="RemoveMe(G"];
573 Actor85 <= Actor82 [label="RemoveMe(G"];
574 Actor85 <= Actor4 [label="RemoveMe(G"];
575 Actor85 <= Actor100 [label="RemoveMe(G"];
576 Actor85 <= Actor14 [label="RemoveMe(G"];
577 Actor85 <= Actor20 [label="RemoveMe(G"];
578 Actor85 <= Actor78 [label="RemoveMe(G"];
579 Actor85 <= Actor83 [label="RemoveMe(G"];
580 Actor85 <= Actor85 [label="Remind"];
581 Actor85 <= Actor54 [label="RemoveMe(G"];
582 Actor85 <= Actor86 [label="RemoveMe(G"];
583 Actor85 <= Actor87 [label="RemoveMe(G"];
584 Actor85 <= Actor89 [label="RemoveMe(G"];
585 Actor85 <= Actor92 [label="RemoveMe(G"];
586 Actor85 <= Actor52 [label="RemoveMe(G"];
587 Actor85 <= Actor96 [label="RemoveMe(G"];
588 Actor85 <= Actor49 [label="RemoveMe(G"];
589 Actor85 <= Actor91 [label="RemoveMe(G"];
590 Actor85 <= Actor68 [label="RemoveMe(G"];
591 Actor85 <= Actor50 [label="RemoveMe(G"];
592 Actor85 <= Actor77 [label="RemoveMe(G"];
593 Actor85 <= Actor74 [label="RemoveMe(G"];
594 Actor85 <= Actor3 [label="RemoveMe(G"];
595 Actor85 <= Actor31 [label="RemoveMe(G"];
596 Actor85 <= Actor23 [label="RemoveMe(G"];
597 Actor85 <= Actor60 [label="RemoveMe(G"];
598 Actor85 <= Actor61 [label="RemoveMe(G"];
599 Actor85 <= Actor44 [label="RemoveMe(G"];
600 Actor85 <= Actor48 [label="RemoveMe(G"];
601 Actor85 <= Actor56 [label="RemoveMe(G"];
602 Actor85 <= Actor95 [label="RemoveMe(G"];
603 Actor85 <= Actor80 [label="RemoveMe(G"];
604 Actor85 <= Actor30 [label="RemoveMe(G"];
1140 Actor85 <= Actor0 [label="ShutDown"];
