86 Actor86 <= Actor0 [label="Set(Master"];
205 Actor86 <= Actor42 [label="RemoveMe(G"];
245 Actor86 <= Actor24 [label="RemoveMe(G"];
269 Actor86 <= Actor95 [label="Rumor"];
270 Actor86 => Actor72 [label="Rumor"];
271 Actor86 => Actor86 [label="Remind"];
317 Actor86 <= Actor56 [label="Rumor"];
318 Actor86 => Actor1 [label="RemoveMe(G"];
319 Actor86 => Actor2 [label="RemoveMe(G"];
320 Actor86 => Actor3 [label="RemoveMe(G"];
321 Actor86 => Actor4 [label="RemoveMe(G"];
322 Actor86 => Actor5 [label="RemoveMe(G"];
323 Actor86 => Actor6 [label="RemoveMe(G"];
324 Actor86 => Actor7 [label="RemoveMe(G"];
325 Actor86 => Actor8 [label="RemoveMe(G"];
326 Actor86 => Actor9 [label="RemoveMe(G"];
327 Actor86 => Actor10 [label="RemoveMe(G"];
328 Actor86 => Actor11 [label="RemoveMe(G"];
329 Actor86 => Actor12 [label="RemoveMe(G"];
330 Actor86 => Actor13 [label="RemoveMe(G"];
331 Actor86 => Actor14 [label="RemoveMe(G"];
332 Actor86 => Actor15 [label="RemoveMe(G"];
333 Actor86 => Actor16 [label="RemoveMe(G"];
334 Actor86 => Actor17 [label="RemoveMe(G"];
335 Actor86 => Actor18 [label="RemoveMe(G"];
336 Actor86 => Actor19 [label="RemoveMe(G"];
337 Actor86 => Actor20 [label="RemoveMe(G"];
338 Actor86 => Actor21 [label="RemoveMe(G"];
339 Actor86 => Actor22 [label="RemoveMe(G"];
340 Actor86 => Actor23 [label="RemoveMe(G"];
341 Actor86 => Actor25 [label="RemoveMe(G"];
342 Actor86 => Actor26 [label="RemoveMe(G"];
343 Actor86 => Actor27 [label="RemoveMe(G"];
344 Actor86 => Actor28 [label="RemoveMe(G"];
345 Actor86 => Actor29 [label="RemoveMe(G"];
346 Actor86 => Actor30 [label="RemoveMe(G"];
347 Actor86 => Actor31 [label="RemoveMe(G"];
348 Actor86 => Actor32 [label="RemoveMe(G"];
349 Actor86 => Actor33 [label="RemoveMe(G"];
350 Actor86 => Actor34 [label="RemoveMe(G"];
351 Actor86 => Actor35 [label="RemoveMe(G"];
352 Actor86 => Actor36 [label="RemoveMe(G"];
353 Actor86 => Actor37 [label="RemoveMe(G"];
354 Actor86 => Actor38 [label="RemoveMe(G"];
355 Actor86 => Actor39 [label="RemoveMe(G"];
356 Actor86 => Actor40 [label="RemoveMe(G"];
357 Actor86 => Actor41 [label="RemoveMe(G"];
358 Actor86 => Actor43 [label="RemoveMe(G"];
359 Actor86 => Actor44 [label="RemoveMe(G"];
360 Actor86 => Actor45 [label="RemoveMe(G"];
361 Actor86 => Actor46 [label="RemoveMe(G"];
362 Actor86 => Actor47 [label="RemoveMe(G"];
363 Actor86 => Actor48 [label="RemoveMe(G"];
364 Actor86 => Actor49 [label="RemoveMe(G"];
365 Actor86 => Actor50 [label="RemoveMe(G"];
366 Actor86 => Actor51 [label="RemoveMe(G"];
367 Actor86 => Actor52 [label="RemoveMe(G"];
368 Actor86 => Actor53 [label="RemoveMe(G"];
369 Actor86 => Actor54 [label="RemoveMe(G"];
370 Actor86 => Actor55 [label="RemoveMe(G"];
371 Actor86 => Actor56 [label="RemoveMe(G"];
372 Actor86 => Actor57 [label="RemoveMe(G"];
373 Actor86 => Actor58 [label="RemoveMe(G"];
374 Actor86 => Actor59 [label="RemoveMe(G"];
375 Actor86 => Actor60 [label="RemoveMe(G"];
376 Actor86 => Actor61 [label="RemoveMe(G"];
377 Actor86 => Actor62 [label="RemoveMe(G"];
378 Actor86 => Actor63 [label="RemoveMe(G"];
379 Actor86 => Actor64 [label="RemoveMe(G"];
380 Actor86 => Actor65 [label="RemoveMe(G"];
381 Actor86 => Actor66 [label="RemoveMe(G"];
382 Actor86 => Actor67 [label="RemoveMe(G"];
383 Actor86 => Actor68 [label="RemoveMe(G"];
384 Actor86 => Actor69 [label="RemoveMe(G"];
385 Actor86 => Actor70 [label="RemoveMe(G"];
386 Actor86 => Actor71 [label="RemoveMe(G"];
387 Actor86 => Actor72 [label="RemoveMe(G"];
388 Actor86 => Actor73 [label="RemoveMe(G"];
389 Actor86 => Actor74 [label="RemoveMe(G"];
390 Actor86 => Actor75 [label="RemoveMe(G"];
391 Actor86 => Actor76 [label="RemoveMe(G"];
392 Actor86 => Actor77 [label="RemoveMe(G"];
393 Actor86 => Actor78 [label="RemoveMe(G"];
394 Actor86 => Actor79 [label="RemoveMe(G"];
395 Actor86 => Actor80 [label="RemoveMe(G"];
396 Actor86 => Actor81 [label="RemoveMe(G"];
397 Actor86 => Actor82 [label="RemoveMe(G"];
398 Actor86 => Actor83 [label="RemoveMe(G"];
399 Actor86 => Actor84 [label="RemoveMe(G"];
400 Actor86 => Actor85 [label="RemoveMe(G"];
401 Actor86 => Actor87 [label="RemoveMe(G"];
402 Actor86 => Actor88 [label="RemoveMe(G"];
403 Actor86 => Actor89 [label="RemoveMe(G"];
404 Actor86 => Actor90 [label="RemoveMe(G"];
405 Actor86 => Actor91 [label="RemoveMe(G"];
406 Actor86 => Actor92 [label="RemoveMe(G"];
407 Actor86 => Actor93 [label="RemoveMe(G"];
408 Actor86 => Actor94 [label="RemoveMe(G"];
409 Actor86 => Actor95 [label="RemoveMe(G"];
410 Actor86 => Actor96 [label="RemoveMe(G"];
411 Actor86 => Actor97 [label="RemoveMe(G"];
412 Actor86 => Actor98 [label="RemoveMe(G"];
413 Actor86 => Actor99 [label="RemoveMe(G"];
414 Actor86 => Actor100 [label="RemoveMe(G"];
415 Actor86 => Actor0 [label="Finish"];
416 Actor86 <= Actor63 [label="RemoveMe(G"];
417 Actor86 <= Actor56 [label="Rumor"];
418 Actor86 <= Actor58 [label="RemoveMe(G"];
419 Actor86 <= Actor90 [label="RemoveMe(G"];
420 Actor86 <= Actor12 [label="RemoveMe(G"];
421 Actor86 <= Actor70 [label="RemoveMe(G"];
422 Actor86 <= Actor16 [label="RemoveMe(G"];
423 Actor86 <= Actor94 [label="RemoveMe(G"];
424 Actor86 <= Actor5 [label="RemoveMe(G"];
425 Actor86 <= Actor84 [label="RemoveMe(G"];
426 Actor86 <= Actor88 [label="RemoveMe(G"];
427 Actor86 <= Actor59 [label="RemoveMe(G"];
428 Actor86 <= Actor93 [label="RemoveMe(G"];
429 Actor86 <= Actor1 [label="RemoveMe(G"];
430 Actor86 <= Actor10 [label="RemoveMe(G"];
431 Actor86 <= Actor97 [label="RemoveMe(G"];
432 Actor86 <= Actor27 [label="RemoveMe(G"];
433 Actor86 <= Actor11 [label="RemoveMe(G"];
434 Actor86 <= Actor99 [label="RemoveMe(G"];
435 Actor86 <= Actor76 [label="RemoveMe(G"];
436 Actor86 <= Actor37 [label="RemoveMe(G"];
437 Actor86 <= Actor32 [label="RemoveMe(G"];
438 Actor86 <= Actor28 [label="RemoveMe(G"];
447 Actor86 <= Actor72 [label="RemoveMe(G"];
448 Actor86 <= Actor57 [label="RemoveMe(G"];
449 Actor86 <= Actor7 [label="RemoveMe(G"];
450 Actor86 <= Actor98 [label="RemoveMe(G"];
451 Actor86 <= Actor8 [label="RemoveMe(G"];
452 Actor86 <= Actor36 [label="RemoveMe(G"];
468 Actor86 <= Actor13 [label="RemoveMe(G"];
469 Actor86 <= Actor21 [label="RemoveMe(G"];
470 Actor86 <= Actor81 [label="RemoveMe(G"];
471 Actor86 <= Actor35 [label="RemoveMe(G"];
472 Actor86 <= Actor15 [label="RemoveMe(G"];
473 Actor86 <= Actor38 [label="RemoveMe(G"];
474 Actor86 <= Actor79 [label="RemoveMe(G"];
475 Actor86 <= Actor53 [label="RemoveMe(G"];
476 Actor86 <= Actor55 [label="RemoveMe(G"];
477 Actor86 <= Actor69 [label="RemoveMe(G"];
478 Actor86 <= Actor41 [label="RemoveMe(G"];
479 Actor86 <= Actor34 [label="RemoveMe(G"];
480 Actor86 <= Actor75 [label="RemoveMe(G"];
481 Actor86 <= Actor2 [label="RemoveMe(G"];
482 Actor86 <= Actor51 [label="RemoveMe(G"];
483 Actor86 <= Actor25 [label="RemoveMe(G"];
484 Actor86 <= Actor18 [label="RemoveMe(G"];
485 Actor86 <= Actor46 [label="RemoveMe(G"];
486 Actor86 <= Actor39 [label="RemoveMe(G"];
487 Actor86 <= Actor47 [label="RemoveMe(G"];
501 Actor86 <= Actor45 [label="RemoveMe(G"];
502 Actor86 <= Actor62 [label="RemoveMe(G"];
503 Actor86 <= Actor52 [label="Rumor"];
504 Actor86 <= Actor67 [label="RemoveMe(G"];
522 Actor86 <= Actor33 [label="RemoveMe(G"];
523 Actor86 <= Actor71 [label="RemoveMe(G"];
524 Actor86 <= Actor64 [label="RemoveMe(G"];
525 Actor86 <= Actor73 [label="RemoveMe(G"];
526 Actor86 <= Actor66 [label="RemoveMe(G"];
527 Actor86 <= Actor65 [label="RemoveMe(G"];
528 Actor86 <= Actor82 [label="RemoveMe(G"];
558 Actor86 <= Actor4 [label="RemoveMe(G"];
559 Actor86 <= Actor100 [label="RemoveMe(G"];
560 Actor86 <= Actor14 [label="RemoveMe(G"];
561 Actor86 <= Actor20 [label="RemoveMe(G"];
562 Actor86 <= Actor78 [label="RemoveMe(G"];
563 Actor86 <= Actor83 [label="RemoveMe(G"];
564 Actor86 <= Actor85 [label="RemoveMe(G"];
565 Actor86 <= Actor54 [label="RemoveMe(G"];
566 Actor86 <= Actor86 [label="Remind"];
567 Actor86 <= Actor87 [label="RemoveMe(G"];
568 Actor86 <= Actor89 [label="RemoveMe(G"];
569 Actor86 <= Actor92 [label="RemoveMe(G"];
570 Actor86 <= Actor52 [label="RemoveMe(G"];
571 Actor86 <= Actor96 [label="RemoveMe(G"];
572 Actor86 <= Actor49 [label="RemoveMe(G"];
573 Actor86 <= Actor91 [label="RemoveMe(G"];
574 Actor86 <= Actor68 [label="RemoveMe(G"];
575 Actor86 <= Actor50 [label="RemoveMe(G"];
576 Actor86 <= Actor77 [label="RemoveMe(G"];
577 Actor86 <= Actor74 [label="RemoveMe(G"];
578 Actor86 <= Actor3 [label="RemoveMe(G"];
579 Actor86 <= Actor31 [label="RemoveMe(G"];
580 Actor86 <= Actor23 [label="RemoveMe(G"];
581 Actor86 <= Actor60 [label="RemoveMe(G"];
582 Actor86 <= Actor61 [label="RemoveMe(G"];
583 Actor86 <= Actor44 [label="RemoveMe(G"];
584 Actor86 <= Actor48 [label="RemoveMe(G"];
585 Actor86 <= Actor56 [label="RemoveMe(G"];
586 Actor86 <= Actor95 [label="RemoveMe(G"];
587 Actor86 <= Actor80 [label="RemoveMe(G"];
588 Actor86 <= Actor30 [label="RemoveMe(G"];
1141 Actor86 <= Actor0 [label="ShutDown"];
