87 Actor87 <= Actor0 [label="Set(Master"];
206 Actor87 <= Actor42 [label="RemoveMe(G"];
222 Actor87 <= Actor56 [label="Rumor"];
223 Actor87 => Actor91 [label="Rumor"];
224 Actor87 => Actor87 [label="Remind"];
246 Actor87 <= Actor24 [label="RemoveMe(G"];
266 Actor87 <= Actor95 [label="Rumor"];
267 Actor87 => Actor1 [label="RemoveMe(G"];
268 Actor87 => Actor2 [label="RemoveMe(G"];
269 Actor87 => Actor3 [label="RemoveMe(G"];
270 Actor87 => Actor4 [label="RemoveMe(G"];
271 Actor87 => Actor5 [label="RemoveMe(G"];
272 Actor87 => Actor6 [label="RemoveMe(G"];
273 Actor87 => Actor7 [label="RemoveMe(G"];
274 Actor87 => Actor8 [label="RemoveMe(G"];
275 Actor87 => Actor9 [label="RemoveMe(G"];
276 Actor87 => Actor10 [label="RemoveMe(G"];
277 Actor87 => Actor11 [label="RemoveMe(G"];
278 Actor87 => Actor12 [label="RemoveMe(G"];
279 Actor87 => Actor13 [label="RemoveMe(G"];
280 Actor87 => Actor14 [label="RemoveMe(G"];
281 Actor87 => Actor15 [label="RemoveMe(G"];
282 Actor87 => Actor16 [label="RemoveMe(G"];
283 Actor87 => Actor17 [label="RemoveMe(G"];
284 Actor87 => Actor18 [label="RemoveMe(G"];
285 Actor87 => Actor19 [label="RemoveMe(G"];
286 Actor87 => Actor20 [label="RemoveMe(G"];
287 Actor87 => Actor21 [label="RemoveMe(G"];
288 Actor87 => Actor22 [label="RemoveMe(G"];
289 Actor87 => Actor23 [label="RemoveMe(G"];
290 Actor87 => Actor25 [label="RemoveMe(G"];
291 Actor87 => Actor26 [label="RemoveMe(G"];
292 Actor87 => Actor27 [label="RemoveMe(G"];
293 Actor87 => Actor28 [label="RemoveMe(G"];
294 Actor87 => Actor29 [label="RemoveMe(G"];
295 Actor87 => Actor30 [label="RemoveMe(G"];
296 Actor87 => Actor31 [label="RemoveMe(G"];
297 Actor87 => Actor32 [label="RemoveMe(G"];
298 Actor87 => Actor33 [label="RemoveMe(G"];
299 Actor87 => Actor34 [label="RemoveMe(G"];
300 Actor87 => Actor35 [label="RemoveMe(G"];
301 Actor87 => Actor36 [label="RemoveMe(G"];
302 Actor87 => Actor37 [label="RemoveMe(G"];
303 Actor87 => Actor38 [label="RemoveMe(G"];
304 Actor87 => Actor39 [label="RemoveMe(G"];
305 Actor87 => Actor40 [label="RemoveMe(G"];
306 Actor87 => Actor41 [label="RemoveMe(G"];
307 Actor87 => Actor43 [label="RemoveMe(G"];
308 Actor87 => Actor44 [label="RemoveMe(G"];
309 Actor87 => Actor45 [label="RemoveMe(G"];
310 Actor87 => Actor46 [label="RemoveMe(G"];
311 Actor87 => Actor47 [label="RemoveMe(G"];
312 Actor87 => Actor48 [label="RemoveMe(G"];
313 Actor87 => Actor49 [label="RemoveMe(G"];
314 Actor87 => Actor50 [label="RemoveMe(G"];
315 Actor87 => Actor51 [label="RemoveMe(G"];
316 Actor87 => Actor52 [label="RemoveMe(G"];
317 Actor87 => Actor53 [label="RemoveMe(G"];
318 Actor87 => Actor54 [label="RemoveMe(G"];
319 Actor87 => Actor55 [label="RemoveMe(G"];
320 Actor87 => Actor56 [label="RemoveMe(G"];
321 Actor87 => Actor57 [label="RemoveMe(G"];
322 Actor87 => Actor58 [label="RemoveMe(G"];
323 Actor87 => Actor59 [label="RemoveMe(G"];
324 Actor87 => Actor60 [label="RemoveMe(G"];
325 Actor87 => Actor61 [label="RemoveMe(G"];
326 Actor87 => Actor62 [label="RemoveMe(G"];
327 Actor87 => Actor63 [label="RemoveMe(G"];
328 Actor87 => Actor64 [label="RemoveMe(G"];
329 Actor87 => Actor65 [label="RemoveMe(G"];
330 Actor87 => Actor66 [label="RemoveMe(G"];
331 Actor87 => Actor67 [label="RemoveMe(G"];
332 Actor87 => Actor68 [label="RemoveMe(G"];
333 Actor87 => Actor69 [label="RemoveMe(G"];
334 Actor87 => Actor70 [label="RemoveMe(G"];
335 Actor87 => Actor71 [label="RemoveMe(G"];
336 Actor87 => Actor72 [label="RemoveMe(G"];
337 Actor87 => Actor73 [label="RemoveMe(G"];
338 Actor87 => Actor74 [label="RemoveMe(G"];
339 Actor87 => Actor75 [label="RemoveMe(G"];
340 Actor87 => Actor76 [label="RemoveMe(G"];
341 Actor87 => Actor77 [label="RemoveMe(G"];
342 Actor87 => Actor78 [label="RemoveMe(G"];
343 Actor87 => Actor79 [label="RemoveMe(G"];
344 Actor87 => Actor80 [label="RemoveMe(G"];
345 Actor87 => Actor81 [label="RemoveMe(G"];
346 Actor87 => Actor82 [label="RemoveMe(G"];
347 Actor87 => Actor83 [label="RemoveMe(G"];
348 Actor87 => Actor84 [label="RemoveMe(G"];
349 Actor87 => Actor85 [label="RemoveMe(G"];
350 Actor87 => Actor86 [label="RemoveMe(G"];
351 Actor87 => Actor88 [label="RemoveMe(G"];
352 Actor87 => Actor89 [label="RemoveMe(G"];
353 Actor87 => Actor90 [label="RemoveMe(G"];
354 Actor87 => Actor91 [label="RemoveMe(G"];
355 Actor87 => Actor92 [label="RemoveMe(G"];
356 Actor87 => Actor93 [label="RemoveMe(G"];
357 Actor87 => Actor94 [label="RemoveMe(G"];
358 Actor87 => Actor95 [label="RemoveMe(G"];
359 Actor87 => Actor96 [label="RemoveMe(G"];
360 Actor87 => Actor97 [label="RemoveMe(G"];
361 Actor87 => Actor98 [label="RemoveMe(G"];
362 Actor87 => Actor99 [label="RemoveMe(G"];
363 Actor87 => Actor100 [label="RemoveMe(G"];
364 Actor87 => Actor0 [label="Finish"];
365 Actor87 <= Actor63 [label="RemoveMe(G"];
366 Actor87 <= Actor49 [label="Rumor"];
367 Actor87 <= Actor58 [label="RemoveMe(G"];
368 Actor87 <= Actor90 [label="RemoveMe(G"];
369 Actor87 <= Actor12 [label="RemoveMe(G"];
370 Actor87 <= Actor70 [label="RemoveMe(G"];
371 Actor87 <= Actor16 [label="RemoveMe(G"];
372 Actor87 <= Actor94 [label="RemoveMe(G"];
373 Actor87 <= Actor5 [label="RemoveMe(G"];
385 Actor87 <= Actor6 [label="Rumor"];
386 Actor87 <= Actor84 [label="RemoveMe(G"];
387 Actor87 <= Actor88 [label="RemoveMe(G"];
388 Actor87 <= Actor59 [label="RemoveMe(G"];
389 Actor87 <= Actor95 [label="Rumor"];
390 Actor87 <= Actor93 [label="RemoveMe(G"];
391 Actor87 <= Actor1 [label="RemoveMe(G"];
392 Actor87 <= Actor10 [label="RemoveMe(G"];
393 Actor87 <= Actor97 [label="RemoveMe(G"];
394 Actor87 <= Actor27 [label="RemoveMe(G"];
395 Actor87 <= Actor11 [label="RemoveMe(G"];
396 Actor87 <= Actor99 [label="RemoveMe(G"];
397 Actor87 <= Actor76 [label="RemoveMe(G"];
433 Actor87 <= Actor37 [label="RemoveMe(G"];
434 Actor87 <= Actor32 [label="RemoveMe(G"];
435 Actor87 <= Actor28 [label="RemoveMe(G"];
448 Actor87 <= Actor72 [label="RemoveMe(G"];
449 Actor87 <= Actor57 [label="RemoveMe(G"];
450 Actor87 <= Actor7 [label="RemoveMe(G"];
451 Actor87 <= Actor98 [label="RemoveMe(G"];
452 Actor87 <= Actor8 [label="RemoveMe(G"];
453 Actor87 <= Actor36 [label="RemoveMe(G"];
469 Actor87 <= Actor13 [label="RemoveMe(G"];
470 Actor87 <= Actor21 [label="RemoveMe(G"];
471 Actor87 <= Actor81 [label="RemoveMe(G"];
472 Actor87 <= Actor35 [label="RemoveMe(G"];
473 Actor87 <= Actor15 [label="RemoveMe(G"];
474 Actor87 <= Actor38 [label="RemoveMe(G"];
475 Actor87 <= Actor29 [label="Rumor"];
476 Actor87 <= Actor79 [label="RemoveMe(G"];
477 Actor87 <= Actor53 [label="RemoveMe(G"];
478 Actor87 <= Actor55 [label="RemoveMe(G"];
479 Actor87 <= Actor69 [label="RemoveMe(G"];
480 Actor87 <= Actor41 [label="RemoveMe(G"];
481 Actor87 <= Actor34 [label="RemoveMe(G"];
482 Actor87 <= Actor75 [label="RemoveMe(G"];
483 Actor87 <= Actor2 [label="RemoveMe(G"];
484 Actor87 <= Actor51 [label="RemoveMe(G"];
485 Actor87 <= Actor25 [label="RemoveMe(G"];
486 Actor87 <= Actor18 [label="RemoveMe(G"];
487 Actor87 <= Actor46 [label="RemoveMe(G"];
488 Actor87 <= Actor39 [label="RemoveMe(G"];
489 Actor87 <= Actor47 [label="RemoveMe(G"];
502 Actor87 <= Actor45 [label="RemoveMe(G"];
503 Actor87 <= Actor62 [label="RemoveMe(G"];
504 Actor87 <= Actor67 [label="RemoveMe(G"];
523 Actor87 <= Actor33 [label="RemoveMe(G"];
524 Actor87 <= Actor71 [label="RemoveMe(G"];
525 Actor87 <= Actor64 [label="RemoveMe(G"];
526 Actor87 <= Actor73 [label="RemoveMe(G"];
527 Actor87 <= Actor66 [label="RemoveMe(G"];
528 Actor87 <= Actor65 [label="RemoveMe(G"];
529 Actor87 <= Actor82 [label="RemoveMe(G"];
559 Actor87 <= Actor4 [label="RemoveMe(G"];
560 Actor87 <= Actor100 [label="RemoveMe(G"];
561 Actor87 <= Actor14 [label="RemoveMe(G"];
562 Actor87 <= Actor20 [label="RemoveMe(G"];
563 Actor87 <= Actor78 [label="RemoveMe(G"];
564 Actor87 <= Actor83 [label="RemoveMe(G"];
565 Actor87 <= Actor43 [label="Rumor"];
566 Actor87 <= Actor85 [label="RemoveMe(G"];
567 Actor87 <= Actor54 [label="RemoveMe(G"];
568 Actor87 <= Actor86 [label="RemoveMe(G"];
569 Actor87 <= Actor87 [label="Remind"];
570 Actor87 <= Actor89 [label="RemoveMe(G"];
571 Actor87 <= Actor92 [label="RemoveMe(G"];
572 Actor87 <= Actor52 [label="RemoveMe(G"];
573 Actor87 <= Actor96 [label="RemoveMe(G"];
574 Actor87 <= Actor49 [label="RemoveMe(G"];
575 Actor87 <= Actor91 [label="RemoveMe(G"];
576 Actor87 <= Actor68 [label="RemoveMe(G"];
577 Actor87 <= Actor50 [label="RemoveMe(G"];
578 Actor87 <= Actor77 [label="RemoveMe(G"];
579 Actor87 <= Actor74 [label="RemoveMe(G"];
580 Actor87 <= Actor3 [label="RemoveMe(G"];
581 Actor87 <= Actor31 [label="RemoveMe(G"];
582 Actor87 <= Actor23 [label="RemoveMe(G"];
583 Actor87 <= Actor60 [label="RemoveMe(G"];
584 Actor87 <= Actor61 [label="RemoveMe(G"];
585 Actor87 <= Actor44 [label="RemoveMe(G"];
586 Actor87 <= Actor48 [label="RemoveMe(G"];
587 Actor87 <= Actor56 [label="RemoveMe(G"];
588 Actor87 <= Actor95 [label="RemoveMe(G"];
589 Actor87 <= Actor80 [label="RemoveMe(G"];
590 Actor87 <= Actor30 [label="RemoveMe(G"];
1142 Actor87 <= Actor0 [label="ShutDown"];
