88 Actor88 <= Actor0 [label="Set(Master"];
131 Actor88 <= Actor95 [label="Rumor"];
132 Actor88 => Actor62 [label="Rumor"];
133 Actor88 => Actor88 [label="Remind"];
176 Actor88 <= Actor95 [label="Rumor"];
177 Actor88 => Actor1 [label="RemoveMe(G"];
178 Actor88 => Actor2 [label="RemoveMe(G"];
179 Actor88 => Actor3 [label="RemoveMe(G"];
180 Actor88 => Actor4 [label="RemoveMe(G"];
181 Actor88 => Actor5 [label="RemoveMe(G"];
182 Actor88 => Actor6 [label="RemoveMe(G"];
183 Actor88 => Actor7 [label="RemoveMe(G"];
184 Actor88 => Actor8 [label="RemoveMe(G"];
185 Actor88 => Actor9 [label="RemoveMe(G"];
186 Actor88 => Actor10 [label="RemoveMe(G"];
187 Actor88 => Actor11 [label="RemoveMe(G"];
188 Actor88 => Actor12 [label="RemoveMe(G"];
189 Actor88 => Actor13 [label="RemoveMe(G"];
190 Actor88 => Actor14 [label="RemoveMe(G"];
191 Actor88 => Actor15 [label="RemoveMe(G"];
192 Actor88 => Actor16 [label="RemoveMe(G"];
193 Actor88 => Actor17 [label="RemoveMe(G"];
194 Actor88 => Actor18 [label="RemoveMe(G"];
195 Actor88 => Actor19 [label="RemoveMe(G"];
196 Actor88 => Actor20 [label="RemoveMe(G"];
197 Actor88 => Actor21 [label="RemoveMe(G"];
198 Actor88 => Actor22 [label="RemoveMe(G"];
199 Actor88 => Actor23 [label="RemoveMe(G"];
200 Actor88 => Actor24 [label="RemoveMe(G"];
201 Actor88 => Actor25 [label="RemoveMe(G"];
202 Actor88 => Actor26 [label="RemoveMe(G"];
203 Actor88 => Actor27 [label="RemoveMe(G"];
204 Actor88 => Actor28 [label="RemoveMe(G"];
205 Actor88 => Actor29 [label="RemoveMe(G"];
206 Actor88 => Actor30 [label="RemoveMe(G"];
207 Actor88 => Actor31 [label="RemoveMe(G"];
208 Actor88 => Actor32 [label="RemoveMe(G"];
209 Actor88 => Actor33 [label="RemoveMe(G"];
210 Actor88 => Actor34 [label="RemoveMe(G"];
211 Actor88 => Actor35 [label="RemoveMe(G"];
212 Actor88 => Actor36 [label="RemoveMe(G"];
213 Actor88 => Actor37 [label="RemoveMe(G"];
214 Actor88 => Actor38 [label="RemoveMe(G"];
215 Actor88 => Actor39 [label="RemoveMe(G"];
216 Actor88 => Actor40 [label="RemoveMe(G"];
217 Actor88 => Actor41 [label="RemoveMe(G"];
218 Actor88 => Actor42 [label="RemoveMe(G"];
219 Actor88 => Actor43 [label="RemoveMe(G"];
220 Actor88 => Actor44 [label="RemoveMe(G"];
221 Actor88 => Actor45 [label="RemoveMe(G"];
222 Actor88 => Actor46 [label="RemoveMe(G"];
223 Actor88 => Actor47 [label="RemoveMe(G"];
224 Actor88 => Actor48 [label="RemoveMe(G"];
225 Actor88 => Actor49 [label="RemoveMe(G"];
226 Actor88 => Actor50 [label="RemoveMe(G"];
227 Actor88 => Actor51 [label="RemoveMe(G"];
228 Actor88 => Actor52 [label="RemoveMe(G"];
229 Actor88 => Actor53 [label="RemoveMe(G"];
230 Actor88 => Actor54 [label="RemoveMe(G"];
231 Actor88 => Actor55 [label="RemoveMe(G"];
232 Actor88 => Actor56 [label="RemoveMe(G"];
233 Actor88 => Actor57 [label="RemoveMe(G"];
234 Actor88 => Actor58 [label="RemoveMe(G"];
235 Actor88 => Actor59 [label="RemoveMe(G"];
236 Actor88 => Actor60 [label="RemoveMe(G"];
237 Actor88 => Actor61 [label="RemoveMe(G"];
238 Actor88 => Actor62 [label="RemoveMe(G"];
239 Actor88 => Actor63 [label="RemoveMe(G"];
240 Actor88 => Actor64 [label="RemoveMe(G"];
241 Actor88 => Actor65 [label="RemoveMe(G"];
242 Actor88 => Actor66 [label="RemoveMe(G"];
243 Actor88 => Actor67 [label="RemoveMe(G"];
244 Actor88 => Actor68 [label="RemoveMe(G"];
245 Actor88 => Actor69 [label="RemoveMe(G"];
246 Actor88 => Actor70 [label="RemoveMe(G"];
247 Actor88 => Actor71 [label="RemoveMe(G"];
248 Actor88 => Actor72 [label="RemoveMe(G"];
249 Actor88 => Actor73 [label="RemoveMe(G"];
250 Actor88 => Actor74 [label="RemoveMe(G"];
251 Actor88 => Actor75 [label="RemoveMe(G"];
252 Actor88 => Actor76 [label="RemoveMe(G"];
253 Actor88 => Actor77 [label="RemoveMe(G"];
254 Actor88 => Actor78 [label="RemoveMe(G"];
255 Actor88 => Actor79 [label="RemoveMe(G"];
256 Actor88 => Actor80 [label="RemoveMe(G"];
257 Actor88 => Actor81 [label="RemoveMe(G"];
258 Actor88 => Actor82 [label="RemoveMe(G"];
259 Actor88 => Actor83 [label="RemoveMe(G"];
260 Actor88 => Actor84 [label="RemoveMe(G"];
261 Actor88 => Actor85 [label="RemoveMe(G"];
262 Actor88 => Actor86 [label="RemoveMe(G"];
263 Actor88 => Actor87 [label="RemoveMe(G"];
264 Actor88 => Actor89 [label="RemoveMe(G"];
265 Actor88 => Actor90 [label="RemoveMe(G"];
266 Actor88 => Actor91 [label="RemoveMe(G"];
267 Actor88 => Actor92 [label="RemoveMe(G"];
268 Actor88 => Actor93 [label="RemoveMe(G"];
269 Actor88 => Actor94 [label="RemoveMe(G"];
270 Actor88 => Actor95 [label="RemoveMe(G"];
271 Actor88 => Actor96 [label="RemoveMe(G"];
272 Actor88 => Actor97 [label="RemoveMe(G"];
273 Actor88 => Actor98 [label="RemoveMe(G"];
274 Actor88 => Actor99 [label="RemoveMe(G"];
275 Actor88 => Actor100 [label="RemoveMe(G"];
276 Actor88 => Actor0 [label="Finish"];
277 Actor88 <= Actor42 [label="RemoveMe(G"];
278 Actor88 <= Actor24 [label="RemoveMe(G"];
279 Actor88 <= Actor88 [label="Remind"];
280 Actor88 <= Actor63 [label="RemoveMe(G"];
281 Actor88 <= Actor58 [label="RemoveMe(G"];
282 Actor88 <= Actor90 [label="RemoveMe(G"];
283 Actor88 <= Actor12 [label="RemoveMe(G"];
284 Actor88 <= Actor70 [label="RemoveMe(G"];
285 Actor88 <= Actor16 [label="RemoveMe(G"];
286 Actor88 <= Actor94 [label="RemoveMe(G"];
287 Actor88 <= Actor5 [label="RemoveMe(G"];
288 Actor88 <= Actor59 [label="RemoveMe(G"];
289 Actor88 <= Actor93 [label="RemoveMe(G"];
290 Actor88 <= Actor1 [label="RemoveMe(G"];
321 Actor88 <= Actor10 [label="RemoveMe(G"];
322 Actor88 <= Actor97 [label="RemoveMe(G"];
344 Actor88 <= Actor27 [label="RemoveMe(G"];
345 Actor88 <= Actor84 [label="RemoveMe(G"];
358 Actor88 <= Actor99 [label="RemoveMe(G"];
434 Actor88 <= Actor37 [label="RemoveMe(G"];
435 Actor88 <= Actor76 [label="RemoveMe(G"];
436 Actor88 <= Actor32 [label="RemoveMe(G"];
437 Actor88 <= Actor28 [label="RemoveMe(G"];
438 Actor88 <= Actor57 [label="RemoveMe(G"];
439 Actor88 <= Actor98 [label="RemoveMe(G"];
440 Actor88 <= Actor7 [label="RemoveMe(G"];
441 Actor88 <= Actor36 [label="RemoveMe(G"];
442 Actor88 <= Actor81 [label="RemoveMe(G"];
443 Actor88 <= Actor35 [label="RemoveMe(G"];
444 Actor88 <= Actor15 [label="RemoveMe(G"];
445 Actor88 <= Actor38 [label="RemoveMe(G"];
446 Actor88 <= Actor79 [label="RemoveMe(G"];
447 Actor88 <= Actor53 [label="RemoveMe(G"];
448 Actor88 <= Actor55 [label="RemoveMe(G"];
449 Actor88 <= Actor69 [label="RemoveMe(G"];
450 Actor88 <= Actor41 [label="RemoveMe(G"];
451 Actor88 <= Actor34 [label="RemoveMe(G"];
452 Actor88 <= Actor75 [label="RemoveMe(G"];
453 Actor88 <= Actor51 [label="RemoveMe(G"];
454 Actor88 <= Actor25 [label="RemoveMe(G"];
455 Actor88 <= Actor46 [label="RemoveMe(G"];
456 Actor88 <= Actor62 [label="RemoveMe(G"];
457 Actor88 <= Actor67 [label="RemoveMe(G"];
458 Actor88 <= Actor71 [label="RemoveMe(G"];
459 Actor88 <= Actor66 [label="RemoveMe(G"];
460 Actor88 <= Actor65 [label="RemoveMe(G"];
461 Actor88 <= Actor82 [label="RemoveMe(G"];
462 Actor88 <= Actor86 [label="RemoveMe(G"];
463 Actor88 <= Actor87 [label="RemoveMe(G"];
464 Actor88 <= Actor89 [label="RemoveMe(G"];
465 Actor88 <= Actor52 [label="RemoveMe(G"];
466 Actor88 <= Actor49 [label="RemoveMe(G"];
467 Actor88 <= Actor68 [label="RemoveMe(G"];
468 Actor88 <= Actor60 [label="RemoveMe(G"];
1143 Actor88 <= Actor0 [label="ShutDown"];
