89 Actor89 <= Actor0 [label="Set(Master"];
208 Actor89 <= Actor42 [label="RemoveMe(G"];
248 Actor89 <= Actor24 [label="RemoveMe(G"];
249 Actor89 <= Actor56 [label="Rumor"];
250 Actor89 => Actor60 [label="Rumor"];
251 Actor89 => Actor89 [label="Remind"];
275 Actor89 <= Actor56 [label="Rumor"];
276 Actor89 => Actor1 [label="RemoveMe(G"];
277 Actor89 => Actor2 [label="RemoveMe(G"];
278 Actor89 => Actor3 [label="RemoveMe(G"];
279 Actor89 => Actor4 [label="RemoveMe(G"];
280 Actor89 => Actor5 [label="RemoveMe(G"];
281 Actor89 => Actor6 [label="RemoveMe(G"];
282 Actor89 => Actor7 [label="RemoveMe(G"];
283 Actor89 => Actor8 [label="RemoveMe(G"];
284 Actor89 => Actor9 [label="RemoveMe(G"];
285 Actor89 => Actor10 [label="RemoveMe(G"];
286 Actor89 => Actor11 [label="RemoveMe(G"];
287 Actor89 => Actor12 [label="RemoveMe(G"];
288 Actor89 => Actor13 [label="RemoveMe(G"];
289 Actor89 => Actor14 [label="RemoveMe(G"];
290 Actor89 => Actor15 [label="RemoveMe(G"];
291 Actor89 => Actor16 [label="RemoveMe(G"];
292 Actor89 => Actor17 [label="RemoveMe(G"];
293 Actor89 => Actor18 [label="RemoveMe(G"];
294 Actor89 => Actor19 [label="RemoveMe(G"];
295 Actor89 => Actor20 [label="RemoveMe(G"];
296 Actor89 => Actor21 [label="RemoveMe(G"];
297 Actor89 => Actor22 [label="RemoveMe(G"];
298 Actor89 => Actor23 [label="RemoveMe(G"];
299 Actor89 => Actor25 [label="RemoveMe(G"];
300 Actor89 => Actor26 [label="RemoveMe(G"];
301 Actor89 => Actor27 [label="RemoveMe(G"];
302 Actor89 => Actor28 [label="RemoveMe(G"];
303 Actor89 => Actor29 [label="RemoveMe(G"];
304 Actor89 => Actor30 [label="RemoveMe(G"];
305 Actor89 => Actor31 [label="RemoveMe(G"];
306 Actor89 => Actor32 [label="RemoveMe(G"];
307 Actor89 => Actor33 [label="RemoveMe(G"];
308 Actor89 => Actor34 [label="RemoveMe(G"];
309 Actor89 => Actor35 [label="RemoveMe(G"];
310 Actor89 => Actor36 [label="RemoveMe(G"];
311 Actor89 => Actor37 [label="RemoveMe(G"];
312 Actor89 => Actor38 [label="RemoveMe(G"];
313 Actor89 => Actor39 [label="RemoveMe(G"];
314 Actor89 => Actor40 [label="RemoveMe(G"];
315 Actor89 => Actor41 [label="RemoveMe(G"];
316 Actor89 => Actor43 [label="RemoveMe(G"];
317 Actor89 => Actor44 [label="RemoveMe(G"];
318 Actor89 => Actor45 [label="RemoveMe(G"];
319 Actor89 => Actor46 [label="RemoveMe(G"];
320 Actor89 => Actor47 [label="RemoveMe(G"];
321 Actor89 => Actor48 [label="RemoveMe(G"];
322 Actor89 => Actor49 [label="RemoveMe(G"];
323 Actor89 => Actor50 [label="RemoveMe(G"];
324 Actor89 => Actor51 [label="RemoveMe(G"];
325 Actor89 => Actor52 [label="RemoveMe(G"];
326 Actor89 => Actor53 [label="RemoveMe(G"];
327 Actor89 => Actor54 [label="RemoveMe(G"];
328 Actor89 => Actor55 [label="RemoveMe(G"];
329 Actor89 => Actor56 [label="RemoveMe(G"];
330 Actor89 => Actor57 [label="RemoveMe(G"];
331 Actor89 => Actor58 [label="RemoveMe(G"];
332 Actor89 => Actor59 [label="RemoveMe(G"];
333 Actor89 => Actor60 [label="RemoveMe(G"];
334 Actor89 => Actor61 [label="RemoveMe(G"];
335 Actor89 => Actor62 [label="RemoveMe(G"];
336 Actor89 => Actor63 [label="RemoveMe(G"];
337 Actor89 => Actor64 [label="RemoveMe(G"];
338 Actor89 => Actor65 [label="RemoveMe(G"];
339 Actor89 => Actor66 [label="RemoveMe(G"];
340 Actor89 => Actor67 [label="RemoveMe(G"];
341 Actor89 => Actor68 [label="RemoveMe(G"];
342 Actor89 => Actor69 [label="RemoveMe(G"];
343 Actor89 => Actor70 [label="RemoveMe(G"];
344 Actor89 => Actor71 [label="RemoveMe(G"];
345 Actor89 => Actor72 [label="RemoveMe(G"];
346 Actor89 => Actor73 [label="RemoveMe(G"];
347 Actor89 => Actor74 [label="RemoveMe(G"];
348 Actor89 => Actor75 [label="RemoveMe(G"];
349 Actor89 => Actor76 [label="RemoveMe(G"];
350 Actor89 => Actor77 [label="RemoveMe(G"];
351 Actor89 => Actor78 [label="RemoveMe(G"];
352 Actor89 => Actor79 [label="RemoveMe(G"];
353 Actor89 => Actor80 [label="RemoveMe(G"];
354 Actor89 => Actor81 [label="RemoveMe(G"];
355 Actor89 => Actor82 [label="RemoveMe(G"];
356 Actor89 => Actor83 [label="RemoveMe(G"];
357 Actor89 => Actor84 [label="RemoveMe(G"];
358 Actor89 => Actor85 [label="RemoveMe(G"];
359 Actor89 => Actor86 [label="RemoveMe(G"];
360 Actor89 => Actor87 [label="RemoveMe(G"];
361 Actor89 => Actor88 [label="RemoveMe(G"];
362 Actor89 => Actor90 [label="RemoveMe(G"];
363 Actor89 => Actor91 [label="RemoveMe(G"];
364 Actor89 => Actor92 [label="RemoveMe(G"];
365 Actor89 => Actor93 [label="RemoveMe(G"];
366 Actor89 => Actor94 [label="RemoveMe(G"];
367 Actor89 => Actor95 [label="RemoveMe(G"];
368 Actor89 => Actor96 [label="RemoveMe(G"];
369 Actor89 => Actor97 [label="RemoveMe(G"];
370 Actor89 => Actor98 [label="RemoveMe(G"];
371 Actor89 => Actor99 [label="RemoveMe(G"];
372 Actor89 => Actor100 [label="RemoveMe(G"];
373 Actor89 => Actor0 [label="Finish"];
374 Actor89 <= Actor56 [label="Rumor"];
375 Actor89 <= Actor63 [label="RemoveMe(G"];
376 Actor89 <= Actor58 [label="RemoveMe(G"];
377 Actor89 <= Actor90 [label="RemoveMe(G"];
378 Actor89 <= Actor12 [label="RemoveMe(G"];
379 Actor89 <= Actor70 [label="RemoveMe(G"];
380 Actor89 <= Actor16 [label="RemoveMe(G"];
381 Actor89 <= Actor37 [label="Rumor"];
382 Actor89 <= Actor5 [label="RemoveMe(G"];
383 Actor89 <= Actor94 [label="RemoveMe(G"];
384 Actor89 <= Actor88 [label="RemoveMe(G"];
385 Actor89 <= Actor59 [label="RemoveMe(G"];
386 Actor89 <= Actor95 [label="Rumor"];
387 Actor89 <= Actor93 [label="RemoveMe(G"];
388 Actor89 <= Actor1 [label="RemoveMe(G"];
389 Actor89 <= Actor10 [label="RemoveMe(G"];
390 Actor89 <= Actor27 [label="RemoveMe(G"];
391 Actor89 <= Actor11 [label="RemoveMe(G"];
392 Actor89 <= Actor84 [label="RemoveMe(G"];
393 Actor89 <= Actor97 [label="RemoveMe(G"];
394 Actor89 <= Actor99 [label="RemoveMe(G"];
435 Actor89 <= Actor37 [label="RemoveMe(G"];
436 Actor89 <= Actor76 [label="RemoveMe(G"];
437 Actor89 <= Actor32 [label="RemoveMe(G"];
438 Actor89 <= Actor28 [label="RemoveMe(G"];
449 Actor89 <= Actor72 [label="RemoveMe(G"];
450 Actor89 <= Actor57 [label="RemoveMe(G"];
451 Actor89 <= Actor98 [label="RemoveMe(G"];
452 Actor89 <= Actor8 [label="RemoveMe(G"];
453 Actor89 <= Actor7 [label="RemoveMe(G"];
454 Actor89 <= Actor36 [label="RemoveMe(G"];
470 Actor89 <= Actor13 [label="RemoveMe(G"];
471 Actor89 <= Actor21 [label="RemoveMe(G"];
472 Actor89 <= Actor81 [label="RemoveMe(G"];
473 Actor89 <= Actor35 [label="RemoveMe(G"];
474 Actor89 <= Actor15 [label="RemoveMe(G"];
475 Actor89 <= Actor38 [label="RemoveMe(G"];
476 Actor89 <= Actor79 [label="RemoveMe(G"];
477 Actor89 <= Actor53 [label="RemoveMe(G"];
478 Actor89 <= Actor55 [label="RemoveMe(G"];
479 Actor89 <= Actor69 [label="RemoveMe(G"];
480 Actor89 <= Actor41 [label="RemoveMe(G"];
481 Actor89 <= Actor34 [label="RemoveMe(G"];
482 Actor89 <= Actor75 [label="RemoveMe(G"];
483 Actor89 <= Actor2 [label="RemoveMe(G"];
484 Actor89 <= Actor51 [label="RemoveMe(G"];
485 Actor89 <= Actor25 [label="RemoveMe(G"];
486 Actor89 <= Actor18 [label="RemoveMe(G"];
487 Actor89 <= Actor46 [label="RemoveMe(G"];
488 Actor89 <= Actor39 [label="RemoveMe(G"];
489 Actor89 <= Actor47 [label="RemoveMe(G"];
503 Actor89 <= Actor45 [label="RemoveMe(G"];
504 Actor89 <= Actor62 [label="RemoveMe(G"];
505 Actor89 <= Actor67 [label="RemoveMe(G"];
524 Actor89 <= Actor33 [label="RemoveMe(G"];
525 Actor89 <= Actor71 [label="RemoveMe(G"];
526 Actor89 <= Actor64 [label="RemoveMe(G"];
527 Actor89 <= Actor73 [label="RemoveMe(G"];
528 Actor89 <= Actor66 [label="RemoveMe(G"];
529 Actor89 <= Actor65 [label="RemoveMe(G"];
530 Actor89 <= Actor82 [label="RemoveMe(G"];
560 Actor89 <= Actor4 [label="RemoveMe(G"];
561 Actor89 <= Actor100 [label="RemoveMe(G"];
562 Actor89 <= Actor14 [label="RemoveMe(G"];
563 Actor89 <= Actor20 [label="RemoveMe(G"];
564 Actor89 <= Actor78 [label="RemoveMe(G"];
565 Actor89 <= Actor83 [label="RemoveMe(G"];
566 Actor89 <= Actor85 [label="Rumor"];
567 Actor89 <= Actor85 [label="RemoveMe(G"];
568 Actor89 <= Actor54 [label="RemoveMe(G"];
569 Actor89 <= Actor86 [label="RemoveMe(G"];
570 Actor89 <= Actor87 [label="RemoveMe(G"];
571 Actor89 <= Actor89 [label="Remind"];
572 Actor89 <= Actor92 [label="RemoveMe(G"];
573 Actor89 <= Actor52 [label="RemoveMe(G"];
574 Actor89 <= Actor96 [label="RemoveMe(G"];
575 Actor89 <= Actor49 [label="RemoveMe(G"];
576 Actor89 <= Actor91 [label="RemoveMe(G"];
577 Actor89 <= Actor68 [label="RemoveMe(G"];
578 Actor89 <= Actor50 [label="RemoveMe(G"];
579 Actor89 <= Actor77 [label="RemoveMe(G"];
580 Actor89 <= Actor74 [label="RemoveMe(G"];
581 Actor89 <= Actor3 [label="RemoveMe(G"];
582 Actor89 <= Actor31 [label="RemoveMe(G"];
583 Actor89 <= Actor23 [label="RemoveMe(G"];
584 Actor89 <= Actor60 [label="RemoveMe(G"];
585 Actor89 <= Actor61 [label="RemoveMe(G"];
586 Actor89 <= Actor44 [label="RemoveMe(G"];
587 Actor89 <= Actor48 [label="RemoveMe(G"];
588 Actor89 <= Actor56 [label="RemoveMe(G"];
589 Actor89 <= Actor95 [label="RemoveMe(G"];
590 Actor89 <= Actor80 [label="RemoveMe(G"];
591 Actor89 <= Actor30 [label="RemoveMe(G"];
1144 Actor89 <= Actor0 [label="ShutDown"];
