9 Actor9 <= Actor0 [label="Set(Master"];
129 Actor9 <= Actor42 [label="RemoveMe(G"];
138 Actor9 <= Actor63 [label="RemoveMe(G"];
169 Actor9 <= Actor24 [label="RemoveMe(G"];
170 Actor9 <= Actor90 [label="RemoveMe(G"];
173 Actor9 <= Actor58 [label="RemoveMe(G"];
186 Actor9 <= Actor88 [label="RemoveMe(G"];
266 Actor9 <= Actor56 [label="Rumor"];
267 Actor9 => Actor60 [label="Rumor"];
268 Actor9 => Actor9 [label="Remind"];
269 Actor9 <= Actor94 [label="RemoveMe(G"];
270 Actor9 <= Actor70 [label="RemoveMe(G"];
271 Actor9 <= Actor5 [label="RemoveMe(G"];
272 Actor9 <= Actor12 [label="RemoveMe(G"];
273 Actor9 <= Actor16 [label="RemoveMe(G"];
274 Actor9 <= Actor9 [label="Remind"];
275 Actor9 => Actor99 [label="Rumor"];
276 Actor9 => Actor9 [label="Remind"];
360 Actor9 <= Actor37 [label="RemoveMe(G"];
361 Actor9 <= Actor9 [label="Remind"];
362 Actor9 => Actor30 [label="Rumor"];
363 Actor9 => Actor9 [label="Remind"];
364 Actor9 <= Actor10 [label="RemoveMe(G"];
365 Actor9 <= Actor59 [label="RemoveMe(G"];
366 Actor9 <= Actor84 [label="RemoveMe(G"];
367 Actor9 <= Actor99 [label="RemoveMe(G"];
368 Actor9 <= Actor93 [label="RemoveMe(G"];
369 Actor9 <= Actor1 [label="RemoveMe(G"];
370 Actor9 <= Actor97 [label="RemoveMe(G"];
371 Actor9 <= Actor27 [label="RemoveMe(G"];
372 Actor9 <= Actor32 [label="RemoveMe(G"];
373 Actor9 <= Actor11 [label="RemoveMe(G"];
374 Actor9 <= Actor76 [label="RemoveMe(G"];
375 Actor9 <= Actor28 [label="RemoveMe(G"];
376 Actor9 <= Actor8 [label="RemoveMe(G"];
377 Actor9 <= Actor15 [label="RemoveMe(G"];
378 Actor9 <= Actor81 [label="RemoveMe(G"];
379 Actor9 <= Actor72 [label="RemoveMe(G"];
380 Actor9 <= Actor57 [label="RemoveMe(G"];
381 Actor9 <= Actor7 [label="RemoveMe(G"];
382 Actor9 <= Actor98 [label="RemoveMe(G"];
383 Actor9 <= Actor41 [label="RemoveMe(G"];
384 Actor9 <= Actor38 [label="RemoveMe(G"];
385 Actor9 <= Actor36 [label="RemoveMe(G"];
403 Actor9 <= Actor13 [label="RemoveMe(G"];
404 Actor9 <= Actor21 [label="RemoveMe(G"];
405 Actor9 <= Actor35 [label="RemoveMe(G"];
406 Actor9 <= Actor79 [label="RemoveMe(G"];
407 Actor9 <= Actor55 [label="RemoveMe(G"];
408 Actor9 <= Actor53 [label="RemoveMe(G"];
409 Actor9 <= Actor46 [label="RemoveMe(G"];
410 Actor9 <= Actor34 [label="RemoveMe(G"];
411 Actor9 <= Actor69 [label="RemoveMe(G"];
412 Actor9 <= Actor75 [label="RemoveMe(G"];
413 Actor9 <= Actor2 [label="RemoveMe(G"];
414 Actor9 <= Actor51 [label="RemoveMe(G"];
415 Actor9 <= Actor25 [label="RemoveMe(G"];
416 Actor9 <= Actor18 [label="RemoveMe(G"];
417 Actor9 <= Actor39 [label="RemoveMe(G"];
418 Actor9 <= Actor62 [label="RemoveMe(G"];
436 Actor9 <= Actor45 [label="RemoveMe(G"];
437 Actor9 <= Actor47 [label="RemoveMe(G"];
438 Actor9 <= Actor67 [label="RemoveMe(G"];
486 Actor9 <= Actor33 [label="RemoveMe(G"];
487 Actor9 <= Actor65 [label="RemoveMe(G"];
488 Actor9 <= Actor71 [label="RemoveMe(G"];
489 Actor9 <= Actor73 [label="RemoveMe(G"];
490 Actor9 <= Actor64 [label="RemoveMe(G"];
491 Actor9 <= Actor66 [label="RemoveMe(G"];
492 Actor9 <= Actor82 [label="RemoveMe(G"];
522 Actor9 <= Actor4 [label="RemoveMe(G"];
523 Actor9 <= Actor100 [label="RemoveMe(G"];
524 Actor9 <= Actor83 [label="RemoveMe(G"];
525 Actor9 <= Actor14 [label="RemoveMe(G"];
526 Actor9 <= Actor20 [label="RemoveMe(G"];
527 Actor9 <= Actor52 [label="RemoveMe(G"];
528 Actor9 <= Actor78 [label="RemoveMe(G"];
529 Actor9 <= Actor54 [label="RemoveMe(G"];
530 Actor9 <= Actor85 [label="RemoveMe(G"];
531 Actor9 <= Actor86 [label="RemoveMe(G"];
532 Actor9 <= Actor87 [label="RemoveMe(G"];
533 Actor9 <= Actor89 [label="RemoveMe(G"];
534 Actor9 <= Actor96 [label="RemoveMe(G"];
535 Actor9 <= Actor92 [label="RemoveMe(G"];
536 Actor9 <= Actor49 [label="RemoveMe(G"];
537 Actor9 <= Actor91 [label="RemoveMe(G"];
641 Actor9 <= Actor6 [label="Rumor"];
642 Actor9 => Actor3 [label="RemoveMe(G"];
643 Actor9 => Actor6 [label="RemoveMe(G"];
644 Actor9 => Actor17 [label="RemoveMe(G"];
645 Actor9 => Actor19 [label="RemoveMe(G"];
646 Actor9 => Actor22 [label="RemoveMe(G"];
647 Actor9 => Actor23 [label="RemoveMe(G"];
648 Actor9 => Actor26 [label="RemoveMe(G"];
649 Actor9 => Actor29 [label="RemoveMe(G"];
650 Actor9 => Actor30 [label="RemoveMe(G"];
651 Actor9 => Actor31 [label="RemoveMe(G"];
652 Actor9 => Actor40 [label="RemoveMe(G"];
653 Actor9 => Actor43 [label="RemoveMe(G"];
654 Actor9 => Actor44 [label="RemoveMe(G"];
655 Actor9 => Actor48 [label="RemoveMe(G"];
656 Actor9 => Actor50 [label="RemoveMe(G"];
657 Actor9 => Actor56 [label="RemoveMe(G"];
658 Actor9 => Actor60 [label="RemoveMe(G"];
659 Actor9 => Actor61 [label="RemoveMe(G"];
660 Actor9 => Actor68 [label="RemoveMe(G"];
661 Actor9 => Actor74 [label="RemoveMe(G"];
662 Actor9 => Actor77 [label="RemoveMe(G"];
663 Actor9 => Actor80 [label="RemoveMe(G"];
664 Actor9 => Actor95 [label="RemoveMe(G"];
665 Actor9 => Actor0 [label="Finish"];
680 Actor9 <= Actor6 [label="Rumor"];
701 Actor9 <= Actor6 [label="Rumor"];
725 Actor9 <= Actor6 [label="Rumor"];
770 Actor9 <= Actor6 [label="Rumor"];
771 Actor9 <= Actor9 [label="Remind"];
785 Actor9 <= Actor6 [label="Rumor"];
786 Actor9 <= Actor68 [label="RemoveMe(G"];
787 Actor9 <= Actor50 [label="RemoveMe(G"];
788 Actor9 <= Actor74 [label="RemoveMe(G"];
789 Actor9 <= Actor77 [label="RemoveMe(G"];
790 Actor9 <= Actor3 [label="RemoveMe(G"];
791 Actor9 <= Actor31 [label="RemoveMe(G"];
792 Actor9 <= Actor23 [label="RemoveMe(G"];
793 Actor9 <= Actor26 [label="RemoveMe(G"];
794 Actor9 <= Actor60 [label="RemoveMe(G"];
795 Actor9 <= Actor61 [label="RemoveMe(G"];
796 Actor9 <= Actor44 [label="RemoveMe(G"];
797 Actor9 <= Actor19 [label="RemoveMe(G"];
798 Actor9 <= Actor43 [label="RemoveMe(G"];
799 Actor9 <= Actor40 [label="RemoveMe(G"];
800 Actor9 <= Actor48 [label="RemoveMe(G"];
801 Actor9 <= Actor56 [label="RemoveMe(G"];
802 Actor9 <= Actor95 [label="RemoveMe(G"];
803 Actor9 <= Actor80 [label="RemoveMe(G"];
804 Actor9 <= Actor22 [label="RemoveMe(G"];
805 Actor9 <= Actor17 [label="RemoveMe(G"];
806 Actor9 <= Actor29 [label="RemoveMe(G"];
807 Actor9 <= Actor30 [label="RemoveMe(G"];
1064 Actor9 <= Actor0 [label="ShutDown"];
