90 Actor90 <= Actor0 [label="Set(Master"];
112 Actor90 <= Actor72 [label="Rumor"];
113 Actor90 => Actor38 [label="Rumor"];
114 Actor90 => Actor90 [label="Remind"];
158 Actor90 <= Actor95 [label="Rumor"];
159 Actor90 => Actor1 [label="RemoveMe(G"];
160 Actor90 => Actor2 [label="RemoveMe(G"];
161 Actor90 => Actor3 [label="RemoveMe(G"];
162 Actor90 => Actor4 [label="RemoveMe(G"];
163 Actor90 => Actor5 [label="RemoveMe(G"];
164 Actor90 => Actor6 [label="RemoveMe(G"];
165 Actor90 => Actor7 [label="RemoveMe(G"];
166 Actor90 => Actor8 [label="RemoveMe(G"];
167 Actor90 => Actor9 [label="RemoveMe(G"];
168 Actor90 => Actor10 [label="RemoveMe(G"];
169 Actor90 => Actor11 [label="RemoveMe(G"];
170 Actor90 => Actor12 [label="RemoveMe(G"];
171 Actor90 => Actor13 [label="RemoveMe(G"];
172 Actor90 => Actor14 [label="RemoveMe(G"];
173 Actor90 => Actor15 [label="RemoveMe(G"];
174 Actor90 => Actor16 [label="RemoveMe(G"];
175 Actor90 => Actor17 [label="RemoveMe(G"];
176 Actor90 => Actor18 [label="RemoveMe(G"];
177 Actor90 => Actor19 [label="RemoveMe(G"];
178 Actor90 => Actor20 [label="RemoveMe(G"];
179 Actor90 => Actor21 [label="RemoveMe(G"];
180 Actor90 => Actor22 [label="RemoveMe(G"];
181 Actor90 => Actor23 [label="RemoveMe(G"];
182 Actor90 => Actor24 [label="RemoveMe(G"];
183 Actor90 => Actor25 [label="RemoveMe(G"];
184 Actor90 => Actor26 [label="RemoveMe(G"];
185 Actor90 => Actor27 [label="RemoveMe(G"];
186 Actor90 => Actor28 [label="RemoveMe(G"];
187 Actor90 => Actor29 [label="RemoveMe(G"];
188 Actor90 => Actor30 [label="RemoveMe(G"];
189 Actor90 => Actor31 [label="RemoveMe(G"];
190 Actor90 => Actor32 [label="RemoveMe(G"];
191 Actor90 => Actor33 [label="RemoveMe(G"];
192 Actor90 => Actor34 [label="RemoveMe(G"];
193 Actor90 => Actor35 [label="RemoveMe(G"];
194 Actor90 => Actor36 [label="RemoveMe(G"];
195 Actor90 => Actor37 [label="RemoveMe(G"];
196 Actor90 => Actor38 [label="RemoveMe(G"];
197 Actor90 => Actor39 [label="RemoveMe(G"];
198 Actor90 => Actor40 [label="RemoveMe(G"];
199 Actor90 => Actor41 [label="RemoveMe(G"];
200 Actor90 => Actor42 [label="RemoveMe(G"];
201 Actor90 => Actor43 [label="RemoveMe(G"];
202 Actor90 => Actor44 [label="RemoveMe(G"];
203 Actor90 => Actor45 [label="RemoveMe(G"];
204 Actor90 => Actor46 [label="RemoveMe(G"];
205 Actor90 => Actor47 [label="RemoveMe(G"];
206 Actor90 => Actor48 [label="RemoveMe(G"];
207 Actor90 => Actor49 [label="RemoveMe(G"];
208 Actor90 => Actor50 [label="RemoveMe(G"];
209 Actor90 => Actor51 [label="RemoveMe(G"];
210 Actor90 => Actor52 [label="RemoveMe(G"];
211 Actor90 => Actor53 [label="RemoveMe(G"];
212 Actor90 => Actor54 [label="RemoveMe(G"];
213 Actor90 => Actor55 [label="RemoveMe(G"];
214 Actor90 => Actor56 [label="RemoveMe(G"];
215 Actor90 => Actor57 [label="RemoveMe(G"];
216 Actor90 => Actor58 [label="RemoveMe(G"];
217 Actor90 => Actor59 [label="RemoveMe(G"];
218 Actor90 => Actor60 [label="RemoveMe(G"];
219 Actor90 => Actor61 [label="RemoveMe(G"];
220 Actor90 => Actor62 [label="RemoveMe(G"];
221 Actor90 => Actor63 [label="RemoveMe(G"];
222 Actor90 => Actor64 [label="RemoveMe(G"];
223 Actor90 => Actor65 [label="RemoveMe(G"];
224 Actor90 => Actor66 [label="RemoveMe(G"];
225 Actor90 => Actor67 [label="RemoveMe(G"];
226 Actor90 => Actor68 [label="RemoveMe(G"];
227 Actor90 => Actor69 [label="RemoveMe(G"];
228 Actor90 => Actor70 [label="RemoveMe(G"];
229 Actor90 => Actor71 [label="RemoveMe(G"];
230 Actor90 => Actor72 [label="RemoveMe(G"];
231 Actor90 => Actor73 [label="RemoveMe(G"];
232 Actor90 => Actor74 [label="RemoveMe(G"];
233 Actor90 => Actor75 [label="RemoveMe(G"];
234 Actor90 => Actor76 [label="RemoveMe(G"];
235 Actor90 => Actor77 [label="RemoveMe(G"];
236 Actor90 => Actor78 [label="RemoveMe(G"];
237 Actor90 => Actor79 [label="RemoveMe(G"];
238 Actor90 => Actor80 [label="RemoveMe(G"];
239 Actor90 => Actor81 [label="RemoveMe(G"];
240 Actor90 => Actor82 [label="RemoveMe(G"];
241 Actor90 => Actor83 [label="RemoveMe(G"];
242 Actor90 => Actor84 [label="RemoveMe(G"];
243 Actor90 => Actor85 [label="RemoveMe(G"];
244 Actor90 => Actor86 [label="RemoveMe(G"];
245 Actor90 => Actor87 [label="RemoveMe(G"];
246 Actor90 => Actor88 [label="RemoveMe(G"];
247 Actor90 => Actor89 [label="RemoveMe(G"];
248 Actor90 => Actor91 [label="RemoveMe(G"];
249 Actor90 => Actor92 [label="RemoveMe(G"];
250 Actor90 => Actor93 [label="RemoveMe(G"];
251 Actor90 => Actor94 [label="RemoveMe(G"];
252 Actor90 => Actor95 [label="RemoveMe(G"];
253 Actor90 => Actor96 [label="RemoveMe(G"];
254 Actor90 => Actor97 [label="RemoveMe(G"];
255 Actor90 => Actor98 [label="RemoveMe(G"];
256 Actor90 => Actor99 [label="RemoveMe(G"];
257 Actor90 => Actor100 [label="RemoveMe(G"];
258 Actor90 => Actor0 [label="Finish"];
259 Actor90 <= Actor90 [label="Remind"];
260 Actor90 <= Actor42 [label="RemoveMe(G"];
261 Actor90 <= Actor24 [label="RemoveMe(G"];
262 Actor90 <= Actor63 [label="RemoveMe(G"];
263 Actor90 <= Actor58 [label="RemoveMe(G"];
264 Actor90 <= Actor12 [label="RemoveMe(G"];
265 Actor90 <= Actor70 [label="RemoveMe(G"];
266 Actor90 <= Actor16 [label="RemoveMe(G"];
267 Actor90 <= Actor5 [label="RemoveMe(G"];
268 Actor90 <= Actor94 [label="RemoveMe(G"];
269 Actor90 <= Actor88 [label="RemoveMe(G"];
270 Actor90 <= Actor59 [label="RemoveMe(G"];
271 Actor90 <= Actor93 [label="RemoveMe(G"];
272 Actor90 <= Actor1 [label="RemoveMe(G"];
332 Actor90 <= Actor84 [label="RemoveMe(G"];
333 Actor90 <= Actor97 [label="RemoveMe(G"];
334 Actor90 <= Actor76 [label="RemoveMe(G"];
335 Actor90 <= Actor32 [label="RemoveMe(G"];
336 Actor90 <= Actor28 [label="RemoveMe(G"];
337 Actor90 <= Actor57 [label="RemoveMe(G"];
367 Actor90 <= Actor98 [label="RemoveMe(G"];
368 Actor90 <= Actor7 [label="RemoveMe(G"];
384 Actor90 <= Actor81 [label="RemoveMe(G"];
385 Actor90 <= Actor15 [label="RemoveMe(G"];
386 Actor90 <= Actor38 [label="RemoveMe(G"];
387 Actor90 <= Actor79 [label="RemoveMe(G"];
388 Actor90 <= Actor55 [label="RemoveMe(G"];
389 Actor90 <= Actor69 [label="RemoveMe(G"];
390 Actor90 <= Actor41 [label="RemoveMe(G"];
391 Actor90 <= Actor34 [label="RemoveMe(G"];
392 Actor90 <= Actor75 [label="RemoveMe(G"];
393 Actor90 <= Actor51 [label="RemoveMe(G"];
394 Actor90 <= Actor25 [label="RemoveMe(G"];
395 Actor90 <= Actor62 [label="RemoveMe(G"];
398 Actor90 <= Actor71 [label="RemoveMe(G"];
399 Actor90 <= Actor66 [label="RemoveMe(G"];
400 Actor90 <= Actor68 [label="Rumor"];
401 Actor90 <= Actor82 [label="RemoveMe(G"];
405 Actor90 <= Actor86 [label="RemoveMe(G"];
406 Actor90 <= Actor87 [label="RemoveMe(G"];
407 Actor90 <= Actor89 [label="RemoveMe(G"];
408 Actor90 <= Actor49 [label="RemoveMe(G"];
409 Actor90 <= Actor68 [label="RemoveMe(G"];
1145 Actor90 <= Actor0 [label="ShutDown"];
