91 Actor91 <= Actor0 [label="Set(Master"];
210 Actor91 <= Actor42 [label="RemoveMe(G"];
250 Actor91 <= Actor24 [label="RemoveMe(G"];
251 Actor91 <= Actor37 [label="Rumor"];
252 Actor91 => Actor79 [label="Rumor"];
253 Actor91 => Actor91 [label="Remind"];
254 Actor91 <= Actor63 [label="RemoveMe(G"];
255 Actor91 <= Actor58 [label="RemoveMe(G"];
256 Actor91 <= Actor90 [label="RemoveMe(G"];
261 Actor91 <= Actor12 [label="RemoveMe(G"];
262 Actor91 <= Actor70 [label="RemoveMe(G"];
263 Actor91 <= Actor16 [label="RemoveMe(G"];
264 Actor91 <= Actor5 [label="RemoveMe(G"];
265 Actor91 <= Actor94 [label="RemoveMe(G"];
267 Actor91 <= Actor88 [label="RemoveMe(G"];
268 Actor91 <= Actor59 [label="RemoveMe(G"];
333 Actor91 <= Actor95 [label="Rumor"];
334 Actor91 => Actor1 [label="RemoveMe(G"];
335 Actor91 => Actor2 [label="RemoveMe(G"];
336 Actor91 => Actor3 [label="RemoveMe(G"];
337 Actor91 => Actor4 [label="RemoveMe(G"];
338 Actor91 => Actor6 [label="RemoveMe(G"];
339 Actor91 => Actor7 [label="RemoveMe(G"];
340 Actor91 => Actor8 [label="RemoveMe(G"];
341 Actor91 => Actor9 [label="RemoveMe(G"];
342 Actor91 => Actor10 [label="RemoveMe(G"];
343 Actor91 => Actor11 [label="RemoveMe(G"];
344 Actor91 => Actor13 [label="RemoveMe(G"];
345 Actor91 => Actor14 [label="RemoveMe(G"];
346 Actor91 => Actor15 [label="RemoveMe(G"];
347 Actor91 => Actor17 [label="RemoveMe(G"];
348 Actor91 => Actor18 [label="RemoveMe(G"];
349 Actor91 => Actor19 [label="RemoveMe(G"];
350 Actor91 => Actor20 [label="RemoveMe(G"];
351 Actor91 => Actor21 [label="RemoveMe(G"];
352 Actor91 => Actor22 [label="RemoveMe(G"];
353 Actor91 => Actor23 [label="RemoveMe(G"];
354 Actor91 => Actor25 [label="RemoveMe(G"];
355 Actor91 => Actor26 [label="RemoveMe(G"];
356 Actor91 => Actor27 [label="RemoveMe(G"];
357 Actor91 => Actor28 [label="RemoveMe(G"];
358 Actor91 => Actor29 [label="RemoveMe(G"];
359 Actor91 => Actor30 [label="RemoveMe(G"];
360 Actor91 => Actor31 [label="RemoveMe(G"];
361 Actor91 => Actor32 [label="RemoveMe(G"];
362 Actor91 => Actor33 [label="RemoveMe(G"];
363 Actor91 => Actor34 [label="RemoveMe(G"];
364 Actor91 => Actor35 [label="RemoveMe(G"];
365 Actor91 => Actor36 [label="RemoveMe(G"];
366 Actor91 => Actor37 [label="RemoveMe(G"];
367 Actor91 => Actor38 [label="RemoveMe(G"];
368 Actor91 => Actor39 [label="RemoveMe(G"];
369 Actor91 => Actor40 [label="RemoveMe(G"];
370 Actor91 => Actor41 [label="RemoveMe(G"];
371 Actor91 => Actor43 [label="RemoveMe(G"];
372 Actor91 => Actor44 [label="RemoveMe(G"];
373 Actor91 => Actor45 [label="RemoveMe(G"];
374 Actor91 => Actor46 [label="RemoveMe(G"];
375 Actor91 => Actor47 [label="RemoveMe(G"];
376 Actor91 => Actor48 [label="RemoveMe(G"];
377 Actor91 => Actor49 [label="RemoveMe(G"];
378 Actor91 => Actor50 [label="RemoveMe(G"];
379 Actor91 => Actor51 [label="RemoveMe(G"];
380 Actor91 => Actor52 [label="RemoveMe(G"];
381 Actor91 => Actor53 [label="RemoveMe(G"];
382 Actor91 => Actor54 [label="RemoveMe(G"];
383 Actor91 => Actor55 [label="RemoveMe(G"];
384 Actor91 => Actor56 [label="RemoveMe(G"];
385 Actor91 => Actor57 [label="RemoveMe(G"];
386 Actor91 => Actor60 [label="RemoveMe(G"];
387 Actor91 => Actor61 [label="RemoveMe(G"];
388 Actor91 => Actor62 [label="RemoveMe(G"];
389 Actor91 => Actor64 [label="RemoveMe(G"];
390 Actor91 => Actor65 [label="RemoveMe(G"];
391 Actor91 => Actor66 [label="RemoveMe(G"];
392 Actor91 => Actor67 [label="RemoveMe(G"];
393 Actor91 => Actor68 [label="RemoveMe(G"];
394 Actor91 => Actor69 [label="RemoveMe(G"];
395 Actor91 => Actor71 [label="RemoveMe(G"];
396 Actor91 => Actor72 [label="RemoveMe(G"];
397 Actor91 => Actor73 [label="RemoveMe(G"];
398 Actor91 => Actor74 [label="RemoveMe(G"];
399 Actor91 => Actor75 [label="RemoveMe(G"];
400 Actor91 => Actor76 [label="RemoveMe(G"];
401 Actor91 => Actor77 [label="RemoveMe(G"];
402 Actor91 => Actor78 [label="RemoveMe(G"];
403 Actor91 => Actor79 [label="RemoveMe(G"];
404 Actor91 => Actor80 [label="RemoveMe(G"];
405 Actor91 => Actor81 [label="RemoveMe(G"];
406 Actor91 => Actor82 [label="RemoveMe(G"];
407 Actor91 => Actor83 [label="RemoveMe(G"];
408 Actor91 => Actor84 [label="RemoveMe(G"];
409 Actor91 => Actor85 [label="RemoveMe(G"];
410 Actor91 => Actor86 [label="RemoveMe(G"];
411 Actor91 => Actor87 [label="RemoveMe(G"];
412 Actor91 => Actor89 [label="RemoveMe(G"];
413 Actor91 => Actor92 [label="RemoveMe(G"];
414 Actor91 => Actor93 [label="RemoveMe(G"];
415 Actor91 => Actor95 [label="RemoveMe(G"];
416 Actor91 => Actor96 [label="RemoveMe(G"];
417 Actor91 => Actor97 [label="RemoveMe(G"];
418 Actor91 => Actor98 [label="RemoveMe(G"];
419 Actor91 => Actor99 [label="RemoveMe(G"];
420 Actor91 => Actor100 [label="RemoveMe(G"];
421 Actor91 => Actor0 [label="Finish"];
422 Actor91 <= Actor93 [label="RemoveMe(G"];
423 Actor91 <= Actor1 [label="RemoveMe(G"];
424 Actor91 <= Actor27 [label="Rumor"];
425 Actor91 <= Actor10 [label="RemoveMe(G"];
426 Actor91 <= Actor27 [label="RemoveMe(G"];
427 Actor91 <= Actor11 [label="RemoveMe(G"];
428 Actor91 <= Actor84 [label="RemoveMe(G"];
429 Actor91 <= Actor97 [label="RemoveMe(G"];
430 Actor91 <= Actor99 [label="RemoveMe(G"];
436 Actor91 <= Actor37 [label="RemoveMe(G"];
437 Actor91 <= Actor76 [label="RemoveMe(G"];
438 Actor91 <= Actor32 [label="RemoveMe(G"];
439 Actor91 <= Actor28 [label="RemoveMe(G"];
450 Actor91 <= Actor72 [label="RemoveMe(G"];
451 Actor91 <= Actor57 [label="RemoveMe(G"];
452 Actor91 <= Actor98 [label="RemoveMe(G"];
453 Actor91 <= Actor8 [label="RemoveMe(G"];
454 Actor91 <= Actor7 [label="RemoveMe(G"];
455 Actor91 <= Actor36 [label="RemoveMe(G"];
456 Actor91 <= Actor29 [label="Rumor"];
471 Actor91 <= Actor13 [label="RemoveMe(G"];
472 Actor91 <= Actor21 [label="RemoveMe(G"];
473 Actor91 <= Actor81 [label="RemoveMe(G"];
474 Actor91 <= Actor35 [label="RemoveMe(G"];
475 Actor91 <= Actor15 [label="RemoveMe(G"];
476 Actor91 <= Actor38 [label="RemoveMe(G"];
477 Actor91 <= Actor79 [label="RemoveMe(G"];
478 Actor91 <= Actor53 [label="RemoveMe(G"];
479 Actor91 <= Actor55 [label="RemoveMe(G"];
480 Actor91 <= Actor69 [label="RemoveMe(G"];
481 Actor91 <= Actor41 [label="RemoveMe(G"];
482 Actor91 <= Actor34 [label="RemoveMe(G"];
483 Actor91 <= Actor75 [label="RemoveMe(G"];
484 Actor91 <= Actor2 [label="RemoveMe(G"];
485 Actor91 <= Actor51 [label="RemoveMe(G"];
486 Actor91 <= Actor25 [label="RemoveMe(G"];
487 Actor91 <= Actor18 [label="RemoveMe(G"];
488 Actor91 <= Actor46 [label="RemoveMe(G"];
489 Actor91 <= Actor39 [label="RemoveMe(G"];
490 Actor91 <= Actor47 [label="RemoveMe(G"];
504 Actor91 <= Actor45 [label="RemoveMe(G"];
505 Actor91 <= Actor62 [label="RemoveMe(G"];
506 Actor91 <= Actor67 [label="RemoveMe(G"];
525 Actor91 <= Actor33 [label="RemoveMe(G"];
526 Actor91 <= Actor71 [label="RemoveMe(G"];
527 Actor91 <= Actor64 [label="RemoveMe(G"];
528 Actor91 <= Actor73 [label="RemoveMe(G"];
529 Actor91 <= Actor66 [label="RemoveMe(G"];
530 Actor91 <= Actor65 [label="RemoveMe(G"];
531 Actor91 <= Actor82 [label="RemoveMe(G"];
561 Actor91 <= Actor4 [label="RemoveMe(G"];
562 Actor91 <= Actor100 [label="RemoveMe(G"];
563 Actor91 <= Actor14 [label="RemoveMe(G"];
564 Actor91 <= Actor20 [label="RemoveMe(G"];
565 Actor91 <= Actor78 [label="RemoveMe(G"];
566 Actor91 <= Actor83 [label="RemoveMe(G"];
567 Actor91 <= Actor85 [label="RemoveMe(G"];
568 Actor91 <= Actor54 [label="RemoveMe(G"];
569 Actor91 <= Actor86 [label="RemoveMe(G"];
570 Actor91 <= Actor87 [label="Rumor"];
571 Actor91 <= Actor87 [label="RemoveMe(G"];
572 Actor91 <= Actor89 [label="RemoveMe(G"];
573 Actor91 <= Actor92 [label="RemoveMe(G"];
574 Actor91 <= Actor52 [label="RemoveMe(G"];
575 Actor91 <= Actor96 [label="RemoveMe(G"];
576 Actor91 <= Actor49 [label="RemoveMe(G"];
577 Actor91 <= Actor91 [label="Remind"];
578 Actor91 <= Actor68 [label="RemoveMe(G"];
579 Actor91 <= Actor50 [label="RemoveMe(G"];
580 Actor91 <= Actor77 [label="RemoveMe(G"];
581 Actor91 <= Actor74 [label="RemoveMe(G"];
582 Actor91 <= Actor3 [label="RemoveMe(G"];
583 Actor91 <= Actor31 [label="RemoveMe(G"];
584 Actor91 <= Actor26 [label="RemoveMe(G"];
585 Actor91 <= Actor23 [label="RemoveMe(G"];
586 Actor91 <= Actor60 [label="RemoveMe(G"];
587 Actor91 <= Actor61 [label="RemoveMe(G"];
588 Actor91 <= Actor44 [label="RemoveMe(G"];
589 Actor91 <= Actor48 [label="RemoveMe(G"];
590 Actor91 <= Actor56 [label="RemoveMe(G"];
591 Actor91 <= Actor95 [label="RemoveMe(G"];
592 Actor91 <= Actor80 [label="RemoveMe(G"];
593 Actor91 <= Actor29 [label="RemoveMe(G"];
594 Actor91 <= Actor30 [label="RemoveMe(G"];
1146 Actor91 <= Actor0 [label="ShutDown"];
