92 Actor92 <= Actor0 [label="Set(Master"];
211 Actor92 <= Actor42 [label="RemoveMe(G"];
251 Actor92 <= Actor24 [label="RemoveMe(G"];
252 Actor92 <= Actor63 [label="RemoveMe(G"];
255 Actor92 <= Actor58 [label="RemoveMe(G"];
256 Actor92 <= Actor90 [label="RemoveMe(G"];
262 Actor92 <= Actor12 [label="RemoveMe(G"];
263 Actor92 <= Actor70 [label="RemoveMe(G"];
264 Actor92 <= Actor16 [label="RemoveMe(G"];
265 Actor92 <= Actor5 [label="RemoveMe(G"];
266 Actor92 <= Actor94 [label="RemoveMe(G"];
268 Actor92 <= Actor88 [label="RemoveMe(G"];
269 Actor92 <= Actor59 [label="RemoveMe(G"];
270 Actor92 <= Actor93 [label="RemoveMe(G"];
271 Actor92 <= Actor1 [label="RemoveMe(G"];
324 Actor92 <= Actor10 [label="RemoveMe(G"];
347 Actor92 <= Actor27 [label="RemoveMe(G"];
348 Actor92 <= Actor11 [label="RemoveMe(G"];
349 Actor92 <= Actor84 [label="RemoveMe(G"];
350 Actor92 <= Actor97 [label="RemoveMe(G"];
361 Actor92 <= Actor99 [label="RemoveMe(G"];
437 Actor92 <= Actor37 [label="RemoveMe(G"];
438 Actor92 <= Actor76 [label="RemoveMe(G"];
439 Actor92 <= Actor32 [label="RemoveMe(G"];
440 Actor92 <= Actor28 [label="RemoveMe(G"];
451 Actor92 <= Actor72 [label="RemoveMe(G"];
452 Actor92 <= Actor57 [label="RemoveMe(G"];
453 Actor92 <= Actor98 [label="RemoveMe(G"];
454 Actor92 <= Actor8 [label="RemoveMe(G"];
455 Actor92 <= Actor7 [label="RemoveMe(G"];
456 Actor92 <= Actor36 [label="RemoveMe(G"];
457 Actor92 <= Actor29 [label="Rumor"];
458 Actor92 => Actor33 [label="Rumor"];
459 Actor92 => Actor92 [label="Remind"];
472 Actor92 <= Actor13 [label="RemoveMe(G"];
473 Actor92 <= Actor21 [label="RemoveMe(G"];
474 Actor92 <= Actor81 [label="RemoveMe(G"];
475 Actor92 <= Actor35 [label="RemoveMe(G"];
476 Actor92 <= Actor15 [label="RemoveMe(G"];
477 Actor92 <= Actor38 [label="RemoveMe(G"];
492 Actor92 <= Actor29 [label="Rumor"];
493 Actor92 => Actor2 [label="RemoveMe(G"];
494 Actor92 => Actor3 [label="RemoveMe(G"];
495 Actor92 => Actor4 [label="RemoveMe(G"];
496 Actor92 => Actor6 [label="RemoveMe(G"];
497 Actor92 => Actor9 [label="RemoveMe(G"];
498 Actor92 => Actor14 [label="RemoveMe(G"];
499 Actor92 => Actor17 [label="RemoveMe(G"];
500 Actor92 => Actor18 [label="RemoveMe(G"];
501 Actor92 => Actor19 [label="RemoveMe(G"];
502 Actor92 => Actor20 [label="RemoveMe(G"];
503 Actor92 => Actor22 [label="RemoveMe(G"];
504 Actor92 => Actor23 [label="RemoveMe(G"];
505 Actor92 => Actor25 [label="RemoveMe(G"];
506 Actor92 => Actor26 [label="RemoveMe(G"];
507 Actor92 => Actor29 [label="RemoveMe(G"];
508 Actor92 => Actor30 [label="RemoveMe(G"];
509 Actor92 => Actor31 [label="RemoveMe(G"];
510 Actor92 => Actor33 [label="RemoveMe(G"];
511 Actor92 => Actor34 [label="RemoveMe(G"];
512 Actor92 => Actor39 [label="RemoveMe(G"];
513 Actor92 => Actor40 [label="RemoveMe(G"];
514 Actor92 => Actor41 [label="RemoveMe(G"];
515 Actor92 => Actor43 [label="RemoveMe(G"];
516 Actor92 => Actor44 [label="RemoveMe(G"];
517 Actor92 => Actor45 [label="RemoveMe(G"];
518 Actor92 => Actor46 [label="RemoveMe(G"];
519 Actor92 => Actor47 [label="RemoveMe(G"];
520 Actor92 => Actor48 [label="RemoveMe(G"];
521 Actor92 => Actor49 [label="RemoveMe(G"];
522 Actor92 => Actor50 [label="RemoveMe(G"];
523 Actor92 => Actor51 [label="RemoveMe(G"];
524 Actor92 => Actor52 [label="RemoveMe(G"];
525 Actor92 => Actor53 [label="RemoveMe(G"];
526 Actor92 => Actor54 [label="RemoveMe(G"];
527 Actor92 => Actor55 [label="RemoveMe(G"];
528 Actor92 => Actor56 [label="RemoveMe(G"];
529 Actor92 => Actor60 [label="RemoveMe(G"];
530 Actor92 => Actor61 [label="RemoveMe(G"];
531 Actor92 => Actor62 [label="RemoveMe(G"];
532 Actor92 => Actor64 [label="RemoveMe(G"];
533 Actor92 => Actor65 [label="RemoveMe(G"];
534 Actor92 => Actor66 [label="RemoveMe(G"];
535 Actor92 => Actor67 [label="RemoveMe(G"];
536 Actor92 => Actor68 [label="RemoveMe(G"];
537 Actor92 => Actor69 [label="RemoveMe(G"];
538 Actor92 => Actor71 [label="RemoveMe(G"];
539 Actor92 => Actor73 [label="RemoveMe(G"];
540 Actor92 => Actor74 [label="RemoveMe(G"];
541 Actor92 => Actor75 [label="RemoveMe(G"];
542 Actor92 => Actor77 [label="RemoveMe(G"];
543 Actor92 => Actor78 [label="RemoveMe(G"];
544 Actor92 => Actor79 [label="RemoveMe(G"];
545 Actor92 => Actor80 [label="RemoveMe(G"];
546 Actor92 => Actor82 [label="RemoveMe(G"];
547 Actor92 => Actor83 [label="RemoveMe(G"];
548 Actor92 => Actor85 [label="RemoveMe(G"];
549 Actor92 => Actor86 [label="RemoveMe(G"];
550 Actor92 => Actor87 [label="RemoveMe(G"];
551 Actor92 => Actor89 [label="RemoveMe(G"];
552 Actor92 => Actor91 [label="RemoveMe(G"];
553 Actor92 => Actor95 [label="RemoveMe(G"];
554 Actor92 => Actor96 [label="RemoveMe(G"];
555 Actor92 => Actor100 [label="RemoveMe(G"];
556 Actor92 => Actor0 [label="Finish"];
557 Actor92 <= Actor79 [label="RemoveMe(G"];
558 Actor92 <= Actor53 [label="RemoveMe(G"];
559 Actor92 <= Actor55 [label="RemoveMe(G"];
560 Actor92 <= Actor69 [label="RemoveMe(G"];
561 Actor92 <= Actor41 [label="RemoveMe(G"];
562 Actor92 <= Actor34 [label="RemoveMe(G"];
563 Actor92 <= Actor75 [label="RemoveMe(G"];
564 Actor92 <= Actor2 [label="RemoveMe(G"];
565 Actor92 <= Actor51 [label="RemoveMe(G"];
566 Actor92 <= Actor25 [label="RemoveMe(G"];
567 Actor92 <= Actor18 [label="RemoveMe(G"];
568 Actor92 <= Actor46 [label="RemoveMe(G"];
569 Actor92 <= Actor19 [label="Rumor"];
570 Actor92 <= Actor39 [label="RemoveMe(G"];
571 Actor92 <= Actor47 [label="RemoveMe(G"];
572 Actor92 <= Actor45 [label="RemoveMe(G"];
573 Actor92 <= Actor62 [label="RemoveMe(G"];
574 Actor92 <= Actor67 [label="RemoveMe(G"];
575 Actor92 <= Actor33 [label="RemoveMe(G"];
576 Actor92 <= Actor71 [label="RemoveMe(G"];
577 Actor92 <= Actor64 [label="RemoveMe(G"];
578 Actor92 <= Actor73 [label="RemoveMe(G"];
579 Actor92 <= Actor66 [label="RemoveMe(G"];
580 Actor92 <= Actor65 [label="RemoveMe(G"];
581 Actor92 <= Actor82 [label="RemoveMe(G"];
582 Actor92 <= Actor4 [label="RemoveMe(G"];
583 Actor92 <= Actor100 [label="RemoveMe(G"];
584 Actor92 <= Actor14 [label="RemoveMe(G"];
585 Actor92 <= Actor20 [label="RemoveMe(G"];
586 Actor92 <= Actor78 [label="RemoveMe(G"];
587 Actor92 <= Actor83 [label="RemoveMe(G"];
588 Actor92 <= Actor85 [label="RemoveMe(G"];
589 Actor92 <= Actor54 [label="RemoveMe(G"];
590 Actor92 <= Actor86 [label="RemoveMe(G"];
591 Actor92 <= Actor87 [label="RemoveMe(G"];
592 Actor92 <= Actor89 [label="RemoveMe(G"];
593 Actor92 <= Actor92 [label="Remind"];
594 Actor92 <= Actor52 [label="RemoveMe(G"];
595 Actor92 <= Actor96 [label="RemoveMe(G"];
596 Actor92 <= Actor49 [label="RemoveMe(G"];
597 Actor92 <= Actor91 [label="RemoveMe(G"];
598 Actor92 <= Actor68 [label="RemoveMe(G"];
599 Actor92 <= Actor50 [label="RemoveMe(G"];
600 Actor92 <= Actor77 [label="RemoveMe(G"];
601 Actor92 <= Actor74 [label="RemoveMe(G"];
602 Actor92 <= Actor3 [label="RemoveMe(G"];
603 Actor92 <= Actor31 [label="RemoveMe(G"];
604 Actor92 <= Actor23 [label="RemoveMe(G"];
605 Actor92 <= Actor60 [label="RemoveMe(G"];
606 Actor92 <= Actor61 [label="RemoveMe(G"];
607 Actor92 <= Actor44 [label="RemoveMe(G"];
608 Actor92 <= Actor48 [label="RemoveMe(G"];
609 Actor92 <= Actor56 [label="RemoveMe(G"];
610 Actor92 <= Actor95 [label="RemoveMe(G"];
611 Actor92 <= Actor80 [label="RemoveMe(G"];
612 Actor92 <= Actor29 [label="RemoveMe(G"];
613 Actor92 <= Actor30 [label="RemoveMe(G"];
1147 Actor92 <= Actor0 [label="ShutDown"];
