93 Actor93 <= Actor0 [label="Set(Master"];
125 Actor93 <= Actor53 [label="Rumor"];
126 Actor93 => Actor69 [label="Rumor"];
127 Actor93 => Actor93 [label="Remind"];
132 Actor93 <= Actor3 [label="Rumor"];
133 Actor93 => Actor1 [label="RemoveMe(G"];
134 Actor93 => Actor2 [label="RemoveMe(G"];
135 Actor93 => Actor3 [label="RemoveMe(G"];
136 Actor93 => Actor4 [label="RemoveMe(G"];
137 Actor93 => Actor5 [label="RemoveMe(G"];
138 Actor93 => Actor6 [label="RemoveMe(G"];
139 Actor93 => Actor7 [label="RemoveMe(G"];
140 Actor93 => Actor8 [label="RemoveMe(G"];
141 Actor93 => Actor9 [label="RemoveMe(G"];
142 Actor93 => Actor10 [label="RemoveMe(G"];
143 Actor93 => Actor11 [label="RemoveMe(G"];
144 Actor93 => Actor12 [label="RemoveMe(G"];
145 Actor93 => Actor13 [label="RemoveMe(G"];
146 Actor93 => Actor14 [label="RemoveMe(G"];
147 Actor93 => Actor15 [label="RemoveMe(G"];
148 Actor93 => Actor16 [label="RemoveMe(G"];
149 Actor93 => Actor17 [label="RemoveMe(G"];
150 Actor93 => Actor18 [label="RemoveMe(G"];
151 Actor93 => Actor19 [label="RemoveMe(G"];
152 Actor93 => Actor20 [label="RemoveMe(G"];
153 Actor93 => Actor21 [label="RemoveMe(G"];
154 Actor93 => Actor22 [label="RemoveMe(G"];
155 Actor93 => Actor23 [label="RemoveMe(G"];
156 Actor93 => Actor24 [label="RemoveMe(G"];
157 Actor93 => Actor25 [label="RemoveMe(G"];
158 Actor93 => Actor26 [label="RemoveMe(G"];
159 Actor93 => Actor27 [label="RemoveMe(G"];
160 Actor93 => Actor28 [label="RemoveMe(G"];
161 Actor93 => Actor29 [label="RemoveMe(G"];
162 Actor93 => Actor30 [label="RemoveMe(G"];
163 Actor93 => Actor31 [label="RemoveMe(G"];
164 Actor93 => Actor32 [label="RemoveMe(G"];
165 Actor93 => Actor33 [label="RemoveMe(G"];
166 Actor93 => Actor34 [label="RemoveMe(G"];
167 Actor93 => Actor35 [label="RemoveMe(G"];
168 Actor93 => Actor36 [label="RemoveMe(G"];
169 Actor93 => Actor37 [label="RemoveMe(G"];
170 Actor93 => Actor38 [label="RemoveMe(G"];
171 Actor93 => Actor39 [label="RemoveMe(G"];
172 Actor93 => Actor40 [label="RemoveMe(G"];
173 Actor93 => Actor41 [label="RemoveMe(G"];
174 Actor93 => Actor42 [label="RemoveMe(G"];
175 Actor93 => Actor43 [label="RemoveMe(G"];
176 Actor93 => Actor44 [label="RemoveMe(G"];
177 Actor93 => Actor45 [label="RemoveMe(G"];
178 Actor93 => Actor46 [label="RemoveMe(G"];
179 Actor93 => Actor47 [label="RemoveMe(G"];
180 Actor93 => Actor48 [label="RemoveMe(G"];
181 Actor93 => Actor49 [label="RemoveMe(G"];
182 Actor93 => Actor50 [label="RemoveMe(G"];
183 Actor93 => Actor51 [label="RemoveMe(G"];
184 Actor93 => Actor52 [label="RemoveMe(G"];
185 Actor93 => Actor53 [label="RemoveMe(G"];
186 Actor93 => Actor54 [label="RemoveMe(G"];
187 Actor93 => Actor55 [label="RemoveMe(G"];
188 Actor93 => Actor56 [label="RemoveMe(G"];
189 Actor93 => Actor57 [label="RemoveMe(G"];
190 Actor93 => Actor58 [label="RemoveMe(G"];
191 Actor93 => Actor59 [label="RemoveMe(G"];
192 Actor93 => Actor60 [label="RemoveMe(G"];
193 Actor93 => Actor61 [label="RemoveMe(G"];
194 Actor93 => Actor62 [label="RemoveMe(G"];
195 Actor93 => Actor63 [label="RemoveMe(G"];
196 Actor93 => Actor64 [label="RemoveMe(G"];
197 Actor93 => Actor65 [label="RemoveMe(G"];
198 Actor93 => Actor66 [label="RemoveMe(G"];
199 Actor93 => Actor67 [label="RemoveMe(G"];
200 Actor93 => Actor68 [label="RemoveMe(G"];
201 Actor93 => Actor69 [label="RemoveMe(G"];
202 Actor93 => Actor70 [label="RemoveMe(G"];
203 Actor93 => Actor71 [label="RemoveMe(G"];
204 Actor93 => Actor72 [label="RemoveMe(G"];
205 Actor93 => Actor73 [label="RemoveMe(G"];
206 Actor93 => Actor74 [label="RemoveMe(G"];
207 Actor93 => Actor75 [label="RemoveMe(G"];
208 Actor93 => Actor76 [label="RemoveMe(G"];
209 Actor93 => Actor77 [label="RemoveMe(G"];
210 Actor93 => Actor78 [label="RemoveMe(G"];
211 Actor93 => Actor79 [label="RemoveMe(G"];
212 Actor93 => Actor80 [label="RemoveMe(G"];
213 Actor93 => Actor81 [label="RemoveMe(G"];
214 Actor93 => Actor82 [label="RemoveMe(G"];
215 Actor93 => Actor83 [label="RemoveMe(G"];
216 Actor93 => Actor84 [label="RemoveMe(G"];
217 Actor93 => Actor85 [label="RemoveMe(G"];
218 Actor93 => Actor86 [label="RemoveMe(G"];
219 Actor93 => Actor87 [label="RemoveMe(G"];
220 Actor93 => Actor88 [label="RemoveMe(G"];
221 Actor93 => Actor89 [label="RemoveMe(G"];
222 Actor93 => Actor90 [label="RemoveMe(G"];
223 Actor93 => Actor91 [label="RemoveMe(G"];
224 Actor93 => Actor92 [label="RemoveMe(G"];
225 Actor93 => Actor94 [label="RemoveMe(G"];
226 Actor93 => Actor95 [label="RemoveMe(G"];
227 Actor93 => Actor96 [label="RemoveMe(G"];
228 Actor93 => Actor97 [label="RemoveMe(G"];
229 Actor93 => Actor98 [label="RemoveMe(G"];
230 Actor93 => Actor99 [label="RemoveMe(G"];
231 Actor93 => Actor100 [label="RemoveMe(G"];
232 Actor93 => Actor0 [label="Finish"];
233 Actor93 <= Actor42 [label="RemoveMe(G"];
252 Actor93 <= Actor24 [label="RemoveMe(G"];
308 Actor93 <= Actor56 [label="Rumor"];
309 Actor93 <= Actor63 [label="RemoveMe(G"];
310 Actor93 <= Actor58 [label="RemoveMe(G"];
311 Actor93 <= Actor90 [label="RemoveMe(G"];
312 Actor93 <= Actor12 [label="RemoveMe(G"];
313 Actor93 <= Actor70 [label="RemoveMe(G"];
314 Actor93 <= Actor16 [label="RemoveMe(G"];
315 Actor93 <= Actor5 [label="RemoveMe(G"];
316 Actor93 <= Actor94 [label="RemoveMe(G"];
317 Actor93 <= Actor88 [label="RemoveMe(G"];
318 Actor93 <= Actor59 [label="RemoveMe(G"];
319 Actor93 <= Actor93 [label="Remind"];
320 Actor93 <= Actor1 [label="RemoveMe(G"];
325 Actor93 <= Actor10 [label="RemoveMe(G"];
348 Actor93 <= Actor27 [label="RemoveMe(G"];
349 Actor93 <= Actor11 [label="RemoveMe(G"];
350 Actor93 <= Actor84 [label="RemoveMe(G"];
351 Actor93 <= Actor97 [label="RemoveMe(G"];
362 Actor93 <= Actor99 [label="RemoveMe(G"];
438 Actor93 <= Actor37 [label="RemoveMe(G"];
439 Actor93 <= Actor76 [label="RemoveMe(G"];
440 Actor93 <= Actor32 [label="RemoveMe(G"];
441 Actor93 <= Actor28 [label="RemoveMe(G"];
452 Actor93 <= Actor72 [label="RemoveMe(G"];
453 Actor93 <= Actor57 [label="RemoveMe(G"];
454 Actor93 <= Actor98 [label="RemoveMe(G"];
455 Actor93 <= Actor8 [label="RemoveMe(G"];
456 Actor93 <= Actor7 [label="RemoveMe(G"];
457 Actor93 <= Actor36 [label="RemoveMe(G"];
473 Actor93 <= Actor13 [label="RemoveMe(G"];
474 Actor93 <= Actor21 [label="RemoveMe(G"];
475 Actor93 <= Actor81 [label="RemoveMe(G"];
476 Actor93 <= Actor15 [label="RemoveMe(G"];
477 Actor93 <= Actor38 [label="RemoveMe(G"];
478 Actor93 <= Actor35 [label="RemoveMe(G"];
479 Actor93 <= Actor79 [label="RemoveMe(G"];
480 Actor93 <= Actor53 [label="RemoveMe(G"];
481 Actor93 <= Actor55 [label="RemoveMe(G"];
482 Actor93 <= Actor69 [label="RemoveMe(G"];
483 Actor93 <= Actor41 [label="RemoveMe(G"];
484 Actor93 <= Actor34 [label="RemoveMe(G"];
485 Actor93 <= Actor75 [label="RemoveMe(G"];
486 Actor93 <= Actor2 [label="RemoveMe(G"];
487 Actor93 <= Actor51 [label="RemoveMe(G"];
488 Actor93 <= Actor25 [label="RemoveMe(G"];
489 Actor93 <= Actor18 [label="RemoveMe(G"];
490 Actor93 <= Actor46 [label="RemoveMe(G"];
491 Actor93 <= Actor47 [label="RemoveMe(G"];
506 Actor93 <= Actor45 [label="RemoveMe(G"];
507 Actor93 <= Actor62 [label="RemoveMe(G"];
508 Actor93 <= Actor67 [label="RemoveMe(G"];
509 Actor93 <= Actor71 [label="RemoveMe(G"];
510 Actor93 <= Actor20 [label="Rumor"];
511 Actor93 <= Actor66 [label="RemoveMe(G"];
512 Actor93 <= Actor65 [label="RemoveMe(G"];
513 Actor93 <= Actor82 [label="RemoveMe(G"];
514 Actor93 <= Actor14 [label="RemoveMe(G"];
515 Actor93 <= Actor78 [label="RemoveMe(G"];
516 Actor93 <= Actor54 [label="RemoveMe(G"];
517 Actor93 <= Actor86 [label="RemoveMe(G"];
518 Actor93 <= Actor87 [label="RemoveMe(G"];
519 Actor93 <= Actor89 [label="RemoveMe(G"];
520 Actor93 <= Actor52 [label="RemoveMe(G"];
521 Actor93 <= Actor49 [label="RemoveMe(G"];
522 Actor93 <= Actor91 [label="RemoveMe(G"];
523 Actor93 <= Actor68 [label="RemoveMe(G"];
524 Actor93 <= Actor3 [label="RemoveMe(G"];
525 Actor93 <= Actor31 [label="RemoveMe(G"];
526 Actor93 <= Actor23 [label="RemoveMe(G"];
527 Actor93 <= Actor60 [label="RemoveMe(G"];
1148 Actor93 <= Actor0 [label="ShutDown"];
