94 Actor94 <= Actor0 [label="Set(Master"];
109 Actor94 <= Actor42 [label="Rumor"];
110 Actor94 => Actor3 [label="Rumor"];
111 Actor94 => Actor94 [label="Remind"];
112 Actor94 <= Actor94 [label="Remind"];
113 Actor94 => Actor24 [label="Rumor"];
114 Actor94 => Actor94 [label="Remind"];
115 Actor94 <= Actor94 [label="Remind"];
116 Actor94 => Actor95 [label="Rumor"];
117 Actor94 => Actor94 [label="Remind"];
118 Actor94 <= Actor94 [label="Remind"];
119 Actor94 => Actor28 [label="Rumor"];
120 Actor94 => Actor94 [label="Remind"];
121 Actor94 <= Actor94 [label="Remind"];
122 Actor94 => Actor7 [label="Rumor"];
123 Actor94 => Actor94 [label="Remind"];
127 Actor94 <= Actor72 [label="Rumor"];
128 Actor94 => Actor1 [label="RemoveMe(G"];
129 Actor94 => Actor2 [label="RemoveMe(G"];
130 Actor94 => Actor3 [label="RemoveMe(G"];
131 Actor94 => Actor4 [label="RemoveMe(G"];
132 Actor94 => Actor5 [label="RemoveMe(G"];
133 Actor94 => Actor6 [label="RemoveMe(G"];
134 Actor94 => Actor7 [label="RemoveMe(G"];
135 Actor94 => Actor8 [label="RemoveMe(G"];
136 Actor94 => Actor9 [label="RemoveMe(G"];
137 Actor94 => Actor10 [label="RemoveMe(G"];
138 Actor94 => Actor11 [label="RemoveMe(G"];
139 Actor94 => Actor12 [label="RemoveMe(G"];
140 Actor94 => Actor13 [label="RemoveMe(G"];
141 Actor94 => Actor14 [label="RemoveMe(G"];
142 Actor94 => Actor15 [label="RemoveMe(G"];
143 Actor94 => Actor16 [label="RemoveMe(G"];
144 Actor94 => Actor17 [label="RemoveMe(G"];
145 Actor94 => Actor18 [label="RemoveMe(G"];
146 Actor94 => Actor19 [label="RemoveMe(G"];
147 Actor94 => Actor20 [label="RemoveMe(G"];
148 Actor94 => Actor21 [label="RemoveMe(G"];
149 Actor94 => Actor22 [label="RemoveMe(G"];
150 Actor94 => Actor23 [label="RemoveMe(G"];
151 Actor94 => Actor24 [label="RemoveMe(G"];
152 Actor94 => Actor25 [label="RemoveMe(G"];
153 Actor94 => Actor26 [label="RemoveMe(G"];
154 Actor94 => Actor27 [label="RemoveMe(G"];
155 Actor94 => Actor28 [label="RemoveMe(G"];
156 Actor94 => Actor29 [label="RemoveMe(G"];
157 Actor94 => Actor30 [label="RemoveMe(G"];
158 Actor94 => Actor31 [label="RemoveMe(G"];
159 Actor94 => Actor32 [label="RemoveMe(G"];
160 Actor94 => Actor33 [label="RemoveMe(G"];
161 Actor94 => Actor34 [label="RemoveMe(G"];
162 Actor94 => Actor35 [label="RemoveMe(G"];
163 Actor94 => Actor36 [label="RemoveMe(G"];
164 Actor94 => Actor37 [label="RemoveMe(G"];
165 Actor94 => Actor38 [label="RemoveMe(G"];
166 Actor94 => Actor39 [label="RemoveMe(G"];
167 Actor94 => Actor40 [label="RemoveMe(G"];
168 Actor94 => Actor41 [label="RemoveMe(G"];
169 Actor94 => Actor42 [label="RemoveMe(G"];
170 Actor94 => Actor43 [label="RemoveMe(G"];
171 Actor94 => Actor44 [label="RemoveMe(G"];
172 Actor94 => Actor45 [label="RemoveMe(G"];
173 Actor94 => Actor46 [label="RemoveMe(G"];
174 Actor94 => Actor47 [label="RemoveMe(G"];
175 Actor94 => Actor48 [label="RemoveMe(G"];
176 Actor94 => Actor49 [label="RemoveMe(G"];
177 Actor94 => Actor50 [label="RemoveMe(G"];
178 Actor94 => Actor51 [label="RemoveMe(G"];
179 Actor94 => Actor52 [label="RemoveMe(G"];
180 Actor94 => Actor53 [label="RemoveMe(G"];
181 Actor94 => Actor54 [label="RemoveMe(G"];
182 Actor94 => Actor55 [label="RemoveMe(G"];
183 Actor94 => Actor56 [label="RemoveMe(G"];
184 Actor94 => Actor57 [label="RemoveMe(G"];
185 Actor94 => Actor58 [label="RemoveMe(G"];
186 Actor94 => Actor59 [label="RemoveMe(G"];
187 Actor94 => Actor60 [label="RemoveMe(G"];
188 Actor94 => Actor61 [label="RemoveMe(G"];
189 Actor94 => Actor62 [label="RemoveMe(G"];
190 Actor94 => Actor63 [label="RemoveMe(G"];
191 Actor94 => Actor64 [label="RemoveMe(G"];
192 Actor94 => Actor65 [label="RemoveMe(G"];
193 Actor94 => Actor66 [label="RemoveMe(G"];
194 Actor94 => Actor67 [label="RemoveMe(G"];
195 Actor94 => Actor68 [label="RemoveMe(G"];
196 Actor94 => Actor69 [label="RemoveMe(G"];
197 Actor94 => Actor70 [label="RemoveMe(G"];
198 Actor94 => Actor71 [label="RemoveMe(G"];
199 Actor94 => Actor72 [label="RemoveMe(G"];
200 Actor94 => Actor73 [label="RemoveMe(G"];
201 Actor94 => Actor74 [label="RemoveMe(G"];
202 Actor94 => Actor75 [label="RemoveMe(G"];
203 Actor94 => Actor76 [label="RemoveMe(G"];
204 Actor94 => Actor77 [label="RemoveMe(G"];
205 Actor94 => Actor78 [label="RemoveMe(G"];
206 Actor94 => Actor79 [label="RemoveMe(G"];
207 Actor94 => Actor80 [label="RemoveMe(G"];
208 Actor94 => Actor81 [label="RemoveMe(G"];
209 Actor94 => Actor82 [label="RemoveMe(G"];
210 Actor94 => Actor83 [label="RemoveMe(G"];
211 Actor94 => Actor84 [label="RemoveMe(G"];
212 Actor94 => Actor85 [label="RemoveMe(G"];
213 Actor94 => Actor86 [label="RemoveMe(G"];
214 Actor94 => Actor87 [label="RemoveMe(G"];
215 Actor94 => Actor88 [label="RemoveMe(G"];
216 Actor94 => Actor89 [label="RemoveMe(G"];
217 Actor94 => Actor90 [label="RemoveMe(G"];
218 Actor94 => Actor91 [label="RemoveMe(G"];
219 Actor94 => Actor92 [label="RemoveMe(G"];
220 Actor94 => Actor93 [label="RemoveMe(G"];
221 Actor94 => Actor95 [label="RemoveMe(G"];
222 Actor94 => Actor96 [label="RemoveMe(G"];
223 Actor94 => Actor97 [label="RemoveMe(G"];
224 Actor94 => Actor98 [label="RemoveMe(G"];
225 Actor94 => Actor99 [label="RemoveMe(G"];
226 Actor94 => Actor100 [label="RemoveMe(G"];
227 Actor94 => Actor0 [label="Finish"];
228 Actor94 <= Actor94 [label="Remind"];
229 Actor94 <= Actor42 [label="RemoveMe(G"];
253 Actor94 <= Actor24 [label="RemoveMe(G"];
254 Actor94 <= Actor63 [label="RemoveMe(G"];
257 Actor94 <= Actor58 [label="RemoveMe(G"];
258 Actor94 <= Actor90 [label="RemoveMe(G"];
264 Actor94 <= Actor12 [label="RemoveMe(G"];
265 Actor94 <= Actor70 [label="RemoveMe(G"];
266 Actor94 <= Actor16 [label="RemoveMe(G"];
267 Actor94 <= Actor5 [label="RemoveMe(G"];
270 Actor94 <= Actor88 [label="RemoveMe(G"];
271 Actor94 <= Actor59 [label="RemoveMe(G"];
272 Actor94 <= Actor93 [label="RemoveMe(G"];
273 Actor94 <= Actor1 [label="RemoveMe(G"];
326 Actor94 <= Actor10 [label="RemoveMe(G"];
349 Actor94 <= Actor27 [label="RemoveMe(G"];
350 Actor94 <= Actor84 [label="RemoveMe(G"];
351 Actor94 <= Actor97 [label="RemoveMe(G"];
363 Actor94 <= Actor99 [label="RemoveMe(G"];
364 Actor94 <= Actor76 [label="RemoveMe(G"];
365 Actor94 <= Actor32 [label="RemoveMe(G"];
366 Actor94 <= Actor28 [label="RemoveMe(G"];
367 Actor94 <= Actor57 [label="RemoveMe(G"];
371 Actor94 <= Actor98 [label="RemoveMe(G"];
372 Actor94 <= Actor7 [label="RemoveMe(G"];
382 Actor94 <= Actor36 [label="RemoveMe(G"];
388 Actor94 <= Actor81 [label="RemoveMe(G"];
389 Actor94 <= Actor15 [label="RemoveMe(G"];
390 Actor94 <= Actor38 [label="RemoveMe(G"];
391 Actor94 <= Actor79 [label="RemoveMe(G"];
392 Actor94 <= Actor53 [label="RemoveMe(G"];
393 Actor94 <= Actor55 [label="RemoveMe(G"];
394 Actor94 <= Actor69 [label="RemoveMe(G"];
395 Actor94 <= Actor41 [label="RemoveMe(G"];
396 Actor94 <= Actor34 [label="RemoveMe(G"];
397 Actor94 <= Actor75 [label="RemoveMe(G"];
398 Actor94 <= Actor51 [label="RemoveMe(G"];
399 Actor94 <= Actor25 [label="RemoveMe(G"];
400 Actor94 <= Actor46 [label="RemoveMe(G"];
401 Actor94 <= Actor62 [label="RemoveMe(G"];
402 Actor94 <= Actor67 [label="RemoveMe(G"];
403 Actor94 <= Actor71 [label="RemoveMe(G"];
404 Actor94 <= Actor66 [label="RemoveMe(G"];
405 Actor94 <= Actor65 [label="RemoveMe(G"];
406 Actor94 <= Actor82 [label="RemoveMe(G"];
407 Actor94 <= Actor14 [label="RemoveMe(G"];
409 Actor94 <= Actor86 [label="RemoveMe(G"];
410 Actor94 <= Actor87 [label="RemoveMe(G"];
411 Actor94 <= Actor89 [label="RemoveMe(G"];
412 Actor94 <= Actor52 [label="RemoveMe(G"];
413 Actor94 <= Actor49 [label="RemoveMe(G"];
414 Actor94 <= Actor68 [label="RemoveMe(G"];
415 Actor94 <= Actor60 [label="RemoveMe(G"];
1149 Actor94 <= Actor0 [label="ShutDown"];
