95 Actor95 <= Actor0 [label="Set(Master"];
117 Actor95 <= Actor94 [label="Rumor"];
118 Actor95 => Actor34 [label="Rumor"];
119 Actor95 => Actor95 [label="Remind"];
120 Actor95 <= Actor95 [label="Remind"];
121 Actor95 => Actor56 [label="Rumor"];
122 Actor95 => Actor95 [label="Remind"];
123 Actor95 <= Actor95 [label="Remind"];
124 Actor95 => Actor97 [label="Rumor"];
125 Actor95 => Actor95 [label="Remind"];
126 Actor95 <= Actor95 [label="Remind"];
127 Actor95 => Actor15 [label="Rumor"];
128 Actor95 => Actor95 [label="Remind"];
129 Actor95 <= Actor95 [label="Remind"];
130 Actor95 => Actor88 [label="Rumor"];
131 Actor95 => Actor95 [label="Remind"];
132 Actor95 <= Actor95 [label="Remind"];
133 Actor95 => Actor48 [label="Rumor"];
134 Actor95 => Actor95 [label="Remind"];
135 Actor95 <= Actor95 [label="Remind"];
136 Actor95 => Actor84 [label="Rumor"];
137 Actor95 => Actor95 [label="Remind"];
138 Actor95 <= Actor95 [label="Remind"];
139 Actor95 => Actor11 [label="Rumor"];
140 Actor95 => Actor95 [label="Remind"];
141 Actor95 <= Actor95 [label="Remind"];
142 Actor95 => Actor68 [label="Rumor"];
143 Actor95 => Actor95 [label="Remind"];
144 Actor95 <= Actor95 [label="Remind"];
145 Actor95 => Actor57 [label="Rumor"];
146 Actor95 => Actor95 [label="Remind"];
147 Actor95 <= Actor95 [label="Remind"];
148 Actor95 => Actor59 [label="Rumor"];
149 Actor95 => Actor95 [label="Remind"];
150 Actor95 <= Actor95 [label="Remind"];
151 Actor95 => Actor62 [label="Rumor"];
152 Actor95 => Actor95 [label="Remind"];
153 Actor95 <= Actor95 [label="Remind"];
154 Actor95 => Actor47 [label="Rumor"];
155 Actor95 => Actor95 [label="Remind"];
156 Actor95 <= Actor95 [label="Remind"];
157 Actor95 => Actor90 [label="Rumor"];
158 Actor95 => Actor95 [label="Remind"];
159 Actor95 <= Actor95 [label="Remind"];
160 Actor95 => Actor12 [label="Rumor"];
161 Actor95 => Actor95 [label="Remind"];
162 Actor95 <= Actor95 [label="Remind"];
163 Actor95 => Actor18 [label="Rumor"];
164 Actor95 => Actor95 [label="Remind"];
165 Actor95 <= Actor95 [label="Remind"];
166 Actor95 => Actor52 [label="Rumor"];
167 Actor95 => Actor95 [label="Remind"];
168 Actor95 <= Actor95 [label="Remind"];
169 Actor95 => Actor99 [label="Rumor"];
170 Actor95 => Actor95 [label="Remind"];
171 Actor95 <= Actor95 [label="Remind"];
172 Actor95 => Actor63 [label="Rumor"];
173 Actor95 => Actor95 [label="Remind"];
174 Actor95 <= Actor95 [label="Remind"];
175 Actor95 => Actor88 [label="Rumor"];
176 Actor95 => Actor95 [label="Remind"];
177 Actor95 <= Actor95 [label="Remind"];
178 Actor95 => Actor67 [label="Rumor"];
179 Actor95 => Actor95 [label="Remind"];
180 Actor95 <= Actor95 [label="Remind"];
181 Actor95 => Actor65 [label="Rumor"];
182 Actor95 => Actor95 [label="Remind"];
214 Actor95 <= Actor42 [label="RemoveMe(G"];
254 Actor95 <= Actor24 [label="RemoveMe(G"];
255 Actor95 <= Actor95 [label="Remind"];
256 Actor95 => Actor15 [label="Rumor"];
257 Actor95 => Actor95 [label="Remind"];
258 Actor95 <= Actor95 [label="Remind"];
259 Actor95 => Actor2 [label="Rumor"];
260 Actor95 => Actor95 [label="Remind"];
261 Actor95 <= Actor95 [label="Remind"];
262 Actor95 => Actor60 [label="Rumor"];
263 Actor95 => Actor95 [label="Remind"];
264 Actor95 <= Actor95 [label="Remind"];
265 Actor95 => Actor87 [label="Rumor"];
266 Actor95 => Actor95 [label="Remind"];
267 Actor95 <= Actor95 [label="Remind"];
268 Actor95 => Actor86 [label="Rumor"];
269 Actor95 => Actor95 [label="Remind"];
270 Actor95 <= Actor95 [label="Remind"];
271 Actor95 => Actor49 [label="Rumor"];
272 Actor95 => Actor95 [label="Remind"];
273 Actor95 <= Actor95 [label="Remind"];
274 Actor95 => Actor52 [label="Rumor"];
275 Actor95 => Actor95 [label="Remind"];
276 Actor95 <= Actor95 [label="Remind"];
277 Actor95 => Actor74 [label="Rumor"];
278 Actor95 => Actor95 [label="Remind"];
279 Actor95 <= Actor95 [label="Remind"];
280 Actor95 => Actor60 [label="Rumor"];
281 Actor95 => Actor95 [label="Remind"];
282 Actor95 <= Actor95 [label="Remind"];
283 Actor95 => Actor61 [label="Rumor"];
284 Actor95 => Actor95 [label="Remind"];
285 Actor95 <= Actor95 [label="Remind"];
286 Actor95 => Actor25 [label="Rumor"];
287 Actor95 => Actor95 [label="Remind"];
288 Actor95 <= Actor95 [label="Remind"];
289 Actor95 => Actor21 [label="Rumor"];
290 Actor95 => Actor95 [label="Remind"];
291 Actor95 <= Actor95 [label="Remind"];
292 Actor95 => Actor60 [label="Rumor"];
293 Actor95 => Actor95 [label="Remind"];
294 Actor95 <= Actor95 [label="Remind"];
295 Actor95 => Actor71 [label="Rumor"];
296 Actor95 => Actor95 [label="Remind"];
297 Actor95 <= Actor95 [label="Remind"];
298 Actor95 => Actor14 [label="Rumor"];
299 Actor95 => Actor95 [label="Remind"];
300 Actor95 <= Actor95 [label="Remind"];
301 Actor95 => Actor68 [label="Rumor"];
302 Actor95 => Actor95 [label="Remind"];
303 Actor95 <= Actor95 [label="Remind"];
304 Actor95 => Actor45 [label="Rumor"];
305 Actor95 => Actor95 [label="Remind"];
306 Actor95 <= Actor95 [label="Remind"];
307 Actor95 => Actor49 [label="Rumor"];
308 Actor95 => Actor95 [label="Remind"];
309 Actor95 <= Actor95 [label="Remind"];
310 Actor95 => Actor35 [label="Rumor"];
311 Actor95 => Actor95 [label="Remind"];
312 Actor95 <= Actor63 [label="RemoveMe(G"];
313 Actor95 <= Actor58 [label="RemoveMe(G"];
314 Actor95 <= Actor90 [label="RemoveMe(G"];
315 Actor95 <= Actor12 [label="RemoveMe(G"];
316 Actor95 <= Actor70 [label="RemoveMe(G"];
317 Actor95 <= Actor16 [label="RemoveMe(G"];
318 Actor95 <= Actor5 [label="RemoveMe(G"];
319 Actor95 <= Actor94 [label="RemoveMe(G"];
320 Actor95 <= Actor88 [label="RemoveMe(G"];
321 Actor95 <= Actor59 [label="RemoveMe(G"];
322 Actor95 <= Actor95 [label="Remind"];
323 Actor95 => Actor39 [label="Rumor"];
324 Actor95 => Actor95 [label="Remind"];
325 Actor95 <= Actor95 [label="Remind"];
326 Actor95 => Actor36 [label="Rumor"];
327 Actor95 => Actor95 [label="Remind"];
328 Actor95 <= Actor95 [label="Remind"];
329 Actor95 => Actor89 [label="Rumor"];
330 Actor95 => Actor95 [label="Remind"];
331 Actor95 <= Actor95 [label="Remind"];
332 Actor95 => Actor91 [label="Rumor"];
333 Actor95 => Actor95 [label="Remind"];
334 Actor95 <= Actor95 [label="Remind"];
335 Actor95 => Actor53 [label="Rumor"];
336 Actor95 => Actor95 [label="Remind"];
337 Actor95 <= Actor95 [label="Remind"];
338 Actor95 => Actor87 [label="Rumor"];
339 Actor95 => Actor95 [label="Remind"];
340 Actor95 <= Actor95 [label="Remind"];
341 Actor95 => Actor83 [label="Rumor"];
342 Actor95 => Actor95 [label="Remind"];
343 Actor95 <= Actor95 [label="Remind"];
344 Actor95 => Actor50 [label="Rumor"];
345 Actor95 => Actor95 [label="Remind"];
346 Actor95 <= Actor95 [label="Remind"];
347 Actor95 => Actor65 [label="Rumor"];
348 Actor95 => Actor95 [label="Remind"];
349 Actor95 <= Actor93 [label="RemoveMe(G"];
350 Actor95 <= Actor95 [label="Remind"];
351 Actor95 => Actor97 [label="Rumor"];
352 Actor95 => Actor95 [label="Remind"];
353 Actor95 <= Actor1 [label="RemoveMe(G"];
354 Actor95 <= Actor95 [label="Remind"];
355 Actor95 => Actor11 [label="Rumor"];
356 Actor95 => Actor95 [label="Remind"];
357 Actor95 <= Actor95 [label="Remind"];
358 Actor95 => Actor96 [label="Rumor"];
359 Actor95 => Actor95 [label="Remind"];
360 Actor95 <= Actor10 [label="RemoveMe(G"];
361 Actor95 <= Actor27 [label="RemoveMe(G"];
362 Actor95 <= Actor11 [label="RemoveMe(G"];
363 Actor95 <= Actor84 [label="RemoveMe(G"];
364 Actor95 <= Actor97 [label="RemoveMe(G"];
365 Actor95 <= Actor99 [label="RemoveMe(G"];
439 Actor95 <= Actor37 [label="RemoveMe(G"];
440 Actor95 <= Actor76 [label="RemoveMe(G"];
441 Actor95 <= Actor32 [label="RemoveMe(G"];
442 Actor95 <= Actor28 [label="RemoveMe(G"];
453 Actor95 <= Actor72 [label="RemoveMe(G"];
454 Actor95 <= Actor57 [label="RemoveMe(G"];
455 Actor95 <= Actor98 [label="RemoveMe(G"];
456 Actor95 <= Actor8 [label="RemoveMe(G"];
457 Actor95 <= Actor7 [label="RemoveMe(G"];
458 Actor95 <= Actor36 [label="RemoveMe(G"];
474 Actor95 <= Actor13 [label="RemoveMe(G"];
475 Actor95 <= Actor21 [label="RemoveMe(G"];
476 Actor95 <= Actor81 [label="RemoveMe(G"];
477 Actor95 <= Actor55 [label="Rumor"];
478 Actor95 => Actor2 [label="RemoveMe(G"];
479 Actor95 => Actor3 [label="RemoveMe(G"];
480 Actor95 => Actor4 [label="RemoveMe(G"];
481 Actor95 => Actor6 [label="RemoveMe(G"];
482 Actor95 => Actor9 [label="RemoveMe(G"];
483 Actor95 => Actor14 [label="RemoveMe(G"];
484 Actor95 => Actor15 [label="RemoveMe(G"];
485 Actor95 => Actor17 [label="RemoveMe(G"];
486 Actor95 => Actor18 [label="RemoveMe(G"];
487 Actor95 => Actor19 [label="RemoveMe(G"];
488 Actor95 => Actor20 [label="RemoveMe(G"];
489 Actor95 => Actor22 [label="RemoveMe(G"];
490 Actor95 => Actor23 [label="RemoveMe(G"];
491 Actor95 => Actor25 [label="RemoveMe(G"];
492 Actor95 => Actor26 [label="RemoveMe(G"];
493 Actor95 => Actor29 [label="RemoveMe(G"];
494 Actor95 => Actor30 [label="RemoveMe(G"];
495 Actor95 => Actor31 [label="RemoveMe(G"];
496 Actor95 => Actor33 [label="RemoveMe(G"];
497 Actor95 => Actor34 [label="RemoveMe(G"];
498 Actor95 => Actor35 [label="RemoveMe(G"];
499 Actor95 => Actor38 [label="RemoveMe(G"];
500 Actor95 => Actor39 [label="RemoveMe(G"];
501 Actor95 => Actor40 [label="RemoveMe(G"];
502 Actor95 => Actor41 [label="RemoveMe(G"];
503 Actor95 => Actor43 [label="RemoveMe(G"];
504 Actor95 => Actor44 [label="RemoveMe(G"];
505 Actor95 => Actor45 [label="RemoveMe(G"];
506 Actor95 => Actor46 [label="RemoveMe(G"];
507 Actor95 => Actor47 [label="RemoveMe(G"];
508 Actor95 => Actor48 [label="RemoveMe(G"];
509 Actor95 => Actor49 [label="RemoveMe(G"];
510 Actor95 => Actor50 [label="RemoveMe(G"];
511 Actor95 => Actor51 [label="RemoveMe(G"];
512 Actor95 => Actor52 [label="RemoveMe(G"];
513 Actor95 => Actor53 [label="RemoveMe(G"];
514 Actor95 => Actor54 [label="RemoveMe(G"];
515 Actor95 => Actor55 [label="RemoveMe(G"];
516 Actor95 => Actor56 [label="RemoveMe(G"];
517 Actor95 => Actor60 [label="RemoveMe(G"];
518 Actor95 => Actor61 [label="RemoveMe(G"];
519 Actor95 => Actor62 [label="RemoveMe(G"];
520 Actor95 => Actor64 [label="RemoveMe(G"];
521 Actor95 => Actor65 [label="RemoveMe(G"];
522 Actor95 => Actor66 [label="RemoveMe(G"];
523 Actor95 => Actor67 [label="RemoveMe(G"];
524 Actor95 => Actor68 [label="RemoveMe(G"];
525 Actor95 => Actor69 [label="RemoveMe(G"];
526 Actor95 => Actor71 [label="RemoveMe(G"];
527 Actor95 => Actor73 [label="RemoveMe(G"];
528 Actor95 => Actor74 [label="RemoveMe(G"];
529 Actor95 => Actor75 [label="RemoveMe(G"];
530 Actor95 => Actor77 [label="RemoveMe(G"];
531 Actor95 => Actor78 [label="RemoveMe(G"];
532 Actor95 => Actor79 [label="RemoveMe(G"];
533 Actor95 => Actor80 [label="RemoveMe(G"];
534 Actor95 => Actor82 [label="RemoveMe(G"];
535 Actor95 => Actor83 [label="RemoveMe(G"];
536 Actor95 => Actor85 [label="RemoveMe(G"];
537 Actor95 => Actor86 [label="RemoveMe(G"];
538 Actor95 => Actor87 [label="RemoveMe(G"];
539 Actor95 => Actor89 [label="RemoveMe(G"];
540 Actor95 => Actor91 [label="RemoveMe(G"];
541 Actor95 => Actor92 [label="RemoveMe(G"];
542 Actor95 => Actor96 [label="RemoveMe(G"];
543 Actor95 => Actor100 [label="RemoveMe(G"];
544 Actor95 => Actor0 [label="Finish"];
545 Actor95 <= Actor15 [label="RemoveMe(G"];
546 Actor95 <= Actor38 [label="RemoveMe(G"];
547 Actor95 <= Actor35 [label="RemoveMe(G"];
548 Actor95 <= Actor79 [label="RemoveMe(G"];
549 Actor95 <= Actor53 [label="RemoveMe(G"];
550 Actor95 <= Actor55 [label="RemoveMe(G"];
551 Actor95 <= Actor69 [label="RemoveMe(G"];
552 Actor95 <= Actor41 [label="RemoveMe(G"];
553 Actor95 <= Actor34 [label="RemoveMe(G"];
554 Actor95 <= Actor75 [label="RemoveMe(G"];
555 Actor95 <= Actor2 [label="RemoveMe(G"];
556 Actor95 <= Actor51 [label="RemoveMe(G"];
557 Actor95 <= Actor25 [label="RemoveMe(G"];
558 Actor95 <= Actor18 [label="RemoveMe(G"];
559 Actor95 <= Actor46 [label="RemoveMe(G"];
560 Actor95 <= Actor39 [label="RemoveMe(G"];
561 Actor95 <= Actor47 [label="RemoveMe(G"];
562 Actor95 <= Actor45 [label="RemoveMe(G"];
563 Actor95 <= Actor62 [label="RemoveMe(G"];
564 Actor95 <= Actor67 [label="RemoveMe(G"];
565 Actor95 <= Actor33 [label="RemoveMe(G"];
566 Actor95 <= Actor71 [label="RemoveMe(G"];
567 Actor95 <= Actor64 [label="RemoveMe(G"];
568 Actor95 <= Actor73 [label="RemoveMe(G"];
569 Actor95 <= Actor66 [label="RemoveMe(G"];
570 Actor95 <= Actor65 [label="RemoveMe(G"];
571 Actor95 <= Actor82 [label="RemoveMe(G"];
572 Actor95 <= Actor4 [label="RemoveMe(G"];
573 Actor95 <= Actor100 [label="RemoveMe(G"];
574 Actor95 <= Actor14 [label="RemoveMe(G"];
575 Actor95 <= Actor20 [label="RemoveMe(G"];
576 Actor95 <= Actor78 [label="RemoveMe(G"];
577 Actor95 <= Actor83 [label="RemoveMe(G"];
578 Actor95 <= Actor85 [label="RemoveMe(G"];
579 Actor95 <= Actor54 [label="RemoveMe(G"];
580 Actor95 <= Actor86 [label="RemoveMe(G"];
581 Actor95 <= Actor87 [label="RemoveMe(G"];
582 Actor95 <= Actor89 [label="RemoveMe(G"];
583 Actor95 <= Actor92 [label="RemoveMe(G"];
584 Actor95 <= Actor96 [label="RemoveMe(G"];
585 Actor95 <= Actor49 [label="RemoveMe(G"];
586 Actor95 <= Actor91 [label="RemoveMe(G"];
617 Actor95 <= Actor6 [label="Rumor"];
618 Actor95 <= Actor52 [label="RemoveMe(G"];
755 Actor95 <= Actor6 [label="Rumor"];
821 Actor95 <= Actor6 [label="Rumor"];
822 Actor95 <= Actor9 [label="RemoveMe(G"];
823 Actor95 <= Actor95 [label="Remind"];
824 Actor95 <= Actor68 [label="RemoveMe(G"];
825 Actor95 <= Actor50 [label="RemoveMe(G"];
826 Actor95 <= Actor77 [label="RemoveMe(G"];
827 Actor95 <= Actor74 [label="RemoveMe(G"];
828 Actor95 <= Actor3 [label="RemoveMe(G"];
829 Actor95 <= Actor31 [label="RemoveMe(G"];
830 Actor95 <= Actor26 [label="RemoveMe(G"];
831 Actor95 <= Actor23 [label="RemoveMe(G"];
866 Actor95 <= Actor6 [label="Rumor"];
867 Actor95 <= Actor61 [label="RemoveMe(G"];
868 Actor95 <= Actor60 [label="RemoveMe(G"];
869 Actor95 <= Actor44 [label="RemoveMe(G"];
870 Actor95 <= Actor19 [label="RemoveMe(G"];
871 Actor95 <= Actor40 [label="RemoveMe(G"];
872 Actor95 <= Actor48 [label="RemoveMe(G"];
873 Actor95 <= Actor56 [label="RemoveMe(G"];
874 Actor95 <= Actor43 [label="RemoveMe(G"];
875 Actor95 <= Actor80 [label="RemoveMe(G"];
876 Actor95 <= Actor22 [label="RemoveMe(G"];
877 Actor95 <= Actor17 [label="RemoveMe(G"];
878 Actor95 <= Actor29 [label="RemoveMe(G"];
879 Actor95 <= Actor30 [label="RemoveMe(G"];
1150 Actor95 <= Actor0 [label="ShutDown"];
