96 Actor96 <= Actor0 [label="Set(Master"];
215 Actor96 <= Actor42 [label="RemoveMe(G"];
255 Actor96 <= Actor24 [label="RemoveMe(G"];
256 Actor96 <= Actor63 [label="RemoveMe(G"];
259 Actor96 <= Actor58 [label="RemoveMe(G"];
260 Actor96 <= Actor90 [label="RemoveMe(G"];
261 Actor96 <= Actor16 [label="Rumor"];
262 Actor96 => Actor82 [label="Rumor"];
263 Actor96 => Actor96 [label="Remind"];
266 Actor96 <= Actor12 [label="RemoveMe(G"];
267 Actor96 <= Actor70 [label="RemoveMe(G"];
268 Actor96 <= Actor16 [label="RemoveMe(G"];
269 Actor96 <= Actor5 [label="RemoveMe(G"];
270 Actor96 <= Actor94 [label="RemoveMe(G"];
272 Actor96 <= Actor88 [label="RemoveMe(G"];
273 Actor96 <= Actor59 [label="RemoveMe(G"];
274 Actor96 <= Actor93 [label="RemoveMe(G"];
275 Actor96 <= Actor1 [label="RemoveMe(G"];
276 Actor96 <= Actor32 [label="Rumor"];
277 Actor96 => Actor2 [label="RemoveMe(G"];
278 Actor96 => Actor3 [label="RemoveMe(G"];
279 Actor96 => Actor4 [label="RemoveMe(G"];
280 Actor96 => Actor6 [label="RemoveMe(G"];
281 Actor96 => Actor7 [label="RemoveMe(G"];
282 Actor96 => Actor8 [label="RemoveMe(G"];
283 Actor96 => Actor9 [label="RemoveMe(G"];
284 Actor96 => Actor10 [label="RemoveMe(G"];
285 Actor96 => Actor11 [label="RemoveMe(G"];
286 Actor96 => Actor13 [label="RemoveMe(G"];
287 Actor96 => Actor14 [label="RemoveMe(G"];
288 Actor96 => Actor15 [label="RemoveMe(G"];
289 Actor96 => Actor17 [label="RemoveMe(G"];
290 Actor96 => Actor18 [label="RemoveMe(G"];
291 Actor96 => Actor19 [label="RemoveMe(G"];
292 Actor96 => Actor20 [label="RemoveMe(G"];
293 Actor96 => Actor21 [label="RemoveMe(G"];
294 Actor96 => Actor22 [label="RemoveMe(G"];
295 Actor96 => Actor23 [label="RemoveMe(G"];
296 Actor96 => Actor25 [label="RemoveMe(G"];
297 Actor96 => Actor26 [label="RemoveMe(G"];
298 Actor96 => Actor27 [label="RemoveMe(G"];
299 Actor96 => Actor28 [label="RemoveMe(G"];
300 Actor96 => Actor29 [label="RemoveMe(G"];
301 Actor96 => Actor30 [label="RemoveMe(G"];
302 Actor96 => Actor31 [label="RemoveMe(G"];
303 Actor96 => Actor32 [label="RemoveMe(G"];
304 Actor96 => Actor33 [label="RemoveMe(G"];
305 Actor96 => Actor34 [label="RemoveMe(G"];
306 Actor96 => Actor35 [label="RemoveMe(G"];
307 Actor96 => Actor36 [label="RemoveMe(G"];
308 Actor96 => Actor37 [label="RemoveMe(G"];
309 Actor96 => Actor38 [label="RemoveMe(G"];
310 Actor96 => Actor39 [label="RemoveMe(G"];
311 Actor96 => Actor40 [label="RemoveMe(G"];
312 Actor96 => Actor41 [label="RemoveMe(G"];
313 Actor96 => Actor43 [label="RemoveMe(G"];
314 Actor96 => Actor44 [label="RemoveMe(G"];
315 Actor96 => Actor45 [label="RemoveMe(G"];
316 Actor96 => Actor46 [label="RemoveMe(G"];
317 Actor96 => Actor47 [label="RemoveMe(G"];
318 Actor96 => Actor48 [label="RemoveMe(G"];
319 Actor96 => Actor49 [label="RemoveMe(G"];
320 Actor96 => Actor50 [label="RemoveMe(G"];
321 Actor96 => Actor51 [label="RemoveMe(G"];
322 Actor96 => Actor52 [label="RemoveMe(G"];
323 Actor96 => Actor53 [label="RemoveMe(G"];
324 Actor96 => Actor54 [label="RemoveMe(G"];
325 Actor96 => Actor55 [label="RemoveMe(G"];
326 Actor96 => Actor56 [label="RemoveMe(G"];
327 Actor96 => Actor57 [label="RemoveMe(G"];
328 Actor96 => Actor60 [label="RemoveMe(G"];
329 Actor96 => Actor61 [label="RemoveMe(G"];
330 Actor96 => Actor62 [label="RemoveMe(G"];
331 Actor96 => Actor64 [label="RemoveMe(G"];
332 Actor96 => Actor65 [label="RemoveMe(G"];
333 Actor96 => Actor66 [label="RemoveMe(G"];
334 Actor96 => Actor67 [label="RemoveMe(G"];
335 Actor96 => Actor68 [label="RemoveMe(G"];
336 Actor96 => Actor69 [label="RemoveMe(G"];
337 Actor96 => Actor71 [label="RemoveMe(G"];
338 Actor96 => Actor72 [label="RemoveMe(G"];
339 Actor96 => Actor73 [label="RemoveMe(G"];
340 Actor96 => Actor74 [label="RemoveMe(G"];
341 Actor96 => Actor75 [label="RemoveMe(G"];
342 Actor96 => Actor76 [label="RemoveMe(G"];
343 Actor96 => Actor77 [label="RemoveMe(G"];
344 Actor96 => Actor78 [label="RemoveMe(G"];
345 Actor96 => Actor79 [label="RemoveMe(G"];
346 Actor96 => Actor80 [label="RemoveMe(G"];
347 Actor96 => Actor81 [label="RemoveMe(G"];
348 Actor96 => Actor82 [label="RemoveMe(G"];
349 Actor96 => Actor83 [label="RemoveMe(G"];
350 Actor96 => Actor84 [label="RemoveMe(G"];
351 Actor96 => Actor85 [label="RemoveMe(G"];
352 Actor96 => Actor86 [label="RemoveMe(G"];
353 Actor96 => Actor87 [label="RemoveMe(G"];
354 Actor96 => Actor89 [label="RemoveMe(G"];
355 Actor96 => Actor91 [label="RemoveMe(G"];
356 Actor96 => Actor92 [label="RemoveMe(G"];
357 Actor96 => Actor95 [label="RemoveMe(G"];
358 Actor96 => Actor97 [label="RemoveMe(G"];
359 Actor96 => Actor98 [label="RemoveMe(G"];
360 Actor96 => Actor99 [label="RemoveMe(G"];
361 Actor96 => Actor100 [label="RemoveMe(G"];
362 Actor96 => Actor0 [label="Finish"];
363 Actor96 <= Actor10 [label="RemoveMe(G"];
364 Actor96 <= Actor27 [label="RemoveMe(G"];
365 Actor96 <= Actor11 [label="RemoveMe(G"];
366 Actor96 <= Actor84 [label="RemoveMe(G"];
367 Actor96 <= Actor97 [label="RemoveMe(G"];
368 Actor96 <= Actor99 [label="RemoveMe(G"];
440 Actor96 <= Actor37 [label="RemoveMe(G"];
441 Actor96 <= Actor76 [label="RemoveMe(G"];
442 Actor96 <= Actor32 [label="RemoveMe(G"];
443 Actor96 <= Actor28 [label="RemoveMe(G"];
454 Actor96 <= Actor72 [label="RemoveMe(G"];
455 Actor96 <= Actor57 [label="RemoveMe(G"];
456 Actor96 <= Actor98 [label="RemoveMe(G"];
457 Actor96 <= Actor8 [label="RemoveMe(G"];
458 Actor96 <= Actor7 [label="RemoveMe(G"];
459 Actor96 <= Actor36 [label="RemoveMe(G"];
475 Actor96 <= Actor13 [label="RemoveMe(G"];
476 Actor96 <= Actor21 [label="RemoveMe(G"];
477 Actor96 <= Actor81 [label="RemoveMe(G"];
478 Actor96 <= Actor15 [label="RemoveMe(G"];
479 Actor96 <= Actor38 [label="RemoveMe(G"];
480 Actor96 <= Actor29 [label="Rumor"];
481 Actor96 <= Actor35 [label="RemoveMe(G"];
482 Actor96 <= Actor79 [label="RemoveMe(G"];
483 Actor96 <= Actor53 [label="RemoveMe(G"];
484 Actor96 <= Actor55 [label="RemoveMe(G"];
485 Actor96 <= Actor69 [label="RemoveMe(G"];
486 Actor96 <= Actor41 [label="RemoveMe(G"];
487 Actor96 <= Actor34 [label="RemoveMe(G"];
488 Actor96 <= Actor75 [label="RemoveMe(G"];
489 Actor96 <= Actor2 [label="RemoveMe(G"];
490 Actor96 <= Actor51 [label="RemoveMe(G"];
491 Actor96 <= Actor25 [label="RemoveMe(G"];
492 Actor96 <= Actor18 [label="RemoveMe(G"];
493 Actor96 <= Actor46 [label="RemoveMe(G"];
494 Actor96 <= Actor39 [label="RemoveMe(G"];
508 Actor96 <= Actor45 [label="RemoveMe(G"];
509 Actor96 <= Actor47 [label="RemoveMe(G"];
510 Actor96 <= Actor62 [label="RemoveMe(G"];
511 Actor96 <= Actor67 [label="RemoveMe(G"];
528 Actor96 <= Actor33 [label="RemoveMe(G"];
529 Actor96 <= Actor71 [label="RemoveMe(G"];
530 Actor96 <= Actor64 [label="RemoveMe(G"];
531 Actor96 <= Actor73 [label="RemoveMe(G"];
532 Actor96 <= Actor66 [label="RemoveMe(G"];
533 Actor96 <= Actor65 [label="RemoveMe(G"];
534 Actor96 <= Actor82 [label="RemoveMe(G"];
564 Actor96 <= Actor4 [label="RemoveMe(G"];
565 Actor96 <= Actor100 [label="RemoveMe(G"];
566 Actor96 <= Actor14 [label="RemoveMe(G"];
567 Actor96 <= Actor20 [label="RemoveMe(G"];
568 Actor96 <= Actor78 [label="RemoveMe(G"];
569 Actor96 <= Actor83 [label="RemoveMe(G"];
570 Actor96 <= Actor85 [label="RemoveMe(G"];
571 Actor96 <= Actor54 [label="RemoveMe(G"];
572 Actor96 <= Actor86 [label="RemoveMe(G"];
573 Actor96 <= Actor87 [label="RemoveMe(G"];
574 Actor96 <= Actor89 [label="RemoveMe(G"];
575 Actor96 <= Actor96 [label="Remind"];
576 Actor96 <= Actor92 [label="RemoveMe(G"];
577 Actor96 <= Actor49 [label="RemoveMe(G"];
578 Actor96 <= Actor91 [label="RemoveMe(G"];
579 Actor96 <= Actor52 [label="RemoveMe(G"];
580 Actor96 <= Actor95 [label="Rumor"];
581 Actor96 <= Actor68 [label="RemoveMe(G"];
582 Actor96 <= Actor50 [label="RemoveMe(G"];
583 Actor96 <= Actor77 [label="RemoveMe(G"];
584 Actor96 <= Actor74 [label="RemoveMe(G"];
585 Actor96 <= Actor3 [label="RemoveMe(G"];
586 Actor96 <= Actor31 [label="RemoveMe(G"];
587 Actor96 <= Actor23 [label="RemoveMe(G"];
588 Actor96 <= Actor61 [label="RemoveMe(G"];
589 Actor96 <= Actor60 [label="RemoveMe(G"];
590 Actor96 <= Actor44 [label="RemoveMe(G"];
591 Actor96 <= Actor43 [label="Rumor"];
592 Actor96 <= Actor48 [label="RemoveMe(G"];
593 Actor96 <= Actor56 [label="RemoveMe(G"];
594 Actor96 <= Actor95 [label="RemoveMe(G"];
595 Actor96 <= Actor80 [label="RemoveMe(G"];
596 Actor96 <= Actor29 [label="RemoveMe(G"];
597 Actor96 <= Actor30 [label="RemoveMe(G"];
1151 Actor96 <= Actor0 [label="ShutDown"];
