97 Actor97 <= Actor0 [label="Set(Master"];
118 Actor97 <= Actor63 [label="Rumor"];
119 Actor97 => Actor61 [label="Rumor"];
120 Actor97 => Actor97 [label="Remind"];
125 Actor97 <= Actor95 [label="Rumor"];
126 Actor97 => Actor1 [label="RemoveMe(G"];
127 Actor97 => Actor2 [label="RemoveMe(G"];
128 Actor97 => Actor3 [label="RemoveMe(G"];
129 Actor97 => Actor4 [label="RemoveMe(G"];
130 Actor97 => Actor5 [label="RemoveMe(G"];
131 Actor97 => Actor6 [label="RemoveMe(G"];
132 Actor97 => Actor7 [label="RemoveMe(G"];
133 Actor97 => Actor8 [label="RemoveMe(G"];
134 Actor97 => Actor9 [label="RemoveMe(G"];
135 Actor97 => Actor10 [label="RemoveMe(G"];
136 Actor97 => Actor11 [label="RemoveMe(G"];
137 Actor97 => Actor12 [label="RemoveMe(G"];
138 Actor97 => Actor13 [label="RemoveMe(G"];
139 Actor97 => Actor14 [label="RemoveMe(G"];
140 Actor97 => Actor15 [label="RemoveMe(G"];
141 Actor97 => Actor16 [label="RemoveMe(G"];
142 Actor97 => Actor17 [label="RemoveMe(G"];
143 Actor97 => Actor18 [label="RemoveMe(G"];
144 Actor97 => Actor19 [label="RemoveMe(G"];
145 Actor97 => Actor20 [label="RemoveMe(G"];
146 Actor97 => Actor21 [label="RemoveMe(G"];
147 Actor97 => Actor22 [label="RemoveMe(G"];
148 Actor97 => Actor23 [label="RemoveMe(G"];
149 Actor97 => Actor24 [label="RemoveMe(G"];
150 Actor97 => Actor25 [label="RemoveMe(G"];
151 Actor97 => Actor26 [label="RemoveMe(G"];
152 Actor97 => Actor27 [label="RemoveMe(G"];
153 Actor97 => Actor28 [label="RemoveMe(G"];
154 Actor97 => Actor29 [label="RemoveMe(G"];
155 Actor97 => Actor30 [label="RemoveMe(G"];
156 Actor97 => Actor31 [label="RemoveMe(G"];
157 Actor97 => Actor32 [label="RemoveMe(G"];
158 Actor97 => Actor33 [label="RemoveMe(G"];
159 Actor97 => Actor34 [label="RemoveMe(G"];
160 Actor97 => Actor35 [label="RemoveMe(G"];
161 Actor97 => Actor36 [label="RemoveMe(G"];
162 Actor97 => Actor37 [label="RemoveMe(G"];
163 Actor97 => Actor38 [label="RemoveMe(G"];
164 Actor97 => Actor39 [label="RemoveMe(G"];
165 Actor97 => Actor40 [label="RemoveMe(G"];
166 Actor97 => Actor41 [label="RemoveMe(G"];
167 Actor97 => Actor42 [label="RemoveMe(G"];
168 Actor97 => Actor43 [label="RemoveMe(G"];
169 Actor97 => Actor44 [label="RemoveMe(G"];
170 Actor97 => Actor45 [label="RemoveMe(G"];
171 Actor97 => Actor46 [label="RemoveMe(G"];
172 Actor97 => Actor47 [label="RemoveMe(G"];
173 Actor97 => Actor48 [label="RemoveMe(G"];
174 Actor97 => Actor49 [label="RemoveMe(G"];
175 Actor97 => Actor50 [label="RemoveMe(G"];
176 Actor97 => Actor51 [label="RemoveMe(G"];
177 Actor97 => Actor52 [label="RemoveMe(G"];
178 Actor97 => Actor53 [label="RemoveMe(G"];
179 Actor97 => Actor54 [label="RemoveMe(G"];
180 Actor97 => Actor55 [label="RemoveMe(G"];
181 Actor97 => Actor56 [label="RemoveMe(G"];
182 Actor97 => Actor57 [label="RemoveMe(G"];
183 Actor97 => Actor58 [label="RemoveMe(G"];
184 Actor97 => Actor59 [label="RemoveMe(G"];
185 Actor97 => Actor60 [label="RemoveMe(G"];
186 Actor97 => Actor61 [label="RemoveMe(G"];
187 Actor97 => Actor62 [label="RemoveMe(G"];
188 Actor97 => Actor63 [label="RemoveMe(G"];
189 Actor97 => Actor64 [label="RemoveMe(G"];
190 Actor97 => Actor65 [label="RemoveMe(G"];
191 Actor97 => Actor66 [label="RemoveMe(G"];
192 Actor97 => Actor67 [label="RemoveMe(G"];
193 Actor97 => Actor68 [label="RemoveMe(G"];
194 Actor97 => Actor69 [label="RemoveMe(G"];
195 Actor97 => Actor70 [label="RemoveMe(G"];
196 Actor97 => Actor71 [label="RemoveMe(G"];
197 Actor97 => Actor72 [label="RemoveMe(G"];
198 Actor97 => Actor73 [label="RemoveMe(G"];
199 Actor97 => Actor74 [label="RemoveMe(G"];
200 Actor97 => Actor75 [label="RemoveMe(G"];
201 Actor97 => Actor76 [label="RemoveMe(G"];
202 Actor97 => Actor77 [label="RemoveMe(G"];
203 Actor97 => Actor78 [label="RemoveMe(G"];
204 Actor97 => Actor79 [label="RemoveMe(G"];
205 Actor97 => Actor80 [label="RemoveMe(G"];
206 Actor97 => Actor81 [label="RemoveMe(G"];
207 Actor97 => Actor82 [label="RemoveMe(G"];
208 Actor97 => Actor83 [label="RemoveMe(G"];
209 Actor97 => Actor84 [label="RemoveMe(G"];
210 Actor97 => Actor85 [label="RemoveMe(G"];
211 Actor97 => Actor86 [label="RemoveMe(G"];
212 Actor97 => Actor87 [label="RemoveMe(G"];
213 Actor97 => Actor88 [label="RemoveMe(G"];
214 Actor97 => Actor89 [label="RemoveMe(G"];
215 Actor97 => Actor90 [label="RemoveMe(G"];
216 Actor97 => Actor91 [label="RemoveMe(G"];
217 Actor97 => Actor92 [label="RemoveMe(G"];
218 Actor97 => Actor93 [label="RemoveMe(G"];
219 Actor97 => Actor94 [label="RemoveMe(G"];
220 Actor97 => Actor95 [label="RemoveMe(G"];
221 Actor97 => Actor96 [label="RemoveMe(G"];
222 Actor97 => Actor98 [label="RemoveMe(G"];
223 Actor97 => Actor99 [label="RemoveMe(G"];
224 Actor97 => Actor100 [label="RemoveMe(G"];
225 Actor97 => Actor0 [label="Finish"];
226 Actor97 <= Actor42 [label="RemoveMe(G"];
256 Actor97 <= Actor24 [label="RemoveMe(G"];
257 Actor97 <= Actor63 [label="RemoveMe(G"];
260 Actor97 <= Actor58 [label="RemoveMe(G"];
261 Actor97 <= Actor90 [label="RemoveMe(G"];
267 Actor97 <= Actor12 [label="RemoveMe(G"];
268 Actor97 <= Actor70 [label="RemoveMe(G"];
269 Actor97 <= Actor16 [label="RemoveMe(G"];
270 Actor97 <= Actor5 [label="RemoveMe(G"];
271 Actor97 <= Actor94 [label="RemoveMe(G"];
273 Actor97 <= Actor88 [label="RemoveMe(G"];
274 Actor97 <= Actor59 [label="RemoveMe(G"];
275 Actor97 <= Actor93 [label="RemoveMe(G"];
276 Actor97 <= Actor1 [label="RemoveMe(G"];
352 Actor97 <= Actor95 [label="Rumor"];
353 Actor97 <= Actor97 [label="Remind"];
354 Actor97 <= Actor10 [label="RemoveMe(G"];
355 Actor97 <= Actor27 [label="RemoveMe(G"];
356 Actor97 <= Actor11 [label="RemoveMe(G"];
357 Actor97 <= Actor84 [label="RemoveMe(G"];
366 Actor97 <= Actor99 [label="RemoveMe(G"];
441 Actor97 <= Actor37 [label="RemoveMe(G"];
442 Actor97 <= Actor76 [label="RemoveMe(G"];
443 Actor97 <= Actor32 [label="RemoveMe(G"];
444 Actor97 <= Actor28 [label="RemoveMe(G"];
455 Actor97 <= Actor72 [label="RemoveMe(G"];
456 Actor97 <= Actor57 [label="RemoveMe(G"];
457 Actor97 <= Actor98 [label="RemoveMe(G"];
458 Actor97 <= Actor8 [label="RemoveMe(G"];
459 Actor97 <= Actor7 [label="RemoveMe(G"];
460 Actor97 <= Actor36 [label="RemoveMe(G"];
461 Actor97 <= Actor66 [label="Rumor"];
476 Actor97 <= Actor13 [label="RemoveMe(G"];
477 Actor97 <= Actor21 [label="RemoveMe(G"];
478 Actor97 <= Actor81 [label="RemoveMe(G"];
479 Actor97 <= Actor53 [label="Rumor"];
480 Actor97 <= Actor15 [label="RemoveMe(G"];
481 Actor97 <= Actor38 [label="RemoveMe(G"];
482 Actor97 <= Actor35 [label="RemoveMe(G"];
483 Actor97 <= Actor79 [label="RemoveMe(G"];
484 Actor97 <= Actor53 [label="RemoveMe(G"];
485 Actor97 <= Actor55 [label="RemoveMe(G"];
486 Actor97 <= Actor41 [label="RemoveMe(G"];
487 Actor97 <= Actor34 [label="RemoveMe(G"];
488 Actor97 <= Actor75 [label="RemoveMe(G"];
489 Actor97 <= Actor2 [label="RemoveMe(G"];
490 Actor97 <= Actor51 [label="RemoveMe(G"];
491 Actor97 <= Actor69 [label="RemoveMe(G"];
492 Actor97 <= Actor25 [label="RemoveMe(G"];
493 Actor97 <= Actor18 [label="RemoveMe(G"];
494 Actor97 <= Actor46 [label="RemoveMe(G"];
495 Actor97 <= Actor39 [label="RemoveMe(G"];
509 Actor97 <= Actor45 [label="RemoveMe(G"];
510 Actor97 <= Actor47 [label="RemoveMe(G"];
511 Actor97 <= Actor62 [label="RemoveMe(G"];
512 Actor97 <= Actor67 [label="RemoveMe(G"];
513 Actor97 <= Actor71 [label="RemoveMe(G"];
514 Actor97 <= Actor66 [label="RemoveMe(G"];
515 Actor97 <= Actor65 [label="RemoveMe(G"];
516 Actor97 <= Actor82 [label="RemoveMe(G"];
517 Actor97 <= Actor14 [label="RemoveMe(G"];
518 Actor97 <= Actor78 [label="RemoveMe(G"];
519 Actor97 <= Actor54 [label="RemoveMe(G"];
520 Actor97 <= Actor86 [label="RemoveMe(G"];
521 Actor97 <= Actor87 [label="RemoveMe(G"];
522 Actor97 <= Actor89 [label="RemoveMe(G"];
523 Actor97 <= Actor96 [label="RemoveMe(G"];
524 Actor97 <= Actor49 [label="RemoveMe(G"];
525 Actor97 <= Actor91 [label="RemoveMe(G"];
526 Actor97 <= Actor52 [label="RemoveMe(G"];
527 Actor97 <= Actor68 [label="RemoveMe(G"];
528 Actor97 <= Actor3 [label="RemoveMe(G"];
529 Actor97 <= Actor31 [label="RemoveMe(G"];
530 Actor97 <= Actor23 [label="RemoveMe(G"];
531 Actor97 <= Actor61 [label="RemoveMe(G"];
532 Actor97 <= Actor60 [label="RemoveMe(G"];
1152 Actor97 <= Actor0 [label="ShutDown"];
