98 Actor98 <= Actor0 [label="Set(Master"];
164 Actor98 <= Actor53 [label="Rumor"];
165 Actor98 => Actor99 [label="Rumor"];
166 Actor98 => Actor98 [label="Remind"];
217 Actor98 <= Actor42 [label="RemoveMe(G"];
257 Actor98 <= Actor24 [label="RemoveMe(G"];
278 Actor98 <= Actor56 [label="Rumor"];
279 Actor98 => Actor1 [label="RemoveMe(G"];
280 Actor98 => Actor2 [label="RemoveMe(G"];
281 Actor98 => Actor3 [label="RemoveMe(G"];
282 Actor98 => Actor4 [label="RemoveMe(G"];
283 Actor98 => Actor5 [label="RemoveMe(G"];
284 Actor98 => Actor6 [label="RemoveMe(G"];
285 Actor98 => Actor7 [label="RemoveMe(G"];
286 Actor98 => Actor8 [label="RemoveMe(G"];
287 Actor98 => Actor9 [label="RemoveMe(G"];
288 Actor98 => Actor10 [label="RemoveMe(G"];
289 Actor98 => Actor11 [label="RemoveMe(G"];
290 Actor98 => Actor12 [label="RemoveMe(G"];
291 Actor98 => Actor13 [label="RemoveMe(G"];
292 Actor98 => Actor14 [label="RemoveMe(G"];
293 Actor98 => Actor15 [label="RemoveMe(G"];
294 Actor98 => Actor16 [label="RemoveMe(G"];
295 Actor98 => Actor17 [label="RemoveMe(G"];
296 Actor98 => Actor18 [label="RemoveMe(G"];
297 Actor98 => Actor19 [label="RemoveMe(G"];
298 Actor98 => Actor20 [label="RemoveMe(G"];
299 Actor98 => Actor21 [label="RemoveMe(G"];
300 Actor98 => Actor22 [label="RemoveMe(G"];
301 Actor98 => Actor23 [label="RemoveMe(G"];
302 Actor98 => Actor25 [label="RemoveMe(G"];
303 Actor98 => Actor26 [label="RemoveMe(G"];
304 Actor98 => Actor27 [label="RemoveMe(G"];
305 Actor98 => Actor28 [label="RemoveMe(G"];
306 Actor98 => Actor29 [label="RemoveMe(G"];
307 Actor98 => Actor30 [label="RemoveMe(G"];
308 Actor98 => Actor31 [label="RemoveMe(G"];
309 Actor98 => Actor32 [label="RemoveMe(G"];
310 Actor98 => Actor33 [label="RemoveMe(G"];
311 Actor98 => Actor34 [label="RemoveMe(G"];
312 Actor98 => Actor35 [label="RemoveMe(G"];
313 Actor98 => Actor36 [label="RemoveMe(G"];
314 Actor98 => Actor37 [label="RemoveMe(G"];
315 Actor98 => Actor38 [label="RemoveMe(G"];
316 Actor98 => Actor39 [label="RemoveMe(G"];
317 Actor98 => Actor40 [label="RemoveMe(G"];
318 Actor98 => Actor41 [label="RemoveMe(G"];
319 Actor98 => Actor43 [label="RemoveMe(G"];
320 Actor98 => Actor44 [label="RemoveMe(G"];
321 Actor98 => Actor45 [label="RemoveMe(G"];
322 Actor98 => Actor46 [label="RemoveMe(G"];
323 Actor98 => Actor47 [label="RemoveMe(G"];
324 Actor98 => Actor48 [label="RemoveMe(G"];
325 Actor98 => Actor49 [label="RemoveMe(G"];
326 Actor98 => Actor50 [label="RemoveMe(G"];
327 Actor98 => Actor51 [label="RemoveMe(G"];
328 Actor98 => Actor52 [label="RemoveMe(G"];
329 Actor98 => Actor53 [label="RemoveMe(G"];
330 Actor98 => Actor54 [label="RemoveMe(G"];
331 Actor98 => Actor55 [label="RemoveMe(G"];
332 Actor98 => Actor56 [label="RemoveMe(G"];
333 Actor98 => Actor57 [label="RemoveMe(G"];
334 Actor98 => Actor58 [label="RemoveMe(G"];
335 Actor98 => Actor59 [label="RemoveMe(G"];
336 Actor98 => Actor60 [label="RemoveMe(G"];
337 Actor98 => Actor61 [label="RemoveMe(G"];
338 Actor98 => Actor62 [label="RemoveMe(G"];
339 Actor98 => Actor63 [label="RemoveMe(G"];
340 Actor98 => Actor64 [label="RemoveMe(G"];
341 Actor98 => Actor65 [label="RemoveMe(G"];
342 Actor98 => Actor66 [label="RemoveMe(G"];
343 Actor98 => Actor67 [label="RemoveMe(G"];
344 Actor98 => Actor68 [label="RemoveMe(G"];
345 Actor98 => Actor69 [label="RemoveMe(G"];
346 Actor98 => Actor70 [label="RemoveMe(G"];
347 Actor98 => Actor71 [label="RemoveMe(G"];
348 Actor98 => Actor72 [label="RemoveMe(G"];
349 Actor98 => Actor73 [label="RemoveMe(G"];
350 Actor98 => Actor74 [label="RemoveMe(G"];
351 Actor98 => Actor75 [label="RemoveMe(G"];
352 Actor98 => Actor76 [label="RemoveMe(G"];
353 Actor98 => Actor77 [label="RemoveMe(G"];
354 Actor98 => Actor78 [label="RemoveMe(G"];
355 Actor98 => Actor79 [label="RemoveMe(G"];
356 Actor98 => Actor80 [label="RemoveMe(G"];
357 Actor98 => Actor81 [label="RemoveMe(G"];
358 Actor98 => Actor82 [label="RemoveMe(G"];
359 Actor98 => Actor83 [label="RemoveMe(G"];
360 Actor98 => Actor84 [label="RemoveMe(G"];
361 Actor98 => Actor85 [label="RemoveMe(G"];
362 Actor98 => Actor86 [label="RemoveMe(G"];
363 Actor98 => Actor87 [label="RemoveMe(G"];
364 Actor98 => Actor88 [label="RemoveMe(G"];
365 Actor98 => Actor89 [label="RemoveMe(G"];
366 Actor98 => Actor90 [label="RemoveMe(G"];
367 Actor98 => Actor91 [label="RemoveMe(G"];
368 Actor98 => Actor92 [label="RemoveMe(G"];
369 Actor98 => Actor93 [label="RemoveMe(G"];
370 Actor98 => Actor94 [label="RemoveMe(G"];
371 Actor98 => Actor95 [label="RemoveMe(G"];
372 Actor98 => Actor96 [label="RemoveMe(G"];
373 Actor98 => Actor97 [label="RemoveMe(G"];
374 Actor98 => Actor99 [label="RemoveMe(G"];
375 Actor98 => Actor100 [label="RemoveMe(G"];
376 Actor98 => Actor0 [label="Finish"];
377 Actor98 <= Actor63 [label="RemoveMe(G"];
378 Actor98 <= Actor58 [label="RemoveMe(G"];
379 Actor98 <= Actor90 [label="RemoveMe(G"];
380 Actor98 <= Actor12 [label="RemoveMe(G"];
381 Actor98 <= Actor70 [label="RemoveMe(G"];
382 Actor98 <= Actor16 [label="RemoveMe(G"];
383 Actor98 <= Actor5 [label="RemoveMe(G"];
384 Actor98 <= Actor94 [label="RemoveMe(G"];
385 Actor98 <= Actor88 [label="RemoveMe(G"];
386 Actor98 <= Actor59 [label="RemoveMe(G"];
387 Actor98 <= Actor93 [label="RemoveMe(G"];
388 Actor98 <= Actor1 [label="RemoveMe(G"];
389 Actor98 <= Actor10 [label="RemoveMe(G"];
390 Actor98 <= Actor27 [label="RemoveMe(G"];
391 Actor98 <= Actor11 [label="RemoveMe(G"];
392 Actor98 <= Actor84 [label="RemoveMe(G"];
393 Actor98 <= Actor97 [label="RemoveMe(G"];
394 Actor98 <= Actor99 [label="RemoveMe(G"];
442 Actor98 <= Actor37 [label="RemoveMe(G"];
443 Actor98 <= Actor76 [label="RemoveMe(G"];
444 Actor98 <= Actor32 [label="RemoveMe(G"];
445 Actor98 <= Actor28 [label="RemoveMe(G"];
456 Actor98 <= Actor72 [label="RemoveMe(G"];
457 Actor98 <= Actor98 [label="Remind"];
458 Actor98 <= Actor57 [label="RemoveMe(G"];
459 Actor98 <= Actor8 [label="RemoveMe(G"];
460 Actor98 <= Actor7 [label="RemoveMe(G"];
461 Actor98 <= Actor36 [label="RemoveMe(G"];
477 Actor98 <= Actor13 [label="RemoveMe(G"];
478 Actor98 <= Actor21 [label="RemoveMe(G"];
479 Actor98 <= Actor81 [label="RemoveMe(G"];
480 Actor98 <= Actor15 [label="RemoveMe(G"];
481 Actor98 <= Actor38 [label="RemoveMe(G"];
482 Actor98 <= Actor35 [label="RemoveMe(G"];
483 Actor98 <= Actor79 [label="RemoveMe(G"];
484 Actor98 <= Actor53 [label="RemoveMe(G"];
485 Actor98 <= Actor55 [label="RemoveMe(G"];
486 Actor98 <= Actor41 [label="RemoveMe(G"];
487 Actor98 <= Actor34 [label="RemoveMe(G"];
488 Actor98 <= Actor75 [label="RemoveMe(G"];
489 Actor98 <= Actor2 [label="RemoveMe(G"];
490 Actor98 <= Actor51 [label="RemoveMe(G"];
491 Actor98 <= Actor69 [label="RemoveMe(G"];
492 Actor98 <= Actor25 [label="RemoveMe(G"];
493 Actor98 <= Actor18 [label="RemoveMe(G"];
494 Actor98 <= Actor46 [label="RemoveMe(G"];
495 Actor98 <= Actor39 [label="RemoveMe(G"];
510 Actor98 <= Actor45 [label="RemoveMe(G"];
511 Actor98 <= Actor47 [label="RemoveMe(G"];
512 Actor98 <= Actor62 [label="RemoveMe(G"];
513 Actor98 <= Actor67 [label="RemoveMe(G"];
514 Actor98 <= Actor71 [label="RemoveMe(G"];
515 Actor98 <= Actor73 [label="RemoveMe(G"];
516 Actor98 <= Actor66 [label="RemoveMe(G"];
517 Actor98 <= Actor65 [label="RemoveMe(G"];
518 Actor98 <= Actor82 [label="RemoveMe(G"];
519 Actor98 <= Actor100 [label="RemoveMe(G"];
520 Actor98 <= Actor14 [label="RemoveMe(G"];
521 Actor98 <= Actor78 [label="RemoveMe(G"];
522 Actor98 <= Actor54 [label="RemoveMe(G"];
523 Actor98 <= Actor86 [label="RemoveMe(G"];
524 Actor98 <= Actor87 [label="RemoveMe(G"];
525 Actor98 <= Actor89 [label="RemoveMe(G"];
526 Actor98 <= Actor96 [label="RemoveMe(G"];
527 Actor98 <= Actor49 [label="RemoveMe(G"];
528 Actor98 <= Actor91 [label="RemoveMe(G"];
529 Actor98 <= Actor52 [label="RemoveMe(G"];
530 Actor98 <= Actor68 [label="RemoveMe(G"];
531 Actor98 <= Actor74 [label="RemoveMe(G"];
532 Actor98 <= Actor3 [label="RemoveMe(G"];
533 Actor98 <= Actor31 [label="RemoveMe(G"];
534 Actor98 <= Actor23 [label="RemoveMe(G"];
535 Actor98 <= Actor61 [label="RemoveMe(G"];
536 Actor98 <= Actor60 [label="RemoveMe(G"];
537 Actor98 <= Actor56 [label="RemoveMe(G"];
1153 Actor98 <= Actor0 [label="ShutDown"];
