99 Actor99 <= Actor0 [label="Set(Master"];
170 Actor99 <= Actor95 [label="Rumor"];
171 Actor99 => Actor28 [label="Rumor"];
172 Actor99 => Actor99 [label="Remind"];
218 Actor99 <= Actor42 [label="RemoveMe(G"];
258 Actor99 <= Actor24 [label="RemoveMe(G"];
259 Actor99 <= Actor63 [label="RemoveMe(G"];
262 Actor99 <= Actor58 [label="RemoveMe(G"];
263 Actor99 <= Actor90 [label="RemoveMe(G"];
269 Actor99 <= Actor12 [label="RemoveMe(G"];
270 Actor99 <= Actor70 [label="RemoveMe(G"];
271 Actor99 <= Actor16 [label="RemoveMe(G"];
276 Actor99 <= Actor9 [label="Rumor"];
277 Actor99 => Actor1 [label="RemoveMe(G"];
278 Actor99 => Actor2 [label="RemoveMe(G"];
279 Actor99 => Actor3 [label="RemoveMe(G"];
280 Actor99 => Actor4 [label="RemoveMe(G"];
281 Actor99 => Actor5 [label="RemoveMe(G"];
282 Actor99 => Actor6 [label="RemoveMe(G"];
283 Actor99 => Actor7 [label="RemoveMe(G"];
284 Actor99 => Actor8 [label="RemoveMe(G"];
285 Actor99 => Actor9 [label="RemoveMe(G"];
286 Actor99 => Actor10 [label="RemoveMe(G"];
287 Actor99 => Actor11 [label="RemoveMe(G"];
288 Actor99 => Actor13 [label="RemoveMe(G"];
289 Actor99 => Actor14 [label="RemoveMe(G"];
290 Actor99 => Actor15 [label="RemoveMe(G"];
291 Actor99 => Actor17 [label="RemoveMe(G"];
292 Actor99 => Actor18 [label="RemoveMe(G"];
293 Actor99 => Actor19 [label="RemoveMe(G"];
294 Actor99 => Actor20 [label="RemoveMe(G"];
295 Actor99 => Actor21 [label="RemoveMe(G"];
296 Actor99 => Actor22 [label="RemoveMe(G"];
297 Actor99 => Actor23 [label="RemoveMe(G"];
298 Actor99 => Actor25 [label="RemoveMe(G"];
299 Actor99 => Actor26 [label="RemoveMe(G"];
300 Actor99 => Actor27 [label="RemoveMe(G"];
301 Actor99 => Actor28 [label="RemoveMe(G"];
302 Actor99 => Actor29 [label="RemoveMe(G"];
303 Actor99 => Actor30 [label="RemoveMe(G"];
304 Actor99 => Actor31 [label="RemoveMe(G"];
305 Actor99 => Actor32 [label="RemoveMe(G"];
306 Actor99 => Actor33 [label="RemoveMe(G"];
307 Actor99 => Actor34 [label="RemoveMe(G"];
308 Actor99 => Actor35 [label="RemoveMe(G"];
309 Actor99 => Actor36 [label="RemoveMe(G"];
310 Actor99 => Actor37 [label="RemoveMe(G"];
311 Actor99 => Actor38 [label="RemoveMe(G"];
312 Actor99 => Actor39 [label="RemoveMe(G"];
313 Actor99 => Actor40 [label="RemoveMe(G"];
314 Actor99 => Actor41 [label="RemoveMe(G"];
315 Actor99 => Actor43 [label="RemoveMe(G"];
316 Actor99 => Actor44 [label="RemoveMe(G"];
317 Actor99 => Actor45 [label="RemoveMe(G"];
318 Actor99 => Actor46 [label="RemoveMe(G"];
319 Actor99 => Actor47 [label="RemoveMe(G"];
320 Actor99 => Actor48 [label="RemoveMe(G"];
321 Actor99 => Actor49 [label="RemoveMe(G"];
322 Actor99 => Actor50 [label="RemoveMe(G"];
323 Actor99 => Actor51 [label="RemoveMe(G"];
324 Actor99 => Actor52 [label="RemoveMe(G"];
325 Actor99 => Actor53 [label="RemoveMe(G"];
326 Actor99 => Actor54 [label="RemoveMe(G"];
327 Actor99 => Actor55 [label="RemoveMe(G"];
328 Actor99 => Actor56 [label="RemoveMe(G"];
329 Actor99 => Actor57 [label="RemoveMe(G"];
330 Actor99 => Actor59 [label="RemoveMe(G"];
331 Actor99 => Actor60 [label="RemoveMe(G"];
332 Actor99 => Actor61 [label="RemoveMe(G"];
333 Actor99 => Actor62 [label="RemoveMe(G"];
334 Actor99 => Actor64 [label="RemoveMe(G"];
335 Actor99 => Actor65 [label="RemoveMe(G"];
336 Actor99 => Actor66 [label="RemoveMe(G"];
337 Actor99 => Actor67 [label="RemoveMe(G"];
338 Actor99 => Actor68 [label="RemoveMe(G"];
339 Actor99 => Actor69 [label="RemoveMe(G"];
340 Actor99 => Actor71 [label="RemoveMe(G"];
341 Actor99 => Actor72 [label="RemoveMe(G"];
342 Actor99 => Actor73 [label="RemoveMe(G"];
343 Actor99 => Actor74 [label="RemoveMe(G"];
344 Actor99 => Actor75 [label="RemoveMe(G"];
345 Actor99 => Actor76 [label="RemoveMe(G"];
346 Actor99 => Actor77 [label="RemoveMe(G"];
347 Actor99 => Actor78 [label="RemoveMe(G"];
348 Actor99 => Actor79 [label="RemoveMe(G"];
349 Actor99 => Actor80 [label="RemoveMe(G"];
350 Actor99 => Actor81 [label="RemoveMe(G"];
351 Actor99 => Actor82 [label="RemoveMe(G"];
352 Actor99 => Actor83 [label="RemoveMe(G"];
353 Actor99 => Actor84 [label="RemoveMe(G"];
354 Actor99 => Actor85 [label="RemoveMe(G"];
355 Actor99 => Actor86 [label="RemoveMe(G"];
356 Actor99 => Actor87 [label="RemoveMe(G"];
357 Actor99 => Actor88 [label="RemoveMe(G"];
358 Actor99 => Actor89 [label="RemoveMe(G"];
359 Actor99 => Actor91 [label="RemoveMe(G"];
360 Actor99 => Actor92 [label="RemoveMe(G"];
361 Actor99 => Actor93 [label="RemoveMe(G"];
362 Actor99 => Actor94 [label="RemoveMe(G"];
363 Actor99 => Actor95 [label="RemoveMe(G"];
364 Actor99 => Actor96 [label="RemoveMe(G"];
365 Actor99 => Actor97 [label="RemoveMe(G"];
366 Actor99 => Actor98 [label="RemoveMe(G"];
367 Actor99 => Actor100 [label="RemoveMe(G"];
368 Actor99 => Actor0 [label="Finish"];
369 Actor99 <= Actor5 [label="RemoveMe(G"];
370 Actor99 <= Actor99 [label="Remind"];
371 Actor99 <= Actor94 [label="RemoveMe(G"];
372 Actor99 <= Actor88 [label="RemoveMe(G"];
373 Actor99 <= Actor59 [label="RemoveMe(G"];
374 Actor99 <= Actor93 [label="RemoveMe(G"];
375 Actor99 <= Actor1 [label="RemoveMe(G"];
376 Actor99 <= Actor10 [label="RemoveMe(G"];
377 Actor99 <= Actor27 [label="RemoveMe(G"];
378 Actor99 <= Actor11 [label="RemoveMe(G"];
379 Actor99 <= Actor84 [label="RemoveMe(G"];
380 Actor99 <= Actor97 [label="RemoveMe(G"];
381 Actor99 <= Actor8 [label="Rumor"];
443 Actor99 <= Actor37 [label="RemoveMe(G"];
444 Actor99 <= Actor76 [label="RemoveMe(G"];
445 Actor99 <= Actor32 [label="RemoveMe(G"];
446 Actor99 <= Actor28 [label="RemoveMe(G"];
457 Actor99 <= Actor72 [label="RemoveMe(G"];
458 Actor99 <= Actor98 [label="Rumor"];
459 Actor99 <= Actor57 [label="RemoveMe(G"];
460 Actor99 <= Actor98 [label="RemoveMe(G"];
461 Actor99 <= Actor8 [label="RemoveMe(G"];
462 Actor99 <= Actor7 [label="RemoveMe(G"];
463 Actor99 <= Actor36 [label="RemoveMe(G"];
464 Actor99 <= Actor21 [label="RemoveMe(G"];
465 Actor99 <= Actor81 [label="RemoveMe(G"];
466 Actor99 <= Actor15 [label="RemoveMe(G"];
467 Actor99 <= Actor38 [label="RemoveMe(G"];
468 Actor99 <= Actor35 [label="RemoveMe(G"];
469 Actor99 <= Actor79 [label="RemoveMe(G"];
470 Actor99 <= Actor53 [label="RemoveMe(G"];
471 Actor99 <= Actor55 [label="RemoveMe(G"];
472 Actor99 <= Actor41 [label="RemoveMe(G"];
473 Actor99 <= Actor34 [label="RemoveMe(G"];
474 Actor99 <= Actor75 [label="RemoveMe(G"];
475 Actor99 <= Actor2 [label="RemoveMe(G"];
476 Actor99 <= Actor51 [label="RemoveMe(G"];
477 Actor99 <= Actor69 [label="RemoveMe(G"];
478 Actor99 <= Actor25 [label="RemoveMe(G"];
479 Actor99 <= Actor18 [label="RemoveMe(G"];
480 Actor99 <= Actor46 [label="RemoveMe(G"];
481 Actor99 <= Actor62 [label="RemoveMe(G"];
482 Actor99 <= Actor67 [label="RemoveMe(G"];
483 Actor99 <= Actor71 [label="RemoveMe(G"];
484 Actor99 <= Actor66 [label="RemoveMe(G"];
485 Actor99 <= Actor65 [label="RemoveMe(G"];
486 Actor99 <= Actor82 [label="RemoveMe(G"];
487 Actor99 <= Actor14 [label="RemoveMe(G"];
488 Actor99 <= Actor86 [label="RemoveMe(G"];
489 Actor99 <= Actor87 [label="RemoveMe(G"];
490 Actor99 <= Actor89 [label="RemoveMe(G"];
491 Actor99 <= Actor96 [label="RemoveMe(G"];
492 Actor99 <= Actor49 [label="RemoveMe(G"];
493 Actor99 <= Actor91 [label="RemoveMe(G"];
494 Actor99 <= Actor52 [label="RemoveMe(G"];
495 Actor99 <= Actor68 [label="RemoveMe(G"];
496 Actor99 <= Actor3 [label="RemoveMe(G"];
497 Actor99 <= Actor60 [label="RemoveMe(G"];
1154 Actor99 <= Actor0 [label="ShutDown"];
